('request', {'request': 'connect', 'type': 'sender', 'name': 'geolocate5'})
('request', {'request': 'connect', 'type': 'sender', 'name': 'geolocate6'})
('request', {'request': 'connect', 'type': 'receiver', 'name': 'ransac3'})
('image', {'request': 'dequeue', 'name': 'ransac3'})
('Dequeueing', u'ransac3', 'wait')
('image', {'request': 'dequeue', 'name': 'ransac3'})
('Dequeueing', u'ransac3', 'wait')
('image', {'request': 'dequeue', 'name': 'ransac3'})
('Dequeueing', u'ransac3', 'wait')
('image', {'request': 'dequeue', 'name': 'ransac3'})
('Dequeueing', u'ransac3', 'wait')
('image', {'request': 'enqueue', 'data': '/pylon5/mc3bggp/aymen/Penguin_colonies_2000Pix/BEAU/Aerial/CA305300V0089_Panel1.tif$/pylon5/mc3bggp/aymen/Penguin_colonies_2000Pix/BEAU/Satellite/WV02_20111225130502_103001001071A100_11DEC25130502-M1BS-052888272030_01_P001_u08rf3031.tif$/pylon5/mc3bggp/aymen/cuda_out/sift_matches_CA305300V0089_Panel1_WV02_20111225130502_103001001071A100_11DEC25130502-M1BS-052888272030_01_P001_u08rf3031.csv', 'name': 'geolocate5'})
('image', {'request': 'dequeue', 'name': 'ransac3'})
('Dequeueing', u'ransac3', '/pylon5/mc3bggp/aymen/Penguin_colonies_2000Pix/BEAU/Aerial/CA305300V0089_Panel1.tif$/pylon5/mc3bggp/aymen/Penguin_colonies_2000Pix/BEAU/Satellite/WV02_20111225130502_103001001071A100_11DEC25130502-M1BS-052888272030_01_P001_u08rf3031.tif$/pylon5/mc3bggp/aymen/cuda_out/sift_matches_CA305300V0089_Panel1_WV02_20111225130502_103001001071A100_11DEC25130502-M1BS-052888272030_01_P001_u08rf3031.csv')
('image', {'request': 'enqueue', 'data': '/pylon5/mc3bggp/aymen/Penguin_colonies_2000Pix/BEAU/Aerial/CA256832V0236_Panel4.tif$/pylon5/mc3bggp/aymen/Penguin_colonies_2000Pix/BEAU/Satellite/WV02_20111227133152_1030010010368D00_11DEC27133152-M1BS-052888284040_01_P001_u08rf3031.tif$/pylon5/mc3bggp/aymen/cuda_out/sift_matches_CA256832V0236_Panel4_WV02_20111227133152_1030010010368D00_11DEC27133152-M1BS-052888284040_01_P001_u08rf3031.csv', 'name': 'geolocate6'})
('image', {'request': 'enqueue', 'data': '/pylon5/mc3bggp/aymen/Penguin_colonies_2000Pix/BRDN/Aerial/CA257132V0004_Panel3.tif$/pylon5/mc3bggp/aymen/Penguin_colonies_2000Pix/BRDN/Satellite/WV02_20151216141822_103001004FACD500_15DEC16141822-M1BS-500637522020_01_P008_u08rf3031.tif$/pylon5/mc3bggp/aymen/cuda_out/sift_matches_CA257132V0004_Panel3_WV02_20151216141822_103001004FACD500_15DEC16141822-M1BS-500637522020_01_P008_u08rf3031.csv', 'name': 'geolocate5'})
('image', {'request': 'dequeue', 'name': 'ransac3'})
('Dequeueing', u'ransac3', '/pylon5/mc3bggp/aymen/Penguin_colonies_2000Pix/BEAU/Aerial/CA256832V0236_Panel4.tif$/pylon5/mc3bggp/aymen/Penguin_colonies_2000Pix/BEAU/Satellite/WV02_20111227133152_1030010010368D00_11DEC27133152-M1BS-052888284040_01_P001_u08rf3031.tif$/pylon5/mc3bggp/aymen/cuda_out/sift_matches_CA256832V0236_Panel4_WV02_20111227133152_1030010010368D00_11DEC27133152-M1BS-052888284040_01_P001_u08rf3031.csv')
('image', {'request': 'enqueue', 'data': '/pylon5/mc3bggp/aymen/Penguin_colonies_2000Pix/BRDN/Aerial/CA257132V0004_Panel3.tif$/pylon5/mc3bggp/aymen/Penguin_colonies_2000Pix/BRDN/Satellite/WV02_20160123205234_1030010051A98200_16JAN23205234-M1BS-500638387040_01_P002_u08rf3031.tif$/pylon5/mc3bggp/aymen/cuda_out/sift_matches_CA257132V0004_Panel3_WV02_20160123205234_1030010051A98200_16JAN23205234-M1BS-500638387040_01_P002_u08rf3031.csv', 'name': 'geolocate6'})
('image', {'request': 'dequeue', 'name': 'ransac3'})
('Dequeueing', u'ransac3', '/pylon5/mc3bggp/aymen/Penguin_colonies_2000Pix/BRDN/Aerial/CA257132V0004_Panel3.tif$/pylon5/mc3bggp/aymen/Penguin_colonies_2000Pix/BRDN/Satellite/WV02_20151216141822_103001004FACD500_15DEC16141822-M1BS-500637522020_01_P008_u08rf3031.tif$/pylon5/mc3bggp/aymen/cuda_out/sift_matches_CA257132V0004_Panel3_WV02_20151216141822_103001004FACD500_15DEC16141822-M1BS-500637522020_01_P008_u08rf3031.csv')
('image', {'request': 'dequeue', 'name': 'ransac3'})
('Dequeueing', u'ransac3', '/pylon5/mc3bggp/aymen/Penguin_colonies_2000Pix/BRDN/Aerial/CA257132V0004_Panel3.tif$/pylon5/mc3bggp/aymen/Penguin_colonies_2000Pix/BRDN/Satellite/WV02_20160123205234_1030010051A98200_16JAN23205234-M1BS-500638387040_01_P002_u08rf3031.tif$/pylon5/mc3bggp/aymen/cuda_out/sift_matches_CA257132V0004_Panel3_WV02_20160123205234_1030010051A98200_16JAN23205234-M1BS-500638387040_01_P002_u08rf3031.csv')
('image', {'request': 'dequeue', 'name': 'ransac3'})
('Dequeueing', u'ransac3', 'wait')
('image', {'request': 'dequeue', 'name': 'ransac3'})
('Dequeueing', u'ransac3', 'wait')
('image', {'request': 'enqueue', 'data': '/pylon5/mc3bggp/aymen/Penguin_colonies_2000Pix/BRDN/Aerial/CA257132V0002_Panel1.tif$/pylon5/mc3bggp/aymen/Penguin_colonies_2000Pix/BRDN/Satellite/WV02_20151216141940_103001004D155E00_15DEC16141940-M1BS-500637503050_01_P008_u08rf3031.tif$/pylon5/mc3bggp/aymen/cuda_out/sift_matches_CA257132V0002_Panel1_WV02_20151216141940_103001004D155E00_15DEC16141940-M1BS-500637503050_01_P008_u08rf3031.csv', 'name': 'geolocate5'})
('image', {'request': 'dequeue', 'name': 'ransac3'})
('Dequeueing', u'ransac3', '/pylon5/mc3bggp/aymen/Penguin_colonies_2000Pix/BRDN/Aerial/CA257132V0002_Panel1.tif$/pylon5/mc3bggp/aymen/Penguin_colonies_2000Pix/BRDN/Satellite/WV02_20151216141940_103001004D155E00_15DEC16141940-M1BS-500637503050_01_P008_u08rf3031.tif$/pylon5/mc3bggp/aymen/cuda_out/sift_matches_CA257132V0002_Panel1_WV02_20151216141940_103001004D155E00_15DEC16141940-M1BS-500637503050_01_P008_u08rf3031.csv')
('image', {'request': 'enqueue', 'data': '/pylon5/mc3bggp/aymen/Penguin_colonies_2000Pix/BRDN/Aerial/CA257132V0003_Panel2.tif$/pylon5/mc3bggp/aymen/Penguin_colonies_2000Pix/BRDN/Satellite/WV02_20151205205947_103001004E6C0B00_15DEC05205947-M1BS-500637505080_01_P001_u08rf3031.tif$/pylon5/mc3bggp/aymen/cuda_out/sift_matches_CA257132V0003_Panel2_WV02_20151205205947_103001004E6C0B00_15DEC05205947-M1BS-500637505080_01_P001_u08rf3031.csv', 'name': 'geolocate6'})
('image', {'request': 'dequeue', 'name': 'ransac3'})
('Dequeueing', u'ransac3', '/pylon5/mc3bggp/aymen/Penguin_colonies_2000Pix/BRDN/Aerial/CA257132V0003_Panel2.tif$/pylon5/mc3bggp/aymen/Penguin_colonies_2000Pix/BRDN/Satellite/WV02_20151205205947_103001004E6C0B00_15DEC05205947-M1BS-500637505080_01_P001_u08rf3031.tif$/pylon5/mc3bggp/aymen/cuda_out/sift_matches_CA257132V0003_Panel2_WV02_20151205205947_103001004E6C0B00_15DEC05205947-M1BS-500637505080_01_P001_u08rf3031.csv')
('image', {'request': 'dequeue', 'name': 'ransac3'})
('Dequeueing', u'ransac3', 'wait')
('image', {'request': 'dequeue', 'name': 'ransac3'})
('Dequeueing', u'ransac3', 'wait')
('image', {'request': 'enqueue', 'data': '/pylon5/mc3bggp/aymen/Penguin_colonies_2000Pix/BRDN/Aerial/CA257132V0003_Panel2.tif$/pylon5/mc3bggp/aymen/Penguin_colonies_2000Pix/BRDN/Satellite/WV02_20151216141940_103001004D155E00_15DEC16141940-M1BS-500637503050_01_P008_u08rf3031.tif$/pylon5/mc3bggp/aymen/cuda_out/sift_matches_CA257132V0003_Panel2_WV02_20151216141940_103001004D155E00_15DEC16141940-M1BS-500637503050_01_P008_u08rf3031.csv', 'name': 'geolocate5'})
('image', {'request': 'dequeue', 'name': 'ransac3'})
('Dequeueing', u'ransac3', '/pylon5/mc3bggp/aymen/Penguin_colonies_2000Pix/BRDN/Aerial/CA257132V0003_Panel2.tif$/pylon5/mc3bggp/aymen/Penguin_colonies_2000Pix/BRDN/Satellite/WV02_20151216141940_103001004D155E00_15DEC16141940-M1BS-500637503050_01_P008_u08rf3031.tif$/pylon5/mc3bggp/aymen/cuda_out/sift_matches_CA257132V0003_Panel2_WV02_20151216141940_103001004D155E00_15DEC16141940-M1BS-500637503050_01_P008_u08rf3031.csv')
('image', {'request': 'enqueue', 'data': '/pylon5/mc3bggp/aymen/Penguin_colonies_2000Pix/BRDN/Aerial/CA257132V0005_Panel4.tif$/pylon5/mc3bggp/aymen/Penguin_colonies_2000Pix/BRDN/Satellite/WV02_20160123205233_1030010051A98200_16JAN23205233-M1BS-500638387040_01_P001_u08rf3031.tif$/pylon5/mc3bggp/aymen/cuda_out/sift_matches_CA257132V0005_Panel4_WV02_20160123205233_1030010051A98200_16JAN23205233-M1BS-500638387040_01_P001_u08rf3031.csv', 'name': 'geolocate6'})
('image', {'request': 'dequeue', 'name': 'ransac3'})
('Dequeueing', u'ransac3', '/pylon5/mc3bggp/aymen/Penguin_colonies_2000Pix/BRDN/Aerial/CA257132V0005_Panel4.tif$/pylon5/mc3bggp/aymen/Penguin_colonies_2000Pix/BRDN/Satellite/WV02_20160123205233_1030010051A98200_16JAN23205233-M1BS-500638387040_01_P001_u08rf3031.tif$/pylon5/mc3bggp/aymen/cuda_out/sift_matches_CA257132V0005_Panel4_WV02_20160123205233_1030010051A98200_16JAN23205233-M1BS-500638387040_01_P001_u08rf3031.csv')
('image', {'request': 'dequeue', 'name': 'ransac3'})
('Dequeueing', u'ransac3', 'wait')
('image', {'request': 'dequeue', 'name': 'ransac3'})
('Dequeueing', u'ransac3', 'wait')
('image', {'request': 'enqueue', 'data': '/pylon5/mc3bggp/aymen/Penguin_colonies_2000Pix/BRDN/Aerial/CA257132V0005_Panel4.tif$/pylon5/mc3bggp/aymen/Penguin_colonies_2000Pix/BRDN/Satellite/WV02_20160123205234_1030010051A98200_16JAN23205234-M1BS-500638387040_01_P002_u08rf3031.tif$/pylon5/mc3bggp/aymen/cuda_out/sift_matches_CA257132V0005_Panel4_WV02_20160123205234_1030010051A98200_16JAN23205234-M1BS-500638387040_01_P002_u08rf3031.csv', 'name': 'geolocate5'})
('image', {'request': 'dequeue', 'name': 'ransac3'})
('Dequeueing', u'ransac3', '/pylon5/mc3bggp/aymen/Penguin_colonies_2000Pix/BRDN/Aerial/CA257132V0005_Panel4.tif$/pylon5/mc3bggp/aymen/Penguin_colonies_2000Pix/BRDN/Satellite/WV02_20160123205234_1030010051A98200_16JAN23205234-M1BS-500638387040_01_P002_u08rf3031.tif$/pylon5/mc3bggp/aymen/cuda_out/sift_matches_CA257132V0005_Panel4_WV02_20160123205234_1030010051A98200_16JAN23205234-M1BS-500638387040_01_P002_u08rf3031.csv')
('image', {'request': 'dequeue', 'name': 'ransac3'})
('Dequeueing', u'ransac3', 'wait')
('image', {'request': 'dequeue', 'name': 'ransac3'})
('Dequeueing', u'ransac3', 'wait')
('image', {'request': 'dequeue', 'name': 'ransac3'})
('Dequeueing', u'ransac3', 'wait')
('image', {'request': 'dequeue', 'name': 'ransac3'})
('Dequeueing', u'ransac3', 'wait')
('image', {'request': 'enqueue', 'data': '/pylon5/mc3bggp/aymen/Penguin_colonies_2000Pix/BRDS/Aerial/CA256932V0249_Panel4.tif$/pylon5/mc3bggp/aymen/Penguin_colonies_2000Pix/BRDS/Satellite/WV02_20151216141820_103001004FACD500_15DEC16141820-M1BS-500637522020_01_P007_u08rf3031.tif$/pylon5/mc3bggp/aymen/cuda_out/sift_matches_CA256932V0249_Panel4_WV02_20151216141820_103001004FACD500_15DEC16141820-M1BS-500637522020_01_P007_u08rf3031.csv', 'name': 'geolocate6'})
('image', {'request': 'dequeue', 'name': 'ransac3'})
('Dequeueing', u'ransac3', '/pylon5/mc3bggp/aymen/Penguin_colonies_2000Pix/BRDS/Aerial/CA256932V0249_Panel4.tif$/pylon5/mc3bggp/aymen/Penguin_colonies_2000Pix/BRDS/Satellite/WV02_20151216141820_103001004FACD500_15DEC16141820-M1BS-500637522020_01_P007_u08rf3031.tif$/pylon5/mc3bggp/aymen/cuda_out/sift_matches_CA256932V0249_Panel4_WV02_20151216141820_103001004FACD500_15DEC16141820-M1BS-500637522020_01_P007_u08rf3031.csv')
('image', {'request': 'dequeue', 'name': 'ransac3'})
('Dequeueing', u'ransac3', 'wait')
('image', {'request': 'dequeue', 'name': 'ransac3'})
('Dequeueing', u'ransac3', 'wait')
('image', {'request': 'dequeue', 'name': 'ransac3'})
('Dequeueing', u'ransac3', 'wait')
('image', {'request': 'enqueue', 'data': '/pylon5/mc3bggp/aymen/Penguin_colonies_2000Pix/BRDS/Aerial/CA256932V0247_Panel2.tif$/pylon5/mc3bggp/aymen/Penguin_colonies_2000Pix/BRDS/Satellite/WV02_20151216141939_103001004D155E00_15DEC16141939-M1BS-500637503050_01_P007_u08rf3031.tif$/pylon5/mc3bggp/aymen/cuda_out/sift_matches_CA256932V0247_Panel2_WV02_20151216141939_103001004D155E00_15DEC16141939-M1BS-500637503050_01_P007_u08rf3031.csv', 'name': 'geolocate5'})
('image', {'request': 'dequeue', 'name': 'ransac3'})
('Dequeueing', u'ransac3', '/pylon5/mc3bggp/aymen/Penguin_colonies_2000Pix/BRDS/Aerial/CA256932V0247_Panel2.tif$/pylon5/mc3bggp/aymen/Penguin_colonies_2000Pix/BRDS/Satellite/WV02_20151216141939_103001004D155E00_15DEC16141939-M1BS-500637503050_01_P007_u08rf3031.tif$/pylon5/mc3bggp/aymen/cuda_out/sift_matches_CA256932V0247_Panel2_WV02_20151216141939_103001004D155E00_15DEC16141939-M1BS-500637503050_01_P007_u08rf3031.csv')
('image', {'request': 'dequeue', 'name': 'ransac3'})
('Dequeueing', u'ransac3', 'wait')
('image', {'request': 'dequeue', 'name': 'ransac3'})
('Dequeueing', u'ransac3', 'wait')
('image', {'request': 'enqueue', 'data': '/pylon5/mc3bggp/aymen/Penguin_colonies_2000Pix/BRDS/Aerial/CA256932V0246_Panel1.tif$/pylon5/mc3bggp/aymen/Penguin_colonies_2000Pix/BRDS/Satellite/WV02_20151205205948_103001004E6C0B00_15DEC05205948-M1BS-500637505080_01_P002_u08rf3031.tif$/pylon5/mc3bggp/aymen/cuda_out/sift_matches_CA256932V0246_Panel1_WV02_20151205205948_103001004E6C0B00_15DEC05205948-M1BS-500637505080_01_P002_u08rf3031.csv', 'name': 'geolocate6'})
('image', {'request': 'dequeue', 'name': 'ransac3'})
('Dequeueing', u'ransac3', '/pylon5/mc3bggp/aymen/Penguin_colonies_2000Pix/BRDS/Aerial/CA256932V0246_Panel1.tif$/pylon5/mc3bggp/aymen/Penguin_colonies_2000Pix/BRDS/Satellite/WV02_20151205205948_103001004E6C0B00_15DEC05205948-M1BS-500637505080_01_P002_u08rf3031.tif$/pylon5/mc3bggp/aymen/cuda_out/sift_matches_CA256932V0246_Panel1_WV02_20151205205948_103001004E6C0B00_15DEC05205948-M1BS-500637505080_01_P002_u08rf3031.csv')
('image', {'request': 'dequeue', 'name': 'ransac3'})
('Dequeueing', u'ransac3', 'wait')
('image', {'request': 'dequeue', 'name': 'ransac3'})
('Dequeueing', u'ransac3', 'wait')
('image', {'request': 'dequeue', 'name': 'ransac3'})
('Dequeueing', u'ransac3', 'wait')
('image', {'request': 'dequeue', 'name': 'ransac3'})
('Dequeueing', u'ransac3', 'wait')
('image', {'request': 'enqueue', 'data': '/pylon5/mc3bggp/aymen/Penguin_colonies_2000Pix/BRDS/Aerial/CA256932V0251_Panel6.tif$/pylon5/mc3bggp/aymen/Penguin_colonies_2000Pix/BRDS/Satellite/WV02_20151205205948_103001004E6C0B00_15DEC05205948-M1BS-500637505080_01_P002_u08rf3031.tif$/pylon5/mc3bggp/aymen/cuda_out/sift_matches_CA256932V0251_Panel6_WV02_20151205205948_103001004E6C0B00_15DEC05205948-M1BS-500637505080_01_P002_u08rf3031.csv', 'name': 'geolocate5'})
('image', {'request': 'dequeue', 'name': 'ransac3'})
('Dequeueing', u'ransac3', '/pylon5/mc3bggp/aymen/Penguin_colonies_2000Pix/BRDS/Aerial/CA256932V0251_Panel6.tif$/pylon5/mc3bggp/aymen/Penguin_colonies_2000Pix/BRDS/Satellite/WV02_20151205205948_103001004E6C0B00_15DEC05205948-M1BS-500637505080_01_P002_u08rf3031.tif$/pylon5/mc3bggp/aymen/cuda_out/sift_matches_CA256932V0251_Panel6_WV02_20151205205948_103001004E6C0B00_15DEC05205948-M1BS-500637505080_01_P002_u08rf3031.csv')
('image', {'request': 'dequeue', 'name': 'ransac3'})
('Dequeueing', u'ransac3', 'wait')
('image', {'request': 'dequeue', 'name': 'ransac3'})
('Dequeueing', u'ransac3', 'wait')
('image', {'request': 'dequeue', 'name': 'ransac3'})
('Dequeueing', u'ransac3', 'wait')
('image', {'request': 'dequeue', 'name': 'ransac3'})
('Dequeueing', u'ransac3', 'wait')
('image', {'request': 'enqueue', 'data': '/pylon5/mc3bggp/aymen/Penguin_colonies_2000Pix/BRDS/Aerial/CA256932V0248_Panel3.tif$/pylon5/mc3bggp/aymen/Penguin_colonies_2000Pix/BRDS/Satellite/WV02_20160123205234_1030010051A98200_16JAN23205234-M1BS-500638387040_01_P002_u08rf3031.tif$/pylon5/mc3bggp/aymen/cuda_out/sift_matches_CA256932V0248_Panel3_WV02_20160123205234_1030010051A98200_16JAN23205234-M1BS-500638387040_01_P002_u08rf3031.csv', 'name': 'geolocate5'})
('image', {'request': 'enqueue', 'data': '/pylon5/mc3bggp/aymen/Penguin_colonies_2000Pix/BRDS/Aerial/CA256932V0250_Panel5.tif$/pylon5/mc3bggp/aymen/Penguin_colonies_2000Pix/BRDS/Satellite/WV02_20151216141939_103001004D155E00_15DEC16141939-M1BS-500637503050_01_P007_u08rf3031.tif$/pylon5/mc3bggp/aymen/cuda_out/sift_matches_CA256932V0250_Panel5_WV02_20151216141939_103001004D155E00_15DEC16141939-M1BS-500637503050_01_P007_u08rf3031.csv', 'name': 'geolocate6'})
('image', {'request': 'dequeue', 'name': 'ransac3'})
('Dequeueing', u'ransac3', '/pylon5/mc3bggp/aymen/Penguin_colonies_2000Pix/BRDS/Aerial/CA256932V0248_Panel3.tif$/pylon5/mc3bggp/aymen/Penguin_colonies_2000Pix/BRDS/Satellite/WV02_20160123205234_1030010051A98200_16JAN23205234-M1BS-500638387040_01_P002_u08rf3031.tif$/pylon5/mc3bggp/aymen/cuda_out/sift_matches_CA256932V0248_Panel3_WV02_20160123205234_1030010051A98200_16JAN23205234-M1BS-500638387040_01_P002_u08rf3031.csv')
('image', {'request': 'dequeue', 'name': 'ransac3'})
('Dequeueing', u'ransac3', '/pylon5/mc3bggp/aymen/Penguin_colonies_2000Pix/BRDS/Aerial/CA256932V0250_Panel5.tif$/pylon5/mc3bggp/aymen/Penguin_colonies_2000Pix/BRDS/Satellite/WV02_20151216141939_103001004D155E00_15DEC16141939-M1BS-500637503050_01_P007_u08rf3031.tif$/pylon5/mc3bggp/aymen/cuda_out/sift_matches_CA256932V0250_Panel5_WV02_20151216141939_103001004D155E00_15DEC16141939-M1BS-500637503050_01_P007_u08rf3031.csv')
('image', {'request': 'dequeue', 'name': 'ransac3'})
('Dequeueing', u'ransac3', 'wait')
('image', {'request': 'dequeue', 'name': 'ransac3'})
('Dequeueing', u'ransac3', 'wait')
('image', {'request': 'dequeue', 'name': 'ransac3'})
('Dequeueing', u'ransac3', 'wait')
('image', {'request': 'dequeue', 'name': 'ransac3'})
('Dequeueing', u'ransac3', 'wait')
('image', {'request': 'enqueue', 'data': '/pylon5/mc3bggp/aymen/Penguin_colonies_2000Pix/CROZ/Aerial/CA256132V0145_CROZ_9Dec1983.tif$/pylon5/mc3bggp/aymen/Penguin_colonies_2000Pix/CROZ/Satellite/WV02_20111230181811_10300100101D1700_11DEC30181811-M1BS-052888260070_01_P001_u08rf3031.tif$/pylon5/mc3bggp/aymen/cuda_out/sift_matches_CA256132V0145_CROZ_9Dec1983_WV02_20111230181811_10300100101D1700_11DEC30181811-M1BS-052888260070_01_P001_u08rf3031.csv', 'name': 'geolocate5'})
('image', {'request': 'dequeue', 'name': 'ransac3'})
('Dequeueing', u'ransac3', '/pylon5/mc3bggp/aymen/Penguin_colonies_2000Pix/CROZ/Aerial/CA256132V0145_CROZ_9Dec1983.tif$/pylon5/mc3bggp/aymen/Penguin_colonies_2000Pix/CROZ/Satellite/WV02_20111230181811_10300100101D1700_11DEC30181811-M1BS-052888260070_01_P001_u08rf3031.tif$/pylon5/mc3bggp/aymen/cuda_out/sift_matches_CA256132V0145_CROZ_9Dec1983_WV02_20111230181811_10300100101D1700_11DEC30181811-M1BS-052888260070_01_P001_u08rf3031.csv')
('image', {'request': 'dequeue', 'name': 'ransac3'})
('Dequeueing', u'ransac3', 'wait')
('image', {'request': 'dequeue', 'name': 'ransac3'})
('Dequeueing', u'ransac3', 'wait')
('image', {'request': 'dequeue', 'name': 'ransac3'})
('Dequeueing', u'ransac3', 'wait')
('image', {'request': 'dequeue', 'name': 'ransac3'})
('Dequeueing', u'ransac3', 'wait')
('image', {'request': 'dequeue', 'name': 'ransac3'})
('Dequeueing', u'ransac3', 'wait')
('image', {'request': 'enqueue', 'data': '/pylon5/mc3bggp/aymen/Penguin_colonies_2000Pix/CROZ/Aerial/CA256132V0145_CROZ_9Dec1983.tif$/pylon5/mc3bggp/aymen/Penguin_colonies_2000Pix/CROZ/Satellite/WV02_20100115141734_10300100037E2100_10JAN15141734-M1BS-052883753090_01_P004_u08rf3031.tif$/pylon5/mc3bggp/aymen/cuda_out/sift_matches_CA256132V0145_CROZ_9Dec1983_WV02_20100115141734_10300100037E2100_10JAN15141734-M1BS-052883753090_01_P004_u08rf3031.csv', 'name': 'geolocate5'})
('image', {'request': 'dequeue', 'name': 'ransac3'})
('Dequeueing', u'ransac3', '/pylon5/mc3bggp/aymen/Penguin_colonies_2000Pix/CROZ/Aerial/CA256132V0145_CROZ_9Dec1983.tif$/pylon5/mc3bggp/aymen/Penguin_colonies_2000Pix/CROZ/Satellite/WV02_20100115141734_10300100037E2100_10JAN15141734-M1BS-052883753090_01_P004_u08rf3031.tif$/pylon5/mc3bggp/aymen/cuda_out/sift_matches_CA256132V0145_CROZ_9Dec1983_WV02_20100115141734_10300100037E2100_10JAN15141734-M1BS-052883753090_01_P004_u08rf3031.csv')
('image', {'request': 'enqueue', 'data': '/pylon5/mc3bggp/aymen/Penguin_colonies_2000Pix/CROZ/Aerial/CA256132V0145_CROZ_9Dec1983.tif$/pylon5/mc3bggp/aymen/Penguin_colonies_2000Pix/CROZ/Satellite/WV02_20101225140048_1030010008754F00_10DEC25140048-M1BS-052502151010_01_P001_u08rf3031.tif$/pylon5/mc3bggp/aymen/cuda_out/sift_matches_CA256132V0145_CROZ_9Dec1983_WV02_20101225140048_1030010008754F00_10DEC25140048-M1BS-052502151010_01_P001_u08rf3031.csv', 'name': 'geolocate6'})
('image', {'request': 'dequeue', 'name': 'ransac3'})
('Dequeueing', u'ransac3', '/pylon5/mc3bggp/aymen/Penguin_colonies_2000Pix/CROZ/Aerial/CA256132V0145_CROZ_9Dec1983.tif$/pylon5/mc3bggp/aymen/Penguin_colonies_2000Pix/CROZ/Satellite/WV02_20101225140048_1030010008754F00_10DEC25140048-M1BS-052502151010_01_P001_u08rf3031.tif$/pylon5/mc3bggp/aymen/cuda_out/sift_matches_CA256132V0145_CROZ_9Dec1983_WV02_20101225140048_1030010008754F00_10DEC25140048-M1BS-052502151010_01_P001_u08rf3031.csv')
('image', {'request': 'dequeue', 'name': 'ransac3'})
('Dequeueing', u'ransac3', 'wait')
('image', {'request': 'dequeue', 'name': 'ransac3'})
('Dequeueing', u'ransac3', 'wait')
('image', {'request': 'dequeue', 'name': 'ransac3'})
('Dequeueing', u'ransac3', 'wait')
('image', {'request': 'dequeue', 'name': 'ransac3'})
('Dequeueing', u'ransac3', 'wait')
('image', {'request': 'dequeue', 'name': 'ransac3'})
('Dequeueing', u'ransac3', 'wait')
('image', {'request': 'enqueue', 'data': '/pylon5/mc3bggp/aymen/Penguin_colonies_2000Pix/CROZ/Aerial/CA256132V0145_CROZ_9Dec1983.tif$/pylon5/mc3bggp/aymen/Penguin_colonies_2000Pix/CROZ/Satellite/WV02_20151204195602_103001004F9A8500_15DEC04195602-M1BS-500637515080_01_P006_u08rf3031.tif$/pylon5/mc3bggp/aymen/cuda_out/sift_matches_CA256132V0145_CROZ_9Dec1983_WV02_20151204195602_103001004F9A8500_15DEC04195602-M1BS-500637515080_01_P006_u08rf3031.csv', 'name': 'geolocate6'})
('image', {'request': 'enqueue', 'data': '/pylon5/mc3bggp/aymen/Penguin_colonies_2000Pix/CROZ/Aerial/CA256132V0145_CROZ_9Dec1983.tif$/pylon5/mc3bggp/aymen/Penguin_colonies_2000Pix/CROZ/Satellite/WV02_20120207210246_10300100115E5A00_12FEB07210246-M1BS-052889668030_01_P001_u08rf3031.tif$/pylon5/mc3bggp/aymen/cuda_out/sift_matches_CA256132V0145_CROZ_9Dec1983_WV02_20120207210246_10300100115E5A00_12FEB07210246-M1BS-052889668030_01_P001_u08rf3031.csv', 'name': 'geolocate5'})
('image', {'request': 'dequeue', 'name': 'ransac3'})
('Dequeueing', u'ransac3', '/pylon5/mc3bggp/aymen/Penguin_colonies_2000Pix/CROZ/Aerial/CA256132V0145_CROZ_9Dec1983.tif$/pylon5/mc3bggp/aymen/Penguin_colonies_2000Pix/CROZ/Satellite/WV02_20151204195602_103001004F9A8500_15DEC04195602-M1BS-500637515080_01_P006_u08rf3031.tif$/pylon5/mc3bggp/aymen/cuda_out/sift_matches_CA256132V0145_CROZ_9Dec1983_WV02_20151204195602_103001004F9A8500_15DEC04195602-M1BS-500637515080_01_P006_u08rf3031.csv')
('request', {'request': 'disconnect', 'type': 'sender', 'name': 'geolocate6'})
('image', {'request': 'dequeue', 'name': 'ransac3'})
('Dequeueing', u'ransac3', '/pylon5/mc3bggp/aymen/Penguin_colonies_2000Pix/CROZ/Aerial/CA256132V0145_CROZ_9Dec1983.tif$/pylon5/mc3bggp/aymen/Penguin_colonies_2000Pix/CROZ/Satellite/WV02_20120207210246_10300100115E5A00_12FEB07210246-M1BS-052889668030_01_P001_u08rf3031.tif$/pylon5/mc3bggp/aymen/cuda_out/sift_matches_CA256132V0145_CROZ_9Dec1983_WV02_20120207210246_10300100115E5A00_12FEB07210246-M1BS-052889668030_01_P001_u08rf3031.csv')
('request', {'request': 'disconnect', 'type': 'sender', 'name': 'geolocate5'})
('image', {'request': 'dequeue', 'name': 'ransac3'})
('Dequeueing', u'ransac3', 'disconnect')
('request', {'type': 'receiver', 'request': 'disconnect', 'name': 'ransac3'})
