2020-01-31 00:25:07,018: rp.session.js-17-21.jetstream-cloud.org.aymen.018292.0007: MainProcess                     : MainThread     : INFO    : using database mongodb://rct:rct_test@two.radical-project.org/rct_test
2020-01-31 00:25:07,019: rp.session.js-17-21.jetstream-cloud.org.aymen.018292.0007: MainProcess                     : MainThread     : INFO    : Load resource configurations from /home/aymen/miniconda3/envs/penguins2/lib/python2.7/site-packages/radical/pilot/configs/resource_ncsa.json
2020-01-31 00:25:07,028: rp.session.js-17-21.jetstream-cloud.org.aymen.018292.0007: MainProcess                     : MainThread     : INFO    : Load resource configurations for ncsa.bw_orte
2020-01-31 00:25:07,029: rp.session.js-17-21.jetstream-cloud.org.aymen.018292.0007: MainProcess                     : MainThread     : DEBUG   : read rcfg for ncsa.bw_orte (None)
2020-01-31 00:25:07,029: rp.session.js-17-21.jetstream-cloud.org.aymen.018292.0007: MainProcess                     : MainThread     : INFO    : Load resource configurations for ncsa.bw_ccm_ssh
2020-01-31 00:25:07,029: rp.session.js-17-21.jetstream-cloud.org.aymen.018292.0007: MainProcess                     : MainThread     : DEBUG   : read rcfg for ncsa.bw_ccm_ssh (None)
2020-01-31 00:25:07,029: rp.session.js-17-21.jetstream-cloud.org.aymen.018292.0007: MainProcess                     : MainThread     : INFO    : Load resource configurations for ncsa.bw_ortelib
2020-01-31 00:25:07,030: rp.session.js-17-21.jetstream-cloud.org.aymen.018292.0007: MainProcess                     : MainThread     : DEBUG   : read rcfg for ncsa.bw_ortelib (None)
2020-01-31 00:25:07,030: rp.session.js-17-21.jetstream-cloud.org.aymen.018292.0007: MainProcess                     : MainThread     : INFO    : Load resource configurations for ncsa.bw_aprun
2020-01-31 00:25:07,031: rp.session.js-17-21.jetstream-cloud.org.aymen.018292.0007: MainProcess                     : MainThread     : DEBUG   : read rcfg for ncsa.bw_aprun (None)
2020-01-31 00:25:07,031: rp.session.js-17-21.jetstream-cloud.org.aymen.018292.0007: MainProcess                     : MainThread     : INFO    : Load resource configurations from /home/aymen/miniconda3/envs/penguins2/lib/python2.7/site-packages/radical/pilot/configs/resource_iu.json
2020-01-31 00:25:07,034: rp.session.js-17-21.jetstream-cloud.org.aymen.018292.0007: MainProcess                     : MainThread     : INFO    : Load resource configurations for iu.bigred2_ccm_ssh
2020-01-31 00:25:07,035: rp.session.js-17-21.jetstream-cloud.org.aymen.018292.0007: MainProcess                     : MainThread     : DEBUG   : read rcfg for iu.bigred2_ccm_ssh (None)
2020-01-31 00:25:07,035: rp.session.js-17-21.jetstream-cloud.org.aymen.018292.0007: MainProcess                     : MainThread     : INFO    : Load resource configurations for iu.bigred2_aprun
2020-01-31 00:25:07,035: rp.session.js-17-21.jetstream-cloud.org.aymen.018292.0007: MainProcess                     : MainThread     : DEBUG   : read rcfg for iu.bigred2_aprun (None)
2020-01-31 00:25:07,035: rp.session.js-17-21.jetstream-cloud.org.aymen.018292.0007: MainProcess                     : MainThread     : INFO    : Load resource configurations from /home/aymen/miniconda3/envs/penguins2/lib/python2.7/site-packages/radical/pilot/configs/resource_osg.json
2020-01-31 00:25:07,039: rp.session.js-17-21.jetstream-cloud.org.aymen.018292.0007: MainProcess                     : MainThread     : INFO    : Load resource configurations for osg.xsede-virt-clust
2020-01-31 00:25:07,040: rp.session.js-17-21.jetstream-cloud.org.aymen.018292.0007: MainProcess                     : MainThread     : DEBUG   : read rcfg for osg.xsede-virt-clust (None)
2020-01-31 00:25:07,040: rp.session.js-17-21.jetstream-cloud.org.aymen.018292.0007: MainProcess                     : MainThread     : INFO    : Load resource configurations for osg.connect
2020-01-31 00:25:07,040: rp.session.js-17-21.jetstream-cloud.org.aymen.018292.0007: MainProcess                     : MainThread     : DEBUG   : read rcfg for osg.connect (None)
2020-01-31 00:25:07,040: rp.session.js-17-21.jetstream-cloud.org.aymen.018292.0007: MainProcess                     : MainThread     : INFO    : Load resource configurations from /home/aymen/miniconda3/envs/penguins2/lib/python2.7/site-packages/radical/pilot/configs/resource_yale.json
2020-01-31 00:25:07,042: rp.session.js-17-21.jetstream-cloud.org.aymen.018292.0007: MainProcess                     : MainThread     : INFO    : Load resource configurations for yale.grace_ssh
2020-01-31 00:25:07,043: rp.session.js-17-21.jetstream-cloud.org.aymen.018292.0007: MainProcess                     : MainThread     : DEBUG   : read rcfg for yale.grace_ssh (None)
2020-01-31 00:25:07,043: rp.session.js-17-21.jetstream-cloud.org.aymen.018292.0007: MainProcess                     : MainThread     : INFO    : Load resource configurations from /home/aymen/miniconda3/envs/penguins2/lib/python2.7/site-packages/radical/pilot/configs/resource_lumc.json
2020-01-31 00:25:07,046: rp.session.js-17-21.jetstream-cloud.org.aymen.018292.0007: MainProcess                     : MainThread     : INFO    : Load resource configurations for lumc.gb-ui_ssh
2020-01-31 00:25:07,047: rp.session.js-17-21.jetstream-cloud.org.aymen.018292.0007: MainProcess                     : MainThread     : DEBUG   : read rcfg for lumc.gb-ui_ssh (None)
2020-01-31 00:25:07,047: rp.session.js-17-21.jetstream-cloud.org.aymen.018292.0007: MainProcess                     : MainThread     : INFO    : Load resource configurations for lumc.shark_ssh
2020-01-31 00:25:07,047: rp.session.js-17-21.jetstream-cloud.org.aymen.018292.0007: MainProcess                     : MainThread     : DEBUG   : read rcfg for lumc.shark_ssh (None)
2020-01-31 00:25:07,047: rp.session.js-17-21.jetstream-cloud.org.aymen.018292.0007: MainProcess                     : MainThread     : INFO    : Load resource configurations from /home/aymen/miniconda3/envs/penguins2/lib/python2.7/site-packages/radical/pilot/configs/resource_debug.json
2020-01-31 00:25:07,049: rp.session.js-17-21.jetstream-cloud.org.aymen.018292.0007: MainProcess                     : MainThread     : INFO    : Load resource configurations for debug.summit
2020-01-31 00:25:07,050: rp.session.js-17-21.jetstream-cloud.org.aymen.018292.0007: MainProcess                     : MainThread     : DEBUG   : read rcfg for debug.summit (None)
2020-01-31 00:25:07,050: rp.session.js-17-21.jetstream-cloud.org.aymen.018292.0007: MainProcess                     : MainThread     : INFO    : Load resource configurations from /home/aymen/miniconda3/envs/penguins2/lib/python2.7/site-packages/radical/pilot/configs/resource_ornl.json
2020-01-31 00:25:07,065: rp.session.js-17-21.jetstream-cloud.org.aymen.018292.0007: MainProcess                     : MainThread     : INFO    : Load resource configurations for ornl.rhea
2020-01-31 00:25:07,065: rp.session.js-17-21.jetstream-cloud.org.aymen.018292.0007: MainProcess                     : MainThread     : DEBUG   : read rcfg for ornl.rhea (16)
2020-01-31 00:25:07,065: rp.session.js-17-21.jetstream-cloud.org.aymen.018292.0007: MainProcess                     : MainThread     : INFO    : Load resource configurations for ornl.rhea_aprun
2020-01-31 00:25:07,066: rp.session.js-17-21.jetstream-cloud.org.aymen.018292.0007: MainProcess                     : MainThread     : DEBUG   : read rcfg for ornl.rhea_aprun (None)
2020-01-31 00:25:07,066: rp.session.js-17-21.jetstream-cloud.org.aymen.018292.0007: MainProcess                     : MainThread     : INFO    : Load resource configurations for ornl.summitdev
2020-01-31 00:25:07,066: rp.session.js-17-21.jetstream-cloud.org.aymen.018292.0007: MainProcess                     : MainThread     : DEBUG   : read rcfg for ornl.summitdev (None)
2020-01-31 00:25:07,066: rp.session.js-17-21.jetstream-cloud.org.aymen.018292.0007: MainProcess                     : MainThread     : INFO    : Load resource configurations for ornl.titan_ortelib
2020-01-31 00:25:07,067: rp.session.js-17-21.jetstream-cloud.org.aymen.018292.0007: MainProcess                     : MainThread     : DEBUG   : read rcfg for ornl.titan_ortelib (None)
2020-01-31 00:25:07,067: rp.session.js-17-21.jetstream-cloud.org.aymen.018292.0007: MainProcess                     : MainThread     : INFO    : Load resource configurations for ornl.titan_orte
2020-01-31 00:25:07,067: rp.session.js-17-21.jetstream-cloud.org.aymen.018292.0007: MainProcess                     : MainThread     : DEBUG   : read rcfg for ornl.titan_orte (16)
2020-01-31 00:25:07,067: rp.session.js-17-21.jetstream-cloud.org.aymen.018292.0007: MainProcess                     : MainThread     : INFO    : Load resource configurations for ornl.summit_prte
2020-01-31 00:25:07,068: rp.session.js-17-21.jetstream-cloud.org.aymen.018292.0007: MainProcess                     : MainThread     : DEBUG   : read rcfg for ornl.summit_prte (None)
2020-01-31 00:25:07,068: rp.session.js-17-21.jetstream-cloud.org.aymen.018292.0007: MainProcess                     : MainThread     : INFO    : Load resource configurations for ornl.summit
2020-01-31 00:25:07,068: rp.session.js-17-21.jetstream-cloud.org.aymen.018292.0007: MainProcess                     : MainThread     : DEBUG   : read rcfg for ornl.summit (None)
2020-01-31 00:25:07,068: rp.session.js-17-21.jetstream-cloud.org.aymen.018292.0007: MainProcess                     : MainThread     : INFO    : Load resource configurations for ornl.titan_aprun
2020-01-31 00:25:07,069: rp.session.js-17-21.jetstream-cloud.org.aymen.018292.0007: MainProcess                     : MainThread     : DEBUG   : read rcfg for ornl.titan_aprun (None)
2020-01-31 00:25:07,069: rp.session.js-17-21.jetstream-cloud.org.aymen.018292.0007: MainProcess                     : MainThread     : INFO    : Load resource configurations from /home/aymen/miniconda3/envs/penguins2/lib/python2.7/site-packages/radical/pilot/configs/resource_stfc.json
2020-01-31 00:25:07,071: rp.session.js-17-21.jetstream-cloud.org.aymen.018292.0007: MainProcess                     : MainThread     : INFO    : Load resource configurations for stfc.joule_runjob
2020-01-31 00:25:07,071: rp.session.js-17-21.jetstream-cloud.org.aymen.018292.0007: MainProcess                     : MainThread     : DEBUG   : read rcfg for stfc.joule_runjob (None)
2020-01-31 00:25:07,071: rp.session.js-17-21.jetstream-cloud.org.aymen.018292.0007: MainProcess                     : MainThread     : INFO    : Load resource configurations from /home/aymen/miniconda3/envs/penguins2/lib/python2.7/site-packages/radical/pilot/configs/resource_radical.json
2020-01-31 00:25:07,076: rp.session.js-17-21.jetstream-cloud.org.aymen.018292.0007: MainProcess                     : MainThread     : INFO    : Load resource configurations for radical.two
2020-01-31 00:25:07,076: rp.session.js-17-21.jetstream-cloud.org.aymen.018292.0007: MainProcess                     : MainThread     : DEBUG   : read rcfg for radical.two (None)
2020-01-31 00:25:07,076: rp.session.js-17-21.jetstream-cloud.org.aymen.018292.0007: MainProcess                     : MainThread     : INFO    : Load resource configurations for radical.tutorial
2020-01-31 00:25:07,077: rp.session.js-17-21.jetstream-cloud.org.aymen.018292.0007: MainProcess                     : MainThread     : DEBUG   : read rcfg for radical.tutorial (None)
2020-01-31 00:25:07,077: rp.session.js-17-21.jetstream-cloud.org.aymen.018292.0007: MainProcess                     : MainThread     : INFO    : Load resource configurations for radical.one
2020-01-31 00:25:07,077: rp.session.js-17-21.jetstream-cloud.org.aymen.018292.0007: MainProcess                     : MainThread     : DEBUG   : read rcfg for radical.one (None)
2020-01-31 00:25:07,077: rp.session.js-17-21.jetstream-cloud.org.aymen.018292.0007: MainProcess                     : MainThread     : INFO    : Load resource configurations from /home/aymen/miniconda3/envs/penguins2/lib/python2.7/site-packages/radical/pilot/configs/resource_das4.json
2020-01-31 00:25:07,079: rp.session.js-17-21.jetstream-cloud.org.aymen.018292.0007: MainProcess                     : MainThread     : INFO    : Load resource configurations for das4.fs2_ssh
2020-01-31 00:25:07,079: rp.session.js-17-21.jetstream-cloud.org.aymen.018292.0007: MainProcess                     : MainThread     : DEBUG   : read rcfg for das4.fs2_ssh (None)
2020-01-31 00:25:07,079: rp.session.js-17-21.jetstream-cloud.org.aymen.018292.0007: MainProcess                     : MainThread     : INFO    : Load resource configurations from /home/aymen/miniconda3/envs/penguins2/lib/python2.7/site-packages/radical/pilot/configs/resource_vtarc_dt.json
2020-01-31 00:25:07,081: rp.session.js-17-21.jetstream-cloud.org.aymen.018292.0007: MainProcess                     : MainThread     : INFO    : Load resource configurations for vtarc_dt.stampede_ssh
2020-01-31 00:25:07,081: rp.session.js-17-21.jetstream-cloud.org.aymen.018292.0007: MainProcess                     : MainThread     : DEBUG   : read rcfg for vtarc_dt.stampede_ssh (None)
2020-01-31 00:25:07,081: rp.session.js-17-21.jetstream-cloud.org.aymen.018292.0007: MainProcess                     : MainThread     : INFO    : Load resource configurations from /home/aymen/miniconda3/envs/penguins2/lib/python2.7/site-packages/radical/pilot/configs/resource_nersc.json
2020-01-31 00:25:07,091: rp.session.js-17-21.jetstream-cloud.org.aymen.018292.0007: MainProcess                     : MainThread     : INFO    : Load resource configurations for nersc.edison_ccm_ssh
2020-01-31 00:25:07,091: rp.session.js-17-21.jetstream-cloud.org.aymen.018292.0007: MainProcess                     : MainThread     : DEBUG   : read rcfg for nersc.edison_ccm_ssh (None)
2020-01-31 00:25:07,091: rp.session.js-17-21.jetstream-cloud.org.aymen.018292.0007: MainProcess                     : MainThread     : INFO    : Load resource configurations for nersc.hopper_orte
2020-01-31 00:25:07,092: rp.session.js-17-21.jetstream-cloud.org.aymen.018292.0007: MainProcess                     : MainThread     : DEBUG   : read rcfg for nersc.hopper_orte (None)
2020-01-31 00:25:07,092: rp.session.js-17-21.jetstream-cloud.org.aymen.018292.0007: MainProcess                     : MainThread     : INFO    : Load resource configurations for nersc.hopper_ccm_ssh
2020-01-31 00:25:07,092: rp.session.js-17-21.jetstream-cloud.org.aymen.018292.0007: MainProcess                     : MainThread     : DEBUG   : read rcfg for nersc.hopper_ccm_ssh (24)
2020-01-31 00:25:07,092: rp.session.js-17-21.jetstream-cloud.org.aymen.018292.0007: MainProcess                     : MainThread     : INFO    : Load resource configurations for nersc.edison_aprun
2020-01-31 00:25:07,092: rp.session.js-17-21.jetstream-cloud.org.aymen.018292.0007: MainProcess                     : MainThread     : DEBUG   : read rcfg for nersc.edison_aprun (None)
2020-01-31 00:25:07,092: rp.session.js-17-21.jetstream-cloud.org.aymen.018292.0007: MainProcess                     : MainThread     : INFO    : Load resource configurations for nersc.hopper_aprun
2020-01-31 00:25:07,093: rp.session.js-17-21.jetstream-cloud.org.aymen.018292.0007: MainProcess                     : MainThread     : DEBUG   : read rcfg for nersc.hopper_aprun (24)
2020-01-31 00:25:07,093: rp.session.js-17-21.jetstream-cloud.org.aymen.018292.0007: MainProcess                     : MainThread     : INFO    : Load resource configurations for nersc.edison_orte
2020-01-31 00:25:07,093: rp.session.js-17-21.jetstream-cloud.org.aymen.018292.0007: MainProcess                     : MainThread     : DEBUG   : read rcfg for nersc.edison_orte (None)
2020-01-31 00:25:07,093: rp.session.js-17-21.jetstream-cloud.org.aymen.018292.0007: MainProcess                     : MainThread     : INFO    : Load resource configurations from /home/aymen/miniconda3/envs/penguins2/lib/python2.7/site-packages/radical/pilot/configs/resource_xsede.json
2020-01-31 00:25:07,120: rp.session.js-17-21.jetstream-cloud.org.aymen.018292.0007: MainProcess                     : MainThread     : INFO    : Load resource configurations for xsede.stampede2_ssh
2020-01-31 00:25:07,121: rp.session.js-17-21.jetstream-cloud.org.aymen.018292.0007: MainProcess                     : MainThread     : DEBUG   : read rcfg for xsede.stampede2_ssh (68)
2020-01-31 00:25:07,121: rp.session.js-17-21.jetstream-cloud.org.aymen.018292.0007: MainProcess                     : MainThread     : INFO    : Load resource configurations for xsede.supermic_ssh
2020-01-31 00:25:07,121: rp.session.js-17-21.jetstream-cloud.org.aymen.018292.0007: MainProcess                     : MainThread     : DEBUG   : read rcfg for xsede.supermic_ssh (20)
2020-01-31 00:25:07,121: rp.session.js-17-21.jetstream-cloud.org.aymen.018292.0007: MainProcess                     : MainThread     : INFO    : Load resource configurations for xsede.wrangler_yarn
2020-01-31 00:25:07,121: rp.session.js-17-21.jetstream-cloud.org.aymen.018292.0007: MainProcess                     : MainThread     : DEBUG   : read rcfg for xsede.wrangler_yarn (None)
2020-01-31 00:25:07,121: rp.session.js-17-21.jetstream-cloud.org.aymen.018292.0007: MainProcess                     : MainThread     : INFO    : Load resource configurations for xsede.comet_orte
2020-01-31 00:25:07,122: rp.session.js-17-21.jetstream-cloud.org.aymen.018292.0007: MainProcess                     : MainThread     : DEBUG   : read rcfg for xsede.comet_orte (24)
2020-01-31 00:25:07,122: rp.session.js-17-21.jetstream-cloud.org.aymen.018292.0007: MainProcess                     : MainThread     : INFO    : Load resource configurations for xsede.gordon_ssh
2020-01-31 00:25:07,122: rp.session.js-17-21.jetstream-cloud.org.aymen.018292.0007: MainProcess                     : MainThread     : DEBUG   : read rcfg for xsede.gordon_ssh (None)
2020-01-31 00:25:07,122: rp.session.js-17-21.jetstream-cloud.org.aymen.018292.0007: MainProcess                     : MainThread     : INFO    : Load resource configurations for xsede.lonestar_ssh
2020-01-31 00:25:07,122: rp.session.js-17-21.jetstream-cloud.org.aymen.018292.0007: MainProcess                     : MainThread     : DEBUG   : read rcfg for xsede.lonestar_ssh (None)
2020-01-31 00:25:07,122: rp.session.js-17-21.jetstream-cloud.org.aymen.018292.0007: MainProcess                     : MainThread     : INFO    : Load resource configurations for xsede.supermic_spark
2020-01-31 00:25:07,123: rp.session.js-17-21.jetstream-cloud.org.aymen.018292.0007: MainProcess                     : MainThread     : DEBUG   : read rcfg for xsede.supermic_spark (20)
2020-01-31 00:25:07,123: rp.session.js-17-21.jetstream-cloud.org.aymen.018292.0007: MainProcess                     : MainThread     : INFO    : Load resource configurations for xsede.wrangler_ssh
2020-01-31 00:25:07,123: rp.session.js-17-21.jetstream-cloud.org.aymen.018292.0007: MainProcess                     : MainThread     : DEBUG   : read rcfg for xsede.wrangler_ssh (None)
2020-01-31 00:25:07,123: rp.session.js-17-21.jetstream-cloud.org.aymen.018292.0007: MainProcess                     : MainThread     : INFO    : Load resource configurations for xsede.supermic_ortelib
2020-01-31 00:25:07,123: rp.session.js-17-21.jetstream-cloud.org.aymen.018292.0007: MainProcess                     : MainThread     : DEBUG   : read rcfg for xsede.supermic_ortelib (20)
2020-01-31 00:25:07,124: rp.session.js-17-21.jetstream-cloud.org.aymen.018292.0007: MainProcess                     : MainThread     : INFO    : Load resource configurations for xsede.bridges
2020-01-31 00:25:07,124: rp.session.js-17-21.jetstream-cloud.org.aymen.018292.0007: MainProcess                     : MainThread     : DEBUG   : read rcfg for xsede.bridges (None)
2020-01-31 00:25:07,124: rp.session.js-17-21.jetstream-cloud.org.aymen.018292.0007: MainProcess                     : MainThread     : INFO    : Load resource configurations for xsede.frontera
2020-01-31 00:25:07,124: rp.session.js-17-21.jetstream-cloud.org.aymen.018292.0007: MainProcess                     : MainThread     : DEBUG   : read rcfg for xsede.frontera (56)
2020-01-31 00:25:07,124: rp.session.js-17-21.jetstream-cloud.org.aymen.018292.0007: MainProcess                     : MainThread     : INFO    : Load resource configurations for xsede.supermic_orte
2020-01-31 00:25:07,125: rp.session.js-17-21.jetstream-cloud.org.aymen.018292.0007: MainProcess                     : MainThread     : DEBUG   : read rcfg for xsede.supermic_orte (20)
2020-01-31 00:25:07,125: rp.session.js-17-21.jetstream-cloud.org.aymen.018292.0007: MainProcess                     : MainThread     : INFO    : Load resource configurations for xsede.wrangler_spark
2020-01-31 00:25:07,125: rp.session.js-17-21.jetstream-cloud.org.aymen.018292.0007: MainProcess                     : MainThread     : DEBUG   : read rcfg for xsede.wrangler_spark (None)
2020-01-31 00:25:07,125: rp.session.js-17-21.jetstream-cloud.org.aymen.018292.0007: MainProcess                     : MainThread     : INFO    : Load resource configurations for xsede.greenfield
2020-01-31 00:25:07,125: rp.session.js-17-21.jetstream-cloud.org.aymen.018292.0007: MainProcess                     : MainThread     : DEBUG   : read rcfg for xsede.greenfield (15)
2020-01-31 00:25:07,125: rp.session.js-17-21.jetstream-cloud.org.aymen.018292.0007: MainProcess                     : MainThread     : INFO    : Load resource configurations for xsede.comet_spark
2020-01-31 00:25:07,126: rp.session.js-17-21.jetstream-cloud.org.aymen.018292.0007: MainProcess                     : MainThread     : DEBUG   : read rcfg for xsede.comet_spark (24)
2020-01-31 00:25:07,126: rp.session.js-17-21.jetstream-cloud.org.aymen.018292.0007: MainProcess                     : MainThread     : INFO    : Load resource configurations for xsede.trestles_ssh
2020-01-31 00:25:07,126: rp.session.js-17-21.jetstream-cloud.org.aymen.018292.0007: MainProcess                     : MainThread     : DEBUG   : read rcfg for xsede.trestles_ssh (None)
2020-01-31 00:25:07,126: rp.session.js-17-21.jetstream-cloud.org.aymen.018292.0007: MainProcess                     : MainThread     : INFO    : Load resource configurations for xsede.comet_ssh
2020-01-31 00:25:07,126: rp.session.js-17-21.jetstream-cloud.org.aymen.018292.0007: MainProcess                     : MainThread     : DEBUG   : read rcfg for xsede.comet_ssh (24)
2020-01-31 00:25:07,126: rp.session.js-17-21.jetstream-cloud.org.aymen.018292.0007: MainProcess                     : MainThread     : INFO    : Load resource configurations for xsede.comet_ortelib
2020-01-31 00:25:07,127: rp.session.js-17-21.jetstream-cloud.org.aymen.018292.0007: MainProcess                     : MainThread     : DEBUG   : read rcfg for xsede.comet_ortelib (24)
2020-01-31 00:25:07,127: rp.session.js-17-21.jetstream-cloud.org.aymen.018292.0007: MainProcess                     : MainThread     : INFO    : Load resource configurations for xsede.blacklight_ssh
2020-01-31 00:25:07,127: rp.session.js-17-21.jetstream-cloud.org.aymen.018292.0007: MainProcess                     : MainThread     : DEBUG   : read rcfg for xsede.blacklight_ssh (16)
2020-01-31 00:25:07,127: rp.session.js-17-21.jetstream-cloud.org.aymen.018292.0007: MainProcess                     : MainThread     : INFO    : Load resource configurations from /home/aymen/miniconda3/envs/penguins2/lib/python2.7/site-packages/radical/pilot/configs/resource_chameleon.json
2020-01-31 00:25:07,128: rp.session.js-17-21.jetstream-cloud.org.aymen.018292.0007: MainProcess                     : MainThread     : INFO    : Load resource configurations for chameleon.cloud_vm_yarn
2020-01-31 00:25:07,128: rp.session.js-17-21.jetstream-cloud.org.aymen.018292.0007: MainProcess                     : MainThread     : DEBUG   : read rcfg for chameleon.cloud_vm_yarn (None)
2020-01-31 00:25:07,129: rp.session.js-17-21.jetstream-cloud.org.aymen.018292.0007: MainProcess                     : MainThread     : INFO    : Load resource configurations from /home/aymen/miniconda3/envs/penguins2/lib/python2.7/site-packages/radical/pilot/configs/resource_epsrc.json
2020-01-31 00:25:07,131: rp.session.js-17-21.jetstream-cloud.org.aymen.018292.0007: MainProcess                     : MainThread     : INFO    : Load resource configurations for epsrc.archer_orte
2020-01-31 00:25:07,131: rp.session.js-17-21.jetstream-cloud.org.aymen.018292.0007: MainProcess                     : MainThread     : DEBUG   : read rcfg for epsrc.archer_orte (None)
2020-01-31 00:25:07,131: rp.session.js-17-21.jetstream-cloud.org.aymen.018292.0007: MainProcess                     : MainThread     : INFO    : Load resource configurations for epsrc.archer_aprun
2020-01-31 00:25:07,131: rp.session.js-17-21.jetstream-cloud.org.aymen.018292.0007: MainProcess                     : MainThread     : DEBUG   : read rcfg for epsrc.archer_aprun (None)
2020-01-31 00:25:07,132: rp.session.js-17-21.jetstream-cloud.org.aymen.018292.0007: MainProcess                     : MainThread     : INFO    : Load resource configurations from /home/aymen/miniconda3/envs/penguins2/lib/python2.7/site-packages/radical/pilot/configs/resource_futuregrid.json
2020-01-31 00:25:07,137: rp.session.js-17-21.jetstream-cloud.org.aymen.018292.0007: MainProcess                     : MainThread     : INFO    : Load resource configurations for futuregrid.delta_ssh
2020-01-31 00:25:07,137: rp.session.js-17-21.jetstream-cloud.org.aymen.018292.0007: MainProcess                     : MainThread     : DEBUG   : read rcfg for futuregrid.delta_ssh (None)
2020-01-31 00:25:07,137: rp.session.js-17-21.jetstream-cloud.org.aymen.018292.0007: MainProcess                     : MainThread     : INFO    : Load resource configurations for futuregrid.india_ssh
2020-01-31 00:25:07,138: rp.session.js-17-21.jetstream-cloud.org.aymen.018292.0007: MainProcess                     : MainThread     : DEBUG   : read rcfg for futuregrid.india_ssh (None)
2020-01-31 00:25:07,138: rp.session.js-17-21.jetstream-cloud.org.aymen.018292.0007: MainProcess                     : MainThread     : INFO    : Load resource configurations for futuregrid.echo_ssh
2020-01-31 00:25:07,138: rp.session.js-17-21.jetstream-cloud.org.aymen.018292.0007: MainProcess                     : MainThread     : DEBUG   : read rcfg for futuregrid.echo_ssh (None)
2020-01-31 00:25:07,138: rp.session.js-17-21.jetstream-cloud.org.aymen.018292.0007: MainProcess                     : MainThread     : INFO    : Load resource configurations for futuregrid.xray_ccm
2020-01-31 00:25:07,138: rp.session.js-17-21.jetstream-cloud.org.aymen.018292.0007: MainProcess                     : MainThread     : DEBUG   : read rcfg for futuregrid.xray_ccm (None)
2020-01-31 00:25:07,138: rp.session.js-17-21.jetstream-cloud.org.aymen.018292.0007: MainProcess                     : MainThread     : INFO    : Load resource configurations for futuregrid.bravo_ssh
2020-01-31 00:25:07,139: rp.session.js-17-21.jetstream-cloud.org.aymen.018292.0007: MainProcess                     : MainThread     : DEBUG   : read rcfg for futuregrid.bravo_ssh (None)
2020-01-31 00:25:07,139: rp.session.js-17-21.jetstream-cloud.org.aymen.018292.0007: MainProcess                     : MainThread     : INFO    : Load resource configurations for futuregrid.xray_aprun
2020-01-31 00:25:07,139: rp.session.js-17-21.jetstream-cloud.org.aymen.018292.0007: MainProcess                     : MainThread     : DEBUG   : read rcfg for futuregrid.xray_aprun (None)
2020-01-31 00:25:07,139: rp.session.js-17-21.jetstream-cloud.org.aymen.018292.0007: MainProcess                     : MainThread     : INFO    : Load resource configurations from /home/aymen/miniconda3/envs/penguins2/lib/python2.7/site-packages/radical/pilot/configs/resource_local.json
2020-01-31 00:25:07,148: rp.session.js-17-21.jetstream-cloud.org.aymen.018292.0007: MainProcess                     : MainThread     : INFO    : Load resource configurations for local.localhost_orte
2020-01-31 00:25:07,148: rp.session.js-17-21.jetstream-cloud.org.aymen.018292.0007: MainProcess                     : MainThread     : DEBUG   : read rcfg for local.localhost_orte (8)
2020-01-31 00:25:07,149: rp.session.js-17-21.jetstream-cloud.org.aymen.018292.0007: MainProcess                     : MainThread     : INFO    : Load resource configurations for local.localhost_anaconda
2020-01-31 00:25:07,149: rp.session.js-17-21.jetstream-cloud.org.aymen.018292.0007: MainProcess                     : MainThread     : DEBUG   : read rcfg for local.localhost_anaconda (8)
2020-01-31 00:25:07,149: rp.session.js-17-21.jetstream-cloud.org.aymen.018292.0007: MainProcess                     : MainThread     : INFO    : Load resource configurations for local.localhost_ortelib
2020-01-31 00:25:07,149: rp.session.js-17-21.jetstream-cloud.org.aymen.018292.0007: MainProcess                     : MainThread     : DEBUG   : read rcfg for local.localhost_ortelib (8)
2020-01-31 00:25:07,149: rp.session.js-17-21.jetstream-cloud.org.aymen.018292.0007: MainProcess                     : MainThread     : INFO    : Load resource configurations for local.localhost_prte
2020-01-31 00:25:07,149: rp.session.js-17-21.jetstream-cloud.org.aymen.018292.0007: MainProcess                     : MainThread     : DEBUG   : read rcfg for local.localhost_prte (8)
2020-01-31 00:25:07,149: rp.session.js-17-21.jetstream-cloud.org.aymen.018292.0007: MainProcess                     : MainThread     : INFO    : Load resource configurations for local.localhost_aprun
2020-01-31 00:25:07,150: rp.session.js-17-21.jetstream-cloud.org.aymen.018292.0007: MainProcess                     : MainThread     : DEBUG   : read rcfg for local.localhost_aprun (8)
2020-01-31 00:25:07,150: rp.session.js-17-21.jetstream-cloud.org.aymen.018292.0007: MainProcess                     : MainThread     : INFO    : Load resource configurations for local.localhost
2020-01-31 00:25:07,150: rp.session.js-17-21.jetstream-cloud.org.aymen.018292.0007: MainProcess                     : MainThread     : DEBUG   : read rcfg for local.localhost (8)
2020-01-31 00:25:07,150: rp.session.js-17-21.jetstream-cloud.org.aymen.018292.0007: MainProcess                     : MainThread     : INFO    : Load resource configurations for local.localhost_spark
2020-01-31 00:25:07,150: rp.session.js-17-21.jetstream-cloud.org.aymen.018292.0007: MainProcess                     : MainThread     : DEBUG   : read rcfg for local.localhost_spark (8)
2020-01-31 00:25:07,150: rp.session.js-17-21.jetstream-cloud.org.aymen.018292.0007: MainProcess                     : MainThread     : INFO    : Load resource configurations for local.localhost_spark_anaconda
2020-01-31 00:25:07,151: rp.session.js-17-21.jetstream-cloud.org.aymen.018292.0007: MainProcess                     : MainThread     : DEBUG   : read rcfg for local.localhost_spark_anaconda (8)
2020-01-31 00:25:07,151: rp.session.js-17-21.jetstream-cloud.org.aymen.018292.0007: MainProcess                     : MainThread     : INFO    : Load resource configurations for local.localhost_yarn
2020-01-31 00:25:07,151: rp.session.js-17-21.jetstream-cloud.org.aymen.018292.0007: MainProcess                     : MainThread     : DEBUG   : read rcfg for local.localhost_yarn (None)
2020-01-31 00:25:07,151: rp.session.js-17-21.jetstream-cloud.org.aymen.018292.0007: MainProcess                     : MainThread     : INFO    : Load resource configurations from /home/aymen/miniconda3/envs/penguins2/lib/python2.7/site-packages/radical/pilot/configs/resource_aliases.json
2020-01-31 00:25:07,151: rp.session.js-17-21.jetstream-cloud.org.aymen.018292.0007: MainProcess                     : MainThread     : INFO    : Load resource configurations from /home/aymen/miniconda3/envs/penguins2/lib/python2.7/site-packages/radical/pilot/configs/resource_lrz.json
2020-01-31 00:25:07,152: rp.session.js-17-21.jetstream-cloud.org.aymen.018292.0007: MainProcess                     : MainThread     : INFO    : Load resource configurations for lrz.supermuc_ssh
2020-01-31 00:25:07,153: rp.session.js-17-21.jetstream-cloud.org.aymen.018292.0007: MainProcess                     : MainThread     : DEBUG   : read rcfg for lrz.supermuc_ssh (None)
2020-01-31 00:25:07,153: rp.session.js-17-21.jetstream-cloud.org.aymen.018292.0007: MainProcess                     : MainThread     : INFO    : Load resource configurations from /home/aymen/miniconda3/envs/penguins2/lib/python2.7/site-packages/radical/pilot/configs/resource_rice.json
2020-01-31 00:25:07,155: rp.session.js-17-21.jetstream-cloud.org.aymen.018292.0007: MainProcess                     : MainThread     : INFO    : Load resource configurations for rice.davinci_ssh
2020-01-31 00:25:07,155: rp.session.js-17-21.jetstream-cloud.org.aymen.018292.0007: MainProcess                     : MainThread     : DEBUG   : read rcfg for rice.davinci_ssh (None)
2020-01-31 00:25:07,155: rp.session.js-17-21.jetstream-cloud.org.aymen.018292.0007: MainProcess                     : MainThread     : INFO    : Load resource configurations for rice.biou_ssh
2020-01-31 00:25:07,156: rp.session.js-17-21.jetstream-cloud.org.aymen.018292.0007: MainProcess                     : MainThread     : DEBUG   : read rcfg for rice.biou_ssh (None)
2020-01-31 00:25:07,156: rp.session.js-17-21.jetstream-cloud.org.aymen.018292.0007: MainProcess                     : MainThread     : INFO    : Load resource configurations from /home/aymen/miniconda3/envs/penguins2/lib/python2.7/site-packages/radical/pilot/configs/resource_ncar.json
2020-01-31 00:25:07,158: rp.session.js-17-21.jetstream-cloud.org.aymen.018292.0007: MainProcess                     : MainThread     : INFO    : Load resource configurations for ncar.cheyenne
2020-01-31 00:25:07,158: rp.session.js-17-21.jetstream-cloud.org.aymen.018292.0007: MainProcess                     : MainThread     : DEBUG   : read rcfg for ncar.cheyenne (36)
2020-01-31 00:25:07,158: rp.session.js-17-21.jetstream-cloud.org.aymen.018292.0007: MainProcess                     : MainThread     : INFO    : Load resource configurations for ncar.yellowstone_ssh
2020-01-31 00:25:07,159: rp.session.js-17-21.jetstream-cloud.org.aymen.018292.0007: MainProcess                     : MainThread     : DEBUG   : read rcfg for ncar.yellowstone_ssh (None)
2020-01-31 00:25:07,159: rp.session.js-17-21.jetstream-cloud.org.aymen.018292.0007: MainProcess                     : MainThread     : INFO    : Load resource configurations from /home/aymen/miniconda3/envs/penguins2/lib/python2.7/site-packages/radical/pilot/configs/resource_das5.json
2020-01-31 00:25:07,160: rp.session.js-17-21.jetstream-cloud.org.aymen.018292.0007: MainProcess                     : MainThread     : INFO    : Load resource configurations for das5.fs1_ssh
2020-01-31 00:25:07,160: rp.session.js-17-21.jetstream-cloud.org.aymen.018292.0007: MainProcess                     : MainThread     : DEBUG   : read rcfg for das5.fs1_ssh (None)
2020-01-31 00:25:07,161: rp.session.js-17-21.jetstream-cloud.org.aymen.018292.0007: MainProcess                     : MainThread     : INFO    : Load resource configurations from /home/aymen/miniconda3/envs/penguins2/lib/python2.7/site-packages/radical/pilot/configs/resource_fub.json
2020-01-31 00:25:07,162: rp.session.js-17-21.jetstream-cloud.org.aymen.018292.0007: MainProcess                     : MainThread     : INFO    : Load resource configurations for fub.allegro_rsh
2020-01-31 00:25:07,162: rp.session.js-17-21.jetstream-cloud.org.aymen.018292.0007: MainProcess                     : MainThread     : DEBUG   : read rcfg for fub.allegro_rsh (None)
2020-01-31 00:25:07,162: rp.session.js-17-21.jetstream-cloud.org.aymen.018292.0007: MainProcess                     : MainThread     : INFO    : Load resource configurations from /home/aymen/miniconda3/envs/penguins2/lib/python2.7/site-packages/radical/pilot/configs/resource_princeton.json
2020-01-31 00:25:07,165: rp.session.js-17-21.jetstream-cloud.org.aymen.018292.0007: MainProcess                     : MainThread     : INFO    : Load resource configurations for princeton.tiger_cpu
2020-01-31 00:25:07,165: rp.session.js-17-21.jetstream-cloud.org.aymen.018292.0007: MainProcess                     : MainThread     : DEBUG   : read rcfg for princeton.tiger_cpu (40)
2020-01-31 00:25:07,165: rp.session.js-17-21.jetstream-cloud.org.aymen.018292.0007: MainProcess                     : MainThread     : INFO    : Load resource configurations for princeton.tiger_gpu
2020-01-31 00:25:07,166: rp.session.js-17-21.jetstream-cloud.org.aymen.018292.0007: MainProcess                     : MainThread     : DEBUG   : read rcfg for princeton.tiger_gpu (28)
2020-01-31 00:25:09,777: rp.session.js-17-21.jetstream-cloud.org.aymen.018292.0007: MainProcess                     : MainThread     : INFO    : New Session created: rp.session.js-17-21.jetstream-cloud.org.aymen.018292.0007.
2020-01-31 00:25:09,778: rp.session.js-17-21.jetstream-cloud.org.aymen.018292.0007: MainProcess                     : MainThread     : DEBUG   : start bridges   : {u'control_pubsub': {u'bulk_size': 0, u'log_level': u'error', u'stall_hwm': 1},
 u'log_pubsub': {u'bulk_size': 0, u'log_level': u'error', u'stall_hwm': 1},
 u'state_pubsub': {u'bulk_size': 0, u'log_level': u'error', u'stall_hwm': 1}}
2020-01-31 00:25:09,778: rp.session.js-17-21.jetstream-cloud.org.aymen.018292.0007: MainProcess                     : MainThread     : INFO    : create bridge control_pubsub
2020-01-31 00:25:09,796: rp.session.js-17-21.jetstream-cloud.org.aymen.018292.0007: MainProcess                     : MainThread     : INFO    : created bridge control_pubsub (control.pubsub.bridge.0000)
2020-01-31 00:25:09,796: rp.session.js-17-21.jetstream-cloud.org.aymen.018292.0007: MainProcess                     : MainThread     : INFO    : create bridge state_pubsub
2020-01-31 00:25:09,811: rp.session.js-17-21.jetstream-cloud.org.aymen.018292.0007: MainProcess                     : MainThread     : INFO    : created bridge state_pubsub (state.pubsub.bridge.0000)
2020-01-31 00:25:09,812: rp.session.js-17-21.jetstream-cloud.org.aymen.018292.0007: MainProcess                     : MainThread     : INFO    : create bridge log_pubsub
2020-01-31 00:25:09,828: rp.session.js-17-21.jetstream-cloud.org.aymen.018292.0007: MainProcess                     : MainThread     : INFO    : created bridge log_pubsub (log.pubsub.bridge.0000)
2020-01-31 00:25:09,829: rp.session.js-17-21.jetstream-cloud.org.aymen.018292.0007: MainProcess                     : MainThread     : DEBUG   : start components: {u'UpdateWorker': {u'count': 1}}
2020-01-31 00:25:09,829: rp.session.js-17-21.jetstream-cloud.org.aymen.018292.0007: MainProcess                     : MainThread     : DEBUG   : start 1 component(s) UpdateWorker
2020-01-31 00:25:13,209: rp.session.js-17-21.jetstream-cloud.org.aymen.018292.0007: MainProcess                     : MainThread     : INFO    : rp.session.js-17-21.jetstream-cloud.org.aymen.018292.0007 starts update.0
2020-01-31 00:25:13,209: rp.session.js-17-21.jetstream-cloud.org.aymen.018292.0007: MainProcess                     : MainThread     : INFO    : radical.pilot version: 0.70.0
2020-01-31 00:25:13,210: rp.session.js-17-21.jetstream-cloud.org.aymen.018292.0007: MainProcess                     : MainThread     : INFO    : radical.saga  version: 0.70.0
2020-01-31 00:25:13,210: rp.session.js-17-21.jetstream-cloud.org.aymen.018292.0007: MainProcess                     : MainThread     : INFO    : radical.utils version: 0.70.0
2020-01-31 00:25:17,119: rp.session.js-17-21.jetstream-cloud.org.aymen.018292.0007: MainProcess                     : MainThread     : DEBUG   : get rcfg 1 for xsede.bridges (None)
2020-01-31 00:25:17,119: rp.session.js-17-21.jetstream-cloud.org.aymen.018292.0007: MainProcess                     : MainThread     : DEBUG   : get rcfg 2 for xsede.bridges (None)
2020-01-31 00:25:17,120: rp.session.js-17-21.jetstream-cloud.org.aymen.018292.0007: MainProcess                     : MainThread     : DEBUG   : get rcfg 1 for xsede.bridges (None)
2020-01-31 00:25:17,120: rp.session.js-17-21.jetstream-cloud.org.aymen.018292.0007: MainProcess                     : MainThread     : DEBUG   : get rcfg 2 for xsede.bridges (None)
2020-01-31 00:25:17,120: rp.session.js-17-21.jetstream-cloud.org.aymen.018292.0007: MainProcess                     : MainThread     : DEBUG   : rsup.PTYShell('gsissh://bridges.psc.xsede.org:2222/')
2020-01-31 00:25:19,160: rp.session.js-17-21.jetstream-cloud.org.aymen.018292.0007: MainProcess                     : MainThread     : DEBUG   : sandbox base gsissh://bridges.psc.xsede.org:2222/: '/pylon5/mc3bggp/aymen'
2020-01-31 00:25:19,401: rp.session.js-17-21.jetstream-cloud.org.aymen.018292.0007: MainProcess                     : MainThread     : DEBUG   : bulk pilot insert result: {'nModified': 0, 'nUpserted': 0, 'nMatched': 0, 'writeErrors': [], 'upserted': [], 'writeConcernErrors': [], 'nRemoved': 0, 'nInserted': 1}
2020-01-31 00:25:19,406: rp.session.js-17-21.jetstream-cloud.org.aymen.018292.0007: pmgr.0000.launching.0           : MainThread     : DEBUG   : get rcfg 1 for xsede.bridges (None)
2020-01-31 00:25:19,406: rp.session.js-17-21.jetstream-cloud.org.aymen.018292.0007: pmgr.0000.launching.0           : MainThread     : DEBUG   : get rcfg 2 for xsede.bridges (None)
2020-01-31 00:25:19,411: rp.session.js-17-21.jetstream-cloud.org.aymen.018292.0007: pmgr.0000.launching.0           : MainThread     : DEBUG   : get rcfg 1 for xsede.bridges (None)
2020-01-31 00:25:19,411: rp.session.js-17-21.jetstream-cloud.org.aymen.018292.0007: pmgr.0000.launching.0           : MainThread     : DEBUG   : get rcfg 2 for xsede.bridges (None)
2020-01-31 00:25:19,411: rp.session.js-17-21.jetstream-cloud.org.aymen.018292.0007: pmgr.0000.launching.0           : MainThread     : DEBUG   : rsup.PTYShell('gsissh://bridges.psc.xsede.org:2222/')
2020-01-31 00:25:20,449: rp.session.js-17-21.jetstream-cloud.org.aymen.018292.0007: pmgr.0000.launching.0           : MainThread     : DEBUG   : sandbox base gsissh://bridges.psc.xsede.org:2222/: '/pylon5/mc3bggp/aymen'
2020-01-31 00:25:28,576: rp.session.js-17-21.jetstream-cloud.org.aymen.018292.0007: MainProcess                     : MainThread     : DEBUG   : bulk unit insert result: {'nModified': 0, 'nUpserted': 0, 'nMatched': 0, 'writeErrors': [], 'upserted': [], 'writeConcernErrors': [], 'nRemoved': 0, 'nInserted': 1}
2020-01-31 00:28:45,617: rp.session.js-17-21.jetstream-cloud.org.aymen.018292.0007: MainProcess                     : MainThread     : DEBUG   : bulk unit insert result: {'nModified': 0, 'nUpserted': 0, 'nMatched': 0, 'writeErrors': [], 'upserted': [], 'writeConcernErrors': [], 'nRemoved': 0, 'nInserted': 1}
2020-01-31 00:29:04,319: rp.session.js-17-21.jetstream-cloud.org.aymen.018292.0007: MainProcess                     : MainThread     : DEBUG   : bulk unit insert result: {'nModified': 0, 'nUpserted': 0, 'nMatched': 0, 'writeErrors': [], 'upserted': [], 'writeConcernErrors': [], 'nRemoved': 0, 'nInserted': 4}
2020-01-31 00:30:56,983: rp.session.js-17-21.jetstream-cloud.org.aymen.018292.0007: MainProcess                     : MainThread     : DEBUG   : session rp.session.js-17-21.jetstream-cloud.org.aymen.018292.0007 closing
2020-01-31 00:30:56,983: rp.session.js-17-21.jetstream-cloud.org.aymen.018292.0007: MainProcess                     : MainThread     : DEBUG   : session rp.session.js-17-21.jetstream-cloud.org.aymen.018292.0007 closes umgr   umgr.0000
2020-01-31 00:31:02,512: rp.session.js-17-21.jetstream-cloud.org.aymen.018292.0007: MainProcess                     : MainThread     : DEBUG   : session rp.session.js-17-21.jetstream-cloud.org.aymen.018292.0007 closed umgr   umgr.0000
2020-01-31 00:31:02,512: rp.session.js-17-21.jetstream-cloud.org.aymen.018292.0007: MainProcess                     : MainThread     : DEBUG   : session rp.session.js-17-21.jetstream-cloud.org.aymen.018292.0007 closes pmgr   pmgr.0000
2020-01-31 00:31:05,507: rp.session.js-17-21.jetstream-cloud.org.aymen.018292.0007: MainProcess                     : MainThread     : DEBUG   : session rp.session.js-17-21.jetstream-cloud.org.aymen.018292.0007 closed pmgr   pmgr.0000
2020-01-31 00:31:05,508: rp.session.js-17-21.jetstream-cloud.org.aymen.018292.0007: MainProcess                     : MainThread     : DEBUG   : session rp.session.js-17-21.jetstream-cloud.org.aymen.018292.0007 closes comp   update.0
2020-01-31 00:31:05,508: rp.session.js-17-21.jetstream-cloud.org.aymen.018292.0007: MainProcess                     : MainThread     : DEBUG   : update.0 stop called
2020-01-31 00:31:05,649: rp.session.js-17-21.jetstream-cloud.org.aymen.018292.0007: update.0                        : MainThread     : DEBUG   : update.0.child stop called
2020-01-31 00:31:05,850: rp.session.js-17-21.jetstream-cloud.org.aymen.018292.0007: update.0                        : MainThread     : DEBUG   : update.0.child stop called
2020-01-31 00:31:05,871: rp.session.js-17-21.jetstream-cloud.org.aymen.018292.0007: MainProcess                     : MainThread     : DEBUG   : session rp.session.js-17-21.jetstream-cloud.org.aymen.018292.0007 closed comp   update.0
2020-01-31 00:31:05,871: rp.session.js-17-21.jetstream-cloud.org.aymen.018292.0007: MainProcess                     : MainThread     : DEBUG   : session rp.session.js-17-21.jetstream-cloud.org.aymen.018292.0007 closes bridge control.pubsub.bridge.0000
2020-01-31 00:31:06,852: rp.session.js-17-21.jetstream-cloud.org.aymen.018292.0007: MainProcess                     : MainThread     : DEBUG   : session rp.session.js-17-21.jetstream-cloud.org.aymen.018292.0007 closed bridge control.pubsub.bridge.0000
2020-01-31 00:31:06,853: rp.session.js-17-21.jetstream-cloud.org.aymen.018292.0007: MainProcess                     : MainThread     : DEBUG   : session rp.session.js-17-21.jetstream-cloud.org.aymen.018292.0007 closes bridge state.pubsub.bridge.0000
2020-01-31 00:31:07,884: rp.session.js-17-21.jetstream-cloud.org.aymen.018292.0007: MainProcess                     : MainThread     : DEBUG   : session rp.session.js-17-21.jetstream-cloud.org.aymen.018292.0007 closed bridge state.pubsub.bridge.0000
2020-01-31 00:31:07,884: rp.session.js-17-21.jetstream-cloud.org.aymen.018292.0007: MainProcess                     : MainThread     : DEBUG   : session rp.session.js-17-21.jetstream-cloud.org.aymen.018292.0007 closes bridge log.pubsub.bridge.0000
2020-01-31 00:31:08,919: rp.session.js-17-21.jetstream-cloud.org.aymen.018292.0007: MainProcess                     : MainThread     : DEBUG   : session rp.session.js-17-21.jetstream-cloud.org.aymen.018292.0007 closed bridge log.pubsub.bridge.0000
2020-01-31 00:31:08,920: rp.session.js-17-21.jetstream-cloud.org.aymen.018292.0007: MainProcess                     : MainThread     : DEBUG   : session rp.session.js-17-21.jetstream-cloud.org.aymen.018292.0007 closes db (False)
2020-01-31 00:31:09,057: rp.session.js-17-21.jetstream-cloud.org.aymen.018292.0007: MainProcess                     : MainThread     : DEBUG   : session rp.session.js-17-21.jetstream-cloud.org.aymen.018292.0007 closed (delete=False)
2020-01-31 00:31:09,063: rp.session.js-17-21.jetstream-cloud.org.aymen.018292.0007: MainProcess                     : MainThread     : DEBUG   : update.0 stop called
