2020-01-31 00:25:24,324: umgr.0000.staging.output.0: MainProcess                     : MainThread     : DEBUG   : alive check in term
2020-01-31 00:25:24,324: umgr.0000.staging.output.0: MainProcess                     : MainThread     : DEBUG   : start process
2020-01-31 00:25:25,477: umgr.0000.staging.output.0: MainProcess                     : MainThread     : INFO    : recv message: alive
2020-01-31 00:25:25,478: umgr.0000.staging.output.0: MainProcess                     : MainThread     : INFO    : initialize umgr.0000.staging.output.0
2020-01-31 00:25:25,482: umgr.0000.staging.output.0: MainProcess                     : MainThread     : INFO    : cfg: {'agents': {},
 u'bridges': {u'control_pubsub': {'addr_in': 'tcp://172.27.61.10:46786',
                                  'addr_out': 'tcp://172.27.61.10:38740',
                                  u'bulk_size': 0,
                                  u'log_level': u'error',
                                  u'stall_hwm': 1},
              u'log_pubsub': {'addr_in': 'tcp://172.27.61.10:40987',
                              'addr_out': 'tcp://172.27.61.10:46169',
                              u'bulk_size': 0,
                              u'log_level': u'error',
                              u'stall_hwm': 1},
              u'state_pubsub': {'addr_in': 'tcp://172.27.61.10:35186',
                                'addr_out': 'tcp://172.27.61.10:36567',
                                u'bulk_size': 0,
                                u'log_level': u'error',
                                u'stall_hwm': 1},
              u'umgr_reschedule_pubsub': {'addr_in': 'tcp://172.27.61.10:46043',
                                          'addr_out': 'tcp://172.27.61.10:36313',
                                          u'bulk_size': 0,
                                          u'log_level': u'error',
                                          u'stall_hwm': 1},
              u'umgr_scheduling_queue': {'addr_in': 'tcp://172.27.61.10:44482',
                                         'addr_out': 'tcp://172.27.61.10:41093',
                                         u'bulk_size': 0,
                                         u'log_level': u'error',
                                         u'stall_hwm': 1},
              u'umgr_staging_input_queue': {'addr_in': 'tcp://172.27.61.10:41401',
                                            'addr_out': 'tcp://172.27.61.10:35206',
                                            u'bulk_size': 0,
                                            u'log_level': u'error',
                                            u'stall_hwm': 1},
              u'umgr_staging_output_queue': {'addr_in': 'tcp://172.27.61.10:44958',
                                             'addr_out': 'tcp://172.27.61.10:39448',
                                             u'bulk_size': 0,
                                             u'log_level': u'error',
                                             u'stall_hwm': 1},
              u'umgr_unschedule_pubsub': {'addr_in': 'tcp://172.27.61.10:41058',
                                          'addr_out': 'tcp://172.27.61.10:40714',
                                          u'bulk_size': 0,
                                          u'log_level': u'error',
                                          u'stall_hwm': 1}},
 u'bulk_collection_size': 100,
 u'bulk_collection_time': 1.0,
 'cname': u'UMGRStagingOutputComponent',
 u'components': {},
 u'count': 1,
 u'db_poll_sleeptime': 1.0,
 'number': 0,
 'owner': 'umgr.0000',
 u'scheduler': u'round_robin',
 'uid': 'umgr.0000'}
2020-01-31 00:25:25,482: umgr.0000.staging.output.0: MainProcess                     : MainThread     : DEBUG   : alive check in term
2020-01-31 00:25:25,483: umgr.0000.staging.output.0: MainProcess                     : MainThread     : DEBUG   : START: umgr.0000.staging.output.0 register publisher log_pubsub
2020-01-31 00:25:25,483: umgr.0000.staging.output.0: MainProcess                     : MainThread     : DEBUG   : using addr tcp://172.27.61.10:40987 for pubsub log_pubsub
2020-01-31 00:25:25,485: umgr.0000.staging.output.0: MainProcess                     : MainThread     : DEBUG   : registered publisher : log_pubsub : log.pubsub.pub.0004
2020-01-31 00:25:25,485: umgr.0000.staging.output.0: MainProcess                     : MainThread     : DEBUG   : alive check in term
2020-01-31 00:25:25,485: umgr.0000.staging.output.0: MainProcess                     : MainThread     : DEBUG   : START: umgr.0000.staging.output.0 register publisher state_pubsub
2020-01-31 00:25:25,485: umgr.0000.staging.output.0: MainProcess                     : MainThread     : DEBUG   : using addr tcp://172.27.61.10:35186 for pubsub state_pubsub
2020-01-31 00:25:25,487: umgr.0000.staging.output.0: MainProcess                     : MainThread     : DEBUG   : registered publisher : state_pubsub : state.pubsub.pub.0004
2020-01-31 00:25:25,487: umgr.0000.staging.output.0: MainProcess                     : MainThread     : DEBUG   : alive check in term
2020-01-31 00:25:25,487: umgr.0000.staging.output.0: MainProcess                     : MainThread     : DEBUG   : START: umgr.0000.staging.output.0 register publisher control_pubsub
2020-01-31 00:25:25,487: umgr.0000.staging.output.0: MainProcess                     : MainThread     : DEBUG   : using addr tcp://172.27.61.10:46786 for pubsub control_pubsub
2020-01-31 00:25:25,489: umgr.0000.staging.output.0: MainProcess                     : MainThread     : DEBUG   : registered publisher : control_pubsub : control.pubsub.pub.0004
2020-01-31 00:25:25,489: umgr.0000.staging.output.0: MainProcess                     : MainThread     : DEBUG   : parent name: umgr.0000.staging.output.0.watch
2020-01-31 00:25:25,490: umgr.0000.staging.output.0: MainProcess                     : MainThread     : DEBUG   : start thread
2020-01-31 00:25:25,490: umgr.0000.staging.output.0: MainProcess                     : umgr.0000.staging.output.0.watch: DEBUG   : child name: umgr.0000.staging.output.0.watch.thread
2020-01-31 00:25:25,490: umgr.0000.staging.output.0: MainProcess                     : umgr.0000.staging.output.0.watch: INFO    : child (me) initializing
2020-01-31 00:25:25,490: umgr.0000.staging.output.0: MainProcess                     : umgr.0000.staging.output.0.watch: DEBUG   : ru_initialize_common (NOOP)
2020-01-31 00:25:25,491: umgr.0000.staging.output.0: MainProcess                     : umgr.0000.staging.output.0.watch: DEBUG   : ru_initialize_child (NOOP)
2020-01-31 00:25:25,491: umgr.0000.staging.output.0: MainProcess                     : umgr.0000.staging.output.0.watch: INFO    : send alive
2020-01-31 00:25:25,491: umgr.0000.staging.output.0: MainProcess                     : umgr.0000.staging.output.0.watch: INFO    : put message: [umgr.0000.staging.output.0.watch.thread] alive
2020-01-31 00:25:25,491: umgr.0000.staging.output.0: MainProcess                     : MainThread     : INFO    : get msg: alive
2020-01-31 00:25:25,491: umgr.0000.staging.output.0: MainProcess                     : MainThread     : DEBUG   : ru_initialize_common (NOOP)
2020-01-31 00:25:25,491: umgr.0000.staging.output.0: MainProcess                     : MainThread     : DEBUG   : ru_initialize_parent (NOOP)
2020-01-31 00:25:25,491: umgr.0000.staging.output.0: MainProcess                     : MainThread     : DEBUG   : child thread umgr.0000.staging.output.0.watch started
2020-01-31 00:25:25,492: umgr.0000.staging.output.0: MainProcess                     : MainThread     : INFO    : child is alive
2020-01-31 00:25:25,492: umgr.0000.staging.output.0: MainProcess                     : MainThread     : DEBUG   : process class started child
2020-01-31 00:30:57,401: umgr.0000.staging.output.0: MainProcess                     : MainThread     : INFO    : stop umgr.0000.staging.output.0 (29164 : 29337 : MainThread) [radical.pilot.unit_manager.UnitManager.finalize_parent]
2020-01-31 00:30:57,406: umgr.0000.staging.output.0: MainProcess                     : MainThread     : INFO    : parent stops child  29164 -> 29337 [umgr.0000.staging.output.0]
2020-01-31 00:30:57,407: umgr.0000.staging.output.0: MainProcess                     : MainThread     : INFO    : send message: [umgr.0000.staging.output.0] STOP
2020-01-31 00:30:57,407: umgr.0000.staging.output.0: MainProcess                     : MainThread     : DEBUG   : ru_finalize_common()
2020-01-31 00:30:57,407: umgr.0000.staging.output.0: MainProcess                     : MainThread     : DEBUG   : TERM : umgr.0000.staging.output.0 unregister publisher log_pubsub
2020-01-31 00:30:57,408: umgr.0000.staging.output.0: MainProcess                     : umgr.0000.staging.output.0.watch: INFO    : recv message: 
2020-01-31 00:30:57,408: umgr.0000.staging.output.0: MainProcess                     : umgr.0000.staging.output.0.watch: INFO    : message received: 
2020-01-31 00:30:57,408: umgr.0000.staging.output.0: MainProcess                     : MainThread     : DEBUG   : unregistered publisher log_pubsub
2020-01-31 00:30:57,408: umgr.0000.staging.output.0: MainProcess                     : umgr.0000.staging.output.0.watch: WARNING : no message, parent closed ep!
2020-01-31 00:30:57,409: umgr.0000.staging.output.0: MainProcess                     : MainThread     : DEBUG   : TERM : umgr.0000.staging.output.0 unregister publisher state_pubsub
2020-01-31 00:30:57,409: umgr.0000.staging.output.0: MainProcess                     : umgr.0000.staging.output.0.watch: INFO    : watcher closes
2020-01-31 00:30:57,409: umgr.0000.staging.output.0: MainProcess                     : umgr.0000.staging.output.0.watch: INFO    : put message: [umgr.0000.staging.output.0.watch.thread] work finished
2020-01-31 00:30:57,410: umgr.0000.staging.output.0: MainProcess                     : umgr.0000.staging.output.0.watch: DEBUG   : ru_finalize_child (NOOP)
2020-01-31 00:30:57,410: umgr.0000.staging.output.0: MainProcess                     : umgr.0000.staging.output.0.watch: DEBUG   : ru_finalize_common (NOOP)
2020-01-31 00:30:57,410: umgr.0000.staging.output.0: MainProcess                     : umgr.0000.staging.output.0.watch: INFO    : put message: [umgr.0000.staging.output.0.watch.thread] terminating
2020-01-31 00:30:57,410: umgr.0000.staging.output.0: MainProcess                     : MainThread     : DEBUG   : unregistered publisher state_pubsub
2020-01-31 00:30:57,411: umgr.0000.staging.output.0: MainProcess                     : MainThread     : DEBUG   : TERM : umgr.0000.staging.output.0 unregister publisher control_pubsub
2020-01-31 00:30:57,412: umgr.0000.staging.output.0: MainProcess                     : MainThread     : DEBUG   : unregistered publisher control_pubsub
2020-01-31 00:30:57,412: umgr.0000.staging.output.0: MainProcess                     : MainThread     : DEBUG   : umgr.0000.staging.output.0 close prof
2020-01-31 00:30:57,417: umgr.0000.staging.output.0: MainProcess                     : MainThread     : INFO    : parent stops child
2020-01-31 00:30:57,417: umgr.0000.staging.output.0: MainProcess                     : MainThread     : DEBUG   : ru_finalize_parent (NOOP)
2020-01-31 00:30:57,418: umgr.0000.staging.output.0: MainProcess                     : MainThread     : DEBUG   : ru_finalize_common (NOOP)
2020-01-31 00:31:02,507: umgr.0000.staging.output.0: MainProcess                     : MainThread     : INFO    : stop umgr.0000.staging.output.0 (29164 : 29337 : MainThread) [radical.pilot.utils.component.UnitManager.ru_finalize_common]
2020-01-31 00:31:09,067: umgr.0000.staging.output.0: MainProcess                     : MainThread     : INFO    : stop umgr.0000.staging.output.0 (29164 : 29337 : MainThread) [radical.pilot.session.Session.close]
