bootstrap_0 stderr redirected to stdout
---------------------------------------------------------------------
bootstrap_0 running on host: gpu024.pvt.bridges.psc.edu.
bootstrap_0 started as     : '/pylon5/mc3bggp/aymen/radical.pilot.sandbox/rp.session.js-17-21.jetstream-cloud.org.aymen.018292.0010/bootstrap_0.sh -d radical.utils-0.70.0.tar.gz:radical.saga-0.70.0.tar.gz:radical.pilot-0.70.0.tar.gz -p pilot.0000 -s rp.session.js-17-21.jetstream-cloud.org.aymen.018292.0010 -m create -r local -b default -g default -v /pylon5/mc3bggp/aymen/radical.pilot.sandbox/ve.xsede.bridges.0.70.0 -y 2880 -e module purge -e module load gcc -e module load mpi/gcc_openmpi -e module load slurm -e module load python2'
Environment of bootstrap_0 process:
AUTOJUMP_ERROR_PATH=/home/aymen/.local/share/autojump/errors.log
AUTOJUMP_SOURCED=1
BASH_FUNC_module()=() {  eval `/usr/bin/modulecmd bash $*`
_=/bin/env
CLASSPATH=/opt/intel/compilers_and_libraries_2019.5.281/linux/mpi/intel64/lib/mpi.jar:/opt/intel/compilers_and_libraries_2019.5.281/linux/daal/lib/daal.jar
CPATH=/opt/intel/compilers_and_libraries_2019.5.281/linux/ipp/include:/opt/intel/compilers_and_libraries_2019.5.281/linux/mkl/include:/opt/intel/compilers_and_libraries_2019.5.281/linux/pstl/include:/opt/intel/compilers_and_libraries_2019.5.281/linux/tbb/include:/opt/intel/compilers_and_libraries_2019.5.281/linux/daal/include
CPLUS_INCLUDE_PATH=/opt/intel/clck/2019.5/include/
CUDA_VISIBLE_DEVICES=0,1
CVS_RSH=ssh
DAALROOT=/opt/intel/compilers_and_libraries_2019.5.281/linux/daal
ENVIRONMENT=BATCH
FI_PROVIDER_PATH=/opt/intel/compilers_and_libraries_2019.5.281/linux/mpi/intel64/libfabric/lib/prov
GDL_PATH=+/usr/share/gnudatalanguage
GLOBUS_LOCATION=/usr
GLOBUS_TCP_PORT_RANGE=50000,51000
GLOBUS_TCP_SOURCE_RANGE=50000,51000
GPU_DEVICE_ORDINAL=0,1
HISTCONTROL=ignoredups
HISTSIZE=1000
HOME=/home/aymen
HOSTNAME=gpu024.pvt.bridges.psc.edu
I_MPI_ROOT=/opt/intel/compilers_and_libraries_2019.5.281/linux/mpi
INFOPATH=/opt/intel/documentation_2019/en/debugger/gdb-ia/info/
INTEL_LICENSE_FILE=/opt/intel/licenses
IPPROOT=/opt/intel/compilers_and_libraries_2019.5.281/linux/ipp
LANG=en_US.UTF-8
LD_LIBRARY_PATH=/opt/intel/itac/2019.5.041/intel64/slib:/opt/intel/compilers_and_libraries_2019.5.281/linux/mpi/intel64/libfabric/lib:/opt/intel/compilers_and_libraries_2019.5.281/linux/mpi/intel64/lib/release:/opt/intel/compilers_and_libraries_2019.5.281/linux/mpi/intel64/lib:/opt/intel/compilers_and_libraries_2019.5.281/linux/ipp/lib/intel64:/opt/intel/compilers_and_libraries_2019.5.281/linux/compiler/lib/intel64_lin:/opt/intel/compilers_and_libraries_2019.5.281/linux/mkl/lib/intel64_lin:/opt/intel/compilers_and_libraries_2019.5.281/linux/tbb/lib/intel64/gcc4.7:/opt/intel/debugger_2019/libipt/intel64/lib:/opt/intel/compilers_and_libraries_2019.5.281/linux/daal/lib/intel64_lin
LESSOPEN=||/usr/bin/lesspipe.sh %s
LIBRARY_PATH=/opt/intel/clck/2019.5/lib/intel64:/opt/intel/compilers_and_libraries_2019.5.281/linux/mpi/intel64/libfabric/lib:/opt/intel/compilers_and_libraries_2019.5.281/linux/ipp/lib/intel64:/opt/intel/compilers_and_libraries_2019.5.281/linux/compiler/lib/intel64_lin:/opt/intel/compilers_and_libraries_2019.5.281/linux/mkl/lib/intel64_lin:/opt/intel/compilers_and_libraries_2019.5.281/linux/tbb/lib/intel64/gcc4.7:/opt/intel/compilers_and_libraries_2019.5.281/linux/daal/lib/intel64_lin
_LMFILES_=/opt/modulefiles/psc_path/1.1:/opt/modulefiles/slurm/default:/opt/modulefiles/intel/19.5:/opt/modulefiles/xdusage/2.1-1
LOADEDMODULES=psc_path/1.1:slurm/default:intel/19.5:xdusage/2.1-1
LOCAL=/local/7536729
LOGNAME=aymen
LS_COLORS=rs=0:di=01;34:ln=01;36:mh=00:pi=40;33:so=01;35:do=01;35:bd=40;33;01:cd=40;33;01:or=40;31;01:mi=01;05;37;41:su=37;41:sg=30;43:ca=30;41:tw=30;42:ow=34;42:st=37;44:ex=01;32:*.tar=01;31:*.tgz=01;31:*.arc=01;31:*.arj=01;31:*.taz=01;31:*.lha=01;31:*.lz4=01;31:*.lzh=01;31:*.lzma=01;31:*.tlz=01;31:*.txz=01;31:*.tzo=01;31:*.t7z=01;31:*.zip=01;31:*.z=01;31:*.Z=01;31:*.dz=01;31:*.gz=01;31:*.lrz=01;31:*.lz=01;31:*.lzo=01;31:*.xz=01;31:*.bz2=01;31:*.bz=01;31:*.tbz=01;31:*.tbz2=01;31:*.tz=01;31:*.deb=01;31:*.rpm=01;31:*.jar=01;31:*.war=01;31:*.ear=01;31:*.sar=01;31:*.rar=01;31:*.alz=01;31:*.ace=01;31:*.zoo=01;31:*.cpio=01;31:*.7z=01;31:*.rz=01;31:*.cab=01;31:*.jpg=01;35:*.jpeg=01;35:*.gif=01;35:*.bmp=01;35:*.pbm=01;35:*.pgm=01;35:*.ppm=01;35:*.tga=01;35:*.xbm=01;35:*.xpm=01;35:*.tif=01;35:*.tiff=01;35:*.png=01;35:*.svg=01;35:*.svgz=01;35:*.mng=01;35:*.pcx=01;35:*.mov=01;35:*.mpg=01;35:*.mpeg=01;35:*.m2v=01;35:*.mkv=01;35:*.webm=01;35:*.ogm=01;35:*.mp4=01;35:*.m4v=01;35:*.mp4v=01;35:*.vob=01;35:*.qt=01;35:*.nuv=01;35:*.wmv=01;35:*.asf=01;35:*.rm=01;35:*.rmvb=01;35:*.flc=01;35:*.avi=01;35:*.fli=01;35:*.flv=01;35:*.gl=01;35:*.dl=01;35:*.xcf=01;35:*.xwd=01;35:*.yuv=01;35:*.cgm=01;35:*.emf=01;35:*.axv=01;35:*.anx=01;35:*.ogv=01;35:*.ogx=01;35:*.aac=01;36:*.au=01;36:*.flac=01;36:*.mid=01;36:*.midi=01;36:*.mka=01;36:*.mp3=01;36:*.mpc=01;36:*.ogg=01;36:*.ra=01;36:*.wav=01;36:*.axa=01;36:*.oga=01;36:*.spx=01;36:*.xspf=01;36:
MAIL=/var/spool/mail/aymen
MANPATH=/opt/packages/xdusage/2.1-1/share/man:/opt/intel/itac/2019.5.041/man:/opt/intel/clck/2019.5/man:/opt/intel/man/common:/opt/intel/compilers_and_libraries_2019.5.281/linux/mpi/man:/opt/intel/documentation_2019/en/debugger/gdb-ia/man/:/opt/packages/slurm/default/share/man:/usr/local/man:/usr/share/man::/usr/local/man:/usr/share/man
MKLROOT=/opt/intel/compilers_and_libraries_2019.5.281/linux/mkl
MODULEPATH=/opt/modulefiles:/opt/modulefiles
MODULESHOME=/usr/share/Modules
MYPROXY_SERVER=myproxy.xsede.org,myproxy.psc.xsede.org
MYPROXY_SERVER_PORT=7512
NLSPATH=/opt/intel/compilers_and_libraries_2019.5.281/linux/compiler/lib/intel64/locale/%l_%t/%N:/opt/intel/compilers_and_libraries_2019.5.281/linux/mkl/lib/intel64_lin/locale/%l_%t/%N:/opt/intel/debugger_2019/gdb/intel64/share/locale/%l_%t/%N
NVPROF_TMPDIR=/local/7536729/tmp
PATH=/pylon5/mc3bggp/aymen/anaconda3/bin:/opt/packages/xdusage/2.1-1/bin:/pylon5/mc3bggp/aymen/anaconda3/bin:/usr/lib64/qt-3.3/bin:/opt/intel/advisor_2019.5.0.602216/bin64:/opt/intel/vtune_amplifier_2019.6.0.602217/bin64:/opt/intel/inspector_2019.5.0.602103/bin64:/opt/intel/itac/2019.5.041/intel64/bin:/opt/intel/clck/2019.5/bin/intel64:/opt/intel/compilers_and_libraries_2019.5.281/linux/bin/intel64:/opt/intel/compilers_and_libraries_2019.5.281/linux/mpi/intel64/libfabric/bin:/opt/intel/compilers_and_libraries_2019.5.281/linux/mpi/intel64/bin:/opt/intel/debugger_2019/gdb/intel64/bin:/opt/packages/slurm/default/bin:/opt/packages/allocations:/opt/packages/interact/bin:/usr/lib64/ccache:/usr/local/bin:/bin:/usr/bin:/usr/bin:/usr/local/sbin:/usr/sbin:/opt/puppetlabs/puppet/bin:/opt/intel/parallel_studio_xe_2019.5.075/bin:/bin:/sbin:/opt/puppetlabs/bin:/home/aymen/.local/bin:/home/aymen/bin:/opt/puppetlabs/puppet/bin:/bin:/sbin:/home/aymen/.local/bin:/home/aymen/bin
PKG_CONFIG_PATH=/opt/intel/advisor_2019.5.0.602216/include/pkgconfig/lib64:/opt/intel/vtune_amplifier_2019.6.0.602217/include/pkgconfig/lib64:/opt/intel/compilers_and_libraries_2019.5.281/linux/mkl/bin/pkgconfig
PS1=#
PSTLROOT=/opt/intel/compilers_and_libraries_2019.5.281/linux/pstl
PWD=/pylon5/mc3bggp/aymen/radical.pilot.sandbox/rp.session.js-17-21.jetstream-cloud.org.aymen.018292.0010/pilot.0000
PYTHONNOUSERSITE=True
QTDIR=/usr/lib64/qt-3.3
QT_GRAPHICSSYSTEM_CHECKED=1
QTINC=/usr/lib64/qt-3.3/include
QTLIB=/usr/lib64/qt-3.3/lib
RADICAL_PROFILE=TRUE
RAMDISK=/dev/shm/7536729
RP_BOOTSTRAP_0_REDIR=True
SCRATCH=/pylon5/mc3bggp/aymen
SHELL=/usr/psc/shells/bash
SHLVL=3
SLURM_CHECKPOINT_IMAGE_DIR=/var/slurm/checkpoint
SLURM_CLUSTER_NAME=bridges
SLURM_CPUS_ON_NODE=32
SLURM_CPUS_PER_TASK=1
SLURMD_NODENAME=gpu024
SLURM_GTIDS=0
SLURM_JOB_ACCOUNT=mc3bggp
SLURM_JOB_CPUS_PER_NODE=32(x4)
SLURM_JOB_GID=14231
SLURM_JOB_GPUS=0,1
SLURM_JOB_ID=7536729
SLURM_JOBID=7536729
SLURM_JOB_NAME=pilot.0000
SLURM_JOB_NODELIST=gpu[024,028,030-031]
SLURM_JOB_NUM_NODES=4
SLURM_JOB_PARTITION=GPU
SLURM_JOB_QOS=gpu
SLURM_JOB_UID=64450
SLURM_JOB_USER=aymen
SLURM_LOCALID=0
SLURM_MEM_PER_NODE=123200
SLURM_NNODES=4
SLURM_NODE_ALIASES=(null)
SLURM_NODEID=0
SLURM_NODELIST=gpu[024,028,030-031]
SLURM_NPROCS=128
SLURM_NTASKS=128
SLURM_PRIO_PROCESS=0
SLURM_PROCID=0
SLURM_SUBMIT_DIR=/home/aymen
SLURM_SUBMIT_HOST=br018.pvt.bridges.psc.edu
SLURM_TASK_PID=11905
SLURM_TASKS_PER_NODE=32(x4)
SLURM_TOPOLOGY_ADDR=OPAF[1-6].OPAL11.gpu024
SLURM_TOPOLOGY_ADDR_PATTERN=switch.switch.node
SLURM_WORKING_CLUSTER=bridges:br003.pvt.bridges.psc.edu:6814:8448
SSH_CLIENT=129.114.17.21 36444 2222
SSH_CONNECTION=129.114.17.21 36444 128.182.108.81 2222
SSH_TTY=/dev/pts/163
TBBROOT=/opt/intel/compilers_and_libraries_2019.5.281/linux/tbb
TERM=vt100
TMOUT=1800
TMPDIR=/local/7536729/tmp
USER=aymen
VT_ADD_LIBS=-ldwarf -lelf -lvtunwind -lm -lpthread
VT_ARCH=intel64
VT_MPI=impi4
X509_USER_PROXY=/tmp/x509up_p29984.file5BkukE.1
XDG_RUNTIME_DIR=/run/user/64450
XDG_SESSION_ID=250750
# -------------------------------------------------------------------

# -------------------------------------------------------------------
#
# Running pre_bootstrap_0 command
# cmd: module purge
#
#
# SUCCESS
#
# -------------------------------------------------------------------

# -------------------------------------------------------------------
#
# Running pre_bootstrap_0 command
# cmd: module load gcc
#
#
# SUCCESS
#
# -------------------------------------------------------------------

# -------------------------------------------------------------------
#
# Running pre_bootstrap_0 command
# cmd: module load mpi/gcc_openmpi
#
#
# SUCCESS
#
# -------------------------------------------------------------------

# -------------------------------------------------------------------
#
# Running pre_bootstrap_0 command
# cmd: module load slurm
#
#
# SUCCESS
#
# -------------------------------------------------------------------

# -------------------------------------------------------------------
#
# Running pre_bootstrap_0 command
# cmd: module load python2
#
#
# SUCCESS
#
# -------------------------------------------------------------------
# -------------------------------------------------------------------
# Touching output tarballs
# -------------------------------------------------------------------
create gtod
build gtod with gcc... /opt/packages/gcc/9.2.0/bin/gcc
success
0.0036,bootstrap_0_start,bootstrap_0,MainThread,pilot.0000,PMGR_ACTIVE_PENDING,
VIRTENV : /pylon5/mc3bggp/aymen/radical.pilot.sandbox/ve.xsede.bridges.0.70.0
VIRTENV : /pylon5/mc3bggp/aymen/radical.pilot.sandbox/ve.xsede.bridges.0.70.0 (normalized)
PYTHON: /opt/packages/python/2_7_11_gcc/bin/python
PIP   : /opt/packages/python/2_7_11_gcc/bin/pip
0.0316,ve_setup_start,bootstrap_0,MainThread,pilot.0000,PMGR_ACTIVE_PENDING,
virtenv_create   : TRUE
virtenv_update   : FALSE
rp install sources:  radical.utils-0.70.0/ radical.saga-0.70.0/ radical.pilot-0.70.0/
rp install target : SANDBOX
rp install lock   : FALSE
virtenv /pylon5/mc3bggp/aymen/radical.pilot.sandbox/ve.xsede.bridges.0.70.0 exists
5.6868,ve_activate_start,bootstrap_0,MainThread,pilot.0000,PMGR_ACTIVE_PENDING,
PYTHON: /pylon5/mc3bggp/aymen/radical.pilot.sandbox/ve.xsede.bridges.0.70.0/bin/python
PIP   : /pylon5/mc3bggp/aymen/radical.pilot.sandbox/ve.xsede.bridges.0.70.0/bin/pip
PYTHON INTERPRETER: /pylon5/mc3bggp/aymen/radical.pilot.sandbox/ve.xsede.bridges.0.70.0/bin/python
PYTHON_VERSION    : 2.7
VE_MOD_PREFIX     : /pylon5/mc3bggp/aymen/radical.pilot.sandbox/ve.xsede.bridges.0.70.0/lib/python2.7/site-packages
PIP installer     : /pylon5/mc3bggp/aymen/radical.pilot.sandbox/ve.xsede.bridges.0.70.0/bin/pip
PIP version       : pip 1.4.1 from /pylon5/mc3bggp/aymen/radical.pilot.sandbox/ve.xsede.bridges.0.70.0/lib/python2.7/site-packages (python 2.7)
activated virtenv
VIRTENV      : /pylon5/mc3bggp/aymen/radical.pilot.sandbox/ve.xsede.bridges.0.70.0
VE_MOD_PREFIX: /pylon5/mc3bggp/aymen/radical.pilot.sandbox/ve.xsede.bridges.0.70.0/lib/python2.7/site-packages
RP_MOD_PREFIX: /pylon5/mc3bggp/aymen/radical.pilot.sandbox/ve.xsede.bridges.0.70.0/rp_install/lib/python2.7/site-packages
PYTHONPATH   : /pylon5/mc3bggp/aymen/radical.pilot.sandbox/ve.xsede.bridges.0.70.0/lib/python2.7/site-packages:
15.9193,ve_activate_stop,bootstrap_0,MainThread,pilot.0000,PMGR_ACTIVE_PENDING,
do not update virtenv /pylon5/mc3bggp/aymen/radical.pilot.sandbox/ve.xsede.bridges.0.70.0
15.9271,rp_install_start,bootstrap_0,MainThread,pilot.0000,PMGR_ACTIVE_PENDING,
Using RADICAL-Pilot install sources ' radical.utils-0.70.0/ radical.saga-0.70.0/ radical.pilot-0.70.0/'
VE_MOD_PREFIX: /pylon5/mc3bggp/aymen/radical.pilot.sandbox/ve.xsede.bridges.0.70.0/lib/python2.7/site-packages
VIRTENV      : /pylon5/mc3bggp/aymen/radical.pilot.sandbox/ve.xsede.bridges.0.70.0
SANDBOX      : /pylon5/mc3bggp/aymen/radical.pilot.sandbox/rp.session.js-17-21.jetstream-cloud.org.aymen.018292.0010/pilot.0000
VE_LOC_PREFIX: 
using local install tree
PYTHONPATH: /pylon5/mc3bggp/aymen/radical.pilot.sandbox/rp.session.js-17-21.jetstream-cloud.org.aymen.018292.0010/pilot.0000/rp_install/lib/python2.7/site-packages::
rp_install: /pylon5/mc3bggp/aymen/radical.pilot.sandbox/rp.session.js-17-21.jetstream-cloud.org.aymen.018292.0010/pilot.0000/rp_install/lib/python2.7/site-packages
radicalmod: /pylon5/mc3bggp/aymen/radical.pilot.sandbox/rp.session.js-17-21.jetstream-cloud.org.aymen.018292.0010/pilot.0000/rp_install/lib/python2.7/site-packages/radical/
created radical namespace in /pylon5/mc3bggp/aymen/radical.pilot.sandbox/rp.session.js-17-21.jetstream-cloud.org.aymen.018292.0010/pilot.0000/rp_install/lib/python2.7/site-packages/radical//__init__.py

# -------------------------------------------------------------------
#
# update radical.utils-0.70.0/ via pip
# cmd: /pylon5/mc3bggp/aymen/radical.pilot.sandbox/ve.xsede.bridges.0.70.0/bin/pip install  --src '/pylon5/mc3bggp/aymen/radical.pilot.sandbox/rp.session.js-17-21.jetstream-cloud.org.aymen.018292.0010/pilot.0000/rp_install/src' --build '/pylon5/mc3bggp/aymen/radical.pilot.sandbox/rp.session.js-17-21.jetstream-cloud.org.aymen.018292.0010/pilot.0000/rp_install/build' --install-option='--prefix=/pylon5/mc3bggp/aymen/radical.pilot.sandbox/rp.session.js-17-21.jetstream-cloud.org.aymen.018292.0010/pilot.0000/rp_install' --no-deps radical.utils-0.70.0/
#
Unpacking ./radical.utils-0.70.0
  Running setup.py egg_info for package from file:///pylon5/mc3bggp/aymen/radical.pilot.sandbox/rp.session.js-17-21.jetstream-cloud.org.aymen.018292.0010/pilot.0000/radical.utils-0.70.0
    
    warning: no files found matching '*' under directory 'radical'
Installing collected packages: radical.utils
  Running setup.py install for radical.utils
    warning: no files found matching '*' under directory 'radical'
    warning: sdist: standard file not found: should have one of README, README.txt
    
    making hard links in radical.utils-0.70.0...
    hard linking CHANGES.md -> radical.utils-0.70.0
    hard linking LICENSE.md -> radical.utils-0.70.0
    hard linking MANIFEST.in -> radical.utils-0.70.0
    hard linking README.md -> radical.utils-0.70.0
    hard linking VERSION -> radical.utils-0.70.0
    hard linking setup.cfg -> radical.utils-0.70.0
    hard linking setup.py -> radical.utils-0.70.0
    hard linking bin/radical-stack -> radical.utils-0.70.0/bin
    hard linking bin/radical-utils-fix-headers.pl -> radical.utils-0.70.0/bin
    hard linking bin/radical-utils-gtod -> radical.utils-0.70.0/bin
    hard linking bin/radical-utils-mongodb.py -> radical.utils-0.70.0/bin
    hard linking bin/radical-utils-pwatch -> radical.utils-0.70.0/bin
    hard linking bin/radical-utils-pylint.sh -> radical.utils-0.70.0/bin
    hard linking bin/radical-utils-version -> radical.utils-0.70.0/bin
    hard linking src/radical/__init__.py -> radical.utils-0.70.0/src/radical
    hard linking src/radical.utils.egg-info/PKG-INFO -> radical.utils-0.70.0/src/radical.utils.egg-info
    hard linking src/radical.utils.egg-info/SOURCES.txt -> radical.utils-0.70.0/src/radical.utils.egg-info
    hard linking src/radical.utils.egg-info/dependency_links.txt -> radical.utils-0.70.0/src/radical.utils.egg-info
    hard linking src/radical.utils.egg-info/namespace_packages.txt -> radical.utils-0.70.0/src/radical.utils.egg-info
    hard linking src/radical.utils.egg-info/not-zip-safe -> radical.utils-0.70.0/src/radical.utils.egg-info
    hard linking src/radical.utils.egg-info/requires.txt -> radical.utils-0.70.0/src/radical.utils.egg-info
    hard linking src/radical.utils.egg-info/top_level.txt -> radical.utils-0.70.0/src/radical.utils.egg-info
    hard linking src/radical/utils/__init__.py -> radical.utils-0.70.0/src/radical/utils
    hard linking src/radical/utils/algorithms.py -> radical.utils-0.70.0/src/radical/utils
    hard linking src/radical/utils/config.py -> radical.utils-0.70.0/src/radical/utils
    hard linking src/radical/utils/constants.py -> radical.utils-0.70.0/src/radical/utils
    hard linking src/radical/utils/daemonize.py -> radical.utils-0.70.0/src/radical/utils
    hard linking src/radical/utils/debug.py -> radical.utils-0.70.0/src/radical/utils
    hard linking src/radical/utils/dict_mixin.py -> radical.utils-0.70.0/src/radical/utils
    hard linking src/radical/utils/futures.py -> radical.utils-0.70.0/src/radical/utils
    hard linking src/radical/utils/get_version.py -> radical.utils-0.70.0/src/radical/utils
    hard linking src/radical/utils/heartbeat.py -> radical.utils-0.70.0/src/radical/utils
    hard linking src/radical/utils/ids.py -> radical.utils-0.70.0/src/radical/utils
    hard linking src/radical/utils/lease_manager.py -> radical.utils-0.70.0/src/radical/utils
    hard linking src/radical/utils/lockable.py -> radical.utils-0.70.0/src/radical/utils
    hard linking src/radical/utils/logger.py -> radical.utils-0.70.0/src/radical/utils
    hard linking src/radical/utils/misc.py -> radical.utils-0.70.0/src/radical/utils
    hard linking src/radical/utils/object_cache.py -> radical.utils-0.70.0/src/radical/utils
    hard linking src/radical/utils/plugin_manager.py -> radical.utils-0.70.0/src/radical/utils
    hard linking src/radical/utils/poll.py -> radical.utils-0.70.0/src/radical/utils
    hard linking src/radical/utils/process.py -> radical.utils-0.70.0/src/radical/utils
    hard linking src/radical/utils/profile.py -> radical.utils-0.70.0/src/radical/utils
    hard linking src/radical/utils/pty.py -> radical.utils-0.70.0/src/radical/utils
    hard linking src/radical/utils/read_json.py -> radical.utils-0.70.0/src/radical/utils
    hard linking src/radical/utils/registry.py -> radical.utils-0.70.0/src/radical/utils
    hard linking src/radical/utils/reporter.py -> radical.utils-0.70.0/src/radical/utils
    hard linking src/radical/utils/ru_regex.py -> radical.utils-0.70.0/src/radical/utils
    hard linking src/radical/utils/shell.py -> radical.utils-0.70.0/src/radical/utils
    hard linking src/radical/utils/signatures.py -> radical.utils-0.70.0/src/radical/utils
    hard linking src/radical/utils/singleton.py -> radical.utils-0.70.0/src/radical/utils
    hard linking src/radical/utils/testing.py -> radical.utils-0.70.0/src/radical/utils
    hard linking src/radical/utils/threads.py -> radical.utils-0.70.0/src/radical/utils
    hard linking src/radical/utils/timing.py -> radical.utils-0.70.0/src/radical/utils
    hard linking src/radical/utils/tracer.py -> radical.utils-0.70.0/src/radical/utils
    hard linking src/radical/utils/url.py -> radical.utils-0.70.0/src/radical/utils
    hard linking src/radical/utils/which.py -> radical.utils-0.70.0/src/radical/utils
    hard linking src/radical/utils/atfork/__init__.py -> radical.utils-0.70.0/src/radical/utils/atfork
    hard linking src/radical/utils/atfork/atfork.py -> radical.utils-0.70.0/src/radical/utils/atfork
    hard linking src/radical/utils/atfork/stdlib_fixer.py -> radical.utils-0.70.0/src/radical/utils/atfork
    hard linking src/radical/utils/contrib/__init__.py -> radical.utils-0.70.0/src/radical/utils/contrib
    hard linking src/radical/utils/contrib/urlparse25.py -> radical.utils-0.70.0/src/radical/utils/contrib
    hard linking src/radical/utils/plugins/__init__.py -> radical.utils-0.70.0/src/radical/utils/plugins
    hard linking src/radical/utils/plugins/unittests_1/__init__.py -> radical.utils-0.70.0/src/radical/utils/plugins/unittests_1
    hard linking src/radical/utils/plugins/unittests_1/plugin_unittests_default_1.py -> radical.utils-0.70.0/src/radical/utils/plugins/unittests_1
    hard linking src/radical/utils/plugins/unittests_1/plugin_unittests_default_2.py -> radical.utils-0.70.0/src/radical/utils/plugins/unittests_1
    hard linking src/radical/utils/plugins/unittests_2/__init__.py -> radical.utils-0.70.0/src/radical/utils/plugins/unittests_2
    hard linking src/radical/utils/plugins/unittests_2/plugin_unittests_default_1.py -> radical.utils-0.70.0/src/radical/utils/plugins/unittests_2
    hard linking src/radical/utils/plugins/unittests_2/plugin_unittests_default_2.py -> radical.utils-0.70.0/src/radical/utils/plugins/unittests_2
    hard linking src/radical/utils/queue_network/__init__.py -> radical.utils-0.70.0/src/radical/utils/queue_network
    hard linking src/radical/utils/queue_network/network.py -> radical.utils-0.70.0/src/radical/utils/queue_network
    hard linking src/radical/utils/queue_network/node.py -> radical.utils-0.70.0/src/radical/utils/queue_network
    hard linking src/radical/utils/queue_network/queue.py -> radical.utils-0.70.0/src/radical/utils/queue_network
    hard linking src/radical/utils/scheduler/__init__.py -> radical.utils-0.70.0/src/radical/utils/scheduler
    hard linking src/radical/utils/scheduler/scheduler_base.py -> radical.utils-0.70.0/src/radical/utils/scheduler
    hard linking src/radical/utils/scheduler/scheduler_bitarray.py -> radical.utils-0.70.0/src/radical/utils/scheduler
    hard linking src/radical/utils/zmq/__init__.py -> radical.utils-0.70.0/src/radical/utils/zmq
    hard linking src/radical/utils/zmq/bridge.py -> radical.utils-0.70.0/src/radical/utils/zmq
    hard linking src/radical/utils/zmq/pubsub.py -> radical.utils-0.70.0/src/radical/utils/zmq
    hard linking src/radical/utils/zmq/queue.py -> radical.utils-0.70.0/src/radical/utils/zmq
    hard linking src/radical/utils/zmq/utils.py -> radical.utils-0.70.0/src/radical/utils/zmq
    hard linking tests/conftest.py -> radical.utils-0.70.0/tests
    hard linking tests/__pycache__/conftest.cpython-27-PYTEST.pyc -> radical.utils-0.70.0/tests/__pycache__
    hard linking tests/unittests/test_config.py -> radical.utils-0.70.0/tests/unittests
    hard linking tests/unittests/test_dict_mixin.py -> radical.utils-0.70.0/tests/unittests
    hard linking tests/unittests/test_ids.py -> radical.utils-0.70.0/tests/unittests
    hard linking tests/unittests/test_lease_manager.py -> radical.utils-0.70.0/tests/unittests
    hard linking tests/unittests/test_lockable.py -> radical.utils-0.70.0/tests/unittests
    hard linking tests/unittests/test_logger.py -> radical.utils-0.70.0/tests/unittests
    hard linking tests/unittests/test_misc.py -> radical.utils-0.70.0/tests/unittests
    hard linking tests/unittests/test_object_cache.py -> radical.utils-0.70.0/tests/unittests
    hard linking tests/unittests/test_plugin_manager.py -> radical.utils-0.70.0/tests/unittests
    hard linking tests/unittests/test_poll.py -> radical.utils-0.70.0/tests/unittests
    hard linking tests/unittests/test_process.py -> radical.utils-0.70.0/tests/unittests
    hard linking tests/unittests/test_profiler.py -> radical.utils-0.70.0/tests/unittests
    hard linking tests/unittests/test_read_json.py -> radical.utils-0.70.0/tests/unittests
    hard linking tests/unittests/test_regex.py -> radical.utils-0.70.0/tests/unittests
    hard linking tests/unittests/test_reporter.py -> radical.utils-0.70.0/tests/unittests
    hard linking tests/unittests/test_signatures.py -> radical.utils-0.70.0/tests/unittests
    hard linking tests/unittests/test_singleton.py -> radical.utils-0.70.0/tests/unittests
    hard linking tests/unittests/test_url.py -> radical.utils-0.70.0/tests/unittests
    hard linking tests/unittests/test_which.py -> radical.utils-0.70.0/tests/unittests
    hard linking tests/unittests/__pycache__/test_lockfile.cpython-27-PYTEST.pyc -> radical.utils-0.70.0/tests/unittests/__pycache__
    hard linking tests/unittests/data/resource_yale.json -> radical.utils-0.70.0/tests/unittests/data
    Writing radical.utils-0.70.0/setup.cfg
    Creating tar archive
    removing 'radical.utils-0.70.0' (and everything under it)
    changing mode of build/scripts-2.7/radical-utils-mongodb.py from 644 to 755
    changing mode of build/scripts-2.7/radical-utils-version from 644 to 755
    changing mode of build/scripts-2.7/radical-stack from 644 to 755
    Skipping installation of /pylon5/mc3bggp/aymen/radical.pilot.sandbox/rp.session.js-17-21.jetstream-cloud.org.aymen.018292.0010/pilot.0000/rp_install/lib/python2.7/site-packages/radical/__init__.py (namespace package)
    
    warning: no files found matching '*' under directory 'radical'
    Installing /pylon5/mc3bggp/aymen/radical.pilot.sandbox/rp.session.js-17-21.jetstream-cloud.org.aymen.018292.0010/pilot.0000/rp_install/lib/python2.7/site-packages/radical.utils-0.70.0-py2.7-nspkg.pth
    changing mode of /pylon5/mc3bggp/aymen/radical.pilot.sandbox/rp.session.js-17-21.jetstream-cloud.org.aymen.018292.0010/pilot.0000/rp_install/bin/radical-utils-fix-headers.pl to 755
    changing mode of /pylon5/mc3bggp/aymen/radical.pilot.sandbox/rp.session.js-17-21.jetstream-cloud.org.aymen.018292.0010/pilot.0000/rp_install/bin/radical-utils-mongodb.py to 755
    changing mode of /pylon5/mc3bggp/aymen/radical.pilot.sandbox/rp.session.js-17-21.jetstream-cloud.org.aymen.018292.0010/pilot.0000/rp_install/bin/radical-utils-version to 755
    changing mode of /pylon5/mc3bggp/aymen/radical.pilot.sandbox/rp.session.js-17-21.jetstream-cloud.org.aymen.018292.0010/pilot.0000/rp_install/bin/radical-utils-pwatch to 755
    changing mode of /pylon5/mc3bggp/aymen/radical.pilot.sandbox/rp.session.js-17-21.jetstream-cloud.org.aymen.018292.0010/pilot.0000/rp_install/bin/radical-utils-pylint.sh to 755
    changing mode of /pylon5/mc3bggp/aymen/radical.pilot.sandbox/rp.session.js-17-21.jetstream-cloud.org.aymen.018292.0010/pilot.0000/rp_install/bin/radical-utils-gtod to 755
    changing mode of /pylon5/mc3bggp/aymen/radical.pilot.sandbox/rp.session.js-17-21.jetstream-cloud.org.aymen.018292.0010/pilot.0000/rp_install/bin/radical-stack to 755
Successfully installed radical.utils
Cleaning up...
#
# SUCCESS
#
# -------------------------------------------------------------------
purge install source at radical.utils-0.70.0/

# -------------------------------------------------------------------
#
# update radical.saga-0.70.0/ via pip
# cmd: /pylon5/mc3bggp/aymen/radical.pilot.sandbox/ve.xsede.bridges.0.70.0/bin/pip install  --src '/pylon5/mc3bggp/aymen/radical.pilot.sandbox/rp.session.js-17-21.jetstream-cloud.org.aymen.018292.0010/pilot.0000/rp_install/src' --build '/pylon5/mc3bggp/aymen/radical.pilot.sandbox/rp.session.js-17-21.jetstream-cloud.org.aymen.018292.0010/pilot.0000/rp_install/build' --install-option='--prefix=/pylon5/mc3bggp/aymen/radical.pilot.sandbox/rp.session.js-17-21.jetstream-cloud.org.aymen.018292.0010/pilot.0000/rp_install' --no-deps radical.saga-0.70.0/
#
Unpacking ./radical.saga-0.70.0
  Running setup.py egg_info for package from file:///pylon5/mc3bggp/aymen/radical.pilot.sandbox/rp.session.js-17-21.jetstream-cloud.org.aymen.018292.0010/pilot.0000/radical.saga-0.70.0
    
    warning: no files found matching '*.json'
    warning: no files found matching '*.json' under directory 'examples'
Installing collected packages: radical.saga
  Running setup.py install for radical.saga
    warning: no files found matching '*.json'
    warning: no files found matching '*.json' under directory 'examples'
    warning: sdist: standard file not found: should have one of README, README.txt
    
    making hard links in radical.saga-0.70.0...
    hard linking CHANGES.md -> radical.saga-0.70.0
    hard linking LICENSE.md -> radical.saga-0.70.0
    hard linking MANIFEST.in -> radical.saga-0.70.0
    hard linking README.md -> radical.saga-0.70.0
    hard linking VERSION -> radical.saga-0.70.0
    hard linking bench.py -> radical.saga-0.70.0
    hard linking daemonized.sh -> radical.saga-0.70.0
    hard linking daemonizer.sh -> radical.saga-0.70.0
    hard linking session_pickup.py -> radical.saga-0.70.0
    hard linking setup.cfg -> radical.saga-0.70.0
    hard linking setup.py -> radical.saga-0.70.0
    hard linking t_1.py -> radical.saga-0.70.0
    hard linking t_2.py -> radical.saga-0.70.0
    hard linking test.py -> radical.saga-0.70.0
    hard linking test_sh.py -> radical.saga-0.70.0
    hard linking bin/radical-saga-version -> radical.saga-0.70.0/bin
    hard linking examples/context/context_ssh.py -> radical.saga-0.70.0/examples/context
    hard linking examples/files/go_file_copy.py -> radical.saga-0.70.0/examples/files
    hard linking examples/files/go_remotedir_list.py -> radical.saga-0.70.0/examples/files
    hard linking examples/files/http_file_copy.py -> radical.saga-0.70.0/examples/files
    hard linking examples/files/sftp_file_copy.py -> radical.saga-0.70.0/examples/files
    hard linking examples/files/sftp_remotedir_list.py -> radical.saga-0.70.0/examples/files
    hard linking examples/files/srm_get_size.py -> radical.saga-0.70.0/examples/files
    hard linking examples/jobs/condorjob.py -> radical.saga-0.70.0/examples/jobs
    hard linking examples/jobs/loadlevelerjob.py -> radical.saga-0.70.0/examples/jobs
    hard linking examples/jobs/localjob.py -> radical.saga-0.70.0/examples/jobs
    hard linking examples/jobs/localjobcontainer.py -> radical.saga-0.70.0/examples/jobs
    hard linking examples/jobs/lsfjob.py -> radical.saga-0.70.0/examples/jobs
    hard linking examples/jobs/pbsgsisshjob.py -> radical.saga-0.70.0/examples/jobs
    hard linking examples/jobs/pbsjob.py -> radical.saga-0.70.0/examples/jobs
    hard linking examples/jobs/pbsprojob.py -> radical.saga-0.70.0/examples/jobs
    hard linking examples/jobs/sgejob.py -> radical.saga-0.70.0/examples/jobs
    hard linking examples/jobs/slurmjob.py -> radical.saga-0.70.0/examples/jobs
    hard linking examples/jobs/torque_gsissh_job.py -> radical.saga-0.70.0/examples/jobs
    hard linking examples/master_worker/master.py -> radical.saga-0.70.0/examples/master_worker
    hard linking examples/master_worker/worker.py -> radical.saga-0.70.0/examples/master_worker
    hard linking examples/misc/inherit_context.py -> radical.saga-0.70.0/examples/misc
    hard linking examples/replica/irods/irods_test.py -> radical.saga-0.70.0/examples/replica/irods
    hard linking examples/resource/amazon_ec2.py -> radical.saga-0.70.0/examples/resource
    hard linking examples/resource/ec2.py -> radical.saga-0.70.0/examples/resource
    hard linking examples/tutorial/saga_example_local.py -> radical.saga-0.70.0/examples/tutorial
    hard linking examples/tutorial/saga_example_remote.py -> radical.saga-0.70.0/examples/tutorial
    hard linking examples/tutorial/saga_example_remote_cluster_staging.py -> radical.saga-0.70.0/examples/tutorial
    hard linking examples/tutorial/saga_example_remote_staging.py -> radical.saga-0.70.0/examples/tutorial
    hard linking examples/tutorial/mandelbrot/mandelbrot.py -> radical.saga-0.70.0/examples/tutorial/mandelbrot
    hard linking examples/tutorial/mandelbrot/saga_mandelbrot.py -> radical.saga-0.70.0/examples/tutorial/mandelbrot
    hard linking examples/tutorial/mandelbrot/saga_mandelbrot_osg.py -> radical.saga-0.70.0/examples/tutorial/mandelbrot
    hard linking src/radical/__init__.py -> radical.saga-0.70.0/src/radical
    hard linking src/radical.saga.egg-info/PKG-INFO -> radical.saga-0.70.0/src/radical.saga.egg-info
    hard linking src/radical.saga.egg-info/SOURCES.txt -> radical.saga-0.70.0/src/radical.saga.egg-info
    hard linking src/radical.saga.egg-info/dependency_links.txt -> radical.saga-0.70.0/src/radical.saga.egg-info
    hard linking src/radical.saga.egg-info/namespace_packages.txt -> radical.saga-0.70.0/src/radical.saga.egg-info
    hard linking src/radical.saga.egg-info/not-zip-safe -> radical.saga-0.70.0/src/radical.saga.egg-info
    hard linking src/radical.saga.egg-info/requires.txt -> radical.saga-0.70.0/src/radical.saga.egg-info
    hard linking src/radical.saga.egg-info/top_level.txt -> radical.saga-0.70.0/src/radical.saga.egg-info
    hard linking src/radical/saga/__init__.py -> radical.saga-0.70.0/src/radical/saga
    hard linking src/radical/saga/async.py -> radical.saga-0.70.0/src/radical/saga
    hard linking src/radical/saga/attributes.py -> radical.saga-0.70.0/src/radical/saga
    hard linking src/radical/saga/base.py -> radical.saga-0.70.0/src/radical/saga
    hard linking src/radical/saga/constants.py -> radical.saga-0.70.0/src/radical/saga
    hard linking src/radical/saga/context.py -> radical.saga-0.70.0/src/radical/saga
    hard linking src/radical/saga/exceptions.py -> radical.saga-0.70.0/src/radical/saga
    hard linking src/radical/saga/monitorable.py -> radical.saga-0.70.0/src/radical/saga
    hard linking src/radical/saga/session.py -> radical.saga-0.70.0/src/radical/saga
    hard linking src/radical/saga/task.py -> radical.saga-0.70.0/src/radical/saga
    hard linking src/radical/saga/url.py -> radical.saga-0.70.0/src/radical/saga
    hard linking src/radical/saga/adaptors/__init__.py -> radical.saga-0.70.0/src/radical/saga/adaptors
    hard linking src/radical/saga/adaptors/base.py -> radical.saga-0.70.0/src/radical/saga/adaptors
    hard linking src/radical/saga/adaptors/aws/__init__.py -> radical.saga-0.70.0/src/radical/saga/adaptors/aws
    hard linking src/radical/saga/adaptors/aws/ec2_resource.py -> radical.saga-0.70.0/src/radical/saga/adaptors/aws
    hard linking src/radical/saga/adaptors/cobalt/__init__.py -> radical.saga-0.70.0/src/radical/saga/adaptors/cobalt
    hard linking src/radical/saga/adaptors/cobalt/cobaltjob.py -> radical.saga-0.70.0/src/radical/saga/adaptors/cobalt
    hard linking src/radical/saga/adaptors/condor/__init__.py -> radical.saga-0.70.0/src/radical/saga/adaptors/condor
    hard linking src/radical/saga/adaptors/condor/condorjob.py -> radical.saga-0.70.0/src/radical/saga/adaptors/condor
    hard linking src/radical/saga/adaptors/condor/transferdirectives.py -> radical.saga-0.70.0/src/radical/saga/adaptors/condor
    hard linking src/radical/saga/adaptors/context/__init__.py -> radical.saga-0.70.0/src/radical/saga/adaptors/context
    hard linking src/radical/saga/adaptors/context/myproxy.py -> radical.saga-0.70.0/src/radical/saga/adaptors/context
    hard linking src/radical/saga/adaptors/context/ssh.py -> radical.saga-0.70.0/src/radical/saga/adaptors/context
    hard linking src/radical/saga/adaptors/context/userpass.py -> radical.saga-0.70.0/src/radical/saga/adaptors/context
    hard linking src/radical/saga/adaptors/context/x509.py -> radical.saga-0.70.0/src/radical/saga/adaptors/context
    hard linking src/radical/saga/adaptors/cpi/__init__.py -> radical.saga-0.70.0/src/radical/saga/adaptors/cpi
    hard linking src/radical/saga/adaptors/cpi/async.py -> radical.saga-0.70.0/src/radical/saga/adaptors/cpi
    hard linking src/radical/saga/adaptors/cpi/attributes.py -> radical.saga-0.70.0/src/radical/saga/adaptors/cpi
    hard linking src/radical/saga/adaptors/cpi/base.py -> radical.saga-0.70.0/src/radical/saga/adaptors/cpi
    hard linking src/radical/saga/adaptors/cpi/context.py -> radical.saga-0.70.0/src/radical/saga/adaptors/cpi
    hard linking src/radical/saga/adaptors/cpi/decorators.py -> radical.saga-0.70.0/src/radical/saga/adaptors/cpi
    hard linking src/radical/saga/adaptors/cpi/advert/__init__.py -> radical.saga-0.70.0/src/radical/saga/adaptors/cpi/advert
    hard linking src/radical/saga/adaptors/cpi/advert/directory.py -> radical.saga-0.70.0/src/radical/saga/adaptors/cpi/advert
    hard linking src/radical/saga/adaptors/cpi/advert/entry.py -> radical.saga-0.70.0/src/radical/saga/adaptors/cpi/advert
    hard linking src/radical/saga/adaptors/cpi/filesystem/__init__.py -> radical.saga-0.70.0/src/radical/saga/adaptors/cpi/filesystem
    hard linking src/radical/saga/adaptors/cpi/filesystem/directory.py -> radical.saga-0.70.0/src/radical/saga/adaptors/cpi/filesystem
    hard linking src/radical/saga/adaptors/cpi/filesystem/file.py -> radical.saga-0.70.0/src/radical/saga/adaptors/cpi/filesystem
    hard linking src/radical/saga/adaptors/cpi/job/__init__.py -> radical.saga-0.70.0/src/radical/saga/adaptors/cpi/job
    hard linking src/radical/saga/adaptors/cpi/job/job.py -> radical.saga-0.70.0/src/radical/saga/adaptors/cpi/job
    hard linking src/radical/saga/adaptors/cpi/job/service.py -> radical.saga-0.70.0/src/radical/saga/adaptors/cpi/job
    hard linking src/radical/saga/adaptors/cpi/namespace/__init__.py -> radical.saga-0.70.0/src/radical/saga/adaptors/cpi/namespace
    hard linking src/radical/saga/adaptors/cpi/namespace/directory.py -> radical.saga-0.70.0/src/radical/saga/adaptors/cpi/namespace
    hard linking src/radical/saga/adaptors/cpi/namespace/entry.py -> radical.saga-0.70.0/src/radical/saga/adaptors/cpi/namespace
    hard linking src/radical/saga/adaptors/cpi/replica/__init__.py -> radical.saga-0.70.0/src/radical/saga/adaptors/cpi/replica
    hard linking src/radical/saga/adaptors/cpi/replica/logical_directory.py -> radical.saga-0.70.0/src/radical/saga/adaptors/cpi/replica
    hard linking src/radical/saga/adaptors/cpi/replica/logical_file.py -> radical.saga-0.70.0/src/radical/saga/adaptors/cpi/replica
    hard linking src/radical/saga/adaptors/cpi/resource/__init__.py -> radical.saga-0.70.0/src/radical/saga/adaptors/cpi/resource
    hard linking src/radical/saga/adaptors/cpi/resource/manager.py -> radical.saga-0.70.0/src/radical/saga/adaptors/cpi/resource
    hard linking src/radical/saga/adaptors/cpi/resource/resource.py -> radical.saga-0.70.0/src/radical/saga/adaptors/cpi/resource
    hard linking src/radical/saga/adaptors/globus_online/__init__.py -> radical.saga-0.70.0/src/radical/saga/adaptors/globus_online
    hard linking src/radical/saga/adaptors/globus_online/go_file.py -> radical.saga-0.70.0/src/radical/saga/adaptors/globus_online
    hard linking src/radical/saga/adaptors/http/__init__.py -> radical.saga-0.70.0/src/radical/saga/adaptors/http
    hard linking src/radical/saga/adaptors/http/http_file.py -> radical.saga-0.70.0/src/radical/saga/adaptors/http
    hard linking src/radical/saga/adaptors/irods/__init__.py -> radical.saga-0.70.0/src/radical/saga/adaptors/irods
    hard linking src/radical/saga/adaptors/irods/irods_replica.py -> radical.saga-0.70.0/src/radical/saga/adaptors/irods
    hard linking src/radical/saga/adaptors/loadl/__init__.py -> radical.saga-0.70.0/src/radical/saga/adaptors/loadl
    hard linking src/radical/saga/adaptors/loadl/loadljob.py -> radical.saga-0.70.0/src/radical/saga/adaptors/loadl
    hard linking src/radical/saga/adaptors/lsf/__init__.py -> radical.saga-0.70.0/src/radical/saga/adaptors/lsf
    hard linking src/radical/saga/adaptors/lsf/lsfjob.py -> radical.saga-0.70.0/src/radical/saga/adaptors/lsf
    hard linking src/radical/saga/adaptors/pbs/__init__.py -> radical.saga-0.70.0/src/radical/saga/adaptors/pbs
    hard linking src/radical/saga/adaptors/pbs/pbsjob.py -> radical.saga-0.70.0/src/radical/saga/adaptors/pbs
    hard linking src/radical/saga/adaptors/pbspro/__init__.py -> radical.saga-0.70.0/src/radical/saga/adaptors/pbspro
    hard linking src/radical/saga/adaptors/pbspro/pbsprojob.py -> radical.saga-0.70.0/src/radical/saga/adaptors/pbspro
    hard linking src/radical/saga/adaptors/redis/__init__.py -> radical.saga-0.70.0/src/radical/saga/adaptors/redis
    hard linking src/radical/saga/adaptors/redis/redis_1.py -> radical.saga-0.70.0/src/radical/saga/adaptors/redis
    hard linking src/radical/saga/adaptors/redis/redis_2.py -> radical.saga-0.70.0/src/radical/saga/adaptors/redis
    hard linking src/radical/saga/adaptors/redis/redis_advert.py -> radical.saga-0.70.0/src/radical/saga/adaptors/redis
    hard linking src/radical/saga/adaptors/redis/redis_cache.py -> radical.saga-0.70.0/src/radical/saga/adaptors/redis
    hard linking src/radical/saga/adaptors/redis/redis_namespace.py -> radical.saga-0.70.0/src/radical/saga/adaptors/redis
    hard linking src/radical/saga/adaptors/redis/redis_ordered_dict.py -> radical.saga-0.70.0/src/radical/saga/adaptors/redis
    hard linking src/radical/saga/adaptors/sge/__init__.py -> radical.saga-0.70.0/src/radical/saga/adaptors/sge
    hard linking src/radical/saga/adaptors/sge/sgejob.py -> radical.saga-0.70.0/src/radical/saga/adaptors/sge
    hard linking src/radical/saga/adaptors/shell/__init__.py -> radical.saga-0.70.0/src/radical/saga/adaptors/shell
    hard linking src/radical/saga/adaptors/shell/shell_file.py -> radical.saga-0.70.0/src/radical/saga/adaptors/shell
    hard linking src/radical/saga/adaptors/shell/shell_job.py -> radical.saga-0.70.0/src/radical/saga/adaptors/shell
    hard linking src/radical/saga/adaptors/shell/shell_resource.py -> radical.saga-0.70.0/src/radical/saga/adaptors/shell
    hard linking src/radical/saga/adaptors/shell/shell_wrapper.py -> radical.saga-0.70.0/src/radical/saga/adaptors/shell
    hard linking src/radical/saga/adaptors/shell/shell_wrapper.sh -> radical.saga-0.70.0/src/radical/saga/adaptors/shell
    hard linking src/radical/saga/adaptors/slurm/__init__.py -> radical.saga-0.70.0/src/radical/saga/adaptors/slurm
    hard linking src/radical/saga/adaptors/slurm/slurm_job.py -> radical.saga-0.70.0/src/radical/saga/adaptors/slurm
    hard linking src/radical/saga/adaptors/srm/__init__.py -> radical.saga-0.70.0/src/radical/saga/adaptors/srm
    hard linking src/radical/saga/adaptors/srm/srmfile.py -> radical.saga-0.70.0/src/radical/saga/adaptors/srm
    hard linking src/radical/saga/adaptors/torque/__init__.py -> radical.saga-0.70.0/src/radical/saga/adaptors/torque
    hard linking src/radical/saga/adaptors/torque/torquejob.py -> radical.saga-0.70.0/src/radical/saga/adaptors/torque
    hard linking src/radical/saga/advert/__init__.py -> radical.saga-0.70.0/src/radical/saga/advert
    hard linking src/radical/saga/advert/constants.py -> radical.saga-0.70.0/src/radical/saga/advert
    hard linking src/radical/saga/advert/directory.py -> radical.saga-0.70.0/src/radical/saga/advert
    hard linking src/radical/saga/advert/entry.py -> radical.saga-0.70.0/src/radical/saga/advert
    hard linking src/radical/saga/configs/__init__.py -> radical.saga-0.70.0/src/radical/saga/configs
    hard linking src/radical/saga/configs/engine.json -> radical.saga-0.70.0/src/radical/saga/configs
    hard linking src/radical/saga/configs/registry.json -> radical.saga-0.70.0/src/radical/saga/configs
    hard linking src/radical/saga/configs/utils.json -> radical.saga-0.70.0/src/radical/saga/configs
    hard linking src/radical/saga/configs/adaptors/__init__.py -> radical.saga-0.70.0/src/radical/saga/configs/adaptors
    hard linking src/radical/saga/configs/adaptors/cobaltjob.json -> radical.saga-0.70.0/src/radical/saga/configs/adaptors
    hard linking src/radical/saga/configs/adaptors/condorjob.json -> radical.saga-0.70.0/src/radical/saga/configs/adaptors
    hard linking src/radical/saga/configs/adaptors/go_file.json -> radical.saga-0.70.0/src/radical/saga/configs/adaptors
    hard linking src/radical/saga/configs/adaptors/loadljob.json -> radical.saga-0.70.0/src/radical/saga/configs/adaptors
    hard linking src/radical/saga/configs/adaptors/myproxy.json -> radical.saga-0.70.0/src/radical/saga/configs/adaptors
    hard linking src/radical/saga/configs/adaptors/sgejob.json -> radical.saga-0.70.0/src/radical/saga/configs/adaptors
    hard linking src/radical/saga/configs/adaptors/shell_job.json -> radical.saga-0.70.0/src/radical/saga/configs/adaptors
    hard linking src/radical/saga/configs/tests/__init__.py -> radical.saga-0.70.0/src/radical/saga/configs/tests
    hard linking src/radical/saga/configs/tests/test_advert_redis_local.json -> radical.saga-0.70.0/src/radical/saga/configs/tests
    hard linking src/radical/saga/configs/tests/test_advert_redis_repex1.json -> radical.saga-0.70.0/src/radical/saga/configs/tests
    hard linking src/radical/saga/configs/tests/test_condor_osg_engage.json -> radical.saga-0.70.0/src/radical/saga/configs/tests
    hard linking src/radical/saga/configs/tests/test_condor_ssh_osg.json -> radical.saga-0.70.0/src/radical/saga/configs/tests
    hard linking src/radical/saga/configs/tests/test_default.json -> radical.saga-0.70.0/src/radical/saga/configs/tests
    hard linking src/radical/saga/configs/tests/test_file_localhost.json -> radical.saga-0.70.0/src/radical/saga/configs/tests
    hard linking src/radical/saga/configs/tests/test_fork_localhost.json -> radical.saga-0.70.0/src/radical/saga/configs/tests
    hard linking src/radical/saga/configs/tests/test_gsisftp_kraken.json -> radical.saga-0.70.0/src/radical/saga/configs/tests
    hard linking src/radical/saga/configs/tests/test_gsissh_kraken.json -> radical.saga-0.70.0/src/radical/saga/configs/tests
    hard linking src/radical/saga/configs/tests/test_irods_replica.json -> radical.saga-0.70.0/src/radical/saga/configs/tests
    hard linking src/radical/saga/configs/tests/test_lsf_localhost_yellowstone.json -> radical.saga-0.70.0/src/radical/saga/configs/tests
    hard linking src/radical/saga/configs/tests/test_pbs_gsissh_kraken.json -> radical.saga-0.70.0/src/radical/saga/configs/tests
    hard linking src/radical/saga/configs/tests/test_pbs_gsissh_trestles.json -> radical.saga-0.70.0/src/radical/saga/configs/tests
    hard linking src/radical/saga/configs/tests/test_pbs_ssh_alamo.json -> radical.saga-0.70.0/src/radical/saga/configs/tests
    hard linking src/radical/saga/configs/tests/test_pbs_ssh_archer.json -> radical.saga-0.70.0/src/radical/saga/configs/tests
    hard linking src/radical/saga/configs/tests/test_pbs_ssh_hotel.json -> radical.saga-0.70.0/src/radical/saga/configs/tests
    hard linking src/radical/saga/configs/tests/test_pbs_ssh_india.json -> radical.saga-0.70.0/src/radical/saga/configs/tests
    hard linking src/radical/saga/configs/tests/test_pbs_ssh_sierra.json -> radical.saga-0.70.0/src/radical/saga/configs/tests
    hard linking src/radical/saga/configs/tests/test_pbs_ssh_trestles.json -> radical.saga-0.70.0/src/radical/saga/configs/tests
    hard linking src/radical/saga/configs/tests/test_sftp_india.json -> radical.saga-0.70.0/src/radical/saga/configs/tests
    hard linking src/radical/saga/configs/tests/test_sftp_stampede.json -> radical.saga-0.70.0/src/radical/saga/configs/tests
    hard linking src/radical/saga/configs/tests/test_sge_gsissh_lonestar.json -> radical.saga-0.70.0/src/radical/saga/configs/tests
    hard linking src/radical/saga/configs/tests/test_sge_ssh_lonestar.json -> radical.saga-0.70.0/src/radical/saga/configs/tests
    hard linking src/radical/saga/configs/tests/test_slurm_ssh_comet.json -> radical.saga-0.70.0/src/radical/saga/configs/tests
    hard linking src/radical/saga/configs/tests/test_slurm_ssh_stampede.json -> radical.saga-0.70.0/src/radical/saga/configs/tests
    hard linking src/radical/saga/configs/tests/test_ssh_boskop.json -> radical.saga-0.70.0/src/radical/saga/configs/tests
    hard linking src/radical/saga/configs/tests/test_ssh_gw86.json -> radical.saga-0.70.0/src/radical/saga/configs/tests
    hard linking src/radical/saga/configs/tests/test_ssh_india.json -> radical.saga-0.70.0/src/radical/saga/configs/tests
    hard linking src/radical/saga/configs/tests/test_ssh_localhost.json -> radical.saga-0.70.0/src/radical/saga/configs/tests
    hard linking src/radical/saga/configs/tests/test_ssh_silver.json -> radical.saga-0.70.0/src/radical/saga/configs/tests
    hard linking src/radical/saga/configs/tests/test_torque_gsissh_supermic.json -> radical.saga-0.70.0/src/radical/saga/configs/tests
    hard linking src/radical/saga/engine/__init__.py -> radical.saga-0.70.0/src/radical/saga/engine
    hard linking src/radical/saga/engine/engine.py -> radical.saga-0.70.0/src/radical/saga/engine
    hard linking src/radical/saga/filesystem/__init__.py -> radical.saga-0.70.0/src/radical/saga/filesystem
    hard linking src/radical/saga/filesystem/constants.py -> radical.saga-0.70.0/src/radical/saga/filesystem
    hard linking src/radical/saga/filesystem/directory.py -> radical.saga-0.70.0/src/radical/saga/filesystem
    hard linking src/radical/saga/filesystem/file.py -> radical.saga-0.70.0/src/radical/saga/filesystem
    hard linking src/radical/saga/job/__init__.py -> radical.saga-0.70.0/src/radical/saga/job
    hard linking src/radical/saga/job/constants.py -> radical.saga-0.70.0/src/radical/saga/job
    hard linking src/radical/saga/job/container.py -> radical.saga-0.70.0/src/radical/saga/job
    hard linking src/radical/saga/job/description.py -> radical.saga-0.70.0/src/radical/saga/job
    hard linking src/radical/saga/job/job.py -> radical.saga-0.70.0/src/radical/saga/job
    hard linking src/radical/saga/job/service.py -> radical.saga-0.70.0/src/radical/saga/job
    hard linking src/radical/saga/namespace/__init__.py -> radical.saga-0.70.0/src/radical/saga/namespace
    hard linking src/radical/saga/namespace/constants.py -> radical.saga-0.70.0/src/radical/saga/namespace
    hard linking src/radical/saga/namespace/directory.py -> radical.saga-0.70.0/src/radical/saga/namespace
    hard linking src/radical/saga/namespace/entry.py -> radical.saga-0.70.0/src/radical/saga/namespace
    hard linking src/radical/saga/replica/__init__.py -> radical.saga-0.70.0/src/radical/saga/replica
    hard linking src/radical/saga/replica/constants.py -> radical.saga-0.70.0/src/radical/saga/replica
    hard linking src/radical/saga/replica/logical_directory.py -> radical.saga-0.70.0/src/radical/saga/replica
    hard linking src/radical/saga/replica/logical_file.py -> radical.saga-0.70.0/src/radical/saga/replica
    hard linking src/radical/saga/resource/__init__.py -> radical.saga-0.70.0/src/radical/saga/resource
    hard linking src/radical/saga/resource/constants.py -> radical.saga-0.70.0/src/radical/saga/resource
    hard linking src/radical/saga/resource/description.py -> radical.saga-0.70.0/src/radical/saga/resource
    hard linking src/radical/saga/resource/manager.py -> radical.saga-0.70.0/src/radical/saga/resource
    hard linking src/radical/saga/resource/resource.py -> radical.saga-0.70.0/src/radical/saga/resource
    hard linking src/radical/saga/utils/__init__.py -> radical.saga-0.70.0/src/radical/saga/utils
    hard linking src/radical/saga/utils/misc.py -> radical.saga-0.70.0/src/radical/saga/utils
    hard linking src/radical/saga/utils/pty_exceptions.py -> radical.saga-0.70.0/src/radical/saga/utils
    hard linking src/radical/saga/utils/pty_process.py -> radical.saga-0.70.0/src/radical/saga/utils
    hard linking src/radical/saga/utils/pty_shell.py -> radical.saga-0.70.0/src/radical/saga/utils
    hard linking src/radical/saga/utils/pty_shell_factory.py -> radical.saga-0.70.0/src/radical/saga/utils
    hard linking src/radical/saga/utils/test_config.py -> radical.saga-0.70.0/src/radical/saga/utils
    hard linking src/radical/saga/utils/job/__init__.py -> radical.saga-0.70.0/src/radical/saga/utils/job
    hard linking src/radical/saga/utils/job/transfer_directives.py -> radical.saga-0.70.0/src/radical/saga/utils/job
    Writing radical.saga-0.70.0/setup.cfg
    Creating tar archive
    removing 'radical.saga-0.70.0' (and everything under it)
    changing mode of build/scripts-2.7/radical-saga-version from 644 to 755
    Skipping installation of /pylon5/mc3bggp/aymen/radical.pilot.sandbox/rp.session.js-17-21.jetstream-cloud.org.aymen.018292.0010/pilot.0000/rp_install/lib/python2.7/site-packages/radical/__init__.py (namespace package)
    
    warning: no files found matching '*.json'
    warning: no files found matching '*.json' under directory 'examples'
    Installing /pylon5/mc3bggp/aymen/radical.pilot.sandbox/rp.session.js-17-21.jetstream-cloud.org.aymen.018292.0010/pilot.0000/rp_install/lib/python2.7/site-packages/radical.saga-0.70.0-py2.7-nspkg.pth
    changing mode of /pylon5/mc3bggp/aymen/radical.pilot.sandbox/rp.session.js-17-21.jetstream-cloud.org.aymen.018292.0010/pilot.0000/rp_install/bin/radical-saga-version to 755
Successfully installed radical.saga
Cleaning up...
#
# SUCCESS
#
# -------------------------------------------------------------------
purge install source at radical.saga-0.70.0/

# -------------------------------------------------------------------
#
# update radical.pilot-0.70.0/ via pip
# cmd: /pylon5/mc3bggp/aymen/radical.pilot.sandbox/ve.xsede.bridges.0.70.0/bin/pip install  --src '/pylon5/mc3bggp/aymen/radical.pilot.sandbox/rp.session.js-17-21.jetstream-cloud.org.aymen.018292.0010/pilot.0000/rp_install/src' --build '/pylon5/mc3bggp/aymen/radical.pilot.sandbox/rp.session.js-17-21.jetstream-cloud.org.aymen.018292.0010/pilot.0000/rp_install/build' --install-option='--prefix=/pylon5/mc3bggp/aymen/radical.pilot.sandbox/rp.session.js-17-21.jetstream-cloud.org.aymen.018292.0010/pilot.0000/rp_install' --no-deps radical.pilot-0.70.0/
#
Unpacking ./radical.pilot-0.70.0
  Running setup.py egg_info for package from file:///pylon5/mc3bggp/aymen/radical.pilot.sandbox/rp.session.js-17-21.jetstream-cloud.org.aymen.018292.0010/pilot.0000/radical.pilot-0.70.0
    
    warning: no files found matching '*.json'
Installing collected packages: radical.pilot
  Running setup.py install for radical.pilot
    warning: no files found matching '*.json'
    warning: sdist: standard file not found: should have one of README, README.txt
    
    making hard links in radical.pilot-0.70.0...
    hard linking CHANGES.md -> radical.pilot-0.70.0
    hard linking LICENSE.md -> radical.pilot-0.70.0
    hard linking MANIFEST.in -> radical.pilot-0.70.0
    hard linking README.md -> radical.pilot-0.70.0
    hard linking VERSION -> radical.pilot-0.70.0
    hard linking add_btimes.sh -> radical.pilot-0.70.0
    hard linking driver.sh -> radical.pilot-0.70.0
    hard linking het.py -> radical.pilot-0.70.0
    hard linking issue_template.md -> radical.pilot-0.70.0
    hard linking pilot_final.sh -> radical.pilot-0.70.0
    hard linking setup.cfg -> radical.pilot-0.70.0
    hard linking setup.py -> radical.pilot-0.70.0
    hard linking t.py -> radical.pilot-0.70.0
    hard linking tags.py -> radical.pilot-0.70.0
    hard linking test.sh -> radical.pilot-0.70.0
    hard linking bin/radical-pilot-agent -> radical.pilot-0.70.0/bin
    hard linking bin/radical-pilot-agent-statepush -> radical.pilot-0.70.0/bin
    hard linking bin/radical-pilot-bson2json -> radical.pilot-0.70.0/bin
    hard linking bin/radical-pilot-cleanup -> radical.pilot-0.70.0/bin
    hard linking bin/radical-pilot-close-session -> radical.pilot-0.70.0/bin
    hard linking bin/radical-pilot-create-static-ve -> radical.pilot-0.70.0/bin
    hard linking bin/radical-pilot-deploy-ompi.sh -> radical.pilot-0.70.0/bin
    hard linking bin/radical-pilot-fetch-db -> radical.pilot-0.70.0/bin
    hard linking bin/radical-pilot-fetch-json -> radical.pilot-0.70.0/bin
    hard linking bin/radical-pilot-fetch-logfiles -> radical.pilot-0.70.0/bin
    hard linking bin/radical-pilot-fetch-profiles -> radical.pilot-0.70.0/bin
    hard linking bin/radical-pilot-inspect -> radical.pilot-0.70.0/bin
    hard linking bin/radical-pilot-run-session -> radical.pilot-0.70.0/bin
    hard linking bin/radical-pilot-stats -> radical.pilot-0.70.0/bin
    hard linking bin/radical-pilot-stats.plot -> radical.pilot-0.70.0/bin
    hard linking bin/radical-pilot-version -> radical.pilot-0.70.0/bin
    hard linking docs/architecture/bootstrapping.md -> radical.pilot-0.70.0/docs/architecture
    hard linking docs/architecture/configuration.md -> radical.pilot-0.70.0/docs/architecture
    hard linking docs/architecture/protocols.md -> radical.pilot-0.70.0/docs/architecture
    hard linking docs/architecture/zmq/README.md -> radical.pilot-0.70.0/docs/architecture/zmq
    hard linking docs/architecture/zmq/protocols.md -> radical.pilot-0.70.0/docs/architecture/zmq
    hard linking docs/source/events.md -> radical.pilot-0.70.0/docs/source
    hard linking examples/00_getting_started.py -> radical.pilot-0.70.0/examples
    hard linking examples/01_unit_details.py -> radical.pilot-0.70.0/examples
    hard linking examples/02_failing_units.py -> radical.pilot-0.70.0/examples
    hard linking examples/03_multiple_pilots.py -> radical.pilot-0.70.0/examples
    hard linking examples/04_scheduler_selection.py -> radical.pilot-0.70.0/examples
    hard linking examples/05_unit_input_data.py -> radical.pilot-0.70.0/examples
    hard linking examples/06_unit_output_data.py -> radical.pilot-0.70.0/examples
    hard linking examples/07_shared_unit_data.py -> radical.pilot-0.70.0/examples
    hard linking examples/08_unit_environment.py -> radical.pilot-0.70.0/examples
    hard linking examples/09_mpi_units.py -> radical.pilot-0.70.0/examples
    hard linking examples/10_pre_and_post_exec.py -> radical.pilot-0.70.0/examples
    hard linking examples/11_unit_input_data_tar.py -> radical.pilot-0.70.0/examples
    hard linking examples/11_unit_input_folder.py -> radical.pilot-0.70.0/examples
    hard linking examples/config.json -> radical.pilot-0.70.0/examples
    hard linking examples/error_handling.py -> radical.pilot-0.70.0/examples
    hard linking examples/getting_started_osg.py -> radical.pilot-0.70.0/examples
    hard linking examples/getting_started_osg_2.py -> radical.pilot-0.70.0/examples
    hard linking examples/helloworld_mpi.py -> radical.pilot-0.70.0/examples
    hard linking examples/helloworld_threads.py -> radical.pilot-0.70.0/examples
    hard linking examples/make_folders.py -> radical.pilot-0.70.0/examples
    hard linking examples/probing.py -> radical.pilot-0.70.0/examples
    hard linking examples/rp_analytics.py -> radical.pilot-0.70.0/examples
    hard linking examples/archive/12_partitions.py -> radical.pilot-0.70.0/examples/archive
    hard linking examples/cecam_example_SAL/postexec.py -> radical.pilot-0.70.0/examples/cecam_example_SAL
    hard linking examples/cecam_example_SAL/simulation_analysis_md_example.py -> radical.pilot-0.70.0/examples/cecam_example_SAL
    hard linking examples/data_staging/io_staging_dict.py -> radical.pilot-0.70.0/examples/data_staging
    hard linking examples/data_staging/io_staging_pipeline.py -> radical.pilot-0.70.0/examples/data_staging
    hard linking examples/data_staging/io_staging_shared.py -> radical.pilot-0.70.0/examples/data_staging
    hard linking examples/data_staging/io_staging_simple.py -> radical.pilot-0.70.0/examples/data_staging
    hard linking examples/docs/chained_tasks.py -> radical.pilot-0.70.0/examples/docs
    hard linking examples/docs/coupled_tasks.py -> radical.pilot-0.70.0/examples/docs
    hard linking examples/docs/kmeans_openmp.py -> radical.pilot-0.70.0/examples/docs
    hard linking examples/docs/kmeans_seq.py -> radical.pilot-0.70.0/examples/docs
    hard linking examples/docs/mpi_tasks.py -> radical.pilot-0.70.0/examples/docs
    hard linking examples/docs/simple_bot.py -> radical.pilot-0.70.0/examples/docs
    hard linking examples/docs/simple_bot_mult_res.py -> radical.pilot-0.70.0/examples/docs
    hard linking examples/kmeans/clustering_the_elements.py -> radical.pilot-0.70.0/examples/kmeans
    hard linking examples/kmeans/creating_dataset.py -> radical.pilot-0.70.0/examples/kmeans
    hard linking examples/kmeans/finding_the_new_centroids.py -> radical.pilot-0.70.0/examples/kmeans
    hard linking examples/kmeans/k-means.py -> radical.pilot-0.70.0/examples/kmeans
    hard linking examples/mandelbrot/mandel_lines.py -> radical.pilot-0.70.0/examples/mandelbrot
    hard linking examples/mandelbrot/mandelbrot_pilot_cores.py -> radical.pilot-0.70.0/examples/mandelbrot
    hard linking examples/misc/backfilling.py -> radical.pilot-0.70.0/examples/misc
    hard linking examples/misc/backfilling_recovery.py -> radical.pilot-0.70.0/examples/misc
    hard linking examples/misc/benchmark_driver.py -> radical.pilot-0.70.0/examples/misc
    hard linking examples/misc/dynamic_ec2_pilot.py -> radical.pilot-0.70.0/examples/misc
    hard linking examples/misc/gpu_pilot.py -> radical.pilot-0.70.0/examples/misc
    hard linking examples/misc/hello_synapse.py -> radical.pilot-0.70.0/examples/misc
    hard linking examples/misc/ordered_pipelines.py -> radical.pilot-0.70.0/examples/misc
    hard linking examples/misc/profile_analysis.py -> radical.pilot-0.70.0/examples/misc
    hard linking examples/misc/rp_app_comm.py -> radical.pilot-0.70.0/examples/misc
    hard linking examples/misc/rp_app_master.py -> radical.pilot-0.70.0/examples/misc
    hard linking examples/misc/rp_app_worker.py -> radical.pilot-0.70.0/examples/misc
    hard linking examples/misc/running_mpi_executables.py -> radical.pilot-0.70.0/examples/misc
    hard linking examples/misc/wl_shape_02.py -> radical.pilot-0.70.0/examples/misc
    hard linking src/radical/__init__.py -> radical.pilot-0.70.0/src/radical
    hard linking src/radical.pilot.egg-info/PKG-INFO -> radical.pilot-0.70.0/src/radical.pilot.egg-info
    hard linking src/radical.pilot.egg-info/SOURCES.txt -> radical.pilot-0.70.0/src/radical.pilot.egg-info
    hard linking src/radical.pilot.egg-info/dependency_links.txt -> radical.pilot-0.70.0/src/radical.pilot.egg-info
    hard linking src/radical.pilot.egg-info/namespace_packages.txt -> radical.pilot-0.70.0/src/radical.pilot.egg-info
    hard linking src/radical.pilot.egg-info/not-zip-safe -> radical.pilot-0.70.0/src/radical.pilot.egg-info
    hard linking src/radical.pilot.egg-info/requires.txt -> radical.pilot-0.70.0/src/radical.pilot.egg-info
    hard linking src/radical.pilot.egg-info/top_level.txt -> radical.pilot-0.70.0/src/radical.pilot.egg-info
    hard linking src/radical/pilot/__init__.py -> radical.pilot-0.70.0/src/radical/pilot
    hard linking src/radical/pilot/compute_pilot.py -> radical.pilot-0.70.0/src/radical/pilot
    hard linking src/radical/pilot/compute_pilot_description.py -> radical.pilot-0.70.0/src/radical/pilot
    hard linking src/radical/pilot/compute_unit.py -> radical.pilot-0.70.0/src/radical/pilot
    hard linking src/radical/pilot/compute_unit_description.py -> radical.pilot-0.70.0/src/radical/pilot
    hard linking src/radical/pilot/constants.py -> radical.pilot-0.70.0/src/radical/pilot
    hard linking src/radical/pilot/context.py -> radical.pilot-0.70.0/src/radical/pilot
    hard linking src/radical/pilot/exceptions.py -> radical.pilot-0.70.0/src/radical/pilot
    hard linking src/radical/pilot/pilot_manager.py -> radical.pilot-0.70.0/src/radical/pilot
    hard linking src/radical/pilot/resource_config.py -> radical.pilot-0.70.0/src/radical/pilot
    hard linking src/radical/pilot/session.py -> radical.pilot-0.70.0/src/radical/pilot
    hard linking src/radical/pilot/staging_directives.py -> radical.pilot-0.70.0/src/radical/pilot
    hard linking src/radical/pilot/states.py -> radical.pilot-0.70.0/src/radical/pilot
    hard linking src/radical/pilot/unit_manager.py -> radical.pilot-0.70.0/src/radical/pilot
    hard linking src/radical/pilot/agent/__init__.py -> radical.pilot-0.70.0/src/radical/pilot/agent
    hard linking src/radical/pilot/agent/agent_0.py -> radical.pilot-0.70.0/src/radical/pilot/agent
    hard linking src/radical/pilot/agent/agent_n.py -> radical.pilot-0.70.0/src/radical/pilot/agent
    hard linking src/radical/pilot/agent/bootstrap_0.sh -> radical.pilot-0.70.0/src/radical/pilot/agent
    hard linking src/radical/pilot/agent/executing/__init__.py -> radical.pilot-0.70.0/src/radical/pilot/agent/executing
    hard linking src/radical/pilot/agent/executing/abds.py -> radical.pilot-0.70.0/src/radical/pilot/agent/executing
    hard linking src/radical/pilot/agent/executing/base.py -> radical.pilot-0.70.0/src/radical/pilot/agent/executing
    hard linking src/radical/pilot/agent/executing/orte.py -> radical.pilot-0.70.0/src/radical/pilot/agent/executing
    hard linking src/radical/pilot/agent/executing/popen.py -> radical.pilot-0.70.0/src/radical/pilot/agent/executing
    hard linking src/radical/pilot/agent/executing/shell.py -> radical.pilot-0.70.0/src/radical/pilot/agent/executing
    hard linking src/radical/pilot/agent/executing/shell_fs.py -> radical.pilot-0.70.0/src/radical/pilot/agent/executing
    hard linking src/radical/pilot/agent/executing/shell_spawner.sh -> radical.pilot-0.70.0/src/radical/pilot/agent/executing
    hard linking src/radical/pilot/agent/executing/shell_spawner_fs.sh -> radical.pilot-0.70.0/src/radical/pilot/agent/executing
    hard linking src/radical/pilot/agent/lm/__init__.py -> radical.pilot-0.70.0/src/radical/pilot/agent/lm
    hard linking src/radical/pilot/agent/lm/aprun.py -> radical.pilot-0.70.0/src/radical/pilot/agent/lm
    hard linking src/radical/pilot/agent/lm/base.py -> radical.pilot-0.70.0/src/radical/pilot/agent/lm
    hard linking src/radical/pilot/agent/lm/ccmrun.py -> radical.pilot-0.70.0/src/radical/pilot/agent/lm
    hard linking src/radical/pilot/agent/lm/fork.py -> radical.pilot-0.70.0/src/radical/pilot/agent/lm
    hard linking src/radical/pilot/agent/lm/ibrun.py -> radical.pilot-0.70.0/src/radical/pilot/agent/lm
    hard linking src/radical/pilot/agent/lm/jsrun.py -> radical.pilot-0.70.0/src/radical/pilot/agent/lm
    hard linking src/radical/pilot/agent/lm/mpiexec.py -> radical.pilot-0.70.0/src/radical/pilot/agent/lm
    hard linking src/radical/pilot/agent/lm/mpirun.py -> radical.pilot-0.70.0/src/radical/pilot/agent/lm
    hard linking src/radical/pilot/agent/lm/orte.py -> radical.pilot-0.70.0/src/radical/pilot/agent/lm
    hard linking src/radical/pilot/agent/lm/orte_lib.py -> radical.pilot-0.70.0/src/radical/pilot/agent/lm
    hard linking src/radical/pilot/agent/lm/prte.py -> radical.pilot-0.70.0/src/radical/pilot/agent/lm
    hard linking src/radical/pilot/agent/lm/rsh.py -> radical.pilot-0.70.0/src/radical/pilot/agent/lm
    hard linking src/radical/pilot/agent/lm/spark.py -> radical.pilot-0.70.0/src/radical/pilot/agent/lm
    hard linking src/radical/pilot/agent/lm/srun.py -> radical.pilot-0.70.0/src/radical/pilot/agent/lm
    hard linking src/radical/pilot/agent/lm/ssh.py -> radical.pilot-0.70.0/src/radical/pilot/agent/lm
    hard linking src/radical/pilot/agent/lm/yarn.py -> radical.pilot-0.70.0/src/radical/pilot/agent/lm
    hard linking src/radical/pilot/agent/rm/__init__.py -> radical.pilot-0.70.0/src/radical/pilot/agent/rm
    hard linking src/radical/pilot/agent/rm/base.py -> radical.pilot-0.70.0/src/radical/pilot/agent/rm
    hard linking src/radical/pilot/agent/rm/ccm.py -> radical.pilot-0.70.0/src/radical/pilot/agent/rm
    hard linking src/radical/pilot/agent/rm/debug.py -> radical.pilot-0.70.0/src/radical/pilot/agent/rm
    hard linking src/radical/pilot/agent/rm/fork.py -> radical.pilot-0.70.0/src/radical/pilot/agent/rm
    hard linking src/radical/pilot/agent/rm/loadleveler.py -> radical.pilot-0.70.0/src/radical/pilot/agent/rm
    hard linking src/radical/pilot/agent/rm/lsf.py -> radical.pilot-0.70.0/src/radical/pilot/agent/rm
    hard linking src/radical/pilot/agent/rm/lsf_summit.py -> radical.pilot-0.70.0/src/radical/pilot/agent/rm
    hard linking src/radical/pilot/agent/rm/pbspro.py -> radical.pilot-0.70.0/src/radical/pilot/agent/rm
    hard linking src/radical/pilot/agent/rm/sge.py -> radical.pilot-0.70.0/src/radical/pilot/agent/rm
    hard linking src/radical/pilot/agent/rm/slurm.py -> radical.pilot-0.70.0/src/radical/pilot/agent/rm
    hard linking src/radical/pilot/agent/rm/spark.py -> radical.pilot-0.70.0/src/radical/pilot/agent/rm
    hard linking src/radical/pilot/agent/rm/torque.py -> radical.pilot-0.70.0/src/radical/pilot/agent/rm
    hard linking src/radical/pilot/agent/rm/yarn.py -> radical.pilot-0.70.0/src/radical/pilot/agent/rm
    hard linking src/radical/pilot/agent/scheduler/__init__.py -> radical.pilot-0.70.0/src/radical/pilot/agent/scheduler
    hard linking src/radical/pilot/agent/scheduler/base.py -> radical.pilot-0.70.0/src/radical/pilot/agent/scheduler
    hard linking src/radical/pilot/agent/scheduler/continuous.py -> radical.pilot-0.70.0/src/radical/pilot/agent/scheduler
    hard linking src/radical/pilot/agent/scheduler/continuous_ordered.py -> radical.pilot-0.70.0/src/radical/pilot/agent/scheduler
    hard linking src/radical/pilot/agent/scheduler/hombre.py -> radical.pilot-0.70.0/src/radical/pilot/agent/scheduler
    hard linking src/radical/pilot/agent/scheduler/noop.py -> radical.pilot-0.70.0/src/radical/pilot/agent/scheduler
    hard linking src/radical/pilot/agent/scheduler/spark.py -> radical.pilot-0.70.0/src/radical/pilot/agent/scheduler
    hard linking src/radical/pilot/agent/scheduler/torus.py -> radical.pilot-0.70.0/src/radical/pilot/agent/scheduler
    hard linking src/radical/pilot/agent/scheduler/yarn.py -> radical.pilot-0.70.0/src/radical/pilot/agent/scheduler
    hard linking src/radical/pilot/agent/staging_input/__init__.py -> radical.pilot-0.70.0/src/radical/pilot/agent/staging_input
    hard linking src/radical/pilot/agent/staging_input/base.py -> radical.pilot-0.70.0/src/radical/pilot/agent/staging_input
    hard linking src/radical/pilot/agent/staging_input/default.py -> radical.pilot-0.70.0/src/radical/pilot/agent/staging_input
    hard linking src/radical/pilot/agent/staging_output/__init__.py -> radical.pilot-0.70.0/src/radical/pilot/agent/staging_output
    hard linking src/radical/pilot/agent/staging_output/base.py -> radical.pilot-0.70.0/src/radical/pilot/agent/staging_output
    hard linking src/radical/pilot/agent/staging_output/default.py -> radical.pilot-0.70.0/src/radical/pilot/agent/staging_output
    hard linking src/radical/pilot/configs/__init__.py -> radical.pilot-0.70.0/src/radical/pilot/configs
    hard linking src/radical/pilot/configs/agent_cray.json -> radical.pilot-0.70.0/src/radical/pilot/configs
    hard linking src/radical/pilot/configs/agent_cray_aprun.json -> radical.pilot-0.70.0/src/radical/pilot/configs
    hard linking src/radical/pilot/configs/agent_default.json -> radical.pilot-0.70.0/src/radical/pilot/configs
    hard linking src/radical/pilot/configs/agent_osg.json -> radical.pilot-0.70.0/src/radical/pilot/configs
    hard linking src/radical/pilot/configs/agent_rhea.json -> radical.pilot-0.70.0/src/radical/pilot/configs
    hard linking src/radical/pilot/configs/agent_summit.json -> radical.pilot-0.70.0/src/radical/pilot/configs
    hard linking src/radical/pilot/configs/agent_summit_sa.json -> radical.pilot-0.70.0/src/radical/pilot/configs
    hard linking src/radical/pilot/configs/pmgr_default.json -> radical.pilot-0.70.0/src/radical/pilot/configs
    hard linking src/radical/pilot/configs/resource_aliases.json -> radical.pilot-0.70.0/src/radical/pilot/configs
    hard linking src/radical/pilot/configs/resource_chameleon.json -> radical.pilot-0.70.0/src/radical/pilot/configs
    hard linking src/radical/pilot/configs/resource_das4.json -> radical.pilot-0.70.0/src/radical/pilot/configs
    hard linking src/radical/pilot/configs/resource_das5.json -> radical.pilot-0.70.0/src/radical/pilot/configs
    hard linking src/radical/pilot/configs/resource_debug.json -> radical.pilot-0.70.0/src/radical/pilot/configs
    hard linking src/radical/pilot/configs/resource_epsrc.json -> radical.pilot-0.70.0/src/radical/pilot/configs
    hard linking src/radical/pilot/configs/resource_fub.json -> radical.pilot-0.70.0/src/radical/pilot/configs
    hard linking src/radical/pilot/configs/resource_futuregrid.json -> radical.pilot-0.70.0/src/radical/pilot/configs
    hard linking src/radical/pilot/configs/resource_iu.json -> radical.pilot-0.70.0/src/radical/pilot/configs
    hard linking src/radical/pilot/configs/resource_local.json -> radical.pilot-0.70.0/src/radical/pilot/configs
    hard linking src/radical/pilot/configs/resource_lrz.json -> radical.pilot-0.70.0/src/radical/pilot/configs
    hard linking src/radical/pilot/configs/resource_lumc.json -> radical.pilot-0.70.0/src/radical/pilot/configs
    hard linking src/radical/pilot/configs/resource_ncar.json -> radical.pilot-0.70.0/src/radical/pilot/configs
    hard linking src/radical/pilot/configs/resource_ncsa.json -> radical.pilot-0.70.0/src/radical/pilot/configs
    hard linking src/radical/pilot/configs/resource_nersc.json -> radical.pilot-0.70.0/src/radical/pilot/configs
    hard linking src/radical/pilot/configs/resource_ornl.json -> radical.pilot-0.70.0/src/radical/pilot/configs
    hard linking src/radical/pilot/configs/resource_osg.json -> radical.pilot-0.70.0/src/radical/pilot/configs
    hard linking src/radical/pilot/configs/resource_princeton.json -> radical.pilot-0.70.0/src/radical/pilot/configs
    hard linking src/radical/pilot/configs/resource_radical.json -> radical.pilot-0.70.0/src/radical/pilot/configs
    hard linking src/radical/pilot/configs/resource_rice.json -> radical.pilot-0.70.0/src/radical/pilot/configs
    hard linking src/radical/pilot/configs/resource_stfc.json -> radical.pilot-0.70.0/src/radical/pilot/configs
    hard linking src/radical/pilot/configs/resource_vtarc_dt.json -> radical.pilot-0.70.0/src/radical/pilot/configs
    hard linking src/radical/pilot/configs/resource_xsede.json -> radical.pilot-0.70.0/src/radical/pilot/configs
    hard linking src/radical/pilot/configs/resource_yale.json -> radical.pilot-0.70.0/src/radical/pilot/configs
    hard linking src/radical/pilot/configs/session_default.json -> radical.pilot-0.70.0/src/radical/pilot/configs
    hard linking src/radical/pilot/configs/umgr_default.json -> radical.pilot-0.70.0/src/radical/pilot/configs
    hard linking src/radical/pilot/db/__init__.py -> radical.pilot-0.70.0/src/radical/pilot/db
    hard linking src/radical/pilot/db/database.py -> radical.pilot-0.70.0/src/radical/pilot/db
    hard linking src/radical/pilot/pmgr/__init__.py -> radical.pilot-0.70.0/src/radical/pilot/pmgr
    hard linking src/radical/pilot/pmgr/launching/__init__.py -> radical.pilot-0.70.0/src/radical/pilot/pmgr/launching
    hard linking src/radical/pilot/pmgr/launching/base.py -> radical.pilot-0.70.0/src/radical/pilot/pmgr/launching
    hard linking src/radical/pilot/pmgr/launching/default.py -> radical.pilot-0.70.0/src/radical/pilot/pmgr/launching
    hard linking src/radical/pilot/umgr/__init__.py -> radical.pilot-0.70.0/src/radical/pilot/umgr
    hard linking src/radical/pilot/umgr/scheduler/__init__.py -> radical.pilot-0.70.0/src/radical/pilot/umgr/scheduler
    hard linking src/radical/pilot/umgr/scheduler/backfilling.py -> radical.pilot-0.70.0/src/radical/pilot/umgr/scheduler
    hard linking src/radical/pilot/umgr/scheduler/base.py -> radical.pilot-0.70.0/src/radical/pilot/umgr/scheduler
    hard linking src/radical/pilot/umgr/scheduler/round_robin.py -> radical.pilot-0.70.0/src/radical/pilot/umgr/scheduler
    hard linking src/radical/pilot/umgr/staging_input/__init__.py -> radical.pilot-0.70.0/src/radical/pilot/umgr/staging_input
    hard linking src/radical/pilot/umgr/staging_input/base.py -> radical.pilot-0.70.0/src/radical/pilot/umgr/staging_input
    hard linking src/radical/pilot/umgr/staging_input/default.py -> radical.pilot-0.70.0/src/radical/pilot/umgr/staging_input
    hard linking src/radical/pilot/umgr/staging_output/__init__.py -> radical.pilot-0.70.0/src/radical/pilot/umgr/staging_output
    hard linking src/radical/pilot/umgr/staging_output/base.py -> radical.pilot-0.70.0/src/radical/pilot/umgr/staging_output
    hard linking src/radical/pilot/umgr/staging_output/default.py -> radical.pilot-0.70.0/src/radical/pilot/umgr/staging_output
    hard linking src/radical/pilot/utils/__init__.py -> radical.pilot-0.70.0/src/radical/pilot/utils
    hard linking src/radical/pilot/utils/component.py -> radical.pilot-0.70.0/src/radical/pilot/utils
    hard linking src/radical/pilot/utils/db_connection_info.py -> radical.pilot-0.70.0/src/radical/pilot/utils
    hard linking src/radical/pilot/utils/db_utils.py -> radical.pilot-0.70.0/src/radical/pilot/utils
    hard linking src/radical/pilot/utils/misc.py -> radical.pilot-0.70.0/src/radical/pilot/utils
    hard linking src/radical/pilot/utils/prof_utils.py -> radical.pilot-0.70.0/src/radical/pilot/utils
    hard linking src/radical/pilot/utils/pubsub.py -> radical.pilot-0.70.0/src/radical/pilot/utils
    hard linking src/radical/pilot/utils/queue.py -> radical.pilot-0.70.0/src/radical/pilot/utils
    hard linking src/radical/pilot/utils/session.py -> radical.pilot-0.70.0/src/radical/pilot/utils
    hard linking src/radical/pilot/utils/slot_utils.py -> radical.pilot-0.70.0/src/radical/pilot/utils
    hard linking src/radical/pilot/worker/__init__.py -> radical.pilot-0.70.0/src/radical/pilot/worker
    hard linking src/radical/pilot/worker/update.py -> radical.pilot-0.70.0/src/radical/pilot/worker
    Writing radical.pilot-0.70.0/setup.cfg
    Creating tar archive
    removing 'radical.pilot-0.70.0' (and everything under it)
    changing mode of build/scripts-2.7/radical-pilot-bson2json from 644 to 755
    changing mode of build/scripts-2.7/radical-pilot-cleanup from 644 to 755
    changing mode of build/scripts-2.7/radical-pilot-close-session from 644 to 755
    changing mode of build/scripts-2.7/radical-pilot-fetch-db from 644 to 755
    changing mode of build/scripts-2.7/radical-pilot-fetch-logfiles from 644 to 755
    changing mode of build/scripts-2.7/radical-pilot-fetch-profiles from 644 to 755
    changing mode of build/scripts-2.7/radical-pilot-fetch-json from 644 to 755
    changing mode of build/scripts-2.7/radical-pilot-inspect from 644 to 755
    changing mode of build/scripts-2.7/radical-pilot-run-session from 644 to 755
    changing mode of build/scripts-2.7/radical-pilot-stats from 644 to 755
    changing mode of build/scripts-2.7/radical-pilot-stats.plot from 644 to 755
    changing mode of build/scripts-2.7/radical-pilot-version from 644 to 755
    changing mode of build/scripts-2.7/radical-pilot-agent from 644 to 755
    changing mode of build/scripts-2.7/radical-pilot-agent-statepush from 644 to 755
    Skipping installation of /pylon5/mc3bggp/aymen/radical.pilot.sandbox/rp.session.js-17-21.jetstream-cloud.org.aymen.018292.0010/pilot.0000/rp_install/lib/python2.7/site-packages/radical/__init__.py (namespace package)
    
    warning: no files found matching '*.json'
    Installing /pylon5/mc3bggp/aymen/radical.pilot.sandbox/rp.session.js-17-21.jetstream-cloud.org.aymen.018292.0010/pilot.0000/rp_install/lib/python2.7/site-packages/radical.pilot-0.70.0-py2.7-nspkg.pth
    changing mode of /pylon5/mc3bggp/aymen/radical.pilot.sandbox/rp.session.js-17-21.jetstream-cloud.org.aymen.018292.0010/pilot.0000/rp_install/bin/radical-pilot-bson2json to 755
    changing mode of /pylon5/mc3bggp/aymen/radical.pilot.sandbox/rp.session.js-17-21.jetstream-cloud.org.aymen.018292.0010/pilot.0000/rp_install/bin/radical-pilot-cleanup to 755
    changing mode of /pylon5/mc3bggp/aymen/radical.pilot.sandbox/rp.session.js-17-21.jetstream-cloud.org.aymen.018292.0010/pilot.0000/rp_install/bin/radical-pilot-close-session to 755
    changing mode of /pylon5/mc3bggp/aymen/radical.pilot.sandbox/rp.session.js-17-21.jetstream-cloud.org.aymen.018292.0010/pilot.0000/rp_install/bin/radical-pilot-create-static-ve to 755
    changing mode of /pylon5/mc3bggp/aymen/radical.pilot.sandbox/rp.session.js-17-21.jetstream-cloud.org.aymen.018292.0010/pilot.0000/rp_install/bin/radical-pilot-deploy-ompi.sh to 755
    changing mode of /pylon5/mc3bggp/aymen/radical.pilot.sandbox/rp.session.js-17-21.jetstream-cloud.org.aymen.018292.0010/pilot.0000/rp_install/bin/radical-pilot-fetch-db to 755
    changing mode of /pylon5/mc3bggp/aymen/radical.pilot.sandbox/rp.session.js-17-21.jetstream-cloud.org.aymen.018292.0010/pilot.0000/rp_install/bin/radical-pilot-fetch-logfiles to 755
    changing mode of /pylon5/mc3bggp/aymen/radical.pilot.sandbox/rp.session.js-17-21.jetstream-cloud.org.aymen.018292.0010/pilot.0000/rp_install/bin/radical-pilot-fetch-profiles to 755
    changing mode of /pylon5/mc3bggp/aymen/radical.pilot.sandbox/rp.session.js-17-21.jetstream-cloud.org.aymen.018292.0010/pilot.0000/rp_install/bin/radical-pilot-fetch-json to 755
    changing mode of /pylon5/mc3bggp/aymen/radical.pilot.sandbox/rp.session.js-17-21.jetstream-cloud.org.aymen.018292.0010/pilot.0000/rp_install/bin/radical-pilot-inspect to 755
    changing mode of /pylon5/mc3bggp/aymen/radical.pilot.sandbox/rp.session.js-17-21.jetstream-cloud.org.aymen.018292.0010/pilot.0000/rp_install/bin/radical-pilot-run-session to 755
    changing mode of /pylon5/mc3bggp/aymen/radical.pilot.sandbox/rp.session.js-17-21.jetstream-cloud.org.aymen.018292.0010/pilot.0000/rp_install/bin/radical-pilot-stats to 755
    changing mode of /pylon5/mc3bggp/aymen/radical.pilot.sandbox/rp.session.js-17-21.jetstream-cloud.org.aymen.018292.0010/pilot.0000/rp_install/bin/radical-pilot-stats.plot to 755
    changing mode of /pylon5/mc3bggp/aymen/radical.pilot.sandbox/rp.session.js-17-21.jetstream-cloud.org.aymen.018292.0010/pilot.0000/rp_install/bin/radical-pilot-version to 755
    changing mode of /pylon5/mc3bggp/aymen/radical.pilot.sandbox/rp.session.js-17-21.jetstream-cloud.org.aymen.018292.0010/pilot.0000/rp_install/bin/radical-pilot-agent to 755
    changing mode of /pylon5/mc3bggp/aymen/radical.pilot.sandbox/rp.session.js-17-21.jetstream-cloud.org.aymen.018292.0010/pilot.0000/rp_install/bin/radical-pilot-agent-statepush to 755
Successfully installed radical.pilot
Cleaning up...
#
# SUCCESS
#
# -------------------------------------------------------------------
purge install source at radical.pilot-0.70.0/
29.4030,rp_install_stop,bootstrap_0,MainThread,pilot.0000,PMGR_ACTIVE_PENDING,
29.4107,ve_setup_stop,bootstrap_0,MainThread,pilot.0000,PMGR_ACTIVE_PENDING,
29.4180,ve_activate_start,bootstrap_0,MainThread,pilot.0000,PMGR_ACTIVE_PENDING,
verify python viability: /pylon5/mc3bggp/aymen/radical.pilot.sandbox/ve.xsede.bridges.0.70.0/bin/python ... ok
verify module viability: radical.saga    ... ok
verify module viability: radical.utils   ... ok
verify module viability: pymongo         ... ok
verify module viability: hostlist        ... ok
verify module viability: netifaces       ... ok
verify module viability: setproctitle    ... ok
verify module viability: ntplib          ... ok
verify module viability: msgpack         ... ok
verify module viability: zmq             ... ok

---------------------------------------------------------------------

Python 2.7.11
 (/pylon5/mc3bggp/aymen/radical.pilot.sandbox/ve.xsede.bridges.0.70.0/bin/python)
PYTHONPATH: /pylon5/mc3bggp/aymen/radical.pilot.sandbox/rp.session.js-17-21.jetstream-cloud.org.aymen.018292.0010/pilot.0000/rp_install/lib/python2.7/site-packages::
RU:  0.70.0 /pylon5/mc3bggp/aymen/radical.pilot.sandbox/rp.session.js-17-21.jetstream-cloud.org.aymen.018292.0010/pilot.0000/rp_install/lib/python2.7/site-packages/radical/utils/__init__.pyc
RS:  0.70.0 /pylon5/mc3bggp/aymen/radical.pilot.sandbox/rp.session.js-17-21.jetstream-cloud.org.aymen.018292.0010/pilot.0000/rp_install/lib/python2.7/site-packages/radical/saga/__init__.pyc
RP:  0.70.0 /pylon5/mc3bggp/aymen/radical.pilot.sandbox/rp.session.js-17-21.jetstream-cloud.org.aymen.018292.0010/pilot.0000/rp_install/lib/python2.7/site-packages/radical/pilot/__init__.pyc
install ok!

---------------------------------------------------------------------


# -------------------------------------------------------------------
# Launching radical-pilot-agent 
# CMDLINE: /pylon5/mc3bggp/aymen/radical.pilot.sandbox/ve.xsede.bridges.0.70.0/bin/python /pylon5/mc3bggp/aymen/radical.pilot.sandbox/rp.session.js-17-21.jetstream-cloud.org.aymen.018292.0010/pilot.0000/rp_install/bin/radical-pilot-agent
ntphost: 46.101.140.169
PING 46.101.140.169 (46.101.140.169) 56(84) bytes of data.
64 bytes from 46.101.140.169: icmp_seq=1 ttl=47 time=103 ms

--- 46.101.140.169 ping statistics ---
1 packets transmitted, 1 received, 0% packet loss, time 0ms
rtt min/avg/max/mdev = 103.072/103.072/103.072/0.000 ms
38.7272,sync_rel,bootstrap_0,MainThread,pilot.0000,PMGR_ACTIVE_PENDING,agent_0 start
218.8988,killme,bootstrap_0,MainThread,pilot.0000,PMGR_ACTIVE_PENDING,2020-01-31 11:54:34.575
218.9112,sigterm,bootstrap_0,MainThread,pilot.0000,PMGR_ACTIVE_PENDING,2020-01-31 11:54:34.587
send SIGTERM to 12395 (11918)
COND start 'kill -0  12395' (I: 1 T: 30)
/pylon5/mc3bggp/aymen/radical.pilot.sandbox/rp.session.js-17-21.jetstream-cloud.org.aymen.018292.0010/bootstrap_0.sh: line 251: 12395 Terminated              ./bootstrap_2.sh 'agent_0' > agent_0.bootstrap_2.out 2> agent_0.bootstrap_2.err
/pylon5/mc3bggp/aymen/radical.pilot.sandbox/rp.session.js-17-21.jetstream-cloud.org.aymen.018292.0010/bootstrap_0.sh: line 264: kill: (12395) - No such process
COND failed (1)
agent 12395 is final
agent 12395 is final (143)
219.9295,agent_final,bootstrap_0,MainThread,pilot.0000,PMGR_ACTIVE_PENDING,12395:143 2020-01-31 11:54:35.606

# -------------------------------------------------------------------
# CLEANUP: 
#
219.9379,cleanup_start,bootstrap_0,MainThread,pilot.0000,PMGR_ACTIVE_PENDING,
219.9461,cleanup_stop,bootstrap_0,MainThread,pilot.0000,PMGR_ACTIVE_PENDING,
#
# -------------------------------------------------------------------

# -------------------------------------------------------------------
#
# Mark final profiling entry ...
219.9635,bootstrap_0_stop,bootstrap_0,MainThread,pilot.0000,PMGR_ACTIVE_PENDING,
219.9707,END,bootstrap_0,MainThread,pilot.0000,PMGR_ACTIVE_PENDING,
#
# -------------------------------------------------------------------

# -------------------------------------------------------------------
#
# We wait for some seconds for the FS to flush profiles.
# Success is assumed when all profiles end with a 'END' event.
#
# -------------------------------------------------------------------
delay profile sync @ 1: 12 != 7
delay profile sync @ 2: 12 != 7
delay profile sync @ 3: 12 != 7
delay profile sync @ 4: 12 != 7
abort profile sync @ 5: 12 != 7
nprofs 12 =? nend 7
Fri Jan 31 11:54:39 EST 2020

# -------------------------------------------------------------------
#
# Tarring profiles ...
-rw-r--r-- 1 aymen mc3bggp 5598 Jan 31 11:54 pilot.0000.prof.tgz
#
# -------------------------------------------------------------------

# -------------------------------------------------------------------
#
# Tarring logfiles ...
-rw-r--r-- 1 aymen mc3bggp 44397 Jan 31 11:54 pilot.0000.log.tgz
#
# -------------------------------------------------------------------
# -------------------------------------------------------------------
#
changing exit code from 143 to 0 for canceled pilot
# -------------------------------------------------------------------
# push final pilot state: rp.session.js-17-21.jetstream-cloud.org.aymen.018292.0010 pilot.0000 CANCELED
dburl   : mongodb://rct:rct_test@two.radical-project.org/rct_test
tunnel  : None
session : rp.session.js-17-21.jetstream-cloud.org.aymen.018292.0010
pilot   : pilot.0000
state   : pilot.0000
update  : {'updatedExisting': True, u'nModified': 1, u'ok': 1.0, u'n': 1}

# -------------------------------------------------------------------
#
# Done, exiting (0)
#
# -------------------------------------------------------------------
