2020-01-31 11:51:37,678: control.pubsub.sub.0000: agent_0.staging.output.0        : MainThread     : INFO    : create control_pubsub - sub - tcp://10.4.119.124:39630
2020-01-31 11:51:37,680: control.pubsub.sub.0000: agent_0.staging.output.0        : MainThread     : DEBUG   : start process
2020-01-31 11:51:37,680: control.pubsub.sub.0000: agent_0.staging.output.0        : MainThread     : DEBUG   : ru_initialize_common (NOOP)
2020-01-31 11:51:37,680: control.pubsub.sub.0000: agent_0.staging.output.0        : MainThread     : DEBUG   : ru_initialize_parent (NOOP)
2020-01-31 11:51:37,680: control.pubsub.sub.0000: agent_0.staging.output.0        : MainThread     : DEBUG   : process class started (no child)
2020-01-31 11:51:37,987: control.pubsub.sub.0000: agent_0.scheduling.0            : MainThread     : INFO    : create control_pubsub - sub - tcp://10.4.119.124:39630
2020-01-31 11:51:37,987: control.pubsub.sub.0000: agent_0.scheduling.0            : MainThread     : DEBUG   : start process
2020-01-31 11:51:37,987: control.pubsub.sub.0000: agent_0.scheduling.0            : MainThread     : DEBUG   : ru_initialize_common (NOOP)
2020-01-31 11:51:37,987: control.pubsub.sub.0000: agent_0.scheduling.0            : MainThread     : DEBUG   : ru_initialize_parent (NOOP)
2020-01-31 11:51:37,987: control.pubsub.sub.0000: agent_0.scheduling.0            : MainThread     : DEBUG   : process class started (no child)
2020-01-31 11:51:38,701: control.pubsub.sub.0000: agent_0.staging.input.0         : MainThread     : INFO    : create control_pubsub - sub - tcp://10.4.119.124:39630
2020-01-31 11:51:38,701: control.pubsub.sub.0000: agent_0.staging.input.0         : MainThread     : DEBUG   : start process
2020-01-31 11:51:38,702: control.pubsub.sub.0000: agent_0.staging.input.0         : MainThread     : DEBUG   : ru_initialize_common (NOOP)
2020-01-31 11:51:38,702: control.pubsub.sub.0000: agent_0.staging.input.0         : MainThread     : DEBUG   : ru_initialize_parent (NOOP)
2020-01-31 11:51:38,702: control.pubsub.sub.0000: agent_0.staging.input.0         : MainThread     : DEBUG   : process class started (no child)
2020-01-31 11:51:39,075: control.pubsub.sub.0000: update.0                        : MainThread     : INFO    : create control_pubsub - sub - tcp://10.4.119.124:39630
2020-01-31 11:51:39,076: control.pubsub.sub.0000: update.0                        : MainThread     : DEBUG   : start process
2020-01-31 11:51:39,076: control.pubsub.sub.0000: update.0                        : MainThread     : DEBUG   : ru_initialize_common (NOOP)
2020-01-31 11:51:39,076: control.pubsub.sub.0000: update.0                        : MainThread     : DEBUG   : ru_initialize_parent (NOOP)
2020-01-31 11:51:39,076: control.pubsub.sub.0000: update.0                        : MainThread     : DEBUG   : process class started (no child)
2020-01-31 11:51:40,256: control.pubsub.sub.0000: agent_0.executing.0             : MainThread     : INFO    : create control_pubsub - sub - tcp://10.4.119.124:39630
2020-01-31 11:51:40,256: control.pubsub.sub.0000: agent_0.executing.0             : MainThread     : DEBUG   : start process
2020-01-31 11:51:40,256: control.pubsub.sub.0000: agent_0.executing.0             : MainThread     : DEBUG   : ru_initialize_common (NOOP)
2020-01-31 11:51:40,257: control.pubsub.sub.0000: agent_0.executing.0             : MainThread     : DEBUG   : ru_initialize_parent (NOOP)
2020-01-31 11:51:40,257: control.pubsub.sub.0000: agent_0.executing.0             : MainThread     : DEBUG   : process class started (no child)
2020-01-31 11:54:32,967: control.pubsub.sub.0000: agent_0.staging.input.0         : agent_0.staging.input.0.child.subscriber._cancel_monitor_cb: INFO    : parent stops child  12548 -> None [control.pubsub.sub.0000]
2020-01-31 11:54:32,967: control.pubsub.sub.0000: agent_0.staging.input.0         : agent_0.staging.input.0.child.subscriber._cancel_monitor_cb: DEBUG   : ru_finalize_parent (NOOP)
2020-01-31 11:54:33,151: control.pubsub.sub.0000: agent_0.scheduling.0            : agent_0.scheduling.0.child.subscriber._cancel_monitor_cb: INFO    : parent stops child  12518 -> None [control.pubsub.sub.0000]
2020-01-31 11:54:33,151: control.pubsub.sub.0000: agent_0.scheduling.0            : agent_0.scheduling.0.child.subscriber._cancel_monitor_cb: DEBUG   : ru_finalize_parent (NOOP)
2020-01-31 11:54:33,246: control.pubsub.sub.0000: update.0                        : update.0.child.subscriber._cancel_monitor_cb: INFO    : parent stops child  12571 -> None [control.pubsub.sub.0000]
2020-01-31 11:54:33,247: control.pubsub.sub.0000: update.0                        : update.0.child.subscriber._cancel_monitor_cb: DEBUG   : ru_finalize_parent (NOOP)
2020-01-31 11:54:33,463: control.pubsub.sub.0000: agent_0.executing.0             : agent_0.executing.0.child.subscriber._cancel_monitor_cb: INFO    : parent stops child  12593 -> None [control.pubsub.sub.0000]
2020-01-31 11:54:33,464: control.pubsub.sub.0000: agent_0.executing.0             : agent_0.executing.0.child.subscriber._cancel_monitor_cb: DEBUG   : ru_finalize_parent (NOOP)
2020-01-31 11:54:33,518: control.pubsub.sub.0000: agent_0.staging.output.0        : agent_0.staging.output.0.child.subscriber._cancel_monitor_cb: INFO    : parent stops child  12497 -> None [control.pubsub.sub.0000]
2020-01-31 11:54:33,518: control.pubsub.sub.0000: agent_0.staging.output.0        : agent_0.staging.output.0.child.subscriber._cancel_monitor_cb: DEBUG   : ru_finalize_parent (NOOP)
