2020-01-31 11:51:35,124: radical.saga        : MainProcess                     : MainThread     : INFO    : radical.saga         version: 0.70.0
2020-01-31 11:51:35,314: radical.saga        : MainProcess                     : MainThread     : DEBUG   : listing  adaptor registry: {u'adaptor_registry': [u'radical.saga.adaptors.context.myproxy',
                       u'radical.saga.adaptors.context.x509',
                       u'radical.saga.adaptors.context.ssh',
                       u'radical.saga.adaptors.context.userpass',
                       u'radical.saga.adaptors.shell.shell_job',
                       u'radical.saga.adaptors.shell.shell_file',
                       u'radical.saga.adaptors.shell.shell_resource',
                       u'radical.saga.adaptors.redis.redis_advert',
                       u'radical.saga.adaptors.sge.sgejob',
                       u'radical.saga.adaptors.lsf.lsfjob',
                       u'radical.saga.adaptors.condor.condorjob',
                       u'radical.saga.adaptors.slurm.slurm_job',
                       u'radical.saga.adaptors.http.http_file',
                       u'radical.saga.adaptors.aws.ec2_resource',
                       u'radical.saga.adaptors.loadl.loadljob',
                       u'radical.saga.adaptors.globus_online.go_file',
                       u'radical.saga.adaptors.torque.torquejob',
                       u'radical.saga.adaptors.pbspro.pbsprojob',
                       u'radical.saga.adaptors.srm.srmfile',
                       u'radical.saga.adaptors.cobalt.cobaltjob']}
2020-01-31 11:51:35,314: radical.saga        : MainProcess                     : MainThread     : INFO    : loading  adaptor radical.saga.adaptors.context.myproxy
2020-01-31 11:51:35,453: radical.saga        : MainProcess                     : MainThread     : INFO    : Register adaptor radical.saga.adaptors.context.myproxy for radical.saga.Context API: ['myproxy://']
2020-01-31 11:51:35,453: radical.saga        : MainProcess                     : MainThread     : INFO    : loading  adaptor radical.saga.adaptors.context.x509
2020-01-31 11:51:35,462: radical.saga        : MainProcess                     : MainThread     : INFO    : Register adaptor radical.saga.adaptors.context.x509 for radical.saga.Context API: ['x509://']
2020-01-31 11:51:35,462: radical.saga        : MainProcess                     : MainThread     : INFO    : loading  adaptor radical.saga.adaptors.context.ssh
2020-01-31 11:51:35,467: radical.saga        : MainProcess                     : MainThread     : INFO    : Register adaptor radical.saga.adaptors.context.ssh for radical.saga.Context API: ['ssh://']
2020-01-31 11:51:35,467: radical.saga        : MainProcess                     : MainThread     : INFO    : loading  adaptor radical.saga.adaptors.context.userpass
2020-01-31 11:51:35,471: radical.saga        : MainProcess                     : MainThread     : INFO    : Register adaptor radical.saga.adaptors.context.userpass for radical.saga.Context API: ['userpass://']
2020-01-31 11:51:35,471: radical.saga        : MainProcess                     : MainThread     : INFO    : loading  adaptor radical.saga.adaptors.shell.shell_job
2020-01-31 11:51:35,497: radical.saga        : MainProcess                     : MainThread     : INFO    : Register adaptor radical.saga.adaptors.shell.shell_job for radical.saga.job.Service API: ['fork://', 'local://', 'ssh://', 'gsissh://']
2020-01-31 11:51:35,497: radical.saga        : MainProcess                     : MainThread     : INFO    : Register adaptor radical.saga.adaptors.shell.shell_job for radical.saga.job.Job API: ['fork://', 'local://', 'ssh://', 'gsissh://']
2020-01-31 11:51:35,497: radical.saga        : MainProcess                     : MainThread     : INFO    : loading  adaptor radical.saga.adaptors.shell.shell_file
2020-01-31 11:51:35,512: radical.saga        : MainProcess                     : MainThread     : INFO    : Register adaptor radical.saga.adaptors.shell.shell_file for radical.saga.namespace.Directory API: ['file://', 'local://', 'sftp://', 'gsisftp://', 'ssh://', 'gsissh://']
2020-01-31 11:51:35,512: radical.saga        : MainProcess                     : MainThread     : INFO    : Register adaptor radical.saga.adaptors.shell.shell_file for radical.saga.namespace.Entry API: ['file://', 'local://', 'sftp://', 'gsisftp://', 'ssh://', 'gsissh://']
2020-01-31 11:51:35,512: radical.saga        : MainProcess                     : MainThread     : INFO    : Register adaptor radical.saga.adaptors.shell.shell_file for radical.saga.filesystem.Directory API: ['file://', 'local://', 'sftp://', 'gsisftp://', 'ssh://', 'gsissh://']
2020-01-31 11:51:35,512: radical.saga        : MainProcess                     : MainThread     : INFO    : Register adaptor radical.saga.adaptors.shell.shell_file for radical.saga.filesystem.File API: ['file://', 'local://', 'sftp://', 'gsisftp://', 'ssh://', 'gsissh://']
2020-01-31 11:51:35,512: radical.saga        : MainProcess                     : MainThread     : INFO    : loading  adaptor radical.saga.adaptors.shell.shell_resource
2020-01-31 11:51:35,521: radical.saga        : MainProcess                     : MainThread     : WARNING : skip beta adaptor radical.saga.adaptors.shell.shell_resource (version v0.1.beta)
2020-01-31 11:51:35,521: radical.saga        : MainProcess                     : MainThread     : INFO    : loading  adaptor radical.saga.adaptors.redis.redis_advert
2020-01-31 11:51:35,535: radical.saga        : MainProcess                     : MainThread     : WARNING : skip adaptor radical.saga.adaptors.redis.redis_advert: import failed
Traceback (most recent call last):
  File "/pylon5/mc3bggp/aymen/radical.pilot.sandbox/rp.session.js-17-21.jetstream-cloud.org.aymen.018292.0010/pilot.0000/rp_install/lib/python2.7/site-packages/radical/saga/engine/engine.py", line 171, in _load_adaptors
    adaptor_module = ru.import_module(module_name)
  File "/pylon5/mc3bggp/aymen/radical.pilot.sandbox/rp.session.js-17-21.jetstream-cloud.org.aymen.018292.0010/pilot.0000/rp_install/lib/python2.7/site-packages/radical/utils/misc.py", line 344, in import_module
    mod = __import__(name)
  File "/pylon5/mc3bggp/aymen/radical.pilot.sandbox/rp.session.js-17-21.jetstream-cloud.org.aymen.018292.0010/pilot.0000/rp_install/lib/python2.7/site-packages/radical/saga/adaptors/redis/redis_advert.py", line 9, in <module>
    from . import redis_namespace as rns
  File "/pylon5/mc3bggp/aymen/radical.pilot.sandbox/rp.session.js-17-21.jetstream-cloud.org.aymen.018292.0010/pilot.0000/rp_install/lib/python2.7/site-packages/radical/saga/adaptors/redis/redis_namespace.py", line 55, in <module>
    import redis
ImportError: No module named redis
2020-01-31 11:51:35,538: radical.saga        : MainProcess                     : MainThread     : INFO    : loading  adaptor radical.saga.adaptors.sge.sgejob
2020-01-31 11:51:35,562: radical.saga        : MainProcess                     : MainThread     : INFO    : Register adaptor radical.saga.adaptors.sge.sgejob for radical.saga.job.Service API: ['sge://', 'sge+ssh://', 'sge+gsissh://']
2020-01-31 11:51:35,562: radical.saga        : MainProcess                     : MainThread     : INFO    : Register adaptor radical.saga.adaptors.sge.sgejob for radical.saga.job.Job API: ['sge://', 'sge+ssh://', 'sge+gsissh://']
2020-01-31 11:51:35,562: radical.saga        : MainProcess                     : MainThread     : INFO    : loading  adaptor radical.saga.adaptors.lsf.lsfjob
2020-01-31 11:51:35,574: radical.saga        : MainProcess                     : MainThread     : INFO    : Register adaptor radical.saga.adaptors.lsf.lsfjob for radical.saga.job.Service API: ['lsf://', 'lsf+ssh://', 'lsf+gsissh://']
2020-01-31 11:51:35,574: radical.saga        : MainProcess                     : MainThread     : INFO    : Register adaptor radical.saga.adaptors.lsf.lsfjob for radical.saga.job.Job API: ['lsf://', 'lsf+ssh://', 'lsf+gsissh://']
2020-01-31 11:51:35,574: radical.saga        : MainProcess                     : MainThread     : INFO    : loading  adaptor radical.saga.adaptors.condor.condorjob
2020-01-31 11:51:35,588: radical.saga        : MainProcess                     : MainThread     : INFO    : Register adaptor radical.saga.adaptors.condor.condorjob for radical.saga.job.Service API: ['condor://', 'condor+ssh://', 'condor+gsissh://']
2020-01-31 11:51:35,589: radical.saga        : MainProcess                     : MainThread     : INFO    : Register adaptor radical.saga.adaptors.condor.condorjob for radical.saga.job.Job API: ['condor://', 'condor+ssh://', 'condor+gsissh://']
2020-01-31 11:51:35,589: radical.saga        : MainProcess                     : MainThread     : INFO    : loading  adaptor radical.saga.adaptors.slurm.slurm_job
2020-01-31 11:51:35,600: radical.saga        : MainProcess                     : MainThread     : INFO    : Register adaptor radical.saga.adaptors.slurm.slurm_job for radical.saga.job.Service API: ['slurm://', 'slurm+ssh://', 'slurm+gsissh://']
2020-01-31 11:51:35,600: radical.saga        : MainProcess                     : MainThread     : INFO    : Register adaptor radical.saga.adaptors.slurm.slurm_job for radical.saga.job.Job API: ['slurm://', 'slurm+ssh://', 'slurm+gsissh://']
2020-01-31 11:51:35,601: radical.saga        : MainProcess                     : MainThread     : INFO    : loading  adaptor radical.saga.adaptors.http.http_file
2020-01-31 11:51:35,607: radical.saga        : MainProcess                     : MainThread     : INFO    : Register adaptor radical.saga.adaptors.http.http_file for radical.saga.namespace.Entry API: ['http://', 'https://']
2020-01-31 11:51:35,608: radical.saga        : MainProcess                     : MainThread     : INFO    : Register adaptor radical.saga.adaptors.http.http_file for radical.saga.filesystem.File API: ['http://', 'https://']
2020-01-31 11:51:35,608: radical.saga        : MainProcess                     : MainThread     : INFO    : loading  adaptor radical.saga.adaptors.aws.ec2_resource
2020-01-31 11:51:35,625: radical.saga        : MainProcess                     : MainThread     : WARNING : skip adaptor radical.saga.adaptors.aws.ec2_resource: test failed
Traceback (most recent call last):
  File "/pylon5/mc3bggp/aymen/radical.pilot.sandbox/rp.session.js-17-21.jetstream-cloud.org.aymen.018292.0010/pilot.0000/rp_install/lib/python2.7/site-packages/radical/saga/engine/engine.py", line 204, in _load_adaptors
    adaptor_instance.sanity_check ()
  File "/pylon5/mc3bggp/aymen/radical.pilot.sandbox/rp.session.js-17-21.jetstream-cloud.org.aymen.018292.0010/pilot.0000/rp_install/lib/python2.7/site-packages/radical/saga/adaptors/aws/ec2_resource.py", line 178, in sanity_check
    raise rse.NoSuccess ("Cannot load libcloud")
NoSuccess: Cannot load libcloud (/pylon5/mc3bggp/aymen/radical.pilot.sandbox/rp.session.js-17-21.jetstream-cloud.org.aymen.018292.0010/pilot.0000/rp_install/lib/python2.7/site-packages/radical/saga/adaptors/aws/ec2_resource.py +178 (sanity_check)  :  raise rse.NoSuccess ("Cannot load libcloud"))
2020-01-31 11:51:35,625: radical.saga        : MainProcess                     : MainThread     : INFO    : loading  adaptor radical.saga.adaptors.loadl.loadljob
2020-01-31 11:51:35,636: radical.saga        : MainProcess                     : MainThread     : INFO    : Register adaptor radical.saga.adaptors.loadl.loadljob for radical.saga.job.Service API: ['loadl://', 'loadl+ssh://', 'loadl+gsissh://']
2020-01-31 11:51:35,636: radical.saga        : MainProcess                     : MainThread     : INFO    : Register adaptor radical.saga.adaptors.loadl.loadljob for radical.saga.job.Job API: ['loadl://', 'loadl+ssh://', 'loadl+gsissh://']
2020-01-31 11:51:35,636: radical.saga        : MainProcess                     : MainThread     : INFO    : loading  adaptor radical.saga.adaptors.globus_online.go_file
2020-01-31 11:51:35,642: radical.saga        : MainProcess                     : MainThread     : WARNING : skip adaptor radical.saga.adaptors.globus_online.go_file: init failed
Traceback (most recent call last):
  File "/pylon5/mc3bggp/aymen/radical.pilot.sandbox/rp.session.js-17-21.jetstream-cloud.org.aymen.018292.0010/pilot.0000/rp_install/lib/python2.7/site-packages/radical/saga/engine/engine.py", line 185, in _load_adaptors
    adaptor_instance = adaptor_module.Adaptor ()
  File "/pylon5/mc3bggp/aymen/radical.pilot.sandbox/rp.session.js-17-21.jetstream-cloud.org.aymen.018292.0010/pilot.0000/rp_install/lib/python2.7/site-packages/radical/utils/singleton.py", line 35, in __call__
    cls._instances[cls] = super(Singleton, cls).__call__(*args, **kwargs)
  File "/pylon5/mc3bggp/aymen/radical.pilot.sandbox/rp.session.js-17-21.jetstream-cloud.org.aymen.018292.0010/pilot.0000/rp_install/lib/python2.7/site-packages/radical/saga/adaptors/globus_online/go_file.py", line 108, in __init__
    self.notify       = self._cfg['enable_notifications']
  File "/pylon5/mc3bggp/aymen/radical.pilot.sandbox/rp.session.js-17-21.jetstream-cloud.org.aymen.018292.0010/pilot.0000/rp_install/lib/python2.7/site-packages/radical/utils/config.py", line 305, in __getitem__
    raise KeyError('no such key [%s]' % key)
KeyError: 'no such key [enable_notifications]'
2020-01-31 11:51:35,643: radical.saga        : MainProcess                     : MainThread     : INFO    : loading  adaptor radical.saga.adaptors.torque.torquejob
2020-01-31 11:51:35,654: radical.saga        : MainProcess                     : MainThread     : INFO    : Register adaptor radical.saga.adaptors.torque.torquejob for radical.saga.job.Service API: ['torque://', 'torque+ssh://', 'torque+gsissh://']
2020-01-31 11:51:35,654: radical.saga        : MainProcess                     : MainThread     : INFO    : Register adaptor radical.saga.adaptors.torque.torquejob for radical.saga.job.Job API: ['torque://', 'torque+ssh://', 'torque+gsissh://']
2020-01-31 11:51:35,654: radical.saga        : MainProcess                     : MainThread     : INFO    : loading  adaptor radical.saga.adaptors.pbspro.pbsprojob
2020-01-31 11:51:35,664: radical.saga        : MainProcess                     : MainThread     : INFO    : Register adaptor radical.saga.adaptors.pbspro.pbsprojob for radical.saga.job.Service API: ['pbspro://', 'pbspro+ssh://', 'pbspro+gsissh://']
2020-01-31 11:51:35,665: radical.saga        : MainProcess                     : MainThread     : INFO    : Register adaptor radical.saga.adaptors.pbspro.pbsprojob for radical.saga.job.Job API: ['pbspro://', 'pbspro+ssh://', 'pbspro+gsissh://']
2020-01-31 11:51:35,665: radical.saga        : MainProcess                     : MainThread     : INFO    : loading  adaptor radical.saga.adaptors.srm.srmfile
2020-01-31 11:51:35,670: radical.saga        : MainProcess                     : MainThread     : WARNING : skip adaptor radical.saga.adaptors.srm.srmfile: init failed
Traceback (most recent call last):
  File "/pylon5/mc3bggp/aymen/radical.pilot.sandbox/rp.session.js-17-21.jetstream-cloud.org.aymen.018292.0010/pilot.0000/rp_install/lib/python2.7/site-packages/radical/saga/engine/engine.py", line 185, in _load_adaptors
    adaptor_instance = adaptor_module.Adaptor ()
  File "/pylon5/mc3bggp/aymen/radical.pilot.sandbox/rp.session.js-17-21.jetstream-cloud.org.aymen.018292.0010/pilot.0000/rp_install/lib/python2.7/site-packages/radical/utils/singleton.py", line 35, in __call__
    cls._instances[cls] = super(Singleton, cls).__call__(*args, **kwargs)
  File "/pylon5/mc3bggp/aymen/radical.pilot.sandbox/rp.session.js-17-21.jetstream-cloud.org.aymen.018292.0010/pilot.0000/rp_install/lib/python2.7/site-packages/radical/saga/adaptors/srm/srmfile.py", line 87, in __init__
    self.pty_url = self._cfg['pty_url']
  File "/pylon5/mc3bggp/aymen/radical.pilot.sandbox/rp.session.js-17-21.jetstream-cloud.org.aymen.018292.0010/pilot.0000/rp_install/lib/python2.7/site-packages/radical/utils/config.py", line 305, in __getitem__
    raise KeyError('no such key [%s]' % key)
KeyError: 'no such key [pty_url]'
2020-01-31 11:51:35,671: radical.saga        : MainProcess                     : MainThread     : INFO    : loading  adaptor radical.saga.adaptors.cobalt.cobaltjob
2020-01-31 11:51:35,682: radical.saga        : MainProcess                     : MainThread     : INFO    : Register adaptor radical.saga.adaptors.cobalt.cobaltjob for radical.saga.job.Service API: ['cobalt://', 'cobalt+ssh://', 'cobalt+gsissh://']
2020-01-31 11:51:35,682: radical.saga        : MainProcess                     : MainThread     : INFO    : Register adaptor radical.saga.adaptors.cobalt.cobaltjob for radical.saga.job.Job API: ['cobalt://', 'cobalt+ssh://', 'cobalt+gsissh://']
2020-01-31 11:51:35,682: radical.saga        : MainProcess                     : MainThread     : WARNING : no context adaptors found
