2020-01-31 11:51:39,048: update.0.child      : update.0                        : MainThread     : INFO    : initialize update.0.child
2020-01-31 11:51:39,056: update.0.child      : update.0                        : MainThread     : INFO    : cfg: {'agent_launch_method': 'SSH',
 'agent_name': 'agent_0',
 'agents': {},
 'app_comm': None,
 'bridges': {'agent_executing_queue': {'addr_in': 'tcp://10.4.119.124:45805',
                                       'addr_out': 'tcp://10.4.119.124:43511',
                                       'bulk_size': 0,
                                       'log_level': 'error',
                                       'stall_hwm': 1},
             'agent_schedule_pubsub': {'addr_in': 'tcp://10.4.119.124:42339',
                                       'addr_out': 'tcp://10.4.119.124:38850',
                                       'bulk_size': 0,
                                       'log_level': 'error',
                                       'stall_hwm': 1},
             'agent_scheduling_queue': {'addr_in': 'tcp://10.4.119.124:35414',
                                        'addr_out': 'tcp://10.4.119.124:35737',
                                        'bulk_size': 0,
                                        'log_level': 'error',
                                        'stall_hwm': 1},
             'agent_staging_input_queue': {'addr_in': 'tcp://10.4.119.124:34316',
                                           'addr_out': 'tcp://10.4.119.124:33869',
                                           'bulk_size': 0,
                                           'log_level': 'error',
                                           'stall_hwm': 1},
             'agent_staging_output_queue': {'addr_in': 'tcp://10.4.119.124:37066',
                                            'addr_out': 'tcp://10.4.119.124:44828',
                                            'bulk_size': 0,
                                            'log_level': 'error',
                                            'stall_hwm': 1},
             'agent_unschedule_pubsub': {'addr_in': 'tcp://10.4.119.124:41434',
                                         'addr_out': 'tcp://10.4.119.124:41697',
                                         'bulk_size': 0,
                                         'log_level': 'error',
                                         'stall_hwm': 1},
             'control_pubsub': {'addr_in': 'tcp://10.4.119.124:34028',
                                'addr_out': 'tcp://10.4.119.124:39630',
                                'bulk_size': 0,
                                'log_level': 'error',
                                'stall_hwm': 1},
             'log_pubsub': {'addr_in': 'tcp://10.4.119.124:41420',
                            'addr_out': 'tcp://10.4.119.124:33289',
                            'bulk_size': 0,
                            'log_level': 'error',
                            'stall_hwm': 1},
             'state_pubsub': {'addr_in': 'tcp://10.4.119.124:36268',
                              'addr_out': 'tcp://10.4.119.124:45403',
                              'bulk_size': 0,
                              'log_level': 'error',
                              'stall_hwm': 1}},
 'bulk_collection_size': 100,
 'bulk_collection_time': 1.0,
 'cname': 'UpdateWorker',
 'components': {},
 'cores': 128,
 'cores_per_node': 0,
 'count': 1,
 'cu_post_exec': None,
 'cu_pre_exec': [],
 'cu_tmp': None,
 'db_poll_sleeptime': 1.0,
 'dburl': 'mongodb://rct:rct_test@two.radical-project.org/rct_test',
 'debug': 10,
 'export_to_cu': [],
 'gpus': 8,
 'gpus_per_node': 2,
 'lfs_path_per_node': '$LOCAL',
 'lfs_size_per_node': 3713368,
 'logdir': '.',
 'lrms': 'SLURM',
 'lrms_info': {'agent_nodes': {},
               'cores_per_node': 32,
               'gpus_per_node': 2,
               'lfs_per_node': {'path': '/local/7536729', 'size': 3713368},
               'lm_info': {'cores_per_node': 32},
               'mem_per_node': 0,
               'name': 'Slurm',
               'node_list': [['gpu024', 'gpu024'],
                             ['gpu028', 'gpu028'],
                             ['gpu030', 'gpu030'],
                             ['gpu031', 'gpu031']]},
 'max_io_loglength': 1024,
 'mode': 'shared',
 'mpi_launch_method': 'MPIRUN',
 'number': 0,
 'owner': 'agent_0',
 'pilot_id': 'pilot.0000',
 'pilot_sandbox': '/pylon5/mc3bggp/aymen/radical.pilot.sandbox/rp.session.js-17-21.jetstream-cloud.org.aymen.018292.0010/pilot.0000/',
 'resource_cfg': {'agent_launch_method': 'SSH',
                  'agent_scheduler': 'CONTINUOUS',
                  'agent_spawner': 'POPEN',
                  'cu_pre_exec': [],
                  'default_queue': 'RM',
                  'default_remote_workdir': '$SCRATCH',
                  'description': "The XSEDE 'Bridges' cluster at PSC (https://portal.xsede.org/psc-bridges/).",
                  'export_to_cu': [],
                  'filesystem_endpoint': 'gsisftp://bridges.psc.xsede.org:2222/',
                  'go': {'filesystem_endpoint': 'go://xsede#bridges/',
                         'job_manager_endpoint': 'slurm+ssh://bridges.psc.xsede.org/'},
                  'gpus_per_node': 2,
                  'gsissh': {'filesystem_endpoint': 'gsisftp://bridges.psc.xsede.org:2222/',
                             'job_manager_endpoint': 'slurm+gsissh://bridges.psc.xsede.org:2222/'},
                  'job_manager_endpoint': 'slurm+gsissh://bridges.psc.xsede.org:2222/',
                  'label': 'xsede.bridges',
                  'lfs_path_per_node': '$LOCAL',
                  'lfs_size_per_node': 3713368,
                  'lrms': 'SLURM',
                  'mpi_launch_method': 'MPIRUN',
                  'notes': 'Always set the ``project`` attribute in the ComputePilotDescription.',
                  'pre_bootstrap_0': ['module purge',
                                      'module load gcc',
                                      'module load mpi/gcc_openmpi',
                                      'module load slurm',
                                      'module load python2'],
                  'python_dist': 'default',
                  'rp_version': 'local',
                  'saga_jd_supplement': {'cpu_architecture': ['p100']},
                  'schemas': ['gsissh', 'ssh', 'go'],
                  'ssh': {'filesystem_endpoint': 'sftp://bridges.psc.xsede.org/',
                          'job_manager_endpoint': 'slurm+ssh://bridges.psc.xsede.org/'},
                  'task_launch_method': 'SSH',
                  'valid_roots': ['/home', '/pylon1', '/pylon5'],
                  'virtenv_mode': 'create'},
 'resource_sandbox': '/pylon5/mc3bggp/aymen/radical.pilot.sandbox',
 'runtime': 2880,
 'scheduler': 'CONTINUOUS',
 'session_id': 'rp.session.js-17-21.jetstream-cloud.org.aymen.018292.0010',
 'session_sandbox': '/pylon5/mc3bggp/aymen/radical.pilot.sandbox/rp.session.js-17-21.jetstream-cloud.org.aymen.018292.0010',
 'spawner': 'POPEN',
 'staging_area': 'staging_area',
 'staging_schema': 'staging',
 'target': 'local',
 'task_launch_method': 'SSH',
 'uid': 'agent_0',
 'workdir': '/pylon5/mc3bggp/aymen/radical.pilot.sandbox/rp.session.js-17-21.jetstream-cloud.org.aymen.018292.0010/pilot.0000'}
2020-01-31 11:51:39,056: update.0.child      : update.0                        : MainThread     : DEBUG   : start components: {}
2020-01-31 11:51:39,056: update.0.child      : update.0                        : MainThread     : DEBUG   : alive check in term
2020-01-31 11:51:39,056: update.0.child      : update.0                        : MainThread     : DEBUG   : START: update.0.child register publisher log_pubsub
2020-01-31 11:51:39,056: update.0.child      : update.0                        : MainThread     : DEBUG   : using addr tcp://10.4.119.124:41420 for pubsub log_pubsub
2020-01-31 11:51:39,061: update.0.child      : update.0                        : MainThread     : DEBUG   : registered publisher : log_pubsub : log.pubsub.pub.0003
2020-01-31 11:51:39,061: update.0.child      : update.0                        : MainThread     : DEBUG   : alive check in term
2020-01-31 11:51:39,061: update.0.child      : update.0                        : MainThread     : DEBUG   : START: update.0.child register publisher state_pubsub
2020-01-31 11:51:39,062: update.0.child      : update.0                        : MainThread     : DEBUG   : using addr tcp://10.4.119.124:36268 for pubsub state_pubsub
2020-01-31 11:51:39,066: update.0.child      : update.0                        : MainThread     : DEBUG   : registered publisher : state_pubsub : state.pubsub.pub.0003
2020-01-31 11:51:39,067: update.0.child      : update.0                        : MainThread     : DEBUG   : alive check in term
2020-01-31 11:51:39,067: update.0.child      : update.0                        : MainThread     : DEBUG   : START: update.0.child register publisher control_pubsub
2020-01-31 11:51:39,067: update.0.child      : update.0                        : MainThread     : DEBUG   : using addr tcp://10.4.119.124:34028 for pubsub control_pubsub
2020-01-31 11:51:39,071: update.0.child      : update.0                        : MainThread     : DEBUG   : registered publisher : control_pubsub : control.pubsub.pub.0003
2020-01-31 11:51:39,074: update.0.child      : update.0                        : MainThread     : DEBUG   : alive check in term
2020-01-31 11:51:39,074: update.0.child      : update.0                        : MainThread     : DEBUG   : START: update.0.child register subscriber update.0.child.subscriber._cancel_monitor_cb
2020-01-31 11:51:39,074: update.0.child      : update.0                        : MainThread     : DEBUG   : using addr tcp://10.4.119.124:39630 for pubsub control_pubsub
2020-01-31 11:51:39,076: update.0.child      : update.0                        : MainThread     : DEBUG   : parent name: update.0.child.subscriber._cancel_monitor_cb
2020-01-31 11:51:39,076: update.0.child      : update.0                        : MainThread     : DEBUG   : start thread
2020-01-31 11:51:39,077: update.0.child      : update.0                        : update.0.child.subscriber._cancel_monitor_cb: DEBUG   : child name: update.0.child.subscriber._cancel_monitor_cb.thread
2020-01-31 11:51:39,077: update.0.child      : update.0                        : update.0.child.subscriber._cancel_monitor_cb: INFO    : child (me) initializing
2020-01-31 11:51:39,077: update.0.child      : update.0                        : update.0.child.subscriber._cancel_monitor_cb: DEBUG   : ru_initialize_common (NOOP)
2020-01-31 11:51:39,077: update.0.child      : update.0                        : update.0.child.subscriber._cancel_monitor_cb: DEBUG   : ru_initialize_child (NOOP)
2020-01-31 11:51:39,077: update.0.child      : update.0                        : update.0.child.subscriber._cancel_monitor_cb: INFO    : send alive
2020-01-31 11:51:39,078: update.0.child      : update.0                        : update.0.child.subscriber._cancel_monitor_cb: INFO    : put message: [update.0.child.subscriber._cancel_monitor_cb.thread] alive
2020-01-31 11:51:39,078: update.0.child      : update.0                        : MainThread     : INFO    : get msg: alive
2020-01-31 11:51:39,078: update.0.child      : update.0                        : MainThread     : DEBUG   : ru_initialize_common (NOOP)
2020-01-31 11:51:39,079: update.0.child      : update.0                        : MainThread     : DEBUG   : ru_initialize_parent (NOOP)
2020-01-31 11:51:39,079: update.0.child      : update.0                        : MainThread     : DEBUG   : child thread update.0.child.subscriber._cancel_monitor_cb started
2020-01-31 11:51:39,079: update.0.child      : update.0                        : MainThread     : DEBUG   : update.0.child registered control_pubsub subscriber update.0.child.subscriber._cancel_monitor_cb
2020-01-31 11:51:39,600: update.0.child      : update.0                        : MainThread     : DEBUG   : alive check in term
2020-01-31 11:51:39,600: update.0.child      : update.0                        : MainThread     : DEBUG   : START: update.0.child register subscriber update.0.child.subscriber._state_cb
2020-01-31 11:51:39,600: update.0.child      : update.0                        : MainThread     : DEBUG   : using addr tcp://10.4.119.124:45403 for pubsub state_pubsub
2020-01-31 11:51:39,604: update.0.child      : update.0                        : MainThread     : DEBUG   : parent name: update.0.child.subscriber._state_cb
2020-01-31 11:51:39,604: update.0.child      : update.0                        : MainThread     : DEBUG   : start thread
2020-01-31 11:51:39,604: update.0.child      : update.0                        : update.0.child.subscriber._state_cb: DEBUG   : child name: update.0.child.subscriber._state_cb.thread
2020-01-31 11:51:39,605: update.0.child      : update.0                        : update.0.child.subscriber._state_cb: INFO    : child (me) initializing
2020-01-31 11:51:39,605: update.0.child      : update.0                        : update.0.child.subscriber._state_cb: DEBUG   : ru_initialize_common (NOOP)
2020-01-31 11:51:39,605: update.0.child      : update.0                        : update.0.child.subscriber._state_cb: DEBUG   : ru_initialize_child (NOOP)
2020-01-31 11:51:39,605: update.0.child      : update.0                        : update.0.child.subscriber._state_cb: INFO    : send alive
2020-01-31 11:51:39,605: update.0.child      : update.0                        : update.0.child.subscriber._state_cb: INFO    : put message: [update.0.child.subscriber._state_cb.thread] alive
2020-01-31 11:51:39,606: update.0.child      : update.0                        : MainThread     : INFO    : get msg: alive
2020-01-31 11:51:39,606: update.0.child      : update.0                        : MainThread     : DEBUG   : ru_initialize_common (NOOP)
2020-01-31 11:51:39,606: update.0.child      : update.0                        : MainThread     : DEBUG   : ru_initialize_parent (NOOP)
2020-01-31 11:51:39,606: update.0.child      : update.0                        : MainThread     : DEBUG   : child thread update.0.child.subscriber._state_cb started
2020-01-31 11:51:39,606: update.0.child      : update.0                        : MainThread     : DEBUG   : update.0.child registered state_pubsub subscriber update.0.child.subscriber._state_cb
2020-01-31 11:51:39,607: update.0.child      : update.0                        : MainThread     : DEBUG   : alive check in term
2020-01-31 11:51:39,607: update.0.child      : update.0                        : MainThread     : DEBUG   : START: update.0.child register idler update.0.child.idler._idle_cb
2020-01-31 11:51:39,607: update.0.child      : update.0                        : MainThread     : DEBUG   : parent name: update.0.child.idler._idle_cb
2020-01-31 11:51:39,607: update.0.child      : update.0                        : MainThread     : DEBUG   : start thread
2020-01-31 11:51:39,607: update.0.child      : update.0                        : update.0.child.idler._idle_cb: DEBUG   : child name: update.0.child.idler._idle_cb.thread
2020-01-31 11:51:39,608: update.0.child      : update.0                        : update.0.child.idler._idle_cb: INFO    : child (me) initializing
2020-01-31 11:51:39,608: update.0.child      : update.0                        : update.0.child.idler._idle_cb: DEBUG   : ru_initialize_common (NOOP)
2020-01-31 11:51:39,608: update.0.child      : update.0                        : update.0.child.idler._idle_cb: DEBUG   : ru_initialize_child (NOOP)
2020-01-31 11:51:39,608: update.0.child      : update.0                        : update.0.child.idler._idle_cb: INFO    : send alive
2020-01-31 11:51:39,608: update.0.child      : update.0                        : update.0.child.idler._idle_cb: INFO    : put message: [update.0.child.idler._idle_cb.thread] alive
2020-01-31 11:51:39,609: update.0.child      : update.0                        : MainThread     : INFO    : get msg: alive
2020-01-31 11:51:39,609: update.0.child      : update.0                        : MainThread     : DEBUG   : ru_initialize_common (NOOP)
2020-01-31 11:51:39,609: update.0.child      : update.0                        : MainThread     : DEBUG   : ru_initialize_parent (NOOP)
2020-01-31 11:51:39,609: update.0.child      : update.0                        : MainThread     : DEBUG   : child thread update.0.child.idler._idle_cb started
2020-01-31 11:51:39,609: update.0.child      : update.0                        : MainThread     : DEBUG   : update.0.child registered idler update.0.child.idler._idle_cb
2020-01-31 11:51:39,609: update.0.child      : update.0                        : MainThread     : INFO    : child (me) initializing
2020-01-31 11:51:39,610: update.0.child      : update.0                        : MainThread     : DEBUG   : parent name: update.0.child.watch
2020-01-31 11:51:39,610: update.0.child      : update.0                        : MainThread     : DEBUG   : start thread
2020-01-31 11:51:39,610: update.0.child      : update.0                        : update.0.child.watch: DEBUG   : child name: update.0.child.watch.thread
2020-01-31 11:51:39,610: update.0.child      : update.0                        : update.0.child.watch: INFO    : child (me) initializing
2020-01-31 11:51:39,610: update.0.child      : update.0                        : update.0.child.watch: DEBUG   : ru_initialize_common (NOOP)
2020-01-31 11:51:39,610: update.0.child      : update.0                        : update.0.child.watch: DEBUG   : ru_initialize_child (NOOP)
2020-01-31 11:51:39,610: update.0.child      : update.0                        : update.0.child.watch: INFO    : send alive
2020-01-31 11:51:39,611: update.0.child      : update.0                        : update.0.child.watch: INFO    : put message: [update.0.child.watch.thread] alive
2020-01-31 11:51:39,611: update.0.child      : update.0                        : MainThread     : INFO    : get msg: alive
2020-01-31 11:51:39,612: update.0.child      : update.0                        : MainThread     : DEBUG   : ru_initialize_common (NOOP)
2020-01-31 11:51:39,612: update.0.child      : update.0                        : MainThread     : DEBUG   : ru_initialize_parent (NOOP)
2020-01-31 11:51:39,612: update.0.child      : update.0                        : MainThread     : DEBUG   : child thread update.0.child.watch started
2020-01-31 11:51:39,612: update.0.child      : update.0                        : MainThread     : INFO    : child (me) is alive
2020-01-31 11:51:39,612: update.0.child      : update.0                        : MainThread     : INFO    : send alive
2020-01-31 11:51:39,612: update.0.child      : update.0                        : MainThread     : INFO    : send message: [update.0.child] alive
2020-01-31 11:51:40,795: update.0.child      : update.0                        : update.0.child.subscriber._state_cb: DEBUG   : bulk update result: {'nModified': 1, 'nUpserted': 0, 'nMatched': 1, 'writeErrors': [], 'upserted': [], 'writeConcernErrors': [], 'nRemoved': 0, 'nInserted': 0}
2020-01-31 11:51:42,719: update.0.child      : update.0                        : update.0.child.idler._idle_cb: DEBUG   : bulk update result: {'nModified': 5, 'nUpserted': 0, 'nMatched': 5, 'writeErrors': [], 'upserted': [], 'writeConcernErrors': [], 'nRemoved': 0, 'nInserted': 0}
2020-01-31 11:51:50,265: update.0.child      : update.0                        : update.0.child.subscriber._state_cb: DEBUG   : bulk update result: {'nModified': 1, 'nUpserted': 0, 'nMatched': 1, 'writeErrors': [], 'upserted': [], 'writeConcernErrors': [], 'nRemoved': 0, 'nInserted': 0}
2020-01-31 11:51:51,840: update.0.child      : update.0                        : update.0.child.idler._idle_cb: DEBUG   : bulk update result: {'nModified': 4, 'nUpserted': 0, 'nMatched': 4, 'writeErrors': [], 'upserted': [], 'writeConcernErrors': [], 'nRemoved': 0, 'nInserted': 0}
2020-01-31 11:52:04,347: update.0.child      : update.0                        : update.0.child.subscriber._state_cb: DEBUG   : bulk update result: {'nModified': 1, 'nUpserted': 0, 'nMatched': 1, 'writeErrors': [], 'upserted': [], 'writeConcernErrors': [], 'nRemoved': 0, 'nInserted': 0}
2020-01-31 11:52:05,967: update.0.child      : update.0                        : update.0.child.idler._idle_cb: DEBUG   : bulk update result: {'nModified': 2, 'nUpserted': 0, 'nMatched': 2, 'writeErrors': [], 'upserted': [], 'writeConcernErrors': [], 'nRemoved': 0, 'nInserted': 0}
2020-01-31 11:52:47,982: update.0.child      : update.0                        : update.0.child.subscriber._state_cb: DEBUG   : bulk update result: {'nModified': 1, 'nUpserted': 0, 'nMatched': 1, 'writeErrors': [], 'upserted': [], 'writeConcernErrors': [], 'nRemoved': 0, 'nInserted': 0}
2020-01-31 11:52:49,156: update.0.child      : update.0                        : update.0.child.idler._idle_cb: DEBUG   : bulk update result: {'nModified': 4, 'nUpserted': 0, 'nMatched': 4, 'writeErrors': [], 'upserted': [], 'writeConcernErrors': [], 'nRemoved': 0, 'nInserted': 0}
2020-01-31 11:53:03,670: update.0.child      : update.0                        : update.0.child.subscriber._state_cb: DEBUG   : bulk update result: {'nModified': 1, 'nUpserted': 0, 'nMatched': 1, 'writeErrors': [], 'upserted': [], 'writeConcernErrors': [], 'nRemoved': 0, 'nInserted': 0}
2020-01-31 11:53:05,286: update.0.child      : update.0                        : update.0.child.idler._idle_cb: DEBUG   : bulk update result: {'nModified': 4, 'nUpserted': 0, 'nMatched': 4, 'writeErrors': [], 'upserted': [], 'writeConcernErrors': [], 'nRemoved': 0, 'nInserted': 0}
2020-01-31 11:53:17,145: update.0.child      : update.0                        : update.0.child.subscriber._state_cb: DEBUG   : bulk update result: {'nModified': 1, 'nUpserted': 0, 'nMatched': 1, 'writeErrors': [], 'upserted': [], 'writeConcernErrors': [], 'nRemoved': 0, 'nInserted': 0}
2020-01-31 11:53:18,411: update.0.child      : update.0                        : update.0.child.idler._idle_cb: DEBUG   : bulk update result: {'nModified': 4, 'nUpserted': 0, 'nMatched': 4, 'writeErrors': [], 'upserted': [], 'writeConcernErrors': [], 'nRemoved': 0, 'nInserted': 0}
2020-01-31 11:53:31,728: update.0.child      : update.0                        : update.0.child.subscriber._state_cb: DEBUG   : bulk update result: {'nModified': 1, 'nUpserted': 0, 'nMatched': 1, 'writeErrors': [], 'upserted': [], 'writeConcernErrors': [], 'nRemoved': 0, 'nInserted': 0}
2020-01-31 11:53:33,539: update.0.child      : update.0                        : update.0.child.idler._idle_cb: DEBUG   : bulk update result: {'nModified': 4, 'nUpserted': 0, 'nMatched': 4, 'writeErrors': [], 'upserted': [], 'writeConcernErrors': [], 'nRemoved': 0, 'nInserted': 0}
2020-01-31 11:54:23,371: update.0.child      : update.0                        : update.0.child.subscriber._state_cb: DEBUG   : bulk update result: {'nModified': 1, 'nUpserted': 0, 'nMatched': 1, 'writeErrors': [], 'upserted': [], 'writeConcernErrors': [], 'nRemoved': 0, 'nInserted': 0}
2020-01-31 11:54:24,727: update.0.child      : update.0                        : update.0.child.idler._idle_cb: DEBUG   : bulk update result: {'nModified': 8, 'nUpserted': 0, 'nMatched': 8, 'writeErrors': [], 'upserted': [], 'writeConcernErrors': [], 'nRemoved': 0, 'nInserted': 0}
2020-01-31 11:54:25,834: update.0.child      : update.0                        : update.0.child.idler._idle_cb: DEBUG   : bulk update result: {'nModified': 6, 'nUpserted': 0, 'nMatched': 6, 'writeErrors': [], 'upserted': [], 'writeConcernErrors': [], 'nRemoved': 0, 'nInserted': 0}
2020-01-31 11:54:32,548: update.0.child      : update.0                        : update.0.child.subscriber._cancel_monitor_cb: INFO    : got termination command
2020-01-31 11:54:32,676: update.0.child      : update.0                        : update.0.child.subscriber._cancel_monitor_cb: INFO    : stop update.0.child (12571 : 12571 : update.0.child.subscriber._cancel_monitor_cb) [radical.pilot.worker.update.Update.stop]
2020-01-31 11:54:33,103: update.0.child      : update.0                        : update.0.child.subscriber._cancel_monitor_cb: INFO    : parent stops child  12571 -> 12571 [update.0.child]
2020-01-31 11:54:33,103: update.0.child      : update.0                        : update.0.child.subscriber._cancel_monitor_cb: INFO    : send message: [update.0.child] STOP
2020-01-31 11:54:33,103: update.0.child      : update.0                        : update.0.child.subscriber._cancel_monitor_cb: DEBUG   : TERM : update.0.child unregister idler update.0.child.idler._idle_cb
2020-01-31 11:54:33,103: update.0.child      : update.0                        : update.0.child.subscriber._cancel_monitor_cb: INFO    : signal stop for update.0.child.subscriber._cancel_monitor_cb
2020-01-31 11:54:33,103: update.0.child      : update.0                        : update.0.child.subscriber._cancel_monitor_cb: DEBUG   : TERM : update.0.child unregistered idler update.0.child.idler._idle_cb
2020-01-31 11:54:33,103: update.0.child      : update.0                        : update.0.child.subscriber._cancel_monitor_cb: DEBUG   : TERM : update.0.child unregister subscriber update.0.child.subscriber._state_cb
2020-01-31 11:54:33,103: update.0.child      : update.0                        : update.0.child.subscriber._cancel_monitor_cb: DEBUG   : unregistered subscriber update.0.child.subscriber._state_cb
2020-01-31 11:54:33,103: update.0.child      : update.0                        : update.0.child.subscriber._cancel_monitor_cb: DEBUG   : ru_finalize_common()
2020-01-31 11:54:33,103: update.0.child      : update.0                        : update.0.child.subscriber._cancel_monitor_cb: DEBUG   : TERM : update.0.child unregister publisher log_pubsub
2020-01-31 11:54:33,105: update.0.child      : update.0                        : update.0.child.subscriber._cancel_monitor_cb: DEBUG   : unregistered publisher log_pubsub
2020-01-31 11:54:33,105: update.0.child      : update.0                        : update.0.child.subscriber._cancel_monitor_cb: DEBUG   : TERM : update.0.child unregister publisher state_pubsub
2020-01-31 11:54:33,106: update.0.child      : update.0                        : update.0.child.subscriber._cancel_monitor_cb: DEBUG   : unregistered publisher state_pubsub
2020-01-31 11:54:33,106: update.0.child      : update.0                        : update.0.child.subscriber._cancel_monitor_cb: DEBUG   : TERM : update.0.child unregister publisher control_pubsub
2020-01-31 11:54:33,107: update.0.child      : update.0                        : update.0.child.subscriber._cancel_monitor_cb: DEBUG   : unregistered publisher control_pubsub
2020-01-31 11:54:33,107: update.0.child      : update.0                        : update.0.child.subscriber._cancel_monitor_cb: DEBUG   : update.0.child close prof
2020-01-31 11:54:33,155: update.0.child      : update.0                        : update.0.child.watch: INFO    : recv message: 
2020-01-31 11:54:33,155: update.0.child      : update.0                        : update.0.child.watch: INFO    : message received: 
2020-01-31 11:54:33,155: update.0.child      : update.0                        : update.0.child.watch: WARNING : no message, parent closed ep!
2020-01-31 11:54:33,155: update.0.child      : update.0                        : update.0.child.watch: INFO    : watcher closes
2020-01-31 11:54:33,155: update.0.child      : update.0                        : update.0.child.watch: INFO    : put message: [update.0.child.watch.thread] work finished
2020-01-31 11:54:33,156: update.0.child      : update.0                        : update.0.child.watch: DEBUG   : ru_finalize_child (NOOP)
2020-01-31 11:54:33,156: update.0.child      : update.0                        : update.0.child.watch: DEBUG   : ru_finalize_common (NOOP)
2020-01-31 11:54:33,156: update.0.child      : update.0                        : update.0.child.watch: INFO    : put message: [update.0.child.watch.thread] terminating
2020-01-31 11:54:33,233: update.0.child      : update.0                        : MainThread     : DEBUG   : TERM : update.0.child unregister idler update.0.child.idler._idle_cb
2020-01-31 11:54:33,245: update.0.child      : update.0                        : update.0.child.subscriber._cancel_monitor_cb: INFO    : signal stop for update.0.child.subscriber._cancel_monitor_cb
2020-01-31 11:54:33,245: update.0.child      : update.0                        : update.0.child.subscriber._cancel_monitor_cb: INFO    : child calls stop()
2020-01-31 11:54:33,246: update.0.child      : update.0                        : update.0.child.subscriber._cancel_monitor_cb: INFO    : signal stop for update.0.child.subscriber._cancel_monitor_cb
2020-01-31 11:54:33,246: update.0.child      : update.0                        : update.0.child.subscriber._cancel_monitor_cb: INFO    : signal stop for update.0.child.subscriber._cancel_monitor_cb
2020-01-31 11:54:33,246: update.0.child      : update.0                        : update.0.child.subscriber._cancel_monitor_cb: INFO    : signal stop for update.0.child.subscriber._cancel_monitor_cb
2020-01-31 11:54:33,246: update.0.child      : update.0                        : update.0.child.subscriber._cancel_monitor_cb: INFO    : signal stop for update.0.child.subscriber._cancel_monitor_cb
2020-01-31 11:54:33,246: update.0.child      : update.0                        : update.0.child.subscriber._cancel_monitor_cb: DEBUG   : ru_finalize_child (NOOP)
2020-01-31 11:54:33,246: update.0.child      : update.0                        : MainThread     : WARNING : timed cb update.0.child.idler._idle_cb is not registered
2020-01-31 11:54:33,247: update.0.child      : update.0                        : update.0.child.idler._idle_cb: DEBUG   : ru_finalize_child (NOOP)
2020-01-31 11:54:33,247: update.0.child      : update.0                        : MainThread     : DEBUG   : TERM : update.0.child unregister subscriber update.0.child.subscriber._state_cb
2020-01-31 11:54:33,247: update.0.child      : update.0                        : update.0.child.idler._idle_cb: DEBUG   : ru_finalize_common (NOOP)
2020-01-31 11:54:33,247: update.0.child      : update.0                        : MainThread     : WARNING : subscriber _state_cb is not registered
2020-01-31 11:54:33,247: update.0.child      : update.0                        : update.0.child.idler._idle_cb: INFO    : put message: [update.0.child.idler._idle_cb.thread] terminating
2020-01-31 11:54:33,248: update.0.child      : update.0                        : MainThread     : DEBUG   : ru_finalize_common()
2020-01-31 11:54:33,248: update.0.child      : update.0                        : update.0.child.subscriber._cancel_monitor_cb: INFO    : put message: [update.0.child.subscriber._cancel_monitor_cb.thread] terminating
2020-01-31 11:54:33,248: update.0.child      : update.0                        : MainThread     : WARNING : publisher log_pubsub is not registered
2020-01-31 11:54:33,248: update.0.child      : update.0                        : MainThread     : WARNING : publisher state_pubsub is not registered
2020-01-31 11:54:33,248: update.0.child      : update.0                        : MainThread     : WARNING : publisher control_pubsub is not registered
2020-01-31 11:54:33,249: update.0.child      : update.0                        : MainThread     : DEBUG   : update.0.child close prof
2020-01-31 11:54:33,249: update.0.child      : update.0                        : MainThread     : INFO    : send message: [update.0.child] terminating
2020-01-31 11:54:33,249: update.0.child      : update.0                        : MainThread     : WARNING : send failed ([Errno 9] Bad file descriptor) - terminate
2020-01-31 11:54:33,249: update.0.child      : update.0                        : MainThread     : INFO    : parent stops child
2020-01-31 11:54:33,249: update.0.child      : update.0                        : MainThread     : DEBUG   : ru_finalize_parent (NOOP)
2020-01-31 11:54:33,249: update.0.child      : update.0                        : MainThread     : INFO    : parent stops child
2020-01-31 11:54:33,249: update.0.child      : update.0                        : MainThread     : DEBUG   : ru_finalize_parent (NOOP)
2020-01-31 11:54:33,250: update.0.child      : update.0                        : update.0.child.subscriber._state_cb: DEBUG   : ru_finalize_child (NOOP)
2020-01-31 11:54:33,250: update.0.child      : update.0                        : update.0.child.subscriber._state_cb: INFO    : put message: [update.0.child.subscriber._state_cb.thread] terminating
2020-01-31 11:54:33,251: update.0.child      : update.0                        : MainThread     : INFO    : parent stops child
2020-01-31 11:54:33,252: update.0.child      : update.0                        : MainThread     : DEBUG   : ru_finalize_parent (NOOP)
2020-01-31 11:54:33,252: update.0.child      : update.0                        : MainThread     : DEBUG   : ru_finalize_common (NOOP)
