2020-01-31 01:28:41,587: update.0.child      : update.0                        : MainThread     : INFO    : initialize update.0.child
2020-01-31 01:28:41,595: update.0.child      : update.0                        : MainThread     : INFO    : cfg: {'agent_launch_method': 'SSH',
 'agent_name': 'agent_0',
 'agents': {},
 'app_comm': None,
 'bridges': {'agent_executing_queue': {'addr_in': 'tcp://10.4.119.119:36603',
                                       'addr_out': 'tcp://10.4.119.119:35326',
                                       'bulk_size': 0,
                                       'log_level': 'error',
                                       'stall_hwm': 1},
             'agent_schedule_pubsub': {'addr_in': 'tcp://10.4.119.119:38431',
                                       'addr_out': 'tcp://10.4.119.119:40256',
                                       'bulk_size': 0,
                                       'log_level': 'error',
                                       'stall_hwm': 1},
             'agent_scheduling_queue': {'addr_in': 'tcp://10.4.119.119:32793',
                                        'addr_out': 'tcp://10.4.119.119:36484',
                                        'bulk_size': 0,
                                        'log_level': 'error',
                                        'stall_hwm': 1},
             'agent_staging_input_queue': {'addr_in': 'tcp://10.4.119.119:41868',
                                           'addr_out': 'tcp://10.4.119.119:35205',
                                           'bulk_size': 0,
                                           'log_level': 'error',
                                           'stall_hwm': 1},
             'agent_staging_output_queue': {'addr_in': 'tcp://10.4.119.119:34362',
                                            'addr_out': 'tcp://10.4.119.119:34927',
                                            'bulk_size': 0,
                                            'log_level': 'error',
                                            'stall_hwm': 1},
             'agent_unschedule_pubsub': {'addr_in': 'tcp://10.4.119.119:45768',
                                         'addr_out': 'tcp://10.4.119.119:41757',
                                         'bulk_size': 0,
                                         'log_level': 'error',
                                         'stall_hwm': 1},
             'control_pubsub': {'addr_in': 'tcp://10.4.119.119:46536',
                                'addr_out': 'tcp://10.4.119.119:34365',
                                'bulk_size': 0,
                                'log_level': 'error',
                                'stall_hwm': 1},
             'log_pubsub': {'addr_in': 'tcp://10.4.119.119:43882',
                            'addr_out': 'tcp://10.4.119.119:34956',
                            'bulk_size': 0,
                            'log_level': 'error',
                            'stall_hwm': 1},
             'state_pubsub': {'addr_in': 'tcp://10.4.119.119:40164',
                              'addr_out': 'tcp://10.4.119.119:40023',
                              'bulk_size': 0,
                              'log_level': 'error',
                              'stall_hwm': 1}},
 'bulk_collection_size': 100,
 'bulk_collection_time': 1.0,
 'cname': 'UpdateWorker',
 'components': {},
 'cores': 128,
 'cores_per_node': 0,
 'count': 1,
 'cu_post_exec': None,
 'cu_pre_exec': [],
 'cu_tmp': None,
 'db_poll_sleeptime': 1.0,
 'dburl': 'mongodb://rct:rct_test@two.radical-project.org/rct_test',
 'debug': 10,
 'export_to_cu': [],
 'gpus': 8,
 'gpus_per_node': 2,
 'lfs_path_per_node': '$LOCAL',
 'lfs_size_per_node': 3713368,
 'logdir': '.',
 'lrms': 'SLURM',
 'lrms_info': {'agent_nodes': {},
               'cores_per_node': 32,
               'gpus_per_node': 2,
               'lfs_per_node': {'path': '/local/7534480', 'size': 3713368},
               'lm_info': {'cores_per_node': 32},
               'mem_per_node': 0,
               'name': 'Slurm',
               'node_list': [['gpu019', 'gpu019'],
                             ['gpu020', 'gpu020'],
                             ['gpu021', 'gpu021'],
                             ['gpu022', 'gpu022']]},
 'max_io_loglength': 1024,
 'mode': 'shared',
 'mpi_launch_method': 'MPIRUN',
 'number': 0,
 'owner': 'agent_0',
 'pilot_id': 'pilot.0000',
 'pilot_sandbox': '/pylon5/mc3bggp/aymen/radical.pilot.sandbox/rp.session.js-17-21.jetstream-cloud.org.aymen.018292.0007/pilot.0000/',
 'resource_cfg': {'agent_launch_method': 'SSH',
                  'agent_scheduler': 'CONTINUOUS',
                  'agent_spawner': 'POPEN',
                  'cu_pre_exec': [],
                  'default_queue': 'RM',
                  'default_remote_workdir': '$SCRATCH',
                  'description': "The XSEDE 'Bridges' cluster at PSC (https://portal.xsede.org/psc-bridges/).",
                  'export_to_cu': [],
                  'filesystem_endpoint': 'gsisftp://bridges.psc.xsede.org:2222/',
                  'go': {'filesystem_endpoint': 'go://xsede#bridges/',
                         'job_manager_endpoint': 'slurm+ssh://bridges.psc.xsede.org/'},
                  'gpus_per_node': 2,
                  'gsissh': {'filesystem_endpoint': 'gsisftp://bridges.psc.xsede.org:2222/',
                             'job_manager_endpoint': 'slurm+gsissh://bridges.psc.xsede.org:2222/'},
                  'job_manager_endpoint': 'slurm+gsissh://bridges.psc.xsede.org:2222/',
                  'label': 'xsede.bridges',
                  'lfs_path_per_node': '$LOCAL',
                  'lfs_size_per_node': 3713368,
                  'lrms': 'SLURM',
                  'mpi_launch_method': 'MPIRUN',
                  'notes': 'Always set the ``project`` attribute in the ComputePilotDescription.',
                  'pre_bootstrap_0': ['module purge',
                                      'module load gcc',
                                      'module load mpi/gcc_openmpi',
                                      'module load slurm',
                                      'module load python2'],
                  'python_dist': 'default',
                  'rp_version': 'local',
                  'saga_jd_supplement': {'cpu_architecture': ['p100']},
                  'schemas': ['gsissh', 'ssh', 'go'],
                  'ssh': {'filesystem_endpoint': 'sftp://bridges.psc.xsede.org/',
                          'job_manager_endpoint': 'slurm+ssh://bridges.psc.xsede.org/'},
                  'task_launch_method': 'SSH',
                  'valid_roots': ['/home', '/pylon1', '/pylon5'],
                  'virtenv_mode': 'create'},
 'resource_sandbox': '/pylon5/mc3bggp/aymen/radical.pilot.sandbox',
 'runtime': 2880,
 'scheduler': 'CONTINUOUS',
 'session_id': 'rp.session.js-17-21.jetstream-cloud.org.aymen.018292.0007',
 'session_sandbox': '/pylon5/mc3bggp/aymen/radical.pilot.sandbox/rp.session.js-17-21.jetstream-cloud.org.aymen.018292.0007',
 'spawner': 'POPEN',
 'staging_area': 'staging_area',
 'staging_schema': 'staging',
 'target': 'local',
 'task_launch_method': 'SSH',
 'uid': 'agent_0',
 'workdir': '/pylon5/mc3bggp/aymen/radical.pilot.sandbox/rp.session.js-17-21.jetstream-cloud.org.aymen.018292.0007/pilot.0000'}
2020-01-31 01:28:41,595: update.0.child      : update.0                        : MainThread     : DEBUG   : start components: {}
2020-01-31 01:28:41,595: update.0.child      : update.0                        : MainThread     : DEBUG   : alive check in term
2020-01-31 01:28:41,596: update.0.child      : update.0                        : MainThread     : DEBUG   : START: update.0.child register publisher log_pubsub
2020-01-31 01:28:41,596: update.0.child      : update.0                        : MainThread     : DEBUG   : using addr tcp://10.4.119.119:43882 for pubsub log_pubsub
2020-01-31 01:28:41,668: update.0.child      : update.0                        : MainThread     : DEBUG   : registered publisher : log_pubsub : log.pubsub.pub.0003
2020-01-31 01:28:41,668: update.0.child      : update.0                        : MainThread     : DEBUG   : alive check in term
2020-01-31 01:28:41,668: update.0.child      : update.0                        : MainThread     : DEBUG   : START: update.0.child register publisher state_pubsub
2020-01-31 01:28:41,668: update.0.child      : update.0                        : MainThread     : DEBUG   : using addr tcp://10.4.119.119:40164 for pubsub state_pubsub
2020-01-31 01:28:41,673: update.0.child      : update.0                        : MainThread     : DEBUG   : registered publisher : state_pubsub : state.pubsub.pub.0003
2020-01-31 01:28:41,673: update.0.child      : update.0                        : MainThread     : DEBUG   : alive check in term
2020-01-31 01:28:41,673: update.0.child      : update.0                        : MainThread     : DEBUG   : START: update.0.child register publisher control_pubsub
2020-01-31 01:28:41,673: update.0.child      : update.0                        : MainThread     : DEBUG   : using addr tcp://10.4.119.119:46536 for pubsub control_pubsub
2020-01-31 01:28:41,741: update.0.child      : update.0                        : MainThread     : DEBUG   : registered publisher : control_pubsub : control.pubsub.pub.0003
2020-01-31 01:28:41,760: update.0.child      : update.0                        : MainThread     : DEBUG   : alive check in term
2020-01-31 01:28:41,760: update.0.child      : update.0                        : MainThread     : DEBUG   : START: update.0.child register subscriber update.0.child.subscriber._cancel_monitor_cb
2020-01-31 01:28:41,760: update.0.child      : update.0                        : MainThread     : DEBUG   : using addr tcp://10.4.119.119:34365 for pubsub control_pubsub
2020-01-31 01:28:41,763: update.0.child      : update.0                        : MainThread     : DEBUG   : parent name: update.0.child.subscriber._cancel_monitor_cb
2020-01-31 01:28:41,763: update.0.child      : update.0                        : MainThread     : DEBUG   : start thread
2020-01-31 01:28:41,763: update.0.child      : update.0                        : update.0.child.subscriber._cancel_monitor_cb: DEBUG   : child name: update.0.child.subscriber._cancel_monitor_cb.thread
2020-01-31 01:28:41,764: update.0.child      : update.0                        : update.0.child.subscriber._cancel_monitor_cb: INFO    : child (me) initializing
2020-01-31 01:28:41,764: update.0.child      : update.0                        : update.0.child.subscriber._cancel_monitor_cb: DEBUG   : ru_initialize_common (NOOP)
2020-01-31 01:28:41,764: update.0.child      : update.0                        : update.0.child.subscriber._cancel_monitor_cb: DEBUG   : ru_initialize_child (NOOP)
2020-01-31 01:28:41,764: update.0.child      : update.0                        : update.0.child.subscriber._cancel_monitor_cb: INFO    : send alive
2020-01-31 01:28:41,764: update.0.child      : update.0                        : update.0.child.subscriber._cancel_monitor_cb: INFO    : put message: [update.0.child.subscriber._cancel_monitor_cb.thread] alive
2020-01-31 01:28:41,765: update.0.child      : update.0                        : MainThread     : INFO    : get msg: alive
2020-01-31 01:28:41,765: update.0.child      : update.0                        : MainThread     : DEBUG   : ru_initialize_common (NOOP)
2020-01-31 01:28:41,765: update.0.child      : update.0                        : MainThread     : DEBUG   : ru_initialize_parent (NOOP)
2020-01-31 01:28:41,765: update.0.child      : update.0                        : MainThread     : DEBUG   : child thread update.0.child.subscriber._cancel_monitor_cb started
2020-01-31 01:28:41,765: update.0.child      : update.0                        : MainThread     : DEBUG   : update.0.child registered control_pubsub subscriber update.0.child.subscriber._cancel_monitor_cb
2020-01-31 01:28:42,291: update.0.child      : update.0                        : MainThread     : DEBUG   : alive check in term
2020-01-31 01:28:42,292: update.0.child      : update.0                        : MainThread     : DEBUG   : START: update.0.child register subscriber update.0.child.subscriber._state_cb
2020-01-31 01:28:42,292: update.0.child      : update.0                        : MainThread     : DEBUG   : using addr tcp://10.4.119.119:40023 for pubsub state_pubsub
2020-01-31 01:28:42,296: update.0.child      : update.0                        : MainThread     : DEBUG   : parent name: update.0.child.subscriber._state_cb
2020-01-31 01:28:42,296: update.0.child      : update.0                        : MainThread     : DEBUG   : start thread
2020-01-31 01:28:42,297: update.0.child      : update.0                        : update.0.child.subscriber._state_cb: DEBUG   : child name: update.0.child.subscriber._state_cb.thread
2020-01-31 01:28:42,297: update.0.child      : update.0                        : update.0.child.subscriber._state_cb: INFO    : child (me) initializing
2020-01-31 01:28:42,297: update.0.child      : update.0                        : update.0.child.subscriber._state_cb: DEBUG   : ru_initialize_common (NOOP)
2020-01-31 01:28:42,297: update.0.child      : update.0                        : update.0.child.subscriber._state_cb: DEBUG   : ru_initialize_child (NOOP)
2020-01-31 01:28:42,297: update.0.child      : update.0                        : update.0.child.subscriber._state_cb: INFO    : send alive
2020-01-31 01:28:42,297: update.0.child      : update.0                        : update.0.child.subscriber._state_cb: INFO    : put message: [update.0.child.subscriber._state_cb.thread] alive
2020-01-31 01:28:42,298: update.0.child      : update.0                        : MainThread     : INFO    : get msg: alive
2020-01-31 01:28:42,298: update.0.child      : update.0                        : MainThread     : DEBUG   : ru_initialize_common (NOOP)
2020-01-31 01:28:42,298: update.0.child      : update.0                        : MainThread     : DEBUG   : ru_initialize_parent (NOOP)
2020-01-31 01:28:42,298: update.0.child      : update.0                        : MainThread     : DEBUG   : child thread update.0.child.subscriber._state_cb started
2020-01-31 01:28:42,298: update.0.child      : update.0                        : MainThread     : DEBUG   : update.0.child registered state_pubsub subscriber update.0.child.subscriber._state_cb
2020-01-31 01:28:42,299: update.0.child      : update.0                        : MainThread     : DEBUG   : alive check in term
2020-01-31 01:28:42,299: update.0.child      : update.0                        : MainThread     : DEBUG   : START: update.0.child register idler update.0.child.idler._idle_cb
2020-01-31 01:28:42,299: update.0.child      : update.0                        : MainThread     : DEBUG   : parent name: update.0.child.idler._idle_cb
2020-01-31 01:28:42,299: update.0.child      : update.0                        : MainThread     : DEBUG   : start thread
2020-01-31 01:28:42,300: update.0.child      : update.0                        : update.0.child.idler._idle_cb: DEBUG   : child name: update.0.child.idler._idle_cb.thread
2020-01-31 01:28:42,300: update.0.child      : update.0                        : update.0.child.idler._idle_cb: INFO    : child (me) initializing
2020-01-31 01:28:42,300: update.0.child      : update.0                        : update.0.child.idler._idle_cb: DEBUG   : ru_initialize_common (NOOP)
2020-01-31 01:28:42,300: update.0.child      : update.0                        : update.0.child.idler._idle_cb: DEBUG   : ru_initialize_child (NOOP)
2020-01-31 01:28:42,300: update.0.child      : update.0                        : update.0.child.idler._idle_cb: INFO    : send alive
2020-01-31 01:28:42,300: update.0.child      : update.0                        : update.0.child.idler._idle_cb: INFO    : put message: [update.0.child.idler._idle_cb.thread] alive
2020-01-31 01:28:42,301: update.0.child      : update.0                        : MainThread     : INFO    : get msg: alive
2020-01-31 01:28:42,301: update.0.child      : update.0                        : MainThread     : DEBUG   : ru_initialize_common (NOOP)
2020-01-31 01:28:42,301: update.0.child      : update.0                        : MainThread     : DEBUG   : ru_initialize_parent (NOOP)
2020-01-31 01:28:42,301: update.0.child      : update.0                        : MainThread     : DEBUG   : child thread update.0.child.idler._idle_cb started
2020-01-31 01:28:42,301: update.0.child      : update.0                        : MainThread     : DEBUG   : update.0.child registered idler update.0.child.idler._idle_cb
2020-01-31 01:28:42,302: update.0.child      : update.0                        : MainThread     : INFO    : child (me) initializing
2020-01-31 01:28:42,302: update.0.child      : update.0                        : MainThread     : DEBUG   : parent name: update.0.child.watch
2020-01-31 01:28:42,302: update.0.child      : update.0                        : MainThread     : DEBUG   : start thread
2020-01-31 01:28:42,302: update.0.child      : update.0                        : update.0.child.watch: DEBUG   : child name: update.0.child.watch.thread
2020-01-31 01:28:42,303: update.0.child      : update.0                        : update.0.child.watch: INFO    : child (me) initializing
2020-01-31 01:28:42,303: update.0.child      : update.0                        : update.0.child.watch: DEBUG   : ru_initialize_common (NOOP)
2020-01-31 01:28:42,303: update.0.child      : update.0                        : update.0.child.watch: DEBUG   : ru_initialize_child (NOOP)
2020-01-31 01:28:42,303: update.0.child      : update.0                        : update.0.child.watch: INFO    : send alive
2020-01-31 01:28:42,303: update.0.child      : update.0                        : update.0.child.watch: INFO    : put message: [update.0.child.watch.thread] alive
2020-01-31 01:28:42,304: update.0.child      : update.0                        : MainThread     : INFO    : get msg: alive
2020-01-31 01:28:42,304: update.0.child      : update.0                        : MainThread     : DEBUG   : ru_initialize_common (NOOP)
2020-01-31 01:28:42,304: update.0.child      : update.0                        : MainThread     : DEBUG   : ru_initialize_parent (NOOP)
2020-01-31 01:28:42,304: update.0.child      : update.0                        : MainThread     : DEBUG   : child thread update.0.child.watch started
2020-01-31 01:28:42,304: update.0.child      : update.0                        : MainThread     : INFO    : child (me) is alive
2020-01-31 01:28:42,304: update.0.child      : update.0                        : MainThread     : INFO    : send alive
2020-01-31 01:28:42,305: update.0.child      : update.0                        : MainThread     : INFO    : send message: [update.0.child] alive
2020-01-31 01:28:44,045: update.0.child      : update.0                        : update.0.child.subscriber._state_cb: DEBUG   : bulk update result: {'nModified': 1, 'nUpserted': 0, 'nMatched': 1, 'writeErrors': [], 'upserted': [], 'writeConcernErrors': [], 'nRemoved': 0, 'nInserted': 0}
2020-01-31 01:28:45,419: update.0.child      : update.0                        : update.0.child.idler._idle_cb: DEBUG   : bulk update result: {'nModified': 5, 'nUpserted': 0, 'nMatched': 5, 'writeErrors': [], 'upserted': [], 'writeConcernErrors': [], 'nRemoved': 0, 'nInserted': 0}
2020-01-31 01:28:52,432: update.0.child      : update.0                        : update.0.child.subscriber._state_cb: DEBUG   : bulk update result: {'nModified': 1, 'nUpserted': 0, 'nMatched': 1, 'writeErrors': [], 'upserted': [], 'writeConcernErrors': [], 'nRemoved': 0, 'nInserted': 0}
2020-01-31 01:28:53,540: update.0.child      : update.0                        : update.0.child.idler._idle_cb: DEBUG   : bulk update result: {'nModified': 4, 'nUpserted': 0, 'nMatched': 4, 'writeErrors': [], 'upserted': [], 'writeConcernErrors': [], 'nRemoved': 0, 'nInserted': 0}
2020-01-31 01:29:02,901: update.0.child      : update.0                        : update.0.child.subscriber._state_cb: DEBUG   : bulk update result: {'nModified': 1, 'nUpserted': 0, 'nMatched': 1, 'writeErrors': [], 'upserted': [], 'writeConcernErrors': [], 'nRemoved': 0, 'nInserted': 0}
2020-01-31 01:29:04,664: update.0.child      : update.0                        : update.0.child.idler._idle_cb: DEBUG   : bulk update result: {'nModified': 2, 'nUpserted': 0, 'nMatched': 2, 'writeErrors': [], 'upserted': [], 'writeConcernErrors': [], 'nRemoved': 0, 'nInserted': 0}
2020-01-31 01:29:21,413: update.0.child      : update.0                        : update.0.child.subscriber._state_cb: DEBUG   : bulk update result: {'nModified': 1, 'nUpserted': 0, 'nMatched': 1, 'writeErrors': [], 'upserted': [], 'writeConcernErrors': [], 'nRemoved': 0, 'nInserted': 0}
2020-01-31 01:29:22,804: update.0.child      : update.0                        : update.0.child.idler._idle_cb: DEBUG   : bulk update result: {'nModified': 4, 'nUpserted': 0, 'nMatched': 4, 'writeErrors': [], 'upserted': [], 'writeConcernErrors': [], 'nRemoved': 0, 'nInserted': 0}
2020-01-31 01:29:37,094: update.0.child      : update.0                        : update.0.child.subscriber._state_cb: DEBUG   : bulk update result: {'nModified': 1, 'nUpserted': 0, 'nMatched': 1, 'writeErrors': [], 'upserted': [], 'writeConcernErrors': [], 'nRemoved': 0, 'nInserted': 0}
2020-01-31 01:29:38,937: update.0.child      : update.0                        : update.0.child.idler._idle_cb: DEBUG   : bulk update result: {'nModified': 4, 'nUpserted': 0, 'nMatched': 4, 'writeErrors': [], 'upserted': [], 'writeConcernErrors': [], 'nRemoved': 0, 'nInserted': 0}
2020-01-31 01:29:51,677: update.0.child      : update.0                        : update.0.child.subscriber._state_cb: DEBUG   : bulk update result: {'nModified': 1, 'nUpserted': 0, 'nMatched': 1, 'writeErrors': [], 'upserted': [], 'writeConcernErrors': [], 'nRemoved': 0, 'nInserted': 0}
2020-01-31 01:29:53,064: update.0.child      : update.0                        : update.0.child.idler._idle_cb: DEBUG   : bulk update result: {'nModified': 4, 'nUpserted': 0, 'nMatched': 4, 'writeErrors': [], 'upserted': [], 'writeConcernErrors': [], 'nRemoved': 0, 'nInserted': 0}
2020-01-31 01:30:06,251: update.0.child      : update.0                        : update.0.child.subscriber._state_cb: DEBUG   : bulk update result: {'nModified': 1, 'nUpserted': 0, 'nMatched': 1, 'writeErrors': [], 'upserted': [], 'writeConcernErrors': [], 'nRemoved': 0, 'nInserted': 0}
2020-01-31 01:30:08,193: update.0.child      : update.0                        : update.0.child.idler._idle_cb: DEBUG   : bulk update result: {'nModified': 4, 'nUpserted': 0, 'nMatched': 4, 'writeErrors': [], 'upserted': [], 'writeConcernErrors': [], 'nRemoved': 0, 'nInserted': 0}
2020-01-31 01:30:52,814: update.0.child      : update.0                        : update.0.child.subscriber._state_cb: DEBUG   : bulk update result: {'nModified': 1, 'nUpserted': 0, 'nMatched': 1, 'writeErrors': [], 'upserted': [], 'writeConcernErrors': [], 'nRemoved': 0, 'nInserted': 0}
2020-01-31 01:30:53,819: update.0.child      : update.0                        : update.0.child.subscriber._state_cb: DEBUG   : bulk update result: {'nModified': 3, 'nUpserted': 0, 'nMatched': 3, 'writeErrors': [], 'upserted': [], 'writeConcernErrors': [], 'nRemoved': 0, 'nInserted': 0}
2020-01-31 01:30:54,924: update.0.child      : update.0                        : update.0.child.subscriber._state_cb: DEBUG   : bulk update result: {'nModified': 6, 'nUpserted': 0, 'nMatched': 6, 'writeErrors': [], 'upserted': [], 'writeConcernErrors': [], 'nRemoved': 0, 'nInserted': 0}
2020-01-31 01:30:56,376: update.0.child      : update.0                        : update.0.child.idler._idle_cb: DEBUG   : bulk update result: {'nModified': 5, 'nUpserted': 0, 'nMatched': 5, 'writeErrors': [], 'upserted': [], 'writeConcernErrors': [], 'nRemoved': 0, 'nInserted': 0}
2020-01-31 01:31:04,851: update.0.child      : update.0                        : update.0.child.subscriber._cancel_monitor_cb: INFO    : got termination command
2020-01-31 01:31:05,009: update.0.child      : update.0                        : update.0.child.subscriber._cancel_monitor_cb: INFO    : stop update.0.child (6681 : 6681 : update.0.child.subscriber._cancel_monitor_cb) [radical.pilot.worker.update.Update.stop]
2020-01-31 01:31:05,534: update.0.child      : update.0                        : update.0.child.subscriber._cancel_monitor_cb: INFO    : parent stops child  6681 -> 6681 [update.0.child]
2020-01-31 01:31:05,534: update.0.child      : update.0                        : update.0.child.subscriber._cancel_monitor_cb: INFO    : send message: [update.0.child] STOP
2020-01-31 01:31:05,534: update.0.child      : update.0                        : update.0.child.subscriber._cancel_monitor_cb: DEBUG   : TERM : update.0.child unregister idler update.0.child.idler._idle_cb
2020-01-31 01:31:05,534: update.0.child      : update.0                        : update.0.child.subscriber._cancel_monitor_cb: INFO    : signal stop for update.0.child.subscriber._cancel_monitor_cb
2020-01-31 01:31:05,534: update.0.child      : update.0                        : update.0.child.subscriber._cancel_monitor_cb: DEBUG   : TERM : update.0.child unregistered idler update.0.child.idler._idle_cb
2020-01-31 01:31:05,535: update.0.child      : update.0                        : update.0.child.subscriber._cancel_monitor_cb: DEBUG   : TERM : update.0.child unregister subscriber update.0.child.subscriber._state_cb
2020-01-31 01:31:05,535: update.0.child      : update.0                        : update.0.child.subscriber._cancel_monitor_cb: DEBUG   : unregistered subscriber update.0.child.subscriber._state_cb
2020-01-31 01:31:05,535: update.0.child      : update.0                        : update.0.child.subscriber._cancel_monitor_cb: DEBUG   : ru_finalize_common()
2020-01-31 01:31:05,535: update.0.child      : update.0                        : update.0.child.subscriber._cancel_monitor_cb: DEBUG   : TERM : update.0.child unregister publisher log_pubsub
2020-01-31 01:31:05,536: update.0.child      : update.0                        : update.0.child.subscriber._cancel_monitor_cb: DEBUG   : unregistered publisher log_pubsub
2020-01-31 01:31:05,537: update.0.child      : update.0                        : update.0.child.subscriber._cancel_monitor_cb: DEBUG   : TERM : update.0.child unregister publisher state_pubsub
2020-01-31 01:31:05,538: update.0.child      : update.0                        : update.0.child.subscriber._cancel_monitor_cb: DEBUG   : unregistered publisher state_pubsub
2020-01-31 01:31:05,538: update.0.child      : update.0                        : update.0.child.subscriber._cancel_monitor_cb: DEBUG   : TERM : update.0.child unregister publisher control_pubsub
2020-01-31 01:31:05,539: update.0.child      : update.0                        : update.0.child.subscriber._cancel_monitor_cb: DEBUG   : unregistered publisher control_pubsub
2020-01-31 01:31:05,539: update.0.child      : update.0                        : update.0.child.subscriber._cancel_monitor_cb: DEBUG   : update.0.child close prof
2020-01-31 01:31:05,568: update.0.child      : update.0                        : update.0.child.watch: INFO    : recv message: 
2020-01-31 01:31:05,568: update.0.child      : update.0                        : update.0.child.watch: INFO    : message received: 
2020-01-31 01:31:05,568: update.0.child      : update.0                        : update.0.child.watch: WARNING : no message, parent closed ep!
2020-01-31 01:31:05,568: update.0.child      : update.0                        : update.0.child.watch: INFO    : watcher closes
2020-01-31 01:31:05,568: update.0.child      : update.0                        : update.0.child.watch: INFO    : put message: [update.0.child.watch.thread] work finished
2020-01-31 01:31:05,568: update.0.child      : update.0                        : update.0.child.watch: DEBUG   : ru_finalize_child (NOOP)
2020-01-31 01:31:05,568: update.0.child      : update.0                        : update.0.child.watch: DEBUG   : ru_finalize_common (NOOP)
2020-01-31 01:31:05,569: update.0.child      : update.0                        : update.0.child.watch: INFO    : put message: [update.0.child.watch.thread] terminating
2020-01-31 01:31:05,654: update.0.child      : update.0                        : MainThread     : DEBUG   : TERM : update.0.child unregister idler update.0.child.idler._idle_cb
2020-01-31 01:31:05,971: update.0.child      : update.0                        : update.0.child.subscriber._cancel_monitor_cb: INFO    : signal stop for update.0.child.subscriber._cancel_monitor_cb
2020-01-31 01:31:05,971: update.0.child      : update.0                        : update.0.child.subscriber._cancel_monitor_cb: INFO    : child calls stop()
2020-01-31 01:31:05,971: update.0.child      : update.0                        : update.0.child.subscriber._cancel_monitor_cb: INFO    : signal stop for update.0.child.subscriber._cancel_monitor_cb
2020-01-31 01:31:05,971: update.0.child      : update.0                        : update.0.child.subscriber._cancel_monitor_cb: INFO    : signal stop for update.0.child.subscriber._cancel_monitor_cb
2020-01-31 01:31:05,971: update.0.child      : update.0                        : update.0.child.subscriber._cancel_monitor_cb: INFO    : signal stop for update.0.child.subscriber._cancel_monitor_cb
2020-01-31 01:31:05,971: update.0.child      : update.0                        : update.0.child.subscriber._cancel_monitor_cb: INFO    : signal stop for update.0.child.subscriber._cancel_monitor_cb
2020-01-31 01:31:05,972: update.0.child      : update.0                        : update.0.child.idler._idle_cb: DEBUG   : ru_finalize_child (NOOP)
2020-01-31 01:31:05,972: update.0.child      : update.0                        : update.0.child.subscriber._cancel_monitor_cb: DEBUG   : ru_finalize_child (NOOP)
2020-01-31 01:31:05,972: update.0.child      : update.0                        : MainThread     : WARNING : timed cb update.0.child.idler._idle_cb is not registered
2020-01-31 01:31:05,972: update.0.child      : update.0                        : update.0.child.idler._idle_cb: DEBUG   : ru_finalize_common (NOOP)
2020-01-31 01:31:05,972: update.0.child      : update.0                        : MainThread     : DEBUG   : TERM : update.0.child unregister subscriber update.0.child.subscriber._state_cb
2020-01-31 01:31:05,973: update.0.child      : update.0                        : update.0.child.idler._idle_cb: INFO    : put message: [update.0.child.idler._idle_cb.thread] terminating
2020-01-31 01:31:05,973: update.0.child      : update.0                        : MainThread     : WARNING : subscriber _state_cb is not registered
2020-01-31 01:31:05,973: update.0.child      : update.0                        : MainThread     : DEBUG   : ru_finalize_common()
2020-01-31 01:31:05,973: update.0.child      : update.0                        : MainThread     : WARNING : publisher log_pubsub is not registered
2020-01-31 01:31:05,973: update.0.child      : update.0                        : MainThread     : WARNING : publisher state_pubsub is not registered
2020-01-31 01:31:05,974: update.0.child      : update.0                        : update.0.child.subscriber._cancel_monitor_cb: INFO    : put message: [update.0.child.subscriber._cancel_monitor_cb.thread] terminating
2020-01-31 01:31:05,974: update.0.child      : update.0                        : MainThread     : WARNING : publisher control_pubsub is not registered
2020-01-31 01:31:05,974: update.0.child      : update.0                        : MainThread     : DEBUG   : update.0.child close prof
2020-01-31 01:31:05,974: update.0.child      : update.0                        : MainThread     : INFO    : send message: [update.0.child] terminating
2020-01-31 01:31:05,975: update.0.child      : update.0                        : MainThread     : WARNING : send failed ([Errno 9] Bad file descriptor) - terminate
2020-01-31 01:31:05,975: update.0.child      : update.0                        : MainThread     : INFO    : parent stops child
2020-01-31 01:31:05,975: update.0.child      : update.0                        : MainThread     : DEBUG   : ru_finalize_parent (NOOP)
2020-01-31 01:31:05,975: update.0.child      : update.0                        : MainThread     : INFO    : parent stops child
2020-01-31 01:31:05,975: update.0.child      : update.0                        : MainThread     : DEBUG   : ru_finalize_parent (NOOP)
2020-01-31 01:31:05,976: update.0.child      : update.0                        : update.0.child.subscriber._state_cb: DEBUG   : ru_finalize_child (NOOP)
2020-01-31 01:31:05,976: update.0.child      : update.0                        : update.0.child.subscriber._state_cb: INFO    : put message: [update.0.child.subscriber._state_cb.thread] terminating
2020-01-31 01:31:05,977: update.0.child      : update.0                        : MainThread     : INFO    : parent stops child
2020-01-31 01:31:05,978: update.0.child      : update.0                        : MainThread     : DEBUG   : ru_finalize_parent (NOOP)
2020-01-31 01:31:05,978: update.0.child      : update.0                        : MainThread     : DEBUG   : ru_finalize_common (NOOP)
