GEOTIFF image1 detected  /pylon5/mc3bggp/aymen/Penguin_colonies_2000Pix/BEAU/Aerial/CA256832V0230_Panel1.tif
GEOTIFF image2 detected  /pylon5/mc3bggp/aymen/Penguin_colonies_2000Pix/BEAU/Satellite/WV02_20111225130502_103001001071A100_11DEC25130502-M1BS-052888272030_01_P001_u08rf3031.tif
gdal source image 1 inforamtion    0
Source image size = (2000,2000)
Target image size = (2000,2000)
Initializing data...
Device Number: 0
  Device name: Tesla P100-PCIE-16GB
  Memory Clock Rate (MHz): 715
  Memory Bus Width (bits): 4096
  Peak Memory Bandwidth (GB/s): 732.2

Threshold value :3
MatchSiftData time =          17.25 ms
Number features detected by SIFT descriptors : Source Image 36050, Target Image 1059
Number of Matched features: 0
Number of fitted features after applying ImproveHomography : 0
0% 
/pylon5/mc3bggp/aymen/Penguin_colonies_2000Pix/BEAU/Aerial/CA256832V0230_Panel1.tifimg1 saved
img2 saved
Output Images are saved in the same directory !) 
PUB: tcp://10.4.219.119:38612

SUB: tcp://10.4.219.119:37677

PUB: tcp://10.4.219.120:40806

{'type': 'image', 'data': '/pylon5/mc3bggp/aymen/Penguin_colonies_2000Pix/BEAU/Aerial/CA256832V0230_Panel1.tif$/pylon5/mc3bggp/aymen/Penguin_colonies_2000Pix/BEAU/Satellite/WV02_20111225130502_103001001071A100_11DEC25130502-M1BS-052888272030_01_P001_u08rf3031.tif$2000$2000$2000$2000'}
('This is the message : ', '/pylon5/mc3bggp/aymen/Penguin_colonies_2000Pix/BEAU/Aerial/CA256832V0230_Panel1.tif$/pylon5/mc3bggp/aymen/Penguin_colonies_2000Pix/BEAU/Satellite/WV02_20111225130502_103001001071A100_11DEC25130502-M1BS-052888272030_01_P001_u08rf3031.tif$2000$2000$2000$2000')
This is matching function
('New message will be sent to Q2: ', '/pylon5/mc3bggp/aymen/Penguin_colonies_2000Pix/BEAU/Aerial/CA256832V0230_Panel1.tif$/pylon5/mc3bggp/aymen/Penguin_colonies_2000Pix/BEAU/Satellite/WV02_20111225130502_103001001071A100_11DEC25130502-M1BS-052888272030_01_P001_u08rf3031.tif$/pylon5/mc3bggp/aymen/cuda_out/sift_matches_CA256832V0230_Panel1_WV02_20111225130502_103001001071A100_11DEC25130502-M1BS-052888272030_01_P001_u08rf3031.csv')
GEOTIFF image1 detected  /pylon5/mc3bggp/aymen/Penguin_colonies_2000Pix/BEAU/Aerial/CA305300V0089_Panel1.tif
GEOTIFF image2 detected  /pylon5/mc3bggp/aymen/Penguin_colonies_2000Pix/BEAU/Satellite/WV02_20111227133152_1030010010368D00_11DEC27133152-M1BS-052888284040_01_P001_u08rf3031.tif
gdal source image 1 inforamtion    0
Source image size = (2000,2000)
Target image size = (2000,2000)
Initializing data...
Device Number: 0
  Device name: Tesla P100-PCIE-16GB
  Memory Clock Rate (MHz): 715
  Memory Bus Width (bits): 4096
  Peak Memory Bandwidth (GB/s): 732.2

Threshold value :3
MatchSiftData time =          7.93 ms
Number features detected by SIFT descriptors : Source Image 11304, Target Image 1839
Number of Matched features: 0
Number of fitted features after applying ImproveHomography : 0
0% 
/pylon5/mc3bggp/aymen/Penguin_colonies_2000Pix/BEAU/Aerial/CA305300V0089_Panel1.tifimg1 saved
img2 saved
Output Images are saved in the same directory !) 
{'type': 'image', 'data': '/pylon5/mc3bggp/aymen/Penguin_colonies_2000Pix/BEAU/Aerial/CA305300V0089_Panel1.tif$/pylon5/mc3bggp/aymen/Penguin_colonies_2000Pix/BEAU/Satellite/WV02_20111227133152_1030010010368D00_11DEC27133152-M1BS-052888284040_01_P001_u08rf3031.tif$2000$2000$2000$2000'}
('This is the message : ', '/pylon5/mc3bggp/aymen/Penguin_colonies_2000Pix/BEAU/Aerial/CA305300V0089_Panel1.tif$/pylon5/mc3bggp/aymen/Penguin_colonies_2000Pix/BEAU/Satellite/WV02_20111227133152_1030010010368D00_11DEC27133152-M1BS-052888284040_01_P001_u08rf3031.tif$2000$2000$2000$2000')
This is matching function
('New message will be sent to Q2: ', '/pylon5/mc3bggp/aymen/Penguin_colonies_2000Pix/BEAU/Aerial/CA305300V0089_Panel1.tif$/pylon5/mc3bggp/aymen/Penguin_colonies_2000Pix/BEAU/Satellite/WV02_20111227133152_1030010010368D00_11DEC27133152-M1BS-052888284040_01_P001_u08rf3031.tif$/pylon5/mc3bggp/aymen/cuda_out/sift_matches_CA305300V0089_Panel1_WV02_20111227133152_1030010010368D00_11DEC27133152-M1BS-052888284040_01_P001_u08rf3031.csv')
GEOTIFF image1 detected  /pylon5/mc3bggp/aymen/Penguin_colonies_2000Pix/BEAU/Aerial/CA305300V0089_Panel1.tif
GEOTIFF image2 detected  /pylon5/mc3bggp/aymen/Penguin_colonies_2000Pix/BEAU/Satellite/WV02_20111212160201_103001000FBF5200_11DEC12160201-M1BS-052850989070_01_P001_u08rf3031.tif
gdal source image 1 inforamtion    0
Source image size = (2000,2000)
Target image size = (2000,2000)
Initializing data...
Device Number: 0
  Device name: Tesla P100-PCIE-16GB
  Memory Clock Rate (MHz): 715
  Memory Bus Width (bits): 4096
  Peak Memory Bandwidth (GB/s): 732.2

Threshold value :3
MatchSiftData time =          10.75 ms
Number features detected by SIFT descriptors : Source Image 11304, Target Image 2606
Number of Matched features: 0
Number of fitted features after applying ImproveHomography : 0
0% 
/pylon5/mc3bggp/aymen/Penguin_colonies_2000Pix/BEAU/Aerial/CA305300V0089_Panel1.tifimg1 saved
img2 saved
Output Images are saved in the same directory !) 
{'type': 'image', 'data': '/pylon5/mc3bggp/aymen/Penguin_colonies_2000Pix/BEAU/Aerial/CA305300V0089_Panel1.tif$/pylon5/mc3bggp/aymen/Penguin_colonies_2000Pix/BEAU/Satellite/WV02_20111212160201_103001000FBF5200_11DEC12160201-M1BS-052850989070_01_P001_u08rf3031.tif$2000$2000$2000$2000'}
('This is the message : ', '/pylon5/mc3bggp/aymen/Penguin_colonies_2000Pix/BEAU/Aerial/CA305300V0089_Panel1.tif$/pylon5/mc3bggp/aymen/Penguin_colonies_2000Pix/BEAU/Satellite/WV02_20111212160201_103001000FBF5200_11DEC12160201-M1BS-052850989070_01_P001_u08rf3031.tif$2000$2000$2000$2000')
This is matching function
('New message will be sent to Q2: ', '/pylon5/mc3bggp/aymen/Penguin_colonies_2000Pix/BEAU/Aerial/CA305300V0089_Panel1.tif$/pylon5/mc3bggp/aymen/Penguin_colonies_2000Pix/BEAU/Satellite/WV02_20111212160201_103001000FBF5200_11DEC12160201-M1BS-052850989070_01_P001_u08rf3031.tif$/pylon5/mc3bggp/aymen/cuda_out/sift_matches_CA305300V0089_Panel1_WV02_20111212160201_103001000FBF5200_11DEC12160201-M1BS-052850989070_01_P001_u08rf3031.csv')
GEOTIFF image1 detected  /pylon5/mc3bggp/aymen/Penguin_colonies_2000Pix/BRDN/Aerial/CA257132V0004_Panel3.tif
GEOTIFF image2 detected  /pylon5/mc3bggp/aymen/Penguin_colonies_2000Pix/BRDN/Satellite/WV02_20160123205233_1030010051A98200_16JAN23205233-M1BS-500638387040_01_P001_u08rf3031.tif
gdal source image 1 inforamtion    0
Source image size = (2000,2000)
Target image size = (2000,2000)
Initializing data...
Device Number: 0
  Device name: Tesla P100-PCIE-16GB
  Memory Clock Rate (MHz): 715
  Memory Bus Width (bits): 4096
  Peak Memory Bandwidth (GB/s): 732.2

Threshold value :3
MatchSiftData time =          1.08 ms
Number features detected by SIFT descriptors : Source Image 1573, Target Image 1187
Number of Matched features: 0
Number of fitted features after applying ImproveHomography : 0
0% 
/pylon5/mc3bggp/aymen/Penguin_colonies_2000Pix/BRDN/Aerial/CA257132V0004_Panel3.tifimg1 saved
img2 saved
Output Images are saved in the same directory !) 
{'type': 'image', 'data': '/pylon5/mc3bggp/aymen/Penguin_colonies_2000Pix/BRDN/Aerial/CA257132V0004_Panel3.tif$/pylon5/mc3bggp/aymen/Penguin_colonies_2000Pix/BRDN/Satellite/WV02_20160123205233_1030010051A98200_16JAN23205233-M1BS-500638387040_01_P001_u08rf3031.tif$2000$2000$2000$2000'}
('This is the message : ', '/pylon5/mc3bggp/aymen/Penguin_colonies_2000Pix/BRDN/Aerial/CA257132V0004_Panel3.tif$/pylon5/mc3bggp/aymen/Penguin_colonies_2000Pix/BRDN/Satellite/WV02_20160123205233_1030010051A98200_16JAN23205233-M1BS-500638387040_01_P001_u08rf3031.tif$2000$2000$2000$2000')
This is matching function
('New message will be sent to Q2: ', '/pylon5/mc3bggp/aymen/Penguin_colonies_2000Pix/BRDN/Aerial/CA257132V0004_Panel3.tif$/pylon5/mc3bggp/aymen/Penguin_colonies_2000Pix/BRDN/Satellite/WV02_20160123205233_1030010051A98200_16JAN23205233-M1BS-500638387040_01_P001_u08rf3031.tif$/pylon5/mc3bggp/aymen/cuda_out/sift_matches_CA257132V0004_Panel3_WV02_20160123205233_1030010051A98200_16JAN23205233-M1BS-500638387040_01_P001_u08rf3031.csv')
GEOTIFF image1 detected  /pylon5/mc3bggp/aymen/Penguin_colonies_2000Pix/BRDN/Aerial/CA257132V0002_Panel1.tif
GEOTIFF image2 detected  /pylon5/mc3bggp/aymen/Penguin_colonies_2000Pix/BRDN/Satellite/WV02_20151216141822_103001004FACD500_15DEC16141822-M1BS-500637522020_01_P008_u08rf3031.tif
gdal source image 1 inforamtion    0
Source image size = (2000,2000)
Target image size = (2000,2000)
Initializing data...
Device Number: 0
  Device name: Tesla P100-PCIE-16GB
  Memory Clock Rate (MHz): 715
  Memory Bus Width (bits): 4096
  Peak Memory Bandwidth (GB/s): 732.2

Threshold value :3
MatchSiftData time =          2.23 ms
Number features detected by SIFT descriptors : Source Image 4695, Target Image 998
Number of Matched features: 0
Number of fitted features after applying ImproveHomography : 0
0% 
/pylon5/mc3bggp/aymen/Penguin_colonies_2000Pix/BRDN/Aerial/CA257132V0002_Panel1.tifimg1 saved
img2 saved
Output Images are saved in the same directory !) 
{'type': 'image', 'data': '/pylon5/mc3bggp/aymen/Penguin_colonies_2000Pix/BRDN/Aerial/CA257132V0002_Panel1.tif$/pylon5/mc3bggp/aymen/Penguin_colonies_2000Pix/BRDN/Satellite/WV02_20151216141822_103001004FACD500_15DEC16141822-M1BS-500637522020_01_P008_u08rf3031.tif$2000$2000$2000$2000'}
('This is the message : ', '/pylon5/mc3bggp/aymen/Penguin_colonies_2000Pix/BRDN/Aerial/CA257132V0002_Panel1.tif$/pylon5/mc3bggp/aymen/Penguin_colonies_2000Pix/BRDN/Satellite/WV02_20151216141822_103001004FACD500_15DEC16141822-M1BS-500637522020_01_P008_u08rf3031.tif$2000$2000$2000$2000')
This is matching function
('New message will be sent to Q2: ', '/pylon5/mc3bggp/aymen/Penguin_colonies_2000Pix/BRDN/Aerial/CA257132V0002_Panel1.tif$/pylon5/mc3bggp/aymen/Penguin_colonies_2000Pix/BRDN/Satellite/WV02_20151216141822_103001004FACD500_15DEC16141822-M1BS-500637522020_01_P008_u08rf3031.tif$/pylon5/mc3bggp/aymen/cuda_out/sift_matches_CA257132V0002_Panel1_WV02_20151216141822_103001004FACD500_15DEC16141822-M1BS-500637522020_01_P008_u08rf3031.csv')
GEOTIFF image1 detected  /pylon5/mc3bggp/aymen/Penguin_colonies_2000Pix/BRDN/Aerial/CA257132V0003_Panel2.tif
GEOTIFF image2 detected  /pylon5/mc3bggp/aymen/Penguin_colonies_2000Pix/BRDN/Satellite/WV02_20160123205234_1030010051A98200_16JAN23205234-M1BS-500638387040_01_P002_u08rf3031.tif
gdal source image 1 inforamtion    0
Source image size = (2000,2000)
Target image size = (2000,2000)
Initializing data...
Device Number: 0
  Device name: Tesla P100-PCIE-16GB
  Memory Clock Rate (MHz): 715
  Memory Bus Width (bits): 4096
  Peak Memory Bandwidth (GB/s): 732.2

Threshold value :3
MatchSiftData time =          0.78 ms
Number features detected by SIFT descriptors : Source Image 2050, Target Image 397
Number of Matched features: 0
Number of fitted features after applying ImproveHomography : 0
0% 
/pylon5/mc3bggp/aymen/Penguin_colonies_2000Pix/BRDN/Aerial/CA257132V0003_Panel2.tifimg1 saved
img2 saved
Output Images are saved in the same directory !) 
{'type': 'image', 'data': '/pylon5/mc3bggp/aymen/Penguin_colonies_2000Pix/BRDN/Aerial/CA257132V0003_Panel2.tif$/pylon5/mc3bggp/aymen/Penguin_colonies_2000Pix/BRDN/Satellite/WV02_20160123205234_1030010051A98200_16JAN23205234-M1BS-500638387040_01_P002_u08rf3031.tif$2000$2000$2000$2000'}
('This is the message : ', '/pylon5/mc3bggp/aymen/Penguin_colonies_2000Pix/BRDN/Aerial/CA257132V0003_Panel2.tif$/pylon5/mc3bggp/aymen/Penguin_colonies_2000Pix/BRDN/Satellite/WV02_20160123205234_1030010051A98200_16JAN23205234-M1BS-500638387040_01_P002_u08rf3031.tif$2000$2000$2000$2000')
This is matching function
('New message will be sent to Q2: ', '/pylon5/mc3bggp/aymen/Penguin_colonies_2000Pix/BRDN/Aerial/CA257132V0003_Panel2.tif$/pylon5/mc3bggp/aymen/Penguin_colonies_2000Pix/BRDN/Satellite/WV02_20160123205234_1030010051A98200_16JAN23205234-M1BS-500638387040_01_P002_u08rf3031.tif$/pylon5/mc3bggp/aymen/cuda_out/sift_matches_CA257132V0003_Panel2_WV02_20160123205234_1030010051A98200_16JAN23205234-M1BS-500638387040_01_P002_u08rf3031.csv')
GEOTIFF image1 detected  /pylon5/mc3bggp/aymen/Penguin_colonies_2000Pix/BRDS/Aerial/CA256932V0249_Panel4.tif
GEOTIFF image2 detected  /pylon5/mc3bggp/aymen/Penguin_colonies_2000Pix/BRDS/Satellite/WV02_20151216141939_103001004D155E00_15DEC16141939-M1BS-500637503050_01_P007_u08rf3031.tif
gdal source image 1 inforamtion    0
Source image size = (2000,2000)
Target image size = (2000,2000)
Initializing data...
Device Number: 0
  Device name: Tesla P100-PCIE-16GB
  Memory Clock Rate (MHz): 715
  Memory Bus Width (bits): 4096
  Peak Memory Bandwidth (GB/s): 732.2

Threshold value :3
MatchSiftData time =          53.45 ms
Number features detected by SIFT descriptors : Source Image 9522, Target Image 23707
Number of Matched features: 0
Number of fitted features after applying ImproveHomography : 0
0% 
/pylon5/mc3bggp/aymen/Penguin_colonies_2000Pix/BRDS/Aerial/CA256932V0249_Panel4.tifimg1 saved
img2 saved
Output Images are saved in the same directory !) 
{'type': 'image', 'data': '/pylon5/mc3bggp/aymen/Penguin_colonies_2000Pix/BRDS/Aerial/CA256932V0249_Panel4.tif$/pylon5/mc3bggp/aymen/Penguin_colonies_2000Pix/BRDS/Satellite/WV02_20151216141939_103001004D155E00_15DEC16141939-M1BS-500637503050_01_P007_u08rf3031.tif$2000$2000$2000$2000'}
('This is the message : ', '/pylon5/mc3bggp/aymen/Penguin_colonies_2000Pix/BRDS/Aerial/CA256932V0249_Panel4.tif$/pylon5/mc3bggp/aymen/Penguin_colonies_2000Pix/BRDS/Satellite/WV02_20151216141939_103001004D155E00_15DEC16141939-M1BS-500637503050_01_P007_u08rf3031.tif$2000$2000$2000$2000')
This is matching function
('New message will be sent to Q2: ', '/pylon5/mc3bggp/aymen/Penguin_colonies_2000Pix/BRDS/Aerial/CA256932V0249_Panel4.tif$/pylon5/mc3bggp/aymen/Penguin_colonies_2000Pix/BRDS/Satellite/WV02_20151216141939_103001004D155E00_15DEC16141939-M1BS-500637503050_01_P007_u08rf3031.tif$/pylon5/mc3bggp/aymen/cuda_out/sift_matches_CA256932V0249_Panel4_WV02_20151216141939_103001004D155E00_15DEC16141939-M1BS-500637503050_01_P007_u08rf3031.csv')
GEOTIFF image1 detected  /pylon5/mc3bggp/aymen/Penguin_colonies_2000Pix/BRDS/Aerial/CA256932V0246_Panel1.tif
GEOTIFF image2 detected  /pylon5/mc3bggp/aymen/Penguin_colonies_2000Pix/BRDS/Satellite/WV02_20151216141820_103001004FACD500_15DEC16141820-M1BS-500637522020_01_P007_u08rf3031.tif
gdal source image 1 inforamtion    0
Source image size = (2000,2000)
Target image size = (2000,2000)
Initializing data...
Device Number: 0
  Device name: Tesla P100-PCIE-16GB
  Memory Clock Rate (MHz): 715
  Memory Bus Width (bits): 4096
  Peak Memory Bandwidth (GB/s): 732.2

Threshold value :3
MatchSiftData time =          40.68 ms
Number features detected by SIFT descriptors : Source Image 10053, Target Image 16150
Number of Matched features: 0
Number of fitted features after applying ImproveHomography : 0
0% 
/pylon5/mc3bggp/aymen/Penguin_colonies_2000Pix/BRDS/Aerial/CA256932V0246_Panel1.tifimg1 saved
img2 saved
Output Images are saved in the same directory !) 
{'type': 'image', 'data': '/pylon5/mc3bggp/aymen/Penguin_colonies_2000Pix/BRDS/Aerial/CA256932V0246_Panel1.tif$/pylon5/mc3bggp/aymen/Penguin_colonies_2000Pix/BRDS/Satellite/WV02_20151216141820_103001004FACD500_15DEC16141820-M1BS-500637522020_01_P007_u08rf3031.tif$2000$2000$2000$2000'}
('This is the message : ', '/pylon5/mc3bggp/aymen/Penguin_colonies_2000Pix/BRDS/Aerial/CA256932V0246_Panel1.tif$/pylon5/mc3bggp/aymen/Penguin_colonies_2000Pix/BRDS/Satellite/WV02_20151216141820_103001004FACD500_15DEC16141820-M1BS-500637522020_01_P007_u08rf3031.tif$2000$2000$2000$2000')
This is matching function
('New message will be sent to Q2: ', '/pylon5/mc3bggp/aymen/Penguin_colonies_2000Pix/BRDS/Aerial/CA256932V0246_Panel1.tif$/pylon5/mc3bggp/aymen/Penguin_colonies_2000Pix/BRDS/Satellite/WV02_20151216141820_103001004FACD500_15DEC16141820-M1BS-500637522020_01_P007_u08rf3031.tif$/pylon5/mc3bggp/aymen/cuda_out/sift_matches_CA256932V0246_Panel1_WV02_20151216141820_103001004FACD500_15DEC16141820-M1BS-500637522020_01_P007_u08rf3031.csv')
GEOTIFF image1 detected  /pylon5/mc3bggp/aymen/Penguin_colonies_2000Pix/BRDS/Aerial/CA256932V0250_Panel5.tif
GEOTIFF image2 detected  /pylon5/mc3bggp/aymen/Penguin_colonies_2000Pix/BRDS/Satellite/WV02_20151205205948_103001004E6C0B00_15DEC05205948-M1BS-500637505080_01_P002_u08rf3031.tif
gdal source image 1 inforamtion    0
Source image size = (2000,2000)
Target image size = (2000,2000)
Initializing data...
Device Number: 0
  Device name: Tesla P100-PCIE-16GB
  Memory Clock Rate (MHz): 715
  Memory Bus Width (bits): 4096
  Peak Memory Bandwidth (GB/s): 732.2

Threshold value :3
MatchSiftData time =          84.48 ms
Number features detected by SIFT descriptors : Source Image 20084, Target Image 16982
Number of Matched features: 0
Number of fitted features after applying ImproveHomography : 0
0% 
/pylon5/mc3bggp/aymen/Penguin_colonies_2000Pix/BRDS/Aerial/CA256932V0250_Panel5.tifimg1 saved
img2 saved
Output Images are saved in the same directory !) 
{'type': 'image', 'data': '/pylon5/mc3bggp/aymen/Penguin_colonies_2000Pix/BRDS/Aerial/CA256932V0250_Panel5.tif$/pylon5/mc3bggp/aymen/Penguin_colonies_2000Pix/BRDS/Satellite/WV02_20151205205948_103001004E6C0B00_15DEC05205948-M1BS-500637505080_01_P002_u08rf3031.tif$2000$2000$2000$2000'}
('This is the message : ', '/pylon5/mc3bggp/aymen/Penguin_colonies_2000Pix/BRDS/Aerial/CA256932V0250_Panel5.tif$/pylon5/mc3bggp/aymen/Penguin_colonies_2000Pix/BRDS/Satellite/WV02_20151205205948_103001004E6C0B00_15DEC05205948-M1BS-500637505080_01_P002_u08rf3031.tif$2000$2000$2000$2000')
This is matching function
('New message will be sent to Q2: ', '/pylon5/mc3bggp/aymen/Penguin_colonies_2000Pix/BRDS/Aerial/CA256932V0250_Panel5.tif$/pylon5/mc3bggp/aymen/Penguin_colonies_2000Pix/BRDS/Satellite/WV02_20151205205948_103001004E6C0B00_15DEC05205948-M1BS-500637505080_01_P002_u08rf3031.tif$/pylon5/mc3bggp/aymen/cuda_out/sift_matches_CA256932V0250_Panel5_WV02_20151205205948_103001004E6C0B00_15DEC05205948-M1BS-500637505080_01_P002_u08rf3031.csv')
GEOTIFF image1 detected  /pylon5/mc3bggp/aymen/Penguin_colonies_2000Pix/CROZ/Aerial/CA256132V0145_CROZ_9Dec1983.tif
GEOTIFF image2 detected  /pylon5/mc3bggp/aymen/Penguin_colonies_2000Pix/CROZ/Satellite/WV02_20110201205548_1030010009810400_11FEB01205548-M1BS-052549109050_01_P002_u08rf3031.tif
gdal source image 1 inforamtion    0
Source image size = (2000,2000)
Target image size = (2000,2000)
Initializing data...
Device Number: 0
  Device name: Tesla P100-PCIE-16GB
  Memory Clock Rate (MHz): 715
  Memory Bus Width (bits): 4096
  Peak Memory Bandwidth (GB/s): 732.2

Threshold value :3
Number features detected by SIFT descriptors : Source Image 22650, Target Image 0
Number of Matched features: 0
Number of fitted features after applying ImproveHomography : 22650
inf% 
/pylon5/mc3bggp/aymen/Penguin_colonies_2000Pix/CROZ/Aerial/CA256132V0145_CROZ_9Dec1983.tifimg1 saved
img2 saved
Output Images are saved in the same directory !) 
{'type': 'image', 'data': '/pylon5/mc3bggp/aymen/Penguin_colonies_2000Pix/CROZ/Aerial/CA256132V0145_CROZ_9Dec1983.tif$/pylon5/mc3bggp/aymen/Penguin_colonies_2000Pix/CROZ/Satellite/WV02_20110201205548_1030010009810400_11FEB01205548-M1BS-052549109050_01_P002_u08rf3031.tif$2000$2000$2000$2000'}
('This is the message : ', '/pylon5/mc3bggp/aymen/Penguin_colonies_2000Pix/CROZ/Aerial/CA256132V0145_CROZ_9Dec1983.tif$/pylon5/mc3bggp/aymen/Penguin_colonies_2000Pix/CROZ/Satellite/WV02_20110201205548_1030010009810400_11FEB01205548-M1BS-052549109050_01_P002_u08rf3031.tif$2000$2000$2000$2000')
This is matching function
('New message will be sent to Q2: ', '/pylon5/mc3bggp/aymen/Penguin_colonies_2000Pix/CROZ/Aerial/CA256132V0145_CROZ_9Dec1983.tif$/pylon5/mc3bggp/aymen/Penguin_colonies_2000Pix/CROZ/Satellite/WV02_20110201205548_1030010009810400_11FEB01205548-M1BS-052549109050_01_P002_u08rf3031.tif$/pylon5/mc3bggp/aymen/cuda_out/sift_matches_CA256132V0145_CROZ_9Dec1983_WV02_20110201205548_1030010009810400_11FEB01205548-M1BS-052549109050_01_P002_u08rf3031.csv')
GEOTIFF image1 detected  /pylon5/mc3bggp/aymen/Penguin_colonies_2000Pix/CROZ/Aerial/CA256132V0145_CROZ_9Dec1983.tif
GEOTIFF image2 detected  /pylon5/mc3bggp/aymen/Penguin_colonies_2000Pix/CROZ/Satellite/WV02_20110131195115_1030010009CCF900_11JAN31195115-M1BS-052549143040_01_P003_u08rf3031.tif
gdal source image 1 inforamtion    0
Source image size = (2000,2000)
Target image size = (2000,2000)
Initializing data...
Device Number: 0
  Device name: Tesla P100-PCIE-16GB
  Memory Clock Rate (MHz): 715
  Memory Bus Width (bits): 4096
  Peak Memory Bandwidth (GB/s): 732.2

Threshold value :3
MatchSiftData time =          14.95 ms
Number features detected by SIFT descriptors : Source Image 22650, Target Image 1865
Number of Matched features: 0
Number of fitted features after applying ImproveHomography : 0
0% 
/pylon5/mc3bggp/aymen/Penguin_colonies_2000Pix/CROZ/Aerial/CA256132V0145_CROZ_9Dec1983.tifimg1 saved
img2 saved
Output Images are saved in the same directory !) 
{'type': 'image', 'data': '/pylon5/mc3bggp/aymen/Penguin_colonies_2000Pix/CROZ/Aerial/CA256132V0145_CROZ_9Dec1983.tif$/pylon5/mc3bggp/aymen/Penguin_colonies_2000Pix/CROZ/Satellite/WV02_20110131195115_1030010009CCF900_11JAN31195115-M1BS-052549143040_01_P003_u08rf3031.tif$2000$2000$2000$2000'}
('This is the message : ', '/pylon5/mc3bggp/aymen/Penguin_colonies_2000Pix/CROZ/Aerial/CA256132V0145_CROZ_9Dec1983.tif$/pylon5/mc3bggp/aymen/Penguin_colonies_2000Pix/CROZ/Satellite/WV02_20110131195115_1030010009CCF900_11JAN31195115-M1BS-052549143040_01_P003_u08rf3031.tif$2000$2000$2000$2000')
This is matching function
('New message will be sent to Q2: ', '/pylon5/mc3bggp/aymen/Penguin_colonies_2000Pix/CROZ/Aerial/CA256132V0145_CROZ_9Dec1983.tif$/pylon5/mc3bggp/aymen/Penguin_colonies_2000Pix/CROZ/Satellite/WV02_20110131195115_1030010009CCF900_11JAN31195115-M1BS-052549143040_01_P003_u08rf3031.tif$/pylon5/mc3bggp/aymen/cuda_out/sift_matches_CA256132V0145_CROZ_9Dec1983_WV02_20110131195115_1030010009CCF900_11JAN31195115-M1BS-052549143040_01_P003_u08rf3031.csv')
GEOTIFF image1 detected  /pylon5/mc3bggp/aymen/Penguin_colonies_2000Pix/CROZ/Aerial/CA256132V0145_CROZ_9Dec1983.tif
GEOTIFF image2 detected  /pylon5/mc3bggp/aymen/Penguin_colonies_2000Pix/CROZ/Satellite/WV02_20151215213103_103001004F719300_15DEC15213103-M1BS-500638401100_01_P006_u08rf3031.tif
gdal source image 1 inforamtion    0
Source image size = (2000,2000)
Target image size = (2000,2000)
Initializing data...
Device Number: 0
  Device name: Tesla P100-PCIE-16GB
  Memory Clock Rate (MHz): 715
  Memory Bus Width (bits): 4096
  Peak Memory Bandwidth (GB/s): 732.2

Threshold value :3
MatchSiftData time =          38.99 ms
Number features detected by SIFT descriptors : Source Image 22650, Target Image 5899
Number of Matched features: 0
Number of fitted features after applying ImproveHomography : 0
0% 
/pylon5/mc3bggp/aymen/Penguin_colonies_2000Pix/CROZ/Aerial/CA256132V0145_CROZ_9Dec1983.tifimg1 saved
img2 saved
Output Images are saved in the same directory !) 
{'type': 'image', 'data': '/pylon5/mc3bggp/aymen/Penguin_colonies_2000Pix/CROZ/Aerial/CA256132V0145_CROZ_9Dec1983.tif$/pylon5/mc3bggp/aymen/Penguin_colonies_2000Pix/CROZ/Satellite/WV02_20151215213103_103001004F719300_15DEC15213103-M1BS-500638401100_01_P006_u08rf3031.tif$2000$2000$2000$2000'}
('This is the message : ', '/pylon5/mc3bggp/aymen/Penguin_colonies_2000Pix/CROZ/Aerial/CA256132V0145_CROZ_9Dec1983.tif$/pylon5/mc3bggp/aymen/Penguin_colonies_2000Pix/CROZ/Satellite/WV02_20151215213103_103001004F719300_15DEC15213103-M1BS-500638401100_01_P006_u08rf3031.tif$2000$2000$2000$2000')
This is matching function
('New message will be sent to Q2: ', '/pylon5/mc3bggp/aymen/Penguin_colonies_2000Pix/CROZ/Aerial/CA256132V0145_CROZ_9Dec1983.tif$/pylon5/mc3bggp/aymen/Penguin_colonies_2000Pix/CROZ/Satellite/WV02_20151215213103_103001004F719300_15DEC15213103-M1BS-500638401100_01_P006_u08rf3031.tif$/pylon5/mc3bggp/aymen/cuda_out/sift_matches_CA256132V0145_CROZ_9Dec1983_WV02_20151215213103_103001004F719300_15DEC15213103-M1BS-500638401100_01_P006_u08rf3031.csv')
{'type': 'image', 'data': 'disconnect'}
