('request', {'request': 'connect', 'type': 'sender', 'name': 'geolocate1'})
('request', {'request': 'connect', 'type': 'sender', 'name': 'geolocate2'})
('request', {'request': 'connect', 'type': 'receiver', 'name': 'ransac1'})
('image', {'request': 'dequeue', 'name': 'ransac1'})
('Dequeueing', u'ransac1', 'wait')
('image', {'request': 'dequeue', 'name': 'ransac1'})
('Dequeueing', u'ransac1', 'wait')
('image', {'request': 'dequeue', 'name': 'ransac1'})
('Dequeueing', u'ransac1', 'wait')
('image', {'request': 'dequeue', 'name': 'ransac1'})
('Dequeueing', u'ransac1', 'wait')
('image', {'request': 'dequeue', 'name': 'ransac1'})
('Dequeueing', u'ransac1', 'wait')
('image', {'request': 'enqueue', 'data': '/pylon5/mc3bggp/aymen/Penguin_colonies_2000Pix/BEAU/Aerial/CA256832V0232_Panel2.tif$/pylon5/mc3bggp/aymen/Penguin_colonies_2000Pix/BEAU/Satellite/WV02_20111227133152_1030010010368D00_11DEC27133152-M1BS-052888284040_01_P001_u08rf3031.tif$/pylon5/mc3bggp/aymen/cuda_out/sift_matches_CA256832V0232_Panel2_WV02_20111227133152_1030010010368D00_11DEC27133152-M1BS-052888284040_01_P001_u08rf3031.csv', 'name': 'geolocate1'})
('image', {'request': 'dequeue', 'name': 'ransac1'})
('Dequeueing', u'ransac1', '/pylon5/mc3bggp/aymen/Penguin_colonies_2000Pix/BEAU/Aerial/CA256832V0232_Panel2.tif$/pylon5/mc3bggp/aymen/Penguin_colonies_2000Pix/BEAU/Satellite/WV02_20111227133152_1030010010368D00_11DEC27133152-M1BS-052888284040_01_P001_u08rf3031.tif$/pylon5/mc3bggp/aymen/cuda_out/sift_matches_CA256832V0232_Panel2_WV02_20111227133152_1030010010368D00_11DEC27133152-M1BS-052888284040_01_P001_u08rf3031.csv')
('image', {'request': 'enqueue', 'data': '/pylon5/mc3bggp/aymen/Penguin_colonies_2000Pix/BEAU/Aerial/CA256832V0232_Panel2.tif$/pylon5/mc3bggp/aymen/Penguin_colonies_2000Pix/BEAU/Satellite/WV02_20111212160201_103001000FBF5200_11DEC12160201-M1BS-052850989070_01_P001_u08rf3031.tif$/pylon5/mc3bggp/aymen/cuda_out/sift_matches_CA256832V0232_Panel2_WV02_20111212160201_103001000FBF5200_11DEC12160201-M1BS-052850989070_01_P001_u08rf3031.csv', 'name': 'geolocate2'})
('image', {'request': 'dequeue', 'name': 'ransac1'})
('Dequeueing', u'ransac1', '/pylon5/mc3bggp/aymen/Penguin_colonies_2000Pix/BEAU/Aerial/CA256832V0232_Panel2.tif$/pylon5/mc3bggp/aymen/Penguin_colonies_2000Pix/BEAU/Satellite/WV02_20111212160201_103001000FBF5200_11DEC12160201-M1BS-052850989070_01_P001_u08rf3031.tif$/pylon5/mc3bggp/aymen/cuda_out/sift_matches_CA256832V0232_Panel2_WV02_20111212160201_103001000FBF5200_11DEC12160201-M1BS-052850989070_01_P001_u08rf3031.csv')
('image', {'request': 'dequeue', 'name': 'ransac1'})
('Dequeueing', u'ransac1', 'wait')
('image', {'request': 'dequeue', 'name': 'ransac1'})
('Dequeueing', u'ransac1', 'wait')
('image', {'request': 'dequeue', 'name': 'ransac1'})
('Dequeueing', u'ransac1', 'wait')
('image', {'request': 'enqueue', 'data': '/pylon5/mc3bggp/aymen/Penguin_colonies_2000Pix/BEAU/Aerial/CA305300V0091_Panel2.tif$/pylon5/mc3bggp/aymen/Penguin_colonies_2000Pix/BEAU/Satellite/WV02_20111227133152_1030010010368D00_11DEC27133152-M1BS-052888284040_01_P001_u08rf3031.tif$/pylon5/mc3bggp/aymen/cuda_out/sift_matches_CA305300V0091_Panel2_WV02_20111227133152_1030010010368D00_11DEC27133152-M1BS-052888284040_01_P001_u08rf3031.csv', 'name': 'geolocate2'})
('image', {'request': 'dequeue', 'name': 'ransac1'})
('Dequeueing', u'ransac1', '/pylon5/mc3bggp/aymen/Penguin_colonies_2000Pix/BEAU/Aerial/CA305300V0091_Panel2.tif$/pylon5/mc3bggp/aymen/Penguin_colonies_2000Pix/BEAU/Satellite/WV02_20111227133152_1030010010368D00_11DEC27133152-M1BS-052888284040_01_P001_u08rf3031.tif$/pylon5/mc3bggp/aymen/cuda_out/sift_matches_CA305300V0091_Panel2_WV02_20111227133152_1030010010368D00_11DEC27133152-M1BS-052888284040_01_P001_u08rf3031.csv')
('image', {'request': 'dequeue', 'name': 'ransac1'})
('Dequeueing', u'ransac1', 'wait')
('image', {'request': 'enqueue', 'data': '/pylon5/mc3bggp/aymen/Penguin_colonies_2000Pix/BEAU/Aerial/CA256832V0232_Panel2.tif$/pylon5/mc3bggp/aymen/Penguin_colonies_2000Pix/BEAU/Satellite/WV02_20111225130502_103001001071A100_11DEC25130502-M1BS-052888272030_01_P001_u08rf3031.tif$/pylon5/mc3bggp/aymen/cuda_out/sift_matches_CA256832V0232_Panel2_WV02_20111225130502_103001001071A100_11DEC25130502-M1BS-052888272030_01_P001_u08rf3031.csv', 'name': 'geolocate1'})
('image', {'request': 'dequeue', 'name': 'ransac1'})
('Dequeueing', u'ransac1', '/pylon5/mc3bggp/aymen/Penguin_colonies_2000Pix/BEAU/Aerial/CA256832V0232_Panel2.tif$/pylon5/mc3bggp/aymen/Penguin_colonies_2000Pix/BEAU/Satellite/WV02_20111225130502_103001001071A100_11DEC25130502-M1BS-052888272030_01_P001_u08rf3031.tif$/pylon5/mc3bggp/aymen/cuda_out/sift_matches_CA256832V0232_Panel2_WV02_20111225130502_103001001071A100_11DEC25130502-M1BS-052888272030_01_P001_u08rf3031.csv')
('image', {'request': 'dequeue', 'name': 'ransac1'})
('Dequeueing', u'ransac1', 'wait')
('image', {'request': 'enqueue', 'data': '/pylon5/mc3bggp/aymen/Penguin_colonies_2000Pix/BEAU/Aerial/CA305300V0091_Panel2.tif$/pylon5/mc3bggp/aymen/Penguin_colonies_2000Pix/BEAU/Satellite/WV02_20111212160201_103001000FBF5200_11DEC12160201-M1BS-052850989070_01_P001_u08rf3031.tif$/pylon5/mc3bggp/aymen/cuda_out/sift_matches_CA305300V0091_Panel2_WV02_20111212160201_103001000FBF5200_11DEC12160201-M1BS-052850989070_01_P001_u08rf3031.csv', 'name': 'geolocate2'})
('image', {'request': 'dequeue', 'name': 'ransac1'})
('Dequeueing', u'ransac1', '/pylon5/mc3bggp/aymen/Penguin_colonies_2000Pix/BEAU/Aerial/CA305300V0091_Panel2.tif$/pylon5/mc3bggp/aymen/Penguin_colonies_2000Pix/BEAU/Satellite/WV02_20111212160201_103001000FBF5200_11DEC12160201-M1BS-052850989070_01_P001_u08rf3031.tif$/pylon5/mc3bggp/aymen/cuda_out/sift_matches_CA305300V0091_Panel2_WV02_20111212160201_103001000FBF5200_11DEC12160201-M1BS-052850989070_01_P001_u08rf3031.csv')
('image', {'request': 'dequeue', 'name': 'ransac1'})
('Dequeueing', u'ransac1', 'wait')
('image', {'request': 'enqueue', 'data': '/pylon5/mc3bggp/aymen/Penguin_colonies_2000Pix/BEAU/Aerial/CA305300V0091_Panel2.tif$/pylon5/mc3bggp/aymen/Penguin_colonies_2000Pix/BEAU/Satellite/WV02_20111225130502_103001001071A100_11DEC25130502-M1BS-052888272030_01_P001_u08rf3031.tif$/pylon5/mc3bggp/aymen/cuda_out/sift_matches_CA305300V0091_Panel2_WV02_20111225130502_103001001071A100_11DEC25130502-M1BS-052888272030_01_P001_u08rf3031.csv', 'name': 'geolocate1'})
('image', {'request': 'dequeue', 'name': 'ransac1'})
('Dequeueing', u'ransac1', '/pylon5/mc3bggp/aymen/Penguin_colonies_2000Pix/BEAU/Aerial/CA305300V0091_Panel2.tif$/pylon5/mc3bggp/aymen/Penguin_colonies_2000Pix/BEAU/Satellite/WV02_20111225130502_103001001071A100_11DEC25130502-M1BS-052888272030_01_P001_u08rf3031.tif$/pylon5/mc3bggp/aymen/cuda_out/sift_matches_CA305300V0091_Panel2_WV02_20111225130502_103001001071A100_11DEC25130502-M1BS-052888272030_01_P001_u08rf3031.csv')
('image', {'request': 'dequeue', 'name': 'ransac1'})
('Dequeueing', u'ransac1', 'wait')
('image', {'request': 'dequeue', 'name': 'ransac1'})
('Dequeueing', u'ransac1', 'wait')
('image', {'request': 'dequeue', 'name': 'ransac1'})
('Dequeueing', u'ransac1', 'wait')
('image', {'request': 'dequeue', 'name': 'ransac1'})
('Dequeueing', u'ransac1', 'wait')
('image', {'request': 'dequeue', 'name': 'ransac1'})
('Dequeueing', u'ransac1', 'wait')
('image', {'request': 'dequeue', 'name': 'ransac1'})
('Dequeueing', u'ransac1', 'wait')
('image', {'request': 'dequeue', 'name': 'ransac1'})
('Dequeueing', u'ransac1', 'wait')
('image', {'request': 'enqueue', 'data': '/pylon5/mc3bggp/aymen/Penguin_colonies_2000Pix/BEAU/Aerial/CA256832V0230_Panel1.tif$/pylon5/mc3bggp/aymen/Penguin_colonies_2000Pix/BEAU/Satellite/WV02_20111227133152_1030010010368D00_11DEC27133152-M1BS-052888284040_01_P001_u08rf3031.tif$/pylon5/mc3bggp/aymen/cuda_out/sift_matches_CA256832V0230_Panel1_WV02_20111227133152_1030010010368D00_11DEC27133152-M1BS-052888284040_01_P001_u08rf3031.csv', 'name': 'geolocate2'})
('image', {'request': 'dequeue', 'name': 'ransac1'})
('Dequeueing', u'ransac1', '/pylon5/mc3bggp/aymen/Penguin_colonies_2000Pix/BEAU/Aerial/CA256832V0230_Panel1.tif$/pylon5/mc3bggp/aymen/Penguin_colonies_2000Pix/BEAU/Satellite/WV02_20111227133152_1030010010368D00_11DEC27133152-M1BS-052888284040_01_P001_u08rf3031.tif$/pylon5/mc3bggp/aymen/cuda_out/sift_matches_CA256832V0230_Panel1_WV02_20111227133152_1030010010368D00_11DEC27133152-M1BS-052888284040_01_P001_u08rf3031.csv')
('image', {'request': 'dequeue', 'name': 'ransac1'})
('Dequeueing', u'ransac1', 'wait')
('image', {'request': 'enqueue', 'data': '/pylon5/mc3bggp/aymen/Penguin_colonies_2000Pix/BEAU/Aerial/CA256832V0230_Panel1.tif$/pylon5/mc3bggp/aymen/Penguin_colonies_2000Pix/BEAU/Satellite/WV02_20111212160201_103001000FBF5200_11DEC12160201-M1BS-052850989070_01_P001_u08rf3031.tif$/pylon5/mc3bggp/aymen/cuda_out/sift_matches_CA256832V0230_Panel1_WV02_20111212160201_103001000FBF5200_11DEC12160201-M1BS-052850989070_01_P001_u08rf3031.csv', 'name': 'geolocate1'})
('image', {'request': 'enqueue', 'data': '/pylon5/mc3bggp/aymen/Penguin_colonies_2000Pix/BEAU/Aerial/CA305300V0092_Panel3.tif$/pylon5/mc3bggp/aymen/Penguin_colonies_2000Pix/BEAU/Satellite/WV02_20111225130502_103001001071A100_11DEC25130502-M1BS-052888272030_01_P001_u08rf3031.tif$/pylon5/mc3bggp/aymen/cuda_out/sift_matches_CA305300V0092_Panel3_WV02_20111225130502_103001001071A100_11DEC25130502-M1BS-052888272030_01_P001_u08rf3031.csv', 'name': 'geolocate2'})
('image', {'request': 'dequeue', 'name': 'ransac1'})
('Dequeueing', u'ransac1', '/pylon5/mc3bggp/aymen/Penguin_colonies_2000Pix/BEAU/Aerial/CA256832V0230_Panel1.tif$/pylon5/mc3bggp/aymen/Penguin_colonies_2000Pix/BEAU/Satellite/WV02_20111212160201_103001000FBF5200_11DEC12160201-M1BS-052850989070_01_P001_u08rf3031.tif$/pylon5/mc3bggp/aymen/cuda_out/sift_matches_CA256832V0230_Panel1_WV02_20111212160201_103001000FBF5200_11DEC12160201-M1BS-052850989070_01_P001_u08rf3031.csv')
('image', {'request': 'dequeue', 'name': 'ransac1'})
('Dequeueing', u'ransac1', '/pylon5/mc3bggp/aymen/Penguin_colonies_2000Pix/BEAU/Aerial/CA305300V0092_Panel3.tif$/pylon5/mc3bggp/aymen/Penguin_colonies_2000Pix/BEAU/Satellite/WV02_20111225130502_103001001071A100_11DEC25130502-M1BS-052888272030_01_P001_u08rf3031.tif$/pylon5/mc3bggp/aymen/cuda_out/sift_matches_CA305300V0092_Panel3_WV02_20111225130502_103001001071A100_11DEC25130502-M1BS-052888272030_01_P001_u08rf3031.csv')
('image', {'request': 'dequeue', 'name': 'ransac1'})
('Dequeueing', u'ransac1', 'wait')
('image', {'request': 'dequeue', 'name': 'ransac1'})
('Dequeueing', u'ransac1', 'wait')
('image', {'request': 'dequeue', 'name': 'ransac1'})
('Dequeueing', u'ransac1', 'wait')
('image', {'request': 'dequeue', 'name': 'ransac1'})
('Dequeueing', u'ransac1', 'wait')
('image', {'request': 'dequeue', 'name': 'ransac1'})
('Dequeueing', u'ransac1', 'wait')
('image', {'request': 'dequeue', 'name': 'ransac1'})
('Dequeueing', u'ransac1', 'wait')
('image', {'request': 'dequeue', 'name': 'ransac1'})
('Dequeueing', u'ransac1', 'wait')
('image', {'request': 'dequeue', 'name': 'ransac1'})
('Dequeueing', u'ransac1', 'wait')
('image', {'request': 'enqueue', 'data': '/pylon5/mc3bggp/aymen/Penguin_colonies_2000Pix/BEAU/Aerial/CA256832V0234_Panel3.tif$/pylon5/mc3bggp/aymen/Penguin_colonies_2000Pix/BEAU/Satellite/WV02_20111225130502_103001001071A100_11DEC25130502-M1BS-052888272030_01_P001_u08rf3031.tif$/pylon5/mc3bggp/aymen/cuda_out/sift_matches_CA256832V0234_Panel3_WV02_20111225130502_103001001071A100_11DEC25130502-M1BS-052888272030_01_P001_u08rf3031.csv', 'name': 'geolocate2'})
('image', {'request': 'dequeue', 'name': 'ransac1'})
('Dequeueing', u'ransac1', '/pylon5/mc3bggp/aymen/Penguin_colonies_2000Pix/BEAU/Aerial/CA256832V0234_Panel3.tif$/pylon5/mc3bggp/aymen/Penguin_colonies_2000Pix/BEAU/Satellite/WV02_20111225130502_103001001071A100_11DEC25130502-M1BS-052888272030_01_P001_u08rf3031.tif$/pylon5/mc3bggp/aymen/cuda_out/sift_matches_CA256832V0234_Panel3_WV02_20111225130502_103001001071A100_11DEC25130502-M1BS-052888272030_01_P001_u08rf3031.csv')
('image', {'request': 'enqueue', 'data': '/pylon5/mc3bggp/aymen/Penguin_colonies_2000Pix/BEAU/Aerial/CA256832V0234_Panel3.tif$/pylon5/mc3bggp/aymen/Penguin_colonies_2000Pix/BEAU/Satellite/WV02_20111212160201_103001000FBF5200_11DEC12160201-M1BS-052850989070_01_P001_u08rf3031.tif$/pylon5/mc3bggp/aymen/cuda_out/sift_matches_CA256832V0234_Panel3_WV02_20111212160201_103001000FBF5200_11DEC12160201-M1BS-052850989070_01_P001_u08rf3031.csv', 'name': 'geolocate1'})
('image', {'request': 'dequeue', 'name': 'ransac1'})
('Dequeueing', u'ransac1', '/pylon5/mc3bggp/aymen/Penguin_colonies_2000Pix/BEAU/Aerial/CA256832V0234_Panel3.tif$/pylon5/mc3bggp/aymen/Penguin_colonies_2000Pix/BEAU/Satellite/WV02_20111212160201_103001000FBF5200_11DEC12160201-M1BS-052850989070_01_P001_u08rf3031.tif$/pylon5/mc3bggp/aymen/cuda_out/sift_matches_CA256832V0234_Panel3_WV02_20111212160201_103001000FBF5200_11DEC12160201-M1BS-052850989070_01_P001_u08rf3031.csv')
('image', {'request': 'dequeue', 'name': 'ransac1'})
('Dequeueing', u'ransac1', 'wait')
('image', {'request': 'enqueue', 'data': '/pylon5/mc3bggp/aymen/Penguin_colonies_2000Pix/BRDN/Aerial/CA257132V0004_Panel3.tif$/pylon5/mc3bggp/aymen/Penguin_colonies_2000Pix/BRDN/Satellite/WV02_20151205205947_103001004E6C0B00_15DEC05205947-M1BS-500637505080_01_P001_u08rf3031.tif$/pylon5/mc3bggp/aymen/cuda_out/sift_matches_CA257132V0004_Panel3_WV02_20151205205947_103001004E6C0B00_15DEC05205947-M1BS-500637505080_01_P001_u08rf3031.csv', 'name': 'geolocate1'})
('image', {'request': 'dequeue', 'name': 'ransac1'})
('Dequeueing', u'ransac1', '/pylon5/mc3bggp/aymen/Penguin_colonies_2000Pix/BRDN/Aerial/CA257132V0004_Panel3.tif$/pylon5/mc3bggp/aymen/Penguin_colonies_2000Pix/BRDN/Satellite/WV02_20151205205947_103001004E6C0B00_15DEC05205947-M1BS-500637505080_01_P001_u08rf3031.tif$/pylon5/mc3bggp/aymen/cuda_out/sift_matches_CA257132V0004_Panel3_WV02_20151205205947_103001004E6C0B00_15DEC05205947-M1BS-500637505080_01_P001_u08rf3031.csv')
('image', {'request': 'dequeue', 'name': 'ransac1'})
('Dequeueing', u'ransac1', 'wait')
('image', {'request': 'enqueue', 'data': '/pylon5/mc3bggp/aymen/Penguin_colonies_2000Pix/BEAU/Aerial/CA256832V0236_Panel4.tif$/pylon5/mc3bggp/aymen/Penguin_colonies_2000Pix/BEAU/Satellite/WV02_20111225130502_103001001071A100_11DEC25130502-M1BS-052888272030_01_P001_u08rf3031.tif$/pylon5/mc3bggp/aymen/cuda_out/sift_matches_CA256832V0236_Panel4_WV02_20111225130502_103001001071A100_11DEC25130502-M1BS-052888272030_01_P001_u08rf3031.csv', 'name': 'geolocate2'})
('image', {'request': 'dequeue', 'name': 'ransac1'})
('Dequeueing', u'ransac1', '/pylon5/mc3bggp/aymen/Penguin_colonies_2000Pix/BEAU/Aerial/CA256832V0236_Panel4.tif$/pylon5/mc3bggp/aymen/Penguin_colonies_2000Pix/BEAU/Satellite/WV02_20111225130502_103001001071A100_11DEC25130502-M1BS-052888272030_01_P001_u08rf3031.tif$/pylon5/mc3bggp/aymen/cuda_out/sift_matches_CA256832V0236_Panel4_WV02_20111225130502_103001001071A100_11DEC25130502-M1BS-052888272030_01_P001_u08rf3031.csv')
('image', {'request': 'dequeue', 'name': 'ransac1'})
('Dequeueing', u'ransac1', 'wait')
('image', {'request': 'enqueue', 'data': '/pylon5/mc3bggp/aymen/Penguin_colonies_2000Pix/BRDN/Aerial/CA257132V0002_Panel1.tif$/pylon5/mc3bggp/aymen/Penguin_colonies_2000Pix/BRDN/Satellite/WV02_20151205205947_103001004E6C0B00_15DEC05205947-M1BS-500637505080_01_P001_u08rf3031.tif$/pylon5/mc3bggp/aymen/cuda_out/sift_matches_CA257132V0002_Panel1_WV02_20151205205947_103001004E6C0B00_15DEC05205947-M1BS-500637505080_01_P001_u08rf3031.csv', 'name': 'geolocate1'})
('image', {'request': 'dequeue', 'name': 'ransac1'})
('Dequeueing', u'ransac1', '/pylon5/mc3bggp/aymen/Penguin_colonies_2000Pix/BRDN/Aerial/CA257132V0002_Panel1.tif$/pylon5/mc3bggp/aymen/Penguin_colonies_2000Pix/BRDN/Satellite/WV02_20151205205947_103001004E6C0B00_15DEC05205947-M1BS-500637505080_01_P001_u08rf3031.tif$/pylon5/mc3bggp/aymen/cuda_out/sift_matches_CA257132V0002_Panel1_WV02_20151205205947_103001004E6C0B00_15DEC05205947-M1BS-500637505080_01_P001_u08rf3031.csv')
('image', {'request': 'dequeue', 'name': 'ransac1'})
('Dequeueing', u'ransac1', 'wait')
('image', {'request': 'enqueue', 'data': '/pylon5/mc3bggp/aymen/Penguin_colonies_2000Pix/BRDN/Aerial/CA257132V0002_Panel1.tif$/pylon5/mc3bggp/aymen/Penguin_colonies_2000Pix/BRDN/Satellite/WV02_20160123205233_1030010051A98200_16JAN23205233-M1BS-500638387040_01_P001_u08rf3031.tif$/pylon5/mc3bggp/aymen/cuda_out/sift_matches_CA257132V0002_Panel1_WV02_20160123205233_1030010051A98200_16JAN23205233-M1BS-500638387040_01_P001_u08rf3031.csv', 'name': 'geolocate2'})
('image', {'request': 'dequeue', 'name': 'ransac1'})
('Dequeueing', u'ransac1', '/pylon5/mc3bggp/aymen/Penguin_colonies_2000Pix/BRDN/Aerial/CA257132V0002_Panel1.tif$/pylon5/mc3bggp/aymen/Penguin_colonies_2000Pix/BRDN/Satellite/WV02_20160123205233_1030010051A98200_16JAN23205233-M1BS-500638387040_01_P001_u08rf3031.tif$/pylon5/mc3bggp/aymen/cuda_out/sift_matches_CA257132V0002_Panel1_WV02_20160123205233_1030010051A98200_16JAN23205233-M1BS-500638387040_01_P001_u08rf3031.csv')
('image', {'request': 'dequeue', 'name': 'ransac1'})
('Dequeueing', u'ransac1', 'wait')
('image', {'request': 'enqueue', 'data': '/pylon5/mc3bggp/aymen/Penguin_colonies_2000Pix/BRDN/Aerial/CA257132V0003_Panel2.tif$/pylon5/mc3bggp/aymen/Penguin_colonies_2000Pix/BRDN/Satellite/WV02_20160123205233_1030010051A98200_16JAN23205233-M1BS-500638387040_01_P001_u08rf3031.tif$/pylon5/mc3bggp/aymen/cuda_out/sift_matches_CA257132V0003_Panel2_WV02_20160123205233_1030010051A98200_16JAN23205233-M1BS-500638387040_01_P001_u08rf3031.csv', 'name': 'geolocate1'})
('image', {'request': 'dequeue', 'name': 'ransac1'})
('Dequeueing', u'ransac1', '/pylon5/mc3bggp/aymen/Penguin_colonies_2000Pix/BRDN/Aerial/CA257132V0003_Panel2.tif$/pylon5/mc3bggp/aymen/Penguin_colonies_2000Pix/BRDN/Satellite/WV02_20160123205233_1030010051A98200_16JAN23205233-M1BS-500638387040_01_P001_u08rf3031.tif$/pylon5/mc3bggp/aymen/cuda_out/sift_matches_CA257132V0003_Panel2_WV02_20160123205233_1030010051A98200_16JAN23205233-M1BS-500638387040_01_P001_u08rf3031.csv')
('image', {'request': 'dequeue', 'name': 'ransac1'})
('Dequeueing', u'ransac1', 'wait')
('image', {'request': 'enqueue', 'data': '/pylon5/mc3bggp/aymen/Penguin_colonies_2000Pix/BRDN/Aerial/CA257132V0003_Panel2.tif$/pylon5/mc3bggp/aymen/Penguin_colonies_2000Pix/BRDN/Satellite/WV02_20151216141822_103001004FACD500_15DEC16141822-M1BS-500637522020_01_P008_u08rf3031.tif$/pylon5/mc3bggp/aymen/cuda_out/sift_matches_CA257132V0003_Panel2_WV02_20151216141822_103001004FACD500_15DEC16141822-M1BS-500637522020_01_P008_u08rf3031.csv', 'name': 'geolocate2'})
('image', {'request': 'dequeue', 'name': 'ransac1'})
('Dequeueing', u'ransac1', '/pylon5/mc3bggp/aymen/Penguin_colonies_2000Pix/BRDN/Aerial/CA257132V0003_Panel2.tif$/pylon5/mc3bggp/aymen/Penguin_colonies_2000Pix/BRDN/Satellite/WV02_20151216141822_103001004FACD500_15DEC16141822-M1BS-500637522020_01_P008_u08rf3031.tif$/pylon5/mc3bggp/aymen/cuda_out/sift_matches_CA257132V0003_Panel2_WV02_20151216141822_103001004FACD500_15DEC16141822-M1BS-500637522020_01_P008_u08rf3031.csv')
('image', {'request': 'dequeue', 'name': 'ransac1'})
('Dequeueing', u'ransac1', 'wait')
('image', {'request': 'dequeue', 'name': 'ransac1'})
('Dequeueing', u'ransac1', 'wait')
('image', {'request': 'enqueue', 'data': '/pylon5/mc3bggp/aymen/Penguin_colonies_2000Pix/BRDN/Aerial/CA257132V0005_Panel4.tif$/pylon5/mc3bggp/aymen/Penguin_colonies_2000Pix/BRDN/Satellite/WV02_20151216141822_103001004FACD500_15DEC16141822-M1BS-500637522020_01_P008_u08rf3031.tif$/pylon5/mc3bggp/aymen/cuda_out/sift_matches_CA257132V0005_Panel4_WV02_20151216141822_103001004FACD500_15DEC16141822-M1BS-500637522020_01_P008_u08rf3031.csv', 'name': 'geolocate1'})
('image', {'request': 'enqueue', 'data': '/pylon5/mc3bggp/aymen/Penguin_colonies_2000Pix/BRDN/Aerial/CA257132V0005_Panel4.tif$/pylon5/mc3bggp/aymen/Penguin_colonies_2000Pix/BRDN/Satellite/WV02_20151216141940_103001004D155E00_15DEC16141940-M1BS-500637503050_01_P008_u08rf3031.tif$/pylon5/mc3bggp/aymen/cuda_out/sift_matches_CA257132V0005_Panel4_WV02_20151216141940_103001004D155E00_15DEC16141940-M1BS-500637503050_01_P008_u08rf3031.csv', 'name': 'geolocate2'})
('image', {'request': 'dequeue', 'name': 'ransac1'})
('Dequeueing', u'ransac1', '/pylon5/mc3bggp/aymen/Penguin_colonies_2000Pix/BRDN/Aerial/CA257132V0005_Panel4.tif$/pylon5/mc3bggp/aymen/Penguin_colonies_2000Pix/BRDN/Satellite/WV02_20151216141822_103001004FACD500_15DEC16141822-M1BS-500637522020_01_P008_u08rf3031.tif$/pylon5/mc3bggp/aymen/cuda_out/sift_matches_CA257132V0005_Panel4_WV02_20151216141822_103001004FACD500_15DEC16141822-M1BS-500637522020_01_P008_u08rf3031.csv')
('image', {'request': 'dequeue', 'name': 'ransac1'})
('Dequeueing', u'ransac1', '/pylon5/mc3bggp/aymen/Penguin_colonies_2000Pix/BRDN/Aerial/CA257132V0005_Panel4.tif$/pylon5/mc3bggp/aymen/Penguin_colonies_2000Pix/BRDN/Satellite/WV02_20151216141940_103001004D155E00_15DEC16141940-M1BS-500637503050_01_P008_u08rf3031.tif$/pylon5/mc3bggp/aymen/cuda_out/sift_matches_CA257132V0005_Panel4_WV02_20151216141940_103001004D155E00_15DEC16141940-M1BS-500637503050_01_P008_u08rf3031.csv')
('image', {'request': 'dequeue', 'name': 'ransac1'})
('Dequeueing', u'ransac1', 'wait')
('image', {'request': 'dequeue', 'name': 'ransac1'})
('Dequeueing', u'ransac1', 'wait')
('image', {'request': 'dequeue', 'name': 'ransac1'})
('Dequeueing', u'ransac1', 'wait')
('image', {'request': 'enqueue', 'data': '/pylon5/mc3bggp/aymen/Penguin_colonies_2000Pix/BRDS/Aerial/CA256932V0247_Panel2.tif$/pylon5/mc3bggp/aymen/Penguin_colonies_2000Pix/BRDS/Satellite/WV02_20160123205234_1030010051A98200_16JAN23205234-M1BS-500638387040_01_P002_u08rf3031.tif$/pylon5/mc3bggp/aymen/cuda_out/sift_matches_CA256932V0247_Panel2_WV02_20160123205234_1030010051A98200_16JAN23205234-M1BS-500638387040_01_P002_u08rf3031.csv', 'name': 'geolocate1'})
('image', {'request': 'enqueue', 'data': '/pylon5/mc3bggp/aymen/Penguin_colonies_2000Pix/BRDS/Aerial/CA256932V0247_Panel2.tif$/pylon5/mc3bggp/aymen/Penguin_colonies_2000Pix/BRDS/Satellite/WV02_20151216141940_103001004D155E00_15DEC16141940-M1BS-500637503050_01_P008_u08rf3031.tif$/pylon5/mc3bggp/aymen/cuda_out/sift_matches_CA256932V0247_Panel2_WV02_20151216141940_103001004D155E00_15DEC16141940-M1BS-500637503050_01_P008_u08rf3031.csv', 'name': 'geolocate2'})
('image', {'request': 'dequeue', 'name': 'ransac1'})
('Dequeueing', u'ransac1', '/pylon5/mc3bggp/aymen/Penguin_colonies_2000Pix/BRDS/Aerial/CA256932V0247_Panel2.tif$/pylon5/mc3bggp/aymen/Penguin_colonies_2000Pix/BRDS/Satellite/WV02_20160123205234_1030010051A98200_16JAN23205234-M1BS-500638387040_01_P002_u08rf3031.tif$/pylon5/mc3bggp/aymen/cuda_out/sift_matches_CA256932V0247_Panel2_WV02_20160123205234_1030010051A98200_16JAN23205234-M1BS-500638387040_01_P002_u08rf3031.csv')
('image', {'request': 'dequeue', 'name': 'ransac1'})
('Dequeueing', u'ransac1', '/pylon5/mc3bggp/aymen/Penguin_colonies_2000Pix/BRDS/Aerial/CA256932V0247_Panel2.tif$/pylon5/mc3bggp/aymen/Penguin_colonies_2000Pix/BRDS/Satellite/WV02_20151216141940_103001004D155E00_15DEC16141940-M1BS-500637503050_01_P008_u08rf3031.tif$/pylon5/mc3bggp/aymen/cuda_out/sift_matches_CA256932V0247_Panel2_WV02_20151216141940_103001004D155E00_15DEC16141940-M1BS-500637503050_01_P008_u08rf3031.csv')
('image', {'request': 'dequeue', 'name': 'ransac1'})
('Dequeueing', u'ransac1', 'wait')
('image', {'request': 'dequeue', 'name': 'ransac1'})
('Dequeueing', u'ransac1', 'wait')
('image', {'request': 'dequeue', 'name': 'ransac1'})
('Dequeueing', u'ransac1', 'wait')
('image', {'request': 'enqueue', 'data': '/pylon5/mc3bggp/aymen/Penguin_colonies_2000Pix/BRDS/Aerial/CA256932V0246_Panel1.tif$/pylon5/mc3bggp/aymen/Penguin_colonies_2000Pix/BRDS/Satellite/WV02_20160123205234_1030010051A98200_16JAN23205234-M1BS-500638387040_01_P002_u08rf3031.tif$/pylon5/mc3bggp/aymen/cuda_out/sift_matches_CA256932V0246_Panel1_WV02_20160123205234_1030010051A98200_16JAN23205234-M1BS-500638387040_01_P002_u08rf3031.csv', 'name': 'geolocate1'})
('image', {'request': 'enqueue', 'data': '/pylon5/mc3bggp/aymen/Penguin_colonies_2000Pix/BRDS/Aerial/CA256932V0246_Panel1.tif$/pylon5/mc3bggp/aymen/Penguin_colonies_2000Pix/BRDS/Satellite/WV02_20151216141940_103001004D155E00_15DEC16141940-M1BS-500637503050_01_P008_u08rf3031.tif$/pylon5/mc3bggp/aymen/cuda_out/sift_matches_CA256932V0246_Panel1_WV02_20151216141940_103001004D155E00_15DEC16141940-M1BS-500637503050_01_P008_u08rf3031.csv', 'name': 'geolocate2'})
('image', {'request': 'dequeue', 'name': 'ransac1'})
('Dequeueing', u'ransac1', '/pylon5/mc3bggp/aymen/Penguin_colonies_2000Pix/BRDS/Aerial/CA256932V0246_Panel1.tif$/pylon5/mc3bggp/aymen/Penguin_colonies_2000Pix/BRDS/Satellite/WV02_20160123205234_1030010051A98200_16JAN23205234-M1BS-500638387040_01_P002_u08rf3031.tif$/pylon5/mc3bggp/aymen/cuda_out/sift_matches_CA256932V0246_Panel1_WV02_20160123205234_1030010051A98200_16JAN23205234-M1BS-500638387040_01_P002_u08rf3031.csv')
('image', {'request': 'dequeue', 'name': 'ransac1'})
('Dequeueing', u'ransac1', '/pylon5/mc3bggp/aymen/Penguin_colonies_2000Pix/BRDS/Aerial/CA256932V0246_Panel1.tif$/pylon5/mc3bggp/aymen/Penguin_colonies_2000Pix/BRDS/Satellite/WV02_20151216141940_103001004D155E00_15DEC16141940-M1BS-500637503050_01_P008_u08rf3031.tif$/pylon5/mc3bggp/aymen/cuda_out/sift_matches_CA256932V0246_Panel1_WV02_20151216141940_103001004D155E00_15DEC16141940-M1BS-500637503050_01_P008_u08rf3031.csv')
('image', {'request': 'dequeue', 'name': 'ransac1'})
('Dequeueing', u'ransac1', 'wait')
('image', {'request': 'dequeue', 'name': 'ransac1'})
('Dequeueing', u'ransac1', 'wait')
('image', {'request': 'dequeue', 'name': 'ransac1'})
('Dequeueing', u'ransac1', 'wait')
('image', {'request': 'enqueue', 'data': '/pylon5/mc3bggp/aymen/Penguin_colonies_2000Pix/BRDS/Aerial/CA256932V0251_Panel6.tif$/pylon5/mc3bggp/aymen/Penguin_colonies_2000Pix/BRDS/Satellite/WV02_20151216141940_103001004D155E00_15DEC16141940-M1BS-500637503050_01_P008_u08rf3031.tif$/pylon5/mc3bggp/aymen/cuda_out/sift_matches_CA256932V0251_Panel6_WV02_20151216141940_103001004D155E00_15DEC16141940-M1BS-500637503050_01_P008_u08rf3031.csv', 'name': 'geolocate1'})
('image', {'request': 'dequeue', 'name': 'ransac1'})
('Dequeueing', u'ransac1', '/pylon5/mc3bggp/aymen/Penguin_colonies_2000Pix/BRDS/Aerial/CA256932V0251_Panel6.tif$/pylon5/mc3bggp/aymen/Penguin_colonies_2000Pix/BRDS/Satellite/WV02_20151216141940_103001004D155E00_15DEC16141940-M1BS-500637503050_01_P008_u08rf3031.tif$/pylon5/mc3bggp/aymen/cuda_out/sift_matches_CA256932V0251_Panel6_WV02_20151216141940_103001004D155E00_15DEC16141940-M1BS-500637503050_01_P008_u08rf3031.csv')
('image', {'request': 'dequeue', 'name': 'ransac1'})
('Dequeueing', u'ransac1', 'wait')
('image', {'request': 'dequeue', 'name': 'ransac1'})
('Dequeueing', u'ransac1', 'wait')
('image', {'request': 'dequeue', 'name': 'ransac1'})
('Dequeueing', u'ransac1', 'wait')
('image', {'request': 'dequeue', 'name': 'ransac1'})
('Dequeueing', u'ransac1', 'wait')
('image', {'request': 'enqueue', 'data': '/pylon5/mc3bggp/aymen/Penguin_colonies_2000Pix/BRDS/Aerial/CA256932V0251_Panel6.tif$/pylon5/mc3bggp/aymen/Penguin_colonies_2000Pix/BRDS/Satellite/WV02_20151216141939_103001004D155E00_15DEC16141939-M1BS-500637503050_01_P007_u08rf3031.tif$/pylon5/mc3bggp/aymen/cuda_out/sift_matches_CA256932V0251_Panel6_WV02_20151216141939_103001004D155E00_15DEC16141939-M1BS-500637503050_01_P007_u08rf3031.csv', 'name': 'geolocate2'})
('image', {'request': 'dequeue', 'name': 'ransac1'})
('Dequeueing', u'ransac1', '/pylon5/mc3bggp/aymen/Penguin_colonies_2000Pix/BRDS/Aerial/CA256932V0251_Panel6.tif$/pylon5/mc3bggp/aymen/Penguin_colonies_2000Pix/BRDS/Satellite/WV02_20151216141939_103001004D155E00_15DEC16141939-M1BS-500637503050_01_P007_u08rf3031.tif$/pylon5/mc3bggp/aymen/cuda_out/sift_matches_CA256932V0251_Panel6_WV02_20151216141939_103001004D155E00_15DEC16141939-M1BS-500637503050_01_P007_u08rf3031.csv')
('image', {'request': 'enqueue', 'data': '/pylon5/mc3bggp/aymen/Penguin_colonies_2000Pix/BRDS/Aerial/CA256932V0250_Panel5.tif$/pylon5/mc3bggp/aymen/Penguin_colonies_2000Pix/BRDS/Satellite/WV02_20160123205234_1030010051A98200_16JAN23205234-M1BS-500638387040_01_P002_u08rf3031.tif$/pylon5/mc3bggp/aymen/cuda_out/sift_matches_CA256932V0250_Panel5_WV02_20160123205234_1030010051A98200_16JAN23205234-M1BS-500638387040_01_P002_u08rf3031.csv', 'name': 'geolocate1'})
('image', {'request': 'dequeue', 'name': 'ransac1'})
('Dequeueing', u'ransac1', '/pylon5/mc3bggp/aymen/Penguin_colonies_2000Pix/BRDS/Aerial/CA256932V0250_Panel5.tif$/pylon5/mc3bggp/aymen/Penguin_colonies_2000Pix/BRDS/Satellite/WV02_20160123205234_1030010051A98200_16JAN23205234-M1BS-500638387040_01_P002_u08rf3031.tif$/pylon5/mc3bggp/aymen/cuda_out/sift_matches_CA256932V0250_Panel5_WV02_20160123205234_1030010051A98200_16JAN23205234-M1BS-500638387040_01_P002_u08rf3031.csv')
('image', {'request': 'dequeue', 'name': 'ransac1'})
('Dequeueing', u'ransac1', 'wait')
('image', {'request': 'dequeue', 'name': 'ransac1'})
('Dequeueing', u'ransac1', 'wait')
('image', {'request': 'dequeue', 'name': 'ransac1'})
('Dequeueing', u'ransac1', 'wait')
('image', {'request': 'dequeue', 'name': 'ransac1'})
('Dequeueing', u'ransac1', 'wait')
('image', {'request': 'dequeue', 'name': 'ransac1'})
('Dequeueing', u'ransac1', 'wait')
('image', {'request': 'dequeue', 'name': 'ransac1'})
('Dequeueing', u'ransac1', 'wait')
('image', {'request': 'enqueue', 'data': '/pylon5/mc3bggp/aymen/Penguin_colonies_2000Pix/BRDS/Aerial/CA256932V0248_Panel3.tif$/pylon5/mc3bggp/aymen/Penguin_colonies_2000Pix/BRDS/Satellite/WV02_20151205205948_103001004E6C0B00_15DEC05205948-M1BS-500637505080_01_P002_u08rf3031.tif$/pylon5/mc3bggp/aymen/cuda_out/sift_matches_CA256932V0248_Panel3_WV02_20151205205948_103001004E6C0B00_15DEC05205948-M1BS-500637505080_01_P002_u08rf3031.csv', 'name': 'geolocate1'})
('image', {'request': 'dequeue', 'name': 'ransac1'})
('Dequeueing', u'ransac1', '/pylon5/mc3bggp/aymen/Penguin_colonies_2000Pix/BRDS/Aerial/CA256932V0248_Panel3.tif$/pylon5/mc3bggp/aymen/Penguin_colonies_2000Pix/BRDS/Satellite/WV02_20151205205948_103001004E6C0B00_15DEC05205948-M1BS-500637505080_01_P002_u08rf3031.tif$/pylon5/mc3bggp/aymen/cuda_out/sift_matches_CA256932V0248_Panel3_WV02_20151205205948_103001004E6C0B00_15DEC05205948-M1BS-500637505080_01_P002_u08rf3031.csv')
('image', {'request': 'dequeue', 'name': 'ransac1'})
('Dequeueing', u'ransac1', 'wait')
('image', {'request': 'enqueue', 'data': '/pylon5/mc3bggp/aymen/Penguin_colonies_2000Pix/BRDS/Aerial/CA256932V0248_Panel3.tif$/pylon5/mc3bggp/aymen/Penguin_colonies_2000Pix/BRDS/Satellite/WV02_20151216141939_103001004D155E00_15DEC16141939-M1BS-500637503050_01_P007_u08rf3031.tif$/pylon5/mc3bggp/aymen/cuda_out/sift_matches_CA256932V0248_Panel3_WV02_20151216141939_103001004D155E00_15DEC16141939-M1BS-500637503050_01_P007_u08rf3031.csv', 'name': 'geolocate2'})
('image', {'request': 'dequeue', 'name': 'ransac1'})
('Dequeueing', u'ransac1', '/pylon5/mc3bggp/aymen/Penguin_colonies_2000Pix/BRDS/Aerial/CA256932V0248_Panel3.tif$/pylon5/mc3bggp/aymen/Penguin_colonies_2000Pix/BRDS/Satellite/WV02_20151216141939_103001004D155E00_15DEC16141939-M1BS-500637503050_01_P007_u08rf3031.tif$/pylon5/mc3bggp/aymen/cuda_out/sift_matches_CA256932V0248_Panel3_WV02_20151216141939_103001004D155E00_15DEC16141939-M1BS-500637503050_01_P007_u08rf3031.csv')
('image', {'request': 'dequeue', 'name': 'ransac1'})
('Dequeueing', u'ransac1', 'wait')
('image', {'request': 'dequeue', 'name': 'ransac1'})
('Dequeueing', u'ransac1', 'wait')
('image', {'request': 'dequeue', 'name': 'ransac1'})
('Dequeueing', u'ransac1', 'wait')
('image', {'request': 'dequeue', 'name': 'ransac1'})
('Dequeueing', u'ransac1', 'wait')
('image', {'request': 'enqueue', 'data': '/pylon5/mc3bggp/aymen/Penguin_colonies_2000Pix/CROZ/Aerial/CA256132V0145_CROZ_9Dec1983.tif$/pylon5/mc3bggp/aymen/Penguin_colonies_2000Pix/CROZ/Satellite/WV02_20151215213102_103001004F719300_15DEC15213102-M1BS-500638401100_01_P005_u08rf3031.tif$/pylon5/mc3bggp/aymen/cuda_out/sift_matches_CA256132V0145_CROZ_9Dec1983_WV02_20151215213102_103001004F719300_15DEC15213102-M1BS-500638401100_01_P005_u08rf3031.csv', 'name': 'geolocate1'})
('image', {'request': 'dequeue', 'name': 'ransac1'})
('Dequeueing', u'ransac1', '/pylon5/mc3bggp/aymen/Penguin_colonies_2000Pix/CROZ/Aerial/CA256132V0145_CROZ_9Dec1983.tif$/pylon5/mc3bggp/aymen/Penguin_colonies_2000Pix/CROZ/Satellite/WV02_20151215213102_103001004F719300_15DEC15213102-M1BS-500638401100_01_P005_u08rf3031.tif$/pylon5/mc3bggp/aymen/cuda_out/sift_matches_CA256132V0145_CROZ_9Dec1983_WV02_20151215213102_103001004F719300_15DEC15213102-M1BS-500638401100_01_P005_u08rf3031.csv')
('image', {'request': 'dequeue', 'name': 'ransac1'})
('Dequeueing', u'ransac1', 'wait')
('image', {'request': 'enqueue', 'data': '/pylon5/mc3bggp/aymen/Penguin_colonies_2000Pix/CROZ/Aerial/CA256132V0145_CROZ_9Dec1983.tif$/pylon5/mc3bggp/aymen/Penguin_colonies_2000Pix/CROZ/Satellite/WV02_20110201205351_103001000943E900_11FEB01205351-M1BS-052549109040_01_P001_u08rf3031.tif$/pylon5/mc3bggp/aymen/cuda_out/sift_matches_CA256132V0145_CROZ_9Dec1983_WV02_20110201205351_103001000943E900_11FEB01205351-M1BS-052549109040_01_P001_u08rf3031.csv', 'name': 'geolocate2'})
('image', {'request': 'dequeue', 'name': 'ransac1'})
('Dequeueing', u'ransac1', '/pylon5/mc3bggp/aymen/Penguin_colonies_2000Pix/CROZ/Aerial/CA256132V0145_CROZ_9Dec1983.tif$/pylon5/mc3bggp/aymen/Penguin_colonies_2000Pix/CROZ/Satellite/WV02_20110201205351_103001000943E900_11FEB01205351-M1BS-052549109040_01_P001_u08rf3031.tif$/pylon5/mc3bggp/aymen/cuda_out/sift_matches_CA256132V0145_CROZ_9Dec1983_WV02_20110201205351_103001000943E900_11FEB01205351-M1BS-052549109040_01_P001_u08rf3031.csv')
('image', {'request': 'dequeue', 'name': 'ransac1'})
('Dequeueing', u'ransac1', 'wait')
('image', {'request': 'dequeue', 'name': 'ransac1'})
('Dequeueing', u'ransac1', 'wait')
('image', {'request': 'enqueue', 'data': '/pylon5/mc3bggp/aymen/Penguin_colonies_2000Pix/CROZ/Aerial/CA256132V0145_CROZ_9Dec1983.tif$/pylon5/mc3bggp/aymen/Penguin_colonies_2000Pix/CROZ/Satellite/WV02_20110131195238_1030010008562400_11JAN31195238-M1BS-052549143050_01_P002_u08rf3031.tif$/pylon5/mc3bggp/aymen/cuda_out/sift_matches_CA256132V0145_CROZ_9Dec1983_WV02_20110131195238_1030010008562400_11JAN31195238-M1BS-052549143050_01_P002_u08rf3031.csv', 'name': 'geolocate1'})
('image', {'request': 'dequeue', 'name': 'ransac1'})
('Dequeueing', u'ransac1', '/pylon5/mc3bggp/aymen/Penguin_colonies_2000Pix/CROZ/Aerial/CA256132V0145_CROZ_9Dec1983.tif$/pylon5/mc3bggp/aymen/Penguin_colonies_2000Pix/CROZ/Satellite/WV02_20110131195238_1030010008562400_11JAN31195238-M1BS-052549143050_01_P002_u08rf3031.tif$/pylon5/mc3bggp/aymen/cuda_out/sift_matches_CA256132V0145_CROZ_9Dec1983_WV02_20110131195238_1030010008562400_11JAN31195238-M1BS-052549143050_01_P002_u08rf3031.csv')
('image', {'request': 'dequeue', 'name': 'ransac1'})
('Dequeueing', u'ransac1', 'wait')
('image', {'request': 'dequeue', 'name': 'ransac1'})
('Dequeueing', u'ransac1', 'wait')
('image', {'request': 'dequeue', 'name': 'ransac1'})
('Dequeueing', u'ransac1', 'wait')
('image', {'request': 'enqueue', 'data': '/pylon5/mc3bggp/aymen/Penguin_colonies_2000Pix/CROZ/Aerial/CA256132V0145_CROZ_9Dec1983.tif$/pylon5/mc3bggp/aymen/Penguin_colonies_2000Pix/CROZ/Satellite/WV02_20100119200728_1030010003537000_10JAN19200728-M1BS-052501479010_01_P001_u08rf3031.tif$/pylon5/mc3bggp/aymen/cuda_out/sift_matches_CA256132V0145_CROZ_9Dec1983_WV02_20100119200728_1030010003537000_10JAN19200728-M1BS-052501479010_01_P001_u08rf3031.csv', 'name': 'geolocate2'})
('image', {'request': 'dequeue', 'name': 'ransac1'})
('Dequeueing', u'ransac1', '/pylon5/mc3bggp/aymen/Penguin_colonies_2000Pix/CROZ/Aerial/CA256132V0145_CROZ_9Dec1983.tif$/pylon5/mc3bggp/aymen/Penguin_colonies_2000Pix/CROZ/Satellite/WV02_20100119200728_1030010003537000_10JAN19200728-M1BS-052501479010_01_P001_u08rf3031.tif$/pylon5/mc3bggp/aymen/cuda_out/sift_matches_CA256132V0145_CROZ_9Dec1983_WV02_20100119200728_1030010003537000_10JAN19200728-M1BS-052501479010_01_P001_u08rf3031.csv')
('request', {'request': 'disconnect', 'type': 'sender', 'name': 'geolocate2'})
('image', {'request': 'dequeue', 'name': 'ransac1'})
('Dequeueing', u'ransac1', 'wait')
('image', {'request': 'dequeue', 'name': 'ransac1'})
('Dequeueing', u'ransac1', 'wait')
('image', {'request': 'enqueue', 'data': '/pylon5/mc3bggp/aymen/Penguin_colonies_2000Pix/CROZ/Aerial/CA256132V0145_CROZ_9Dec1983.tif$/pylon5/mc3bggp/aymen/Penguin_colonies_2000Pix/CROZ/Satellite/WV02_20091215194422_10300100037B0E00_09DEC15194422-M1BS-052883753050_01_P001_u08rf3031.tif$/pylon5/mc3bggp/aymen/cuda_out/sift_matches_CA256132V0145_CROZ_9Dec1983_WV02_20091215194422_10300100037B0E00_09DEC15194422-M1BS-052883753050_01_P001_u08rf3031.csv', 'name': 'geolocate1'})
('image', {'request': 'dequeue', 'name': 'ransac1'})
('Dequeueing', u'ransac1', '/pylon5/mc3bggp/aymen/Penguin_colonies_2000Pix/CROZ/Aerial/CA256132V0145_CROZ_9Dec1983.tif$/pylon5/mc3bggp/aymen/Penguin_colonies_2000Pix/CROZ/Satellite/WV02_20091215194422_10300100037B0E00_09DEC15194422-M1BS-052883753050_01_P001_u08rf3031.tif$/pylon5/mc3bggp/aymen/cuda_out/sift_matches_CA256132V0145_CROZ_9Dec1983_WV02_20091215194422_10300100037B0E00_09DEC15194422-M1BS-052883753050_01_P001_u08rf3031.csv')
('request', {'request': 'disconnect', 'type': 'sender', 'name': 'geolocate1'})
('image', {'request': 'dequeue', 'name': 'ransac1'})
('Dequeueing', u'ransac1', 'disconnect')
('request', {'type': 'receiver', 'request': 'disconnect', 'name': 'ransac1'})
