2020-01-31 10:50:27,461: pmgr.0000.launching.0: MainProcess                     : MainThread     : DEBUG   : alive check in term
2020-01-31 10:50:27,461: pmgr.0000.launching.0: MainProcess                     : MainThread     : DEBUG   : start process
2020-01-31 10:50:28,540: pmgr.0000.launching.0: MainProcess                     : MainThread     : INFO    : recv message: alive
2020-01-31 10:50:28,541: pmgr.0000.launching.0: MainProcess                     : MainThread     : INFO    : initialize pmgr.0000.launching.0
2020-01-31 10:50:28,544: pmgr.0000.launching.0: MainProcess                     : MainThread     : INFO    : cfg: {'agents': {},
 u'bridges': {u'control_pubsub': {'addr_in': 'tcp://172.27.61.10:38325',
                                  'addr_out': 'tcp://172.27.61.10:38137',
                                  u'bulk_size': 0,
                                  u'log_level': u'error',
                                  u'stall_hwm': 1},
              u'log_pubsub': {'addr_in': 'tcp://172.27.61.10:38351',
                              'addr_out': 'tcp://172.27.61.10:36888',
                              u'bulk_size': 0,
                              u'log_level': u'error',
                              u'stall_hwm': 1},
              u'pmgr_launching_queue': {'addr_in': 'tcp://172.27.61.10:33894',
                                        'addr_out': 'tcp://172.27.61.10:44372',
                                        u'bulk_size': 0,
                                        u'log_level': u'error',
                                        u'stall_hwm': 1},
              u'state_pubsub': {'addr_in': 'tcp://172.27.61.10:42218',
                                'addr_out': 'tcp://172.27.61.10:36800',
                                u'bulk_size': 0,
                                u'log_level': u'error',
                                u'stall_hwm': 1}},
 'cname': u'PMGRLaunchingComponent',
 u'components': {},
 u'count': 1,
 u'db_poll_sleeptime': 10.0,
 'number': 0,
 'owner': 'pmgr.0000',
 'uid': 'pmgr.0000'}
2020-01-31 10:50:28,544: pmgr.0000.launching.0: MainProcess                     : MainThread     : DEBUG   : alive check in term
2020-01-31 10:50:28,544: pmgr.0000.launching.0: MainProcess                     : MainThread     : DEBUG   : START: pmgr.0000.launching.0 register publisher log_pubsub
2020-01-31 10:50:28,544: pmgr.0000.launching.0: MainProcess                     : MainThread     : DEBUG   : using addr tcp://172.27.61.10:38351 for pubsub log_pubsub
2020-01-31 10:50:28,547: pmgr.0000.launching.0: MainProcess                     : MainThread     : DEBUG   : registered publisher : log_pubsub : log.pubsub.pub.0001
2020-01-31 10:50:28,547: pmgr.0000.launching.0: MainProcess                     : MainThread     : DEBUG   : alive check in term
2020-01-31 10:50:28,547: pmgr.0000.launching.0: MainProcess                     : MainThread     : DEBUG   : START: pmgr.0000.launching.0 register publisher state_pubsub
2020-01-31 10:50:28,547: pmgr.0000.launching.0: MainProcess                     : MainThread     : DEBUG   : using addr tcp://172.27.61.10:42218 for pubsub state_pubsub
2020-01-31 10:50:28,550: pmgr.0000.launching.0: MainProcess                     : MainThread     : DEBUG   : registered publisher : state_pubsub : state.pubsub.pub.0001
2020-01-31 10:50:28,550: pmgr.0000.launching.0: MainProcess                     : MainThread     : DEBUG   : alive check in term
2020-01-31 10:50:28,550: pmgr.0000.launching.0: MainProcess                     : MainThread     : DEBUG   : START: pmgr.0000.launching.0 register publisher control_pubsub
2020-01-31 10:50:28,550: pmgr.0000.launching.0: MainProcess                     : MainThread     : DEBUG   : using addr tcp://172.27.61.10:38325 for pubsub control_pubsub
2020-01-31 10:50:28,552: pmgr.0000.launching.0: MainProcess                     : MainThread     : DEBUG   : registered publisher : control_pubsub : control.pubsub.pub.0001
2020-01-31 10:50:28,552: pmgr.0000.launching.0: MainProcess                     : MainThread     : DEBUG   : parent name: pmgr.0000.launching.0.watch
2020-01-31 10:50:28,552: pmgr.0000.launching.0: MainProcess                     : MainThread     : DEBUG   : start thread
2020-01-31 10:50:28,553: pmgr.0000.launching.0: MainProcess                     : pmgr.0000.launching.0.watch: DEBUG   : child name: pmgr.0000.launching.0.watch.thread
2020-01-31 10:50:28,553: pmgr.0000.launching.0: MainProcess                     : pmgr.0000.launching.0.watch: INFO    : child (me) initializing
2020-01-31 10:50:28,553: pmgr.0000.launching.0: MainProcess                     : pmgr.0000.launching.0.watch: DEBUG   : ru_initialize_common (NOOP)
2020-01-31 10:50:28,553: pmgr.0000.launching.0: MainProcess                     : pmgr.0000.launching.0.watch: DEBUG   : ru_initialize_child (NOOP)
2020-01-31 10:50:28,553: pmgr.0000.launching.0: MainProcess                     : pmgr.0000.launching.0.watch: INFO    : send alive
2020-01-31 10:50:28,554: pmgr.0000.launching.0: MainProcess                     : pmgr.0000.launching.0.watch: INFO    : put message: [pmgr.0000.launching.0.watch.thread] alive
2020-01-31 10:50:28,554: pmgr.0000.launching.0: MainProcess                     : MainThread     : INFO    : get msg: alive
2020-01-31 10:50:28,554: pmgr.0000.launching.0: MainProcess                     : MainThread     : DEBUG   : ru_initialize_common (NOOP)
2020-01-31 10:50:28,554: pmgr.0000.launching.0: MainProcess                     : MainThread     : DEBUG   : ru_initialize_parent (NOOP)
2020-01-31 10:50:28,555: pmgr.0000.launching.0: MainProcess                     : MainThread     : DEBUG   : child thread pmgr.0000.launching.0.watch started
2020-01-31 10:50:28,555: pmgr.0000.launching.0: MainProcess                     : MainThread     : INFO    : child is alive
2020-01-31 10:50:28,555: pmgr.0000.launching.0: MainProcess                     : MainThread     : DEBUG   : process class started child
2020-01-31 10:54:30,658: pmgr.0000.launching.0: MainProcess                     : MainThread     : INFO    : stop pmgr.0000.launching.0 (18510 : 18571 : MainThread) [radical.pilot.pilot_manager.PilotManager.finalize_parent]
2020-01-31 10:54:30,664: pmgr.0000.launching.0: MainProcess                     : MainThread     : INFO    : parent stops child  18510 -> 18571 [pmgr.0000.launching.0]
2020-01-31 10:54:30,664: pmgr.0000.launching.0: MainProcess                     : MainThread     : INFO    : send message: [pmgr.0000.launching.0] STOP
2020-01-31 10:54:30,666: pmgr.0000.launching.0: MainProcess                     : pmgr.0000.launching.0.watch: INFO    : recv message: 
2020-01-31 10:54:30,666: pmgr.0000.launching.0: MainProcess                     : MainThread     : DEBUG   : ru_finalize_common()
2020-01-31 10:54:30,666: pmgr.0000.launching.0: MainProcess                     : pmgr.0000.launching.0.watch: INFO    : message received: 
2020-01-31 10:54:30,666: pmgr.0000.launching.0: MainProcess                     : MainThread     : DEBUG   : TERM : pmgr.0000.launching.0 unregister publisher log_pubsub
2020-01-31 10:54:30,666: pmgr.0000.launching.0: MainProcess                     : pmgr.0000.launching.0.watch: WARNING : no message, parent closed ep!
2020-01-31 10:54:30,667: pmgr.0000.launching.0: MainProcess                     : pmgr.0000.launching.0.watch: INFO    : watcher closes
2020-01-31 10:54:30,667: pmgr.0000.launching.0: MainProcess                     : pmgr.0000.launching.0.watch: INFO    : put message: [pmgr.0000.launching.0.watch.thread] work finished
2020-01-31 10:54:30,668: pmgr.0000.launching.0: MainProcess                     : pmgr.0000.launching.0.watch: DEBUG   : ru_finalize_child (NOOP)
2020-01-31 10:54:30,668: pmgr.0000.launching.0: MainProcess                     : pmgr.0000.launching.0.watch: DEBUG   : ru_finalize_common (NOOP)
2020-01-31 10:54:30,668: pmgr.0000.launching.0: MainProcess                     : pmgr.0000.launching.0.watch: INFO    : put message: [pmgr.0000.launching.0.watch.thread] terminating
2020-01-31 10:54:30,668: pmgr.0000.launching.0: MainProcess                     : MainThread     : DEBUG   : unregistered publisher log_pubsub
2020-01-31 10:54:30,668: pmgr.0000.launching.0: MainProcess                     : MainThread     : DEBUG   : TERM : pmgr.0000.launching.0 unregister publisher state_pubsub
2020-01-31 10:54:30,669: pmgr.0000.launching.0: MainProcess                     : MainThread     : DEBUG   : unregistered publisher state_pubsub
2020-01-31 10:54:30,669: pmgr.0000.launching.0: MainProcess                     : MainThread     : DEBUG   : TERM : pmgr.0000.launching.0 unregister publisher control_pubsub
2020-01-31 10:54:30,670: pmgr.0000.launching.0: MainProcess                     : MainThread     : DEBUG   : unregistered publisher control_pubsub
2020-01-31 10:54:30,670: pmgr.0000.launching.0: MainProcess                     : MainThread     : DEBUG   : pmgr.0000.launching.0 close prof
2020-01-31 10:54:30,676: pmgr.0000.launching.0: MainProcess                     : MainThread     : INFO    : parent stops child
2020-01-31 10:54:30,676: pmgr.0000.launching.0: MainProcess                     : MainThread     : DEBUG   : ru_finalize_parent (NOOP)
2020-01-31 10:54:30,676: pmgr.0000.launching.0: MainProcess                     : MainThread     : DEBUG   : ru_finalize_common (NOOP)
2020-01-31 10:54:32,676: pmgr.0000.launching.0: MainProcess                     : MainThread     : WARNING : failed to stop child - terminate: 18510 -> 18571 [pmgr.0000.launching.0]
2020-01-31 10:54:32,760: pmgr.0000.launching.0: MainProcess                     : MainThread     : INFO    : stop pmgr.0000.launching.0 (18510 : 18571 : MainThread) [radical.pilot.utils.component.PilotManager.ru_finalize_common]
2020-01-31 10:54:35,785: pmgr.0000.launching.0: MainProcess                     : MainThread     : INFO    : stop pmgr.0000.launching.0 (18510 : 18571 : MainThread) [radical.pilot.session.Session.close]
