2020-01-31 10:50:19,030: rp.session.js-17-21.jetstream-cloud.org.aymen.018292.0010: MainProcess                     : MainThread     : INFO    : using database mongodb://rct:rct_test@two.radical-project.org/rct_test
2020-01-31 10:50:19,031: rp.session.js-17-21.jetstream-cloud.org.aymen.018292.0010: MainProcess                     : MainThread     : INFO    : Load resource configurations from /home/aymen/miniconda3/envs/penguins2/lib/python2.7/site-packages/radical/pilot/configs/resource_ncsa.json
2020-01-31 10:50:19,039: rp.session.js-17-21.jetstream-cloud.org.aymen.018292.0010: MainProcess                     : MainThread     : INFO    : Load resource configurations for ncsa.bw_orte
2020-01-31 10:50:19,040: rp.session.js-17-21.jetstream-cloud.org.aymen.018292.0010: MainProcess                     : MainThread     : DEBUG   : read rcfg for ncsa.bw_orte (None)
2020-01-31 10:50:19,040: rp.session.js-17-21.jetstream-cloud.org.aymen.018292.0010: MainProcess                     : MainThread     : INFO    : Load resource configurations for ncsa.bw_ccm_ssh
2020-01-31 10:50:19,041: rp.session.js-17-21.jetstream-cloud.org.aymen.018292.0010: MainProcess                     : MainThread     : DEBUG   : read rcfg for ncsa.bw_ccm_ssh (None)
2020-01-31 10:50:19,041: rp.session.js-17-21.jetstream-cloud.org.aymen.018292.0010: MainProcess                     : MainThread     : INFO    : Load resource configurations for ncsa.bw_ortelib
2020-01-31 10:50:19,041: rp.session.js-17-21.jetstream-cloud.org.aymen.018292.0010: MainProcess                     : MainThread     : DEBUG   : read rcfg for ncsa.bw_ortelib (None)
2020-01-31 10:50:19,041: rp.session.js-17-21.jetstream-cloud.org.aymen.018292.0010: MainProcess                     : MainThread     : INFO    : Load resource configurations for ncsa.bw_aprun
2020-01-31 10:50:19,042: rp.session.js-17-21.jetstream-cloud.org.aymen.018292.0010: MainProcess                     : MainThread     : DEBUG   : read rcfg for ncsa.bw_aprun (None)
2020-01-31 10:50:19,042: rp.session.js-17-21.jetstream-cloud.org.aymen.018292.0010: MainProcess                     : MainThread     : INFO    : Load resource configurations from /home/aymen/miniconda3/envs/penguins2/lib/python2.7/site-packages/radical/pilot/configs/resource_iu.json
2020-01-31 10:50:19,045: rp.session.js-17-21.jetstream-cloud.org.aymen.018292.0010: MainProcess                     : MainThread     : INFO    : Load resource configurations for iu.bigred2_ccm_ssh
2020-01-31 10:50:19,046: rp.session.js-17-21.jetstream-cloud.org.aymen.018292.0010: MainProcess                     : MainThread     : DEBUG   : read rcfg for iu.bigred2_ccm_ssh (None)
2020-01-31 10:50:19,046: rp.session.js-17-21.jetstream-cloud.org.aymen.018292.0010: MainProcess                     : MainThread     : INFO    : Load resource configurations for iu.bigred2_aprun
2020-01-31 10:50:19,046: rp.session.js-17-21.jetstream-cloud.org.aymen.018292.0010: MainProcess                     : MainThread     : DEBUG   : read rcfg for iu.bigred2_aprun (None)
2020-01-31 10:50:19,046: rp.session.js-17-21.jetstream-cloud.org.aymen.018292.0010: MainProcess                     : MainThread     : INFO    : Load resource configurations from /home/aymen/miniconda3/envs/penguins2/lib/python2.7/site-packages/radical/pilot/configs/resource_osg.json
2020-01-31 10:50:19,050: rp.session.js-17-21.jetstream-cloud.org.aymen.018292.0010: MainProcess                     : MainThread     : INFO    : Load resource configurations for osg.xsede-virt-clust
2020-01-31 10:50:19,050: rp.session.js-17-21.jetstream-cloud.org.aymen.018292.0010: MainProcess                     : MainThread     : DEBUG   : read rcfg for osg.xsede-virt-clust (None)
2020-01-31 10:50:19,051: rp.session.js-17-21.jetstream-cloud.org.aymen.018292.0010: MainProcess                     : MainThread     : INFO    : Load resource configurations for osg.connect
2020-01-31 10:50:19,051: rp.session.js-17-21.jetstream-cloud.org.aymen.018292.0010: MainProcess                     : MainThread     : DEBUG   : read rcfg for osg.connect (None)
2020-01-31 10:50:19,051: rp.session.js-17-21.jetstream-cloud.org.aymen.018292.0010: MainProcess                     : MainThread     : INFO    : Load resource configurations from /home/aymen/miniconda3/envs/penguins2/lib/python2.7/site-packages/radical/pilot/configs/resource_yale.json
2020-01-31 10:50:19,053: rp.session.js-17-21.jetstream-cloud.org.aymen.018292.0010: MainProcess                     : MainThread     : INFO    : Load resource configurations for yale.grace_ssh
2020-01-31 10:50:19,053: rp.session.js-17-21.jetstream-cloud.org.aymen.018292.0010: MainProcess                     : MainThread     : DEBUG   : read rcfg for yale.grace_ssh (None)
2020-01-31 10:50:19,053: rp.session.js-17-21.jetstream-cloud.org.aymen.018292.0010: MainProcess                     : MainThread     : INFO    : Load resource configurations from /home/aymen/miniconda3/envs/penguins2/lib/python2.7/site-packages/radical/pilot/configs/resource_lumc.json
2020-01-31 10:50:19,056: rp.session.js-17-21.jetstream-cloud.org.aymen.018292.0010: MainProcess                     : MainThread     : INFO    : Load resource configurations for lumc.gb-ui_ssh
2020-01-31 10:50:19,057: rp.session.js-17-21.jetstream-cloud.org.aymen.018292.0010: MainProcess                     : MainThread     : DEBUG   : read rcfg for lumc.gb-ui_ssh (None)
2020-01-31 10:50:19,057: rp.session.js-17-21.jetstream-cloud.org.aymen.018292.0010: MainProcess                     : MainThread     : INFO    : Load resource configurations for lumc.shark_ssh
2020-01-31 10:50:19,057: rp.session.js-17-21.jetstream-cloud.org.aymen.018292.0010: MainProcess                     : MainThread     : DEBUG   : read rcfg for lumc.shark_ssh (None)
2020-01-31 10:50:19,057: rp.session.js-17-21.jetstream-cloud.org.aymen.018292.0010: MainProcess                     : MainThread     : INFO    : Load resource configurations from /home/aymen/miniconda3/envs/penguins2/lib/python2.7/site-packages/radical/pilot/configs/resource_debug.json
2020-01-31 10:50:19,059: rp.session.js-17-21.jetstream-cloud.org.aymen.018292.0010: MainProcess                     : MainThread     : INFO    : Load resource configurations for debug.summit
2020-01-31 10:50:19,060: rp.session.js-17-21.jetstream-cloud.org.aymen.018292.0010: MainProcess                     : MainThread     : DEBUG   : read rcfg for debug.summit (None)
2020-01-31 10:50:19,060: rp.session.js-17-21.jetstream-cloud.org.aymen.018292.0010: MainProcess                     : MainThread     : INFO    : Load resource configurations from /home/aymen/miniconda3/envs/penguins2/lib/python2.7/site-packages/radical/pilot/configs/resource_ornl.json
2020-01-31 10:50:19,074: rp.session.js-17-21.jetstream-cloud.org.aymen.018292.0010: MainProcess                     : MainThread     : INFO    : Load resource configurations for ornl.rhea
2020-01-31 10:50:19,075: rp.session.js-17-21.jetstream-cloud.org.aymen.018292.0010: MainProcess                     : MainThread     : DEBUG   : read rcfg for ornl.rhea (16)
2020-01-31 10:50:19,075: rp.session.js-17-21.jetstream-cloud.org.aymen.018292.0010: MainProcess                     : MainThread     : INFO    : Load resource configurations for ornl.rhea_aprun
2020-01-31 10:50:19,075: rp.session.js-17-21.jetstream-cloud.org.aymen.018292.0010: MainProcess                     : MainThread     : DEBUG   : read rcfg for ornl.rhea_aprun (None)
2020-01-31 10:50:19,075: rp.session.js-17-21.jetstream-cloud.org.aymen.018292.0010: MainProcess                     : MainThread     : INFO    : Load resource configurations for ornl.summitdev
2020-01-31 10:50:19,076: rp.session.js-17-21.jetstream-cloud.org.aymen.018292.0010: MainProcess                     : MainThread     : DEBUG   : read rcfg for ornl.summitdev (None)
2020-01-31 10:50:19,076: rp.session.js-17-21.jetstream-cloud.org.aymen.018292.0010: MainProcess                     : MainThread     : INFO    : Load resource configurations for ornl.titan_ortelib
2020-01-31 10:50:19,076: rp.session.js-17-21.jetstream-cloud.org.aymen.018292.0010: MainProcess                     : MainThread     : DEBUG   : read rcfg for ornl.titan_ortelib (None)
2020-01-31 10:50:19,076: rp.session.js-17-21.jetstream-cloud.org.aymen.018292.0010: MainProcess                     : MainThread     : INFO    : Load resource configurations for ornl.titan_orte
2020-01-31 10:50:19,077: rp.session.js-17-21.jetstream-cloud.org.aymen.018292.0010: MainProcess                     : MainThread     : DEBUG   : read rcfg for ornl.titan_orte (16)
2020-01-31 10:50:19,077: rp.session.js-17-21.jetstream-cloud.org.aymen.018292.0010: MainProcess                     : MainThread     : INFO    : Load resource configurations for ornl.summit_prte
2020-01-31 10:50:19,077: rp.session.js-17-21.jetstream-cloud.org.aymen.018292.0010: MainProcess                     : MainThread     : DEBUG   : read rcfg for ornl.summit_prte (None)
2020-01-31 10:50:19,077: rp.session.js-17-21.jetstream-cloud.org.aymen.018292.0010: MainProcess                     : MainThread     : INFO    : Load resource configurations for ornl.summit
2020-01-31 10:50:19,078: rp.session.js-17-21.jetstream-cloud.org.aymen.018292.0010: MainProcess                     : MainThread     : DEBUG   : read rcfg for ornl.summit (None)
2020-01-31 10:50:19,078: rp.session.js-17-21.jetstream-cloud.org.aymen.018292.0010: MainProcess                     : MainThread     : INFO    : Load resource configurations for ornl.titan_aprun
2020-01-31 10:50:19,078: rp.session.js-17-21.jetstream-cloud.org.aymen.018292.0010: MainProcess                     : MainThread     : DEBUG   : read rcfg for ornl.titan_aprun (None)
2020-01-31 10:50:19,078: rp.session.js-17-21.jetstream-cloud.org.aymen.018292.0010: MainProcess                     : MainThread     : INFO    : Load resource configurations from /home/aymen/miniconda3/envs/penguins2/lib/python2.7/site-packages/radical/pilot/configs/resource_stfc.json
2020-01-31 10:50:19,080: rp.session.js-17-21.jetstream-cloud.org.aymen.018292.0010: MainProcess                     : MainThread     : INFO    : Load resource configurations for stfc.joule_runjob
2020-01-31 10:50:19,080: rp.session.js-17-21.jetstream-cloud.org.aymen.018292.0010: MainProcess                     : MainThread     : DEBUG   : read rcfg for stfc.joule_runjob (None)
2020-01-31 10:50:19,080: rp.session.js-17-21.jetstream-cloud.org.aymen.018292.0010: MainProcess                     : MainThread     : INFO    : Load resource configurations from /home/aymen/miniconda3/envs/penguins2/lib/python2.7/site-packages/radical/pilot/configs/resource_radical.json
2020-01-31 10:50:19,084: rp.session.js-17-21.jetstream-cloud.org.aymen.018292.0010: MainProcess                     : MainThread     : INFO    : Load resource configurations for radical.two
2020-01-31 10:50:19,085: rp.session.js-17-21.jetstream-cloud.org.aymen.018292.0010: MainProcess                     : MainThread     : DEBUG   : read rcfg for radical.two (None)
2020-01-31 10:50:19,085: rp.session.js-17-21.jetstream-cloud.org.aymen.018292.0010: MainProcess                     : MainThread     : INFO    : Load resource configurations for radical.tutorial
2020-01-31 10:50:19,085: rp.session.js-17-21.jetstream-cloud.org.aymen.018292.0010: MainProcess                     : MainThread     : DEBUG   : read rcfg for radical.tutorial (None)
2020-01-31 10:50:19,085: rp.session.js-17-21.jetstream-cloud.org.aymen.018292.0010: MainProcess                     : MainThread     : INFO    : Load resource configurations for radical.one
2020-01-31 10:50:19,086: rp.session.js-17-21.jetstream-cloud.org.aymen.018292.0010: MainProcess                     : MainThread     : DEBUG   : read rcfg for radical.one (None)
2020-01-31 10:50:19,086: rp.session.js-17-21.jetstream-cloud.org.aymen.018292.0010: MainProcess                     : MainThread     : INFO    : Load resource configurations from /home/aymen/miniconda3/envs/penguins2/lib/python2.7/site-packages/radical/pilot/configs/resource_das4.json
2020-01-31 10:50:19,087: rp.session.js-17-21.jetstream-cloud.org.aymen.018292.0010: MainProcess                     : MainThread     : INFO    : Load resource configurations for das4.fs2_ssh
2020-01-31 10:50:19,088: rp.session.js-17-21.jetstream-cloud.org.aymen.018292.0010: MainProcess                     : MainThread     : DEBUG   : read rcfg for das4.fs2_ssh (None)
2020-01-31 10:50:19,088: rp.session.js-17-21.jetstream-cloud.org.aymen.018292.0010: MainProcess                     : MainThread     : INFO    : Load resource configurations from /home/aymen/miniconda3/envs/penguins2/lib/python2.7/site-packages/radical/pilot/configs/resource_vtarc_dt.json
2020-01-31 10:50:19,089: rp.session.js-17-21.jetstream-cloud.org.aymen.018292.0010: MainProcess                     : MainThread     : INFO    : Load resource configurations for vtarc_dt.stampede_ssh
2020-01-31 10:50:19,090: rp.session.js-17-21.jetstream-cloud.org.aymen.018292.0010: MainProcess                     : MainThread     : DEBUG   : read rcfg for vtarc_dt.stampede_ssh (None)
2020-01-31 10:50:19,090: rp.session.js-17-21.jetstream-cloud.org.aymen.018292.0010: MainProcess                     : MainThread     : INFO    : Load resource configurations from /home/aymen/miniconda3/envs/penguins2/lib/python2.7/site-packages/radical/pilot/configs/resource_nersc.json
2020-01-31 10:50:19,098: rp.session.js-17-21.jetstream-cloud.org.aymen.018292.0010: MainProcess                     : MainThread     : INFO    : Load resource configurations for nersc.edison_ccm_ssh
2020-01-31 10:50:19,099: rp.session.js-17-21.jetstream-cloud.org.aymen.018292.0010: MainProcess                     : MainThread     : DEBUG   : read rcfg for nersc.edison_ccm_ssh (None)
2020-01-31 10:50:19,099: rp.session.js-17-21.jetstream-cloud.org.aymen.018292.0010: MainProcess                     : MainThread     : INFO    : Load resource configurations for nersc.hopper_orte
2020-01-31 10:50:19,099: rp.session.js-17-21.jetstream-cloud.org.aymen.018292.0010: MainProcess                     : MainThread     : DEBUG   : read rcfg for nersc.hopper_orte (None)
2020-01-31 10:50:19,099: rp.session.js-17-21.jetstream-cloud.org.aymen.018292.0010: MainProcess                     : MainThread     : INFO    : Load resource configurations for nersc.hopper_ccm_ssh
2020-01-31 10:50:19,100: rp.session.js-17-21.jetstream-cloud.org.aymen.018292.0010: MainProcess                     : MainThread     : DEBUG   : read rcfg for nersc.hopper_ccm_ssh (24)
2020-01-31 10:50:19,100: rp.session.js-17-21.jetstream-cloud.org.aymen.018292.0010: MainProcess                     : MainThread     : INFO    : Load resource configurations for nersc.edison_aprun
2020-01-31 10:50:19,100: rp.session.js-17-21.jetstream-cloud.org.aymen.018292.0010: MainProcess                     : MainThread     : DEBUG   : read rcfg for nersc.edison_aprun (None)
2020-01-31 10:50:19,100: rp.session.js-17-21.jetstream-cloud.org.aymen.018292.0010: MainProcess                     : MainThread     : INFO    : Load resource configurations for nersc.hopper_aprun
2020-01-31 10:50:19,100: rp.session.js-17-21.jetstream-cloud.org.aymen.018292.0010: MainProcess                     : MainThread     : DEBUG   : read rcfg for nersc.hopper_aprun (24)
2020-01-31 10:50:19,101: rp.session.js-17-21.jetstream-cloud.org.aymen.018292.0010: MainProcess                     : MainThread     : INFO    : Load resource configurations for nersc.edison_orte
2020-01-31 10:50:19,101: rp.session.js-17-21.jetstream-cloud.org.aymen.018292.0010: MainProcess                     : MainThread     : DEBUG   : read rcfg for nersc.edison_orte (None)
2020-01-31 10:50:19,101: rp.session.js-17-21.jetstream-cloud.org.aymen.018292.0010: MainProcess                     : MainThread     : INFO    : Load resource configurations from /home/aymen/miniconda3/envs/penguins2/lib/python2.7/site-packages/radical/pilot/configs/resource_xsede.json
2020-01-31 10:50:19,125: rp.session.js-17-21.jetstream-cloud.org.aymen.018292.0010: MainProcess                     : MainThread     : INFO    : Load resource configurations for xsede.stampede2_ssh
2020-01-31 10:50:19,125: rp.session.js-17-21.jetstream-cloud.org.aymen.018292.0010: MainProcess                     : MainThread     : DEBUG   : read rcfg for xsede.stampede2_ssh (68)
2020-01-31 10:50:19,125: rp.session.js-17-21.jetstream-cloud.org.aymen.018292.0010: MainProcess                     : MainThread     : INFO    : Load resource configurations for xsede.supermic_ssh
2020-01-31 10:50:19,125: rp.session.js-17-21.jetstream-cloud.org.aymen.018292.0010: MainProcess                     : MainThread     : DEBUG   : read rcfg for xsede.supermic_ssh (20)
2020-01-31 10:50:19,125: rp.session.js-17-21.jetstream-cloud.org.aymen.018292.0010: MainProcess                     : MainThread     : INFO    : Load resource configurations for xsede.wrangler_yarn
2020-01-31 10:50:19,126: rp.session.js-17-21.jetstream-cloud.org.aymen.018292.0010: MainProcess                     : MainThread     : DEBUG   : read rcfg for xsede.wrangler_yarn (None)
2020-01-31 10:50:19,126: rp.session.js-17-21.jetstream-cloud.org.aymen.018292.0010: MainProcess                     : MainThread     : INFO    : Load resource configurations for xsede.comet_orte
2020-01-31 10:50:19,126: rp.session.js-17-21.jetstream-cloud.org.aymen.018292.0010: MainProcess                     : MainThread     : DEBUG   : read rcfg for xsede.comet_orte (24)
2020-01-31 10:50:19,126: rp.session.js-17-21.jetstream-cloud.org.aymen.018292.0010: MainProcess                     : MainThread     : INFO    : Load resource configurations for xsede.gordon_ssh
2020-01-31 10:50:19,126: rp.session.js-17-21.jetstream-cloud.org.aymen.018292.0010: MainProcess                     : MainThread     : DEBUG   : read rcfg for xsede.gordon_ssh (None)
2020-01-31 10:50:19,126: rp.session.js-17-21.jetstream-cloud.org.aymen.018292.0010: MainProcess                     : MainThread     : INFO    : Load resource configurations for xsede.lonestar_ssh
2020-01-31 10:50:19,127: rp.session.js-17-21.jetstream-cloud.org.aymen.018292.0010: MainProcess                     : MainThread     : DEBUG   : read rcfg for xsede.lonestar_ssh (None)
2020-01-31 10:50:19,127: rp.session.js-17-21.jetstream-cloud.org.aymen.018292.0010: MainProcess                     : MainThread     : INFO    : Load resource configurations for xsede.supermic_spark
2020-01-31 10:50:19,127: rp.session.js-17-21.jetstream-cloud.org.aymen.018292.0010: MainProcess                     : MainThread     : DEBUG   : read rcfg for xsede.supermic_spark (20)
2020-01-31 10:50:19,127: rp.session.js-17-21.jetstream-cloud.org.aymen.018292.0010: MainProcess                     : MainThread     : INFO    : Load resource configurations for xsede.wrangler_ssh
2020-01-31 10:50:19,127: rp.session.js-17-21.jetstream-cloud.org.aymen.018292.0010: MainProcess                     : MainThread     : DEBUG   : read rcfg for xsede.wrangler_ssh (None)
2020-01-31 10:50:19,127: rp.session.js-17-21.jetstream-cloud.org.aymen.018292.0010: MainProcess                     : MainThread     : INFO    : Load resource configurations for xsede.supermic_ortelib
2020-01-31 10:50:19,128: rp.session.js-17-21.jetstream-cloud.org.aymen.018292.0010: MainProcess                     : MainThread     : DEBUG   : read rcfg for xsede.supermic_ortelib (20)
2020-01-31 10:50:19,128: rp.session.js-17-21.jetstream-cloud.org.aymen.018292.0010: MainProcess                     : MainThread     : INFO    : Load resource configurations for xsede.bridges
2020-01-31 10:50:19,128: rp.session.js-17-21.jetstream-cloud.org.aymen.018292.0010: MainProcess                     : MainThread     : DEBUG   : read rcfg for xsede.bridges (None)
2020-01-31 10:50:19,128: rp.session.js-17-21.jetstream-cloud.org.aymen.018292.0010: MainProcess                     : MainThread     : INFO    : Load resource configurations for xsede.frontera
2020-01-31 10:50:19,128: rp.session.js-17-21.jetstream-cloud.org.aymen.018292.0010: MainProcess                     : MainThread     : DEBUG   : read rcfg for xsede.frontera (56)
2020-01-31 10:50:19,128: rp.session.js-17-21.jetstream-cloud.org.aymen.018292.0010: MainProcess                     : MainThread     : INFO    : Load resource configurations for xsede.supermic_orte
2020-01-31 10:50:19,129: rp.session.js-17-21.jetstream-cloud.org.aymen.018292.0010: MainProcess                     : MainThread     : DEBUG   : read rcfg for xsede.supermic_orte (20)
2020-01-31 10:50:19,129: rp.session.js-17-21.jetstream-cloud.org.aymen.018292.0010: MainProcess                     : MainThread     : INFO    : Load resource configurations for xsede.wrangler_spark
2020-01-31 10:50:19,130: rp.session.js-17-21.jetstream-cloud.org.aymen.018292.0010: MainProcess                     : MainThread     : DEBUG   : read rcfg for xsede.wrangler_spark (None)
2020-01-31 10:50:19,130: rp.session.js-17-21.jetstream-cloud.org.aymen.018292.0010: MainProcess                     : MainThread     : INFO    : Load resource configurations for xsede.greenfield
2020-01-31 10:50:19,131: rp.session.js-17-21.jetstream-cloud.org.aymen.018292.0010: MainProcess                     : MainThread     : DEBUG   : read rcfg for xsede.greenfield (15)
2020-01-31 10:50:19,131: rp.session.js-17-21.jetstream-cloud.org.aymen.018292.0010: MainProcess                     : MainThread     : INFO    : Load resource configurations for xsede.comet_spark
2020-01-31 10:50:19,132: rp.session.js-17-21.jetstream-cloud.org.aymen.018292.0010: MainProcess                     : MainThread     : DEBUG   : read rcfg for xsede.comet_spark (24)
2020-01-31 10:50:19,132: rp.session.js-17-21.jetstream-cloud.org.aymen.018292.0010: MainProcess                     : MainThread     : INFO    : Load resource configurations for xsede.trestles_ssh
2020-01-31 10:50:19,132: rp.session.js-17-21.jetstream-cloud.org.aymen.018292.0010: MainProcess                     : MainThread     : DEBUG   : read rcfg for xsede.trestles_ssh (None)
2020-01-31 10:50:19,133: rp.session.js-17-21.jetstream-cloud.org.aymen.018292.0010: MainProcess                     : MainThread     : INFO    : Load resource configurations for xsede.comet_ssh
2020-01-31 10:50:19,133: rp.session.js-17-21.jetstream-cloud.org.aymen.018292.0010: MainProcess                     : MainThread     : DEBUG   : read rcfg for xsede.comet_ssh (24)
2020-01-31 10:50:19,134: rp.session.js-17-21.jetstream-cloud.org.aymen.018292.0010: MainProcess                     : MainThread     : INFO    : Load resource configurations for xsede.comet_ortelib
2020-01-31 10:50:19,134: rp.session.js-17-21.jetstream-cloud.org.aymen.018292.0010: MainProcess                     : MainThread     : DEBUG   : read rcfg for xsede.comet_ortelib (24)
2020-01-31 10:50:19,134: rp.session.js-17-21.jetstream-cloud.org.aymen.018292.0010: MainProcess                     : MainThread     : INFO    : Load resource configurations for xsede.blacklight_ssh
2020-01-31 10:50:19,135: rp.session.js-17-21.jetstream-cloud.org.aymen.018292.0010: MainProcess                     : MainThread     : DEBUG   : read rcfg for xsede.blacklight_ssh (16)
2020-01-31 10:50:19,135: rp.session.js-17-21.jetstream-cloud.org.aymen.018292.0010: MainProcess                     : MainThread     : INFO    : Load resource configurations from /home/aymen/miniconda3/envs/penguins2/lib/python2.7/site-packages/radical/pilot/configs/resource_chameleon.json
2020-01-31 10:50:19,138: rp.session.js-17-21.jetstream-cloud.org.aymen.018292.0010: MainProcess                     : MainThread     : INFO    : Load resource configurations for chameleon.cloud_vm_yarn
2020-01-31 10:50:19,139: rp.session.js-17-21.jetstream-cloud.org.aymen.018292.0010: MainProcess                     : MainThread     : DEBUG   : read rcfg for chameleon.cloud_vm_yarn (None)
2020-01-31 10:50:19,139: rp.session.js-17-21.jetstream-cloud.org.aymen.018292.0010: MainProcess                     : MainThread     : INFO    : Load resource configurations from /home/aymen/miniconda3/envs/penguins2/lib/python2.7/site-packages/radical/pilot/configs/resource_epsrc.json
2020-01-31 10:50:19,144: rp.session.js-17-21.jetstream-cloud.org.aymen.018292.0010: MainProcess                     : MainThread     : INFO    : Load resource configurations for epsrc.archer_orte
2020-01-31 10:50:19,145: rp.session.js-17-21.jetstream-cloud.org.aymen.018292.0010: MainProcess                     : MainThread     : DEBUG   : read rcfg for epsrc.archer_orte (None)
2020-01-31 10:50:19,145: rp.session.js-17-21.jetstream-cloud.org.aymen.018292.0010: MainProcess                     : MainThread     : INFO    : Load resource configurations for epsrc.archer_aprun
2020-01-31 10:50:19,146: rp.session.js-17-21.jetstream-cloud.org.aymen.018292.0010: MainProcess                     : MainThread     : DEBUG   : read rcfg for epsrc.archer_aprun (None)
2020-01-31 10:50:19,146: rp.session.js-17-21.jetstream-cloud.org.aymen.018292.0010: MainProcess                     : MainThread     : INFO    : Load resource configurations from /home/aymen/miniconda3/envs/penguins2/lib/python2.7/site-packages/radical/pilot/configs/resource_futuregrid.json
2020-01-31 10:50:19,159: rp.session.js-17-21.jetstream-cloud.org.aymen.018292.0010: MainProcess                     : MainThread     : INFO    : Load resource configurations for futuregrid.delta_ssh
2020-01-31 10:50:19,159: rp.session.js-17-21.jetstream-cloud.org.aymen.018292.0010: MainProcess                     : MainThread     : DEBUG   : read rcfg for futuregrid.delta_ssh (None)
2020-01-31 10:50:19,159: rp.session.js-17-21.jetstream-cloud.org.aymen.018292.0010: MainProcess                     : MainThread     : INFO    : Load resource configurations for futuregrid.india_ssh
2020-01-31 10:50:19,160: rp.session.js-17-21.jetstream-cloud.org.aymen.018292.0010: MainProcess                     : MainThread     : DEBUG   : read rcfg for futuregrid.india_ssh (None)
2020-01-31 10:50:19,160: rp.session.js-17-21.jetstream-cloud.org.aymen.018292.0010: MainProcess                     : MainThread     : INFO    : Load resource configurations for futuregrid.echo_ssh
2020-01-31 10:50:19,160: rp.session.js-17-21.jetstream-cloud.org.aymen.018292.0010: MainProcess                     : MainThread     : DEBUG   : read rcfg for futuregrid.echo_ssh (None)
2020-01-31 10:50:19,160: rp.session.js-17-21.jetstream-cloud.org.aymen.018292.0010: MainProcess                     : MainThread     : INFO    : Load resource configurations for futuregrid.xray_ccm
2020-01-31 10:50:19,161: rp.session.js-17-21.jetstream-cloud.org.aymen.018292.0010: MainProcess                     : MainThread     : DEBUG   : read rcfg for futuregrid.xray_ccm (None)
2020-01-31 10:50:19,161: rp.session.js-17-21.jetstream-cloud.org.aymen.018292.0010: MainProcess                     : MainThread     : INFO    : Load resource configurations for futuregrid.bravo_ssh
2020-01-31 10:50:19,161: rp.session.js-17-21.jetstream-cloud.org.aymen.018292.0010: MainProcess                     : MainThread     : DEBUG   : read rcfg for futuregrid.bravo_ssh (None)
2020-01-31 10:50:19,161: rp.session.js-17-21.jetstream-cloud.org.aymen.018292.0010: MainProcess                     : MainThread     : INFO    : Load resource configurations for futuregrid.xray_aprun
2020-01-31 10:50:19,162: rp.session.js-17-21.jetstream-cloud.org.aymen.018292.0010: MainProcess                     : MainThread     : DEBUG   : read rcfg for futuregrid.xray_aprun (None)
2020-01-31 10:50:19,162: rp.session.js-17-21.jetstream-cloud.org.aymen.018292.0010: MainProcess                     : MainThread     : INFO    : Load resource configurations from /home/aymen/miniconda3/envs/penguins2/lib/python2.7/site-packages/radical/pilot/configs/resource_local.json
2020-01-31 10:50:19,180: rp.session.js-17-21.jetstream-cloud.org.aymen.018292.0010: MainProcess                     : MainThread     : INFO    : Load resource configurations for local.localhost_orte
2020-01-31 10:50:19,180: rp.session.js-17-21.jetstream-cloud.org.aymen.018292.0010: MainProcess                     : MainThread     : DEBUG   : read rcfg for local.localhost_orte (8)
2020-01-31 10:50:19,180: rp.session.js-17-21.jetstream-cloud.org.aymen.018292.0010: MainProcess                     : MainThread     : INFO    : Load resource configurations for local.localhost_anaconda
2020-01-31 10:50:19,181: rp.session.js-17-21.jetstream-cloud.org.aymen.018292.0010: MainProcess                     : MainThread     : DEBUG   : read rcfg for local.localhost_anaconda (8)
2020-01-31 10:50:19,181: rp.session.js-17-21.jetstream-cloud.org.aymen.018292.0010: MainProcess                     : MainThread     : INFO    : Load resource configurations for local.localhost_ortelib
2020-01-31 10:50:19,181: rp.session.js-17-21.jetstream-cloud.org.aymen.018292.0010: MainProcess                     : MainThread     : DEBUG   : read rcfg for local.localhost_ortelib (8)
2020-01-31 10:50:19,181: rp.session.js-17-21.jetstream-cloud.org.aymen.018292.0010: MainProcess                     : MainThread     : INFO    : Load resource configurations for local.localhost_prte
2020-01-31 10:50:19,182: rp.session.js-17-21.jetstream-cloud.org.aymen.018292.0010: MainProcess                     : MainThread     : DEBUG   : read rcfg for local.localhost_prte (8)
2020-01-31 10:50:19,182: rp.session.js-17-21.jetstream-cloud.org.aymen.018292.0010: MainProcess                     : MainThread     : INFO    : Load resource configurations for local.localhost_aprun
2020-01-31 10:50:19,182: rp.session.js-17-21.jetstream-cloud.org.aymen.018292.0010: MainProcess                     : MainThread     : DEBUG   : read rcfg for local.localhost_aprun (8)
2020-01-31 10:50:19,182: rp.session.js-17-21.jetstream-cloud.org.aymen.018292.0010: MainProcess                     : MainThread     : INFO    : Load resource configurations for local.localhost
2020-01-31 10:50:19,183: rp.session.js-17-21.jetstream-cloud.org.aymen.018292.0010: MainProcess                     : MainThread     : DEBUG   : read rcfg for local.localhost (8)
2020-01-31 10:50:19,183: rp.session.js-17-21.jetstream-cloud.org.aymen.018292.0010: MainProcess                     : MainThread     : INFO    : Load resource configurations for local.localhost_spark
2020-01-31 10:50:19,183: rp.session.js-17-21.jetstream-cloud.org.aymen.018292.0010: MainProcess                     : MainThread     : DEBUG   : read rcfg for local.localhost_spark (8)
2020-01-31 10:50:19,183: rp.session.js-17-21.jetstream-cloud.org.aymen.018292.0010: MainProcess                     : MainThread     : INFO    : Load resource configurations for local.localhost_spark_anaconda
2020-01-31 10:50:19,184: rp.session.js-17-21.jetstream-cloud.org.aymen.018292.0010: MainProcess                     : MainThread     : DEBUG   : read rcfg for local.localhost_spark_anaconda (8)
2020-01-31 10:50:19,184: rp.session.js-17-21.jetstream-cloud.org.aymen.018292.0010: MainProcess                     : MainThread     : INFO    : Load resource configurations for local.localhost_yarn
2020-01-31 10:50:19,184: rp.session.js-17-21.jetstream-cloud.org.aymen.018292.0010: MainProcess                     : MainThread     : DEBUG   : read rcfg for local.localhost_yarn (None)
2020-01-31 10:50:19,184: rp.session.js-17-21.jetstream-cloud.org.aymen.018292.0010: MainProcess                     : MainThread     : INFO    : Load resource configurations from /home/aymen/miniconda3/envs/penguins2/lib/python2.7/site-packages/radical/pilot/configs/resource_aliases.json
2020-01-31 10:50:19,185: rp.session.js-17-21.jetstream-cloud.org.aymen.018292.0010: MainProcess                     : MainThread     : INFO    : Load resource configurations from /home/aymen/miniconda3/envs/penguins2/lib/python2.7/site-packages/radical/pilot/configs/resource_lrz.json
2020-01-31 10:50:19,187: rp.session.js-17-21.jetstream-cloud.org.aymen.018292.0010: MainProcess                     : MainThread     : INFO    : Load resource configurations for lrz.supermuc_ssh
2020-01-31 10:50:19,188: rp.session.js-17-21.jetstream-cloud.org.aymen.018292.0010: MainProcess                     : MainThread     : DEBUG   : read rcfg for lrz.supermuc_ssh (None)
2020-01-31 10:50:19,188: rp.session.js-17-21.jetstream-cloud.org.aymen.018292.0010: MainProcess                     : MainThread     : INFO    : Load resource configurations from /home/aymen/miniconda3/envs/penguins2/lib/python2.7/site-packages/radical/pilot/configs/resource_rice.json
2020-01-31 10:50:19,191: rp.session.js-17-21.jetstream-cloud.org.aymen.018292.0010: MainProcess                     : MainThread     : INFO    : Load resource configurations for rice.davinci_ssh
2020-01-31 10:50:19,191: rp.session.js-17-21.jetstream-cloud.org.aymen.018292.0010: MainProcess                     : MainThread     : DEBUG   : read rcfg for rice.davinci_ssh (None)
2020-01-31 10:50:19,192: rp.session.js-17-21.jetstream-cloud.org.aymen.018292.0010: MainProcess                     : MainThread     : INFO    : Load resource configurations for rice.biou_ssh
2020-01-31 10:50:19,192: rp.session.js-17-21.jetstream-cloud.org.aymen.018292.0010: MainProcess                     : MainThread     : DEBUG   : read rcfg for rice.biou_ssh (None)
2020-01-31 10:50:19,192: rp.session.js-17-21.jetstream-cloud.org.aymen.018292.0010: MainProcess                     : MainThread     : INFO    : Load resource configurations from /home/aymen/miniconda3/envs/penguins2/lib/python2.7/site-packages/radical/pilot/configs/resource_ncar.json
2020-01-31 10:50:19,196: rp.session.js-17-21.jetstream-cloud.org.aymen.018292.0010: MainProcess                     : MainThread     : INFO    : Load resource configurations for ncar.cheyenne
2020-01-31 10:50:19,196: rp.session.js-17-21.jetstream-cloud.org.aymen.018292.0010: MainProcess                     : MainThread     : DEBUG   : read rcfg for ncar.cheyenne (36)
2020-01-31 10:50:19,197: rp.session.js-17-21.jetstream-cloud.org.aymen.018292.0010: MainProcess                     : MainThread     : INFO    : Load resource configurations for ncar.yellowstone_ssh
2020-01-31 10:50:19,197: rp.session.js-17-21.jetstream-cloud.org.aymen.018292.0010: MainProcess                     : MainThread     : DEBUG   : read rcfg for ncar.yellowstone_ssh (None)
2020-01-31 10:50:19,197: rp.session.js-17-21.jetstream-cloud.org.aymen.018292.0010: MainProcess                     : MainThread     : INFO    : Load resource configurations from /home/aymen/miniconda3/envs/penguins2/lib/python2.7/site-packages/radical/pilot/configs/resource_das5.json
2020-01-31 10:50:19,199: rp.session.js-17-21.jetstream-cloud.org.aymen.018292.0010: MainProcess                     : MainThread     : INFO    : Load resource configurations for das5.fs1_ssh
2020-01-31 10:50:19,199: rp.session.js-17-21.jetstream-cloud.org.aymen.018292.0010: MainProcess                     : MainThread     : DEBUG   : read rcfg for das5.fs1_ssh (None)
2020-01-31 10:50:19,199: rp.session.js-17-21.jetstream-cloud.org.aymen.018292.0010: MainProcess                     : MainThread     : INFO    : Load resource configurations from /home/aymen/miniconda3/envs/penguins2/lib/python2.7/site-packages/radical/pilot/configs/resource_fub.json
2020-01-31 10:50:19,201: rp.session.js-17-21.jetstream-cloud.org.aymen.018292.0010: MainProcess                     : MainThread     : INFO    : Load resource configurations for fub.allegro_rsh
2020-01-31 10:50:19,202: rp.session.js-17-21.jetstream-cloud.org.aymen.018292.0010: MainProcess                     : MainThread     : DEBUG   : read rcfg for fub.allegro_rsh (None)
2020-01-31 10:50:19,202: rp.session.js-17-21.jetstream-cloud.org.aymen.018292.0010: MainProcess                     : MainThread     : INFO    : Load resource configurations from /home/aymen/miniconda3/envs/penguins2/lib/python2.7/site-packages/radical/pilot/configs/resource_princeton.json
2020-01-31 10:50:19,206: rp.session.js-17-21.jetstream-cloud.org.aymen.018292.0010: MainProcess                     : MainThread     : INFO    : Load resource configurations for princeton.tiger_cpu
2020-01-31 10:50:19,207: rp.session.js-17-21.jetstream-cloud.org.aymen.018292.0010: MainProcess                     : MainThread     : DEBUG   : read rcfg for princeton.tiger_cpu (40)
2020-01-31 10:50:19,207: rp.session.js-17-21.jetstream-cloud.org.aymen.018292.0010: MainProcess                     : MainThread     : INFO    : Load resource configurations for princeton.tiger_gpu
2020-01-31 10:50:19,207: rp.session.js-17-21.jetstream-cloud.org.aymen.018292.0010: MainProcess                     : MainThread     : DEBUG   : read rcfg for princeton.tiger_gpu (28)
2020-01-31 10:50:22,028: rp.session.js-17-21.jetstream-cloud.org.aymen.018292.0010: MainProcess                     : MainThread     : INFO    : New Session created: rp.session.js-17-21.jetstream-cloud.org.aymen.018292.0010.
2020-01-31 10:50:22,029: rp.session.js-17-21.jetstream-cloud.org.aymen.018292.0010: MainProcess                     : MainThread     : DEBUG   : start bridges   : {u'control_pubsub': {u'bulk_size': 0, u'log_level': u'error', u'stall_hwm': 1},
 u'log_pubsub': {u'bulk_size': 0, u'log_level': u'error', u'stall_hwm': 1},
 u'state_pubsub': {u'bulk_size': 0, u'log_level': u'error', u'stall_hwm': 1}}
2020-01-31 10:50:22,029: rp.session.js-17-21.jetstream-cloud.org.aymen.018292.0010: MainProcess                     : MainThread     : INFO    : create bridge control_pubsub
2020-01-31 10:50:22,049: rp.session.js-17-21.jetstream-cloud.org.aymen.018292.0010: MainProcess                     : MainThread     : INFO    : created bridge control_pubsub (control.pubsub.bridge.0000)
2020-01-31 10:50:22,049: rp.session.js-17-21.jetstream-cloud.org.aymen.018292.0010: MainProcess                     : MainThread     : INFO    : create bridge state_pubsub
2020-01-31 10:50:22,065: rp.session.js-17-21.jetstream-cloud.org.aymen.018292.0010: MainProcess                     : MainThread     : INFO    : created bridge state_pubsub (state.pubsub.bridge.0000)
2020-01-31 10:50:22,065: rp.session.js-17-21.jetstream-cloud.org.aymen.018292.0010: MainProcess                     : MainThread     : INFO    : create bridge log_pubsub
2020-01-31 10:50:22,081: rp.session.js-17-21.jetstream-cloud.org.aymen.018292.0010: MainProcess                     : MainThread     : INFO    : created bridge log_pubsub (log.pubsub.bridge.0000)
2020-01-31 10:50:22,083: rp.session.js-17-21.jetstream-cloud.org.aymen.018292.0010: MainProcess                     : MainThread     : DEBUG   : start components: {u'UpdateWorker': {u'count': 1}}
2020-01-31 10:50:22,083: rp.session.js-17-21.jetstream-cloud.org.aymen.018292.0010: MainProcess                     : MainThread     : DEBUG   : start 1 component(s) UpdateWorker
2020-01-31 10:50:25,258: rp.session.js-17-21.jetstream-cloud.org.aymen.018292.0010: MainProcess                     : MainThread     : INFO    : rp.session.js-17-21.jetstream-cloud.org.aymen.018292.0010 starts update.0
2020-01-31 10:50:25,258: rp.session.js-17-21.jetstream-cloud.org.aymen.018292.0010: MainProcess                     : MainThread     : INFO    : radical.pilot version: 0.70.0
2020-01-31 10:50:25,258: rp.session.js-17-21.jetstream-cloud.org.aymen.018292.0010: MainProcess                     : MainThread     : INFO    : radical.saga  version: 0.70.0
2020-01-31 10:50:25,258: rp.session.js-17-21.jetstream-cloud.org.aymen.018292.0010: MainProcess                     : MainThread     : INFO    : radical.utils version: 0.70.0
2020-01-31 10:50:28,841: rp.session.js-17-21.jetstream-cloud.org.aymen.018292.0010: MainProcess                     : MainThread     : DEBUG   : get rcfg 1 for xsede.bridges (None)
2020-01-31 10:50:28,842: rp.session.js-17-21.jetstream-cloud.org.aymen.018292.0010: MainProcess                     : MainThread     : DEBUG   : get rcfg 2 for xsede.bridges (None)
2020-01-31 10:50:28,842: rp.session.js-17-21.jetstream-cloud.org.aymen.018292.0010: MainProcess                     : MainThread     : DEBUG   : get rcfg 1 for xsede.bridges (None)
2020-01-31 10:50:28,842: rp.session.js-17-21.jetstream-cloud.org.aymen.018292.0010: MainProcess                     : MainThread     : DEBUG   : get rcfg 2 for xsede.bridges (None)
2020-01-31 10:50:28,843: rp.session.js-17-21.jetstream-cloud.org.aymen.018292.0010: MainProcess                     : MainThread     : DEBUG   : rsup.PTYShell('gsissh://bridges.psc.xsede.org:2222/')
2020-01-31 10:50:30,969: rp.session.js-17-21.jetstream-cloud.org.aymen.018292.0010: MainProcess                     : MainThread     : DEBUG   : sandbox base gsissh://bridges.psc.xsede.org:2222/: '/pylon5/mc3bggp/aymen'
2020-01-31 10:50:31,203: rp.session.js-17-21.jetstream-cloud.org.aymen.018292.0010: MainProcess                     : MainThread     : DEBUG   : bulk pilot insert result: {'nModified': 0, 'nUpserted': 0, 'nMatched': 0, 'writeErrors': [], 'upserted': [], 'writeConcernErrors': [], 'nRemoved': 0, 'nInserted': 1}
2020-01-31 10:50:31,207: rp.session.js-17-21.jetstream-cloud.org.aymen.018292.0010: pmgr.0000.launching.0           : MainThread     : DEBUG   : get rcfg 1 for xsede.bridges (None)
2020-01-31 10:50:31,207: rp.session.js-17-21.jetstream-cloud.org.aymen.018292.0010: pmgr.0000.launching.0           : MainThread     : DEBUG   : get rcfg 2 for xsede.bridges (None)
2020-01-31 10:50:31,212: rp.session.js-17-21.jetstream-cloud.org.aymen.018292.0010: pmgr.0000.launching.0           : MainThread     : DEBUG   : get rcfg 1 for xsede.bridges (None)
2020-01-31 10:50:31,212: rp.session.js-17-21.jetstream-cloud.org.aymen.018292.0010: pmgr.0000.launching.0           : MainThread     : DEBUG   : get rcfg 2 for xsede.bridges (None)
2020-01-31 10:50:31,212: rp.session.js-17-21.jetstream-cloud.org.aymen.018292.0010: pmgr.0000.launching.0           : MainThread     : DEBUG   : rsup.PTYShell('gsissh://bridges.psc.xsede.org:2222/')
2020-01-31 10:50:32,265: rp.session.js-17-21.jetstream-cloud.org.aymen.018292.0010: pmgr.0000.launching.0           : MainThread     : DEBUG   : sandbox base gsissh://bridges.psc.xsede.org:2222/: '/pylon5/mc3bggp/aymen'
2020-01-31 10:50:39,800: rp.session.js-17-21.jetstream-cloud.org.aymen.018292.0010: MainProcess                     : MainThread     : DEBUG   : bulk unit insert result: {'nModified': 0, 'nUpserted': 0, 'nMatched': 0, 'writeErrors': [], 'upserted': [], 'writeConcernErrors': [], 'nRemoved': 0, 'nInserted': 1}
2020-01-31 10:51:43,914: rp.session.js-17-21.jetstream-cloud.org.aymen.018292.0010: MainProcess                     : MainThread     : DEBUG   : bulk unit insert result: {'nModified': 0, 'nUpserted': 0, 'nMatched': 0, 'writeErrors': [], 'upserted': [], 'writeConcernErrors': [], 'nRemoved': 0, 'nInserted': 1}
2020-01-31 10:52:06,189: rp.session.js-17-21.jetstream-cloud.org.aymen.018292.0010: MainProcess                     : MainThread     : DEBUG   : bulk unit insert result: {'nModified': 0, 'nUpserted': 0, 'nMatched': 0, 'writeErrors': [], 'upserted': [], 'writeConcernErrors': [], 'nRemoved': 0, 'nInserted': 4}
2020-01-31 10:54:26,259: rp.session.js-17-21.jetstream-cloud.org.aymen.018292.0010: MainProcess                     : MainThread     : DEBUG   : session rp.session.js-17-21.jetstream-cloud.org.aymen.018292.0010 closing
2020-01-31 10:54:26,259: rp.session.js-17-21.jetstream-cloud.org.aymen.018292.0010: MainProcess                     : MainThread     : DEBUG   : session rp.session.js-17-21.jetstream-cloud.org.aymen.018292.0010 closes umgr   umgr.0000
2020-01-31 10:54:30,648: rp.session.js-17-21.jetstream-cloud.org.aymen.018292.0010: MainProcess                     : MainThread     : DEBUG   : session rp.session.js-17-21.jetstream-cloud.org.aymen.018292.0010 closed umgr   umgr.0000
2020-01-31 10:54:30,649: rp.session.js-17-21.jetstream-cloud.org.aymen.018292.0010: MainProcess                     : MainThread     : DEBUG   : session rp.session.js-17-21.jetstream-cloud.org.aymen.018292.0010 closes pmgr   pmgr.0000
2020-01-31 10:54:32,763: rp.session.js-17-21.jetstream-cloud.org.aymen.018292.0010: MainProcess                     : MainThread     : DEBUG   : session rp.session.js-17-21.jetstream-cloud.org.aymen.018292.0010 closed pmgr   pmgr.0000
2020-01-31 10:54:32,763: rp.session.js-17-21.jetstream-cloud.org.aymen.018292.0010: MainProcess                     : MainThread     : DEBUG   : session rp.session.js-17-21.jetstream-cloud.org.aymen.018292.0010 closes comp   update.0
2020-01-31 10:54:32,763: rp.session.js-17-21.jetstream-cloud.org.aymen.018292.0010: MainProcess                     : MainThread     : DEBUG   : update.0 stop called
2020-01-31 10:54:32,839: rp.session.js-17-21.jetstream-cloud.org.aymen.018292.0010: update.0                        : MainThread     : DEBUG   : update.0.child stop called
2020-01-31 10:54:33,036: rp.session.js-17-21.jetstream-cloud.org.aymen.018292.0010: update.0                        : MainThread     : DEBUG   : update.0.child stop called
2020-01-31 10:54:33,046: rp.session.js-17-21.jetstream-cloud.org.aymen.018292.0010: MainProcess                     : MainThread     : DEBUG   : session rp.session.js-17-21.jetstream-cloud.org.aymen.018292.0010 closed comp   update.0
2020-01-31 10:54:33,046: rp.session.js-17-21.jetstream-cloud.org.aymen.018292.0010: MainProcess                     : MainThread     : DEBUG   : session rp.session.js-17-21.jetstream-cloud.org.aymen.018292.0010 closes bridge control.pubsub.bridge.0000
2020-01-31 10:54:34,077: rp.session.js-17-21.jetstream-cloud.org.aymen.018292.0010: MainProcess                     : MainThread     : DEBUG   : session rp.session.js-17-21.jetstream-cloud.org.aymen.018292.0010 closed bridge control.pubsub.bridge.0000
2020-01-31 10:54:34,077: rp.session.js-17-21.jetstream-cloud.org.aymen.018292.0010: MainProcess                     : MainThread     : DEBUG   : session rp.session.js-17-21.jetstream-cloud.org.aymen.018292.0010 closes bridge state.pubsub.bridge.0000
2020-01-31 10:54:35,059: rp.session.js-17-21.jetstream-cloud.org.aymen.018292.0010: MainProcess                     : MainThread     : DEBUG   : session rp.session.js-17-21.jetstream-cloud.org.aymen.018292.0010 closed bridge state.pubsub.bridge.0000
2020-01-31 10:54:35,059: rp.session.js-17-21.jetstream-cloud.org.aymen.018292.0010: MainProcess                     : MainThread     : DEBUG   : session rp.session.js-17-21.jetstream-cloud.org.aymen.018292.0010 closes bridge log.pubsub.bridge.0000
2020-01-31 10:54:35,639: rp.session.js-17-21.jetstream-cloud.org.aymen.018292.0010: MainProcess                     : MainThread     : DEBUG   : session rp.session.js-17-21.jetstream-cloud.org.aymen.018292.0010 closed bridge log.pubsub.bridge.0000
2020-01-31 10:54:35,640: rp.session.js-17-21.jetstream-cloud.org.aymen.018292.0010: MainProcess                     : MainThread     : DEBUG   : session rp.session.js-17-21.jetstream-cloud.org.aymen.018292.0010 closes db (False)
2020-01-31 10:54:35,777: rp.session.js-17-21.jetstream-cloud.org.aymen.018292.0010: MainProcess                     : MainThread     : DEBUG   : session rp.session.js-17-21.jetstream-cloud.org.aymen.018292.0010 closed (delete=False)
2020-01-31 10:54:35,783: rp.session.js-17-21.jetstream-cloud.org.aymen.018292.0010: MainProcess                     : MainThread     : DEBUG   : update.0 stop called
