2020-01-31 10:50:34,672: umgr.0000.staging.input.0.child: umgr.0000.staging.input.0       : MainThread     : INFO    : initialize umgr.0000.staging.input.0.child
2020-01-31 10:50:34,677: umgr.0000.staging.input.0.child: umgr.0000.staging.input.0       : MainThread     : INFO    : cfg: {'agents': {},
 u'bridges': {u'control_pubsub': {'addr_in': 'tcp://172.27.61.10:38325',
                                  'addr_out': 'tcp://172.27.61.10:38137',
                                  u'bulk_size': 0,
                                  u'log_level': u'error',
                                  u'stall_hwm': 1},
              u'log_pubsub': {'addr_in': 'tcp://172.27.61.10:38351',
                              'addr_out': 'tcp://172.27.61.10:36888',
                              u'bulk_size': 0,
                              u'log_level': u'error',
                              u'stall_hwm': 1},
              u'state_pubsub': {'addr_in': 'tcp://172.27.61.10:42218',
                                'addr_out': 'tcp://172.27.61.10:36800',
                                u'bulk_size': 0,
                                u'log_level': u'error',
                                u'stall_hwm': 1},
              u'umgr_reschedule_pubsub': {'addr_in': 'tcp://172.27.61.10:39605',
                                          'addr_out': 'tcp://172.27.61.10:41220',
                                          u'bulk_size': 0,
                                          u'log_level': u'error',
                                          u'stall_hwm': 1},
              u'umgr_scheduling_queue': {'addr_in': 'tcp://172.27.61.10:33217',
                                         'addr_out': 'tcp://172.27.61.10:41044',
                                         u'bulk_size': 0,
                                         u'log_level': u'error',
                                         u'stall_hwm': 1},
              u'umgr_staging_input_queue': {'addr_in': 'tcp://172.27.61.10:37312',
                                            'addr_out': 'tcp://172.27.61.10:46589',
                                            u'bulk_size': 0,
                                            u'log_level': u'error',
                                            u'stall_hwm': 1},
              u'umgr_staging_output_queue': {'addr_in': 'tcp://172.27.61.10:43445',
                                             'addr_out': 'tcp://172.27.61.10:42270',
                                             u'bulk_size': 0,
                                             u'log_level': u'error',
                                             u'stall_hwm': 1},
              u'umgr_unschedule_pubsub': {'addr_in': 'tcp://172.27.61.10:42861',
                                          'addr_out': 'tcp://172.27.61.10:41097',
                                          u'bulk_size': 0,
                                          u'log_level': u'error',
                                          u'stall_hwm': 1}},
 u'bulk_collection_size': 100,
 u'bulk_collection_time': 1.0,
 'cname': u'UMGRStagingInputComponent',
 u'components': {},
 u'count': 1,
 u'db_poll_sleeptime': 1.0,
 'number': 0,
 'owner': 'umgr.0000',
 u'scheduler': u'round_robin',
 'uid': 'umgr.0000'}
2020-01-31 10:50:34,678: umgr.0000.staging.input.0.child: umgr.0000.staging.input.0       : MainThread     : DEBUG   : start components: {}
2020-01-31 10:50:34,678: umgr.0000.staging.input.0.child: umgr.0000.staging.input.0       : MainThread     : DEBUG   : alive check in term
2020-01-31 10:50:34,678: umgr.0000.staging.input.0.child: umgr.0000.staging.input.0       : MainThread     : DEBUG   : START: umgr.0000.staging.input.0.child register publisher log_pubsub
2020-01-31 10:50:34,678: umgr.0000.staging.input.0.child: umgr.0000.staging.input.0       : MainThread     : DEBUG   : using addr tcp://172.27.61.10:38351 for pubsub log_pubsub
2020-01-31 10:50:34,681: umgr.0000.staging.input.0.child: umgr.0000.staging.input.0       : MainThread     : DEBUG   : registered publisher : log_pubsub : log.pubsub.pub.0003
2020-01-31 10:50:34,681: umgr.0000.staging.input.0.child: umgr.0000.staging.input.0       : MainThread     : DEBUG   : alive check in term
2020-01-31 10:50:34,681: umgr.0000.staging.input.0.child: umgr.0000.staging.input.0       : MainThread     : DEBUG   : START: umgr.0000.staging.input.0.child register publisher state_pubsub
2020-01-31 10:50:34,682: umgr.0000.staging.input.0.child: umgr.0000.staging.input.0       : MainThread     : DEBUG   : using addr tcp://172.27.61.10:42218 for pubsub state_pubsub
2020-01-31 10:50:34,683: umgr.0000.staging.input.0.child: umgr.0000.staging.input.0       : MainThread     : DEBUG   : registered publisher : state_pubsub : state.pubsub.pub.0003
2020-01-31 10:50:34,684: umgr.0000.staging.input.0.child: umgr.0000.staging.input.0       : MainThread     : DEBUG   : alive check in term
2020-01-31 10:50:34,684: umgr.0000.staging.input.0.child: umgr.0000.staging.input.0       : MainThread     : DEBUG   : START: umgr.0000.staging.input.0.child register publisher control_pubsub
2020-01-31 10:50:34,684: umgr.0000.staging.input.0.child: umgr.0000.staging.input.0       : MainThread     : DEBUG   : using addr tcp://172.27.61.10:38325 for pubsub control_pubsub
2020-01-31 10:50:34,686: umgr.0000.staging.input.0.child: umgr.0000.staging.input.0       : MainThread     : DEBUG   : registered publisher : control_pubsub : control.pubsub.pub.0003
2020-01-31 10:50:34,686: umgr.0000.staging.input.0.child: umgr.0000.staging.input.0       : MainThread     : DEBUG   : alive check in term
2020-01-31 10:50:34,687: umgr.0000.staging.input.0.child: umgr.0000.staging.input.0       : MainThread     : DEBUG   : START: umgr.0000.staging.input.0.child register subscriber umgr.0000.staging.input.0.child.subscriber._cancel_monitor_cb
2020-01-31 10:50:34,687: umgr.0000.staging.input.0.child: umgr.0000.staging.input.0       : MainThread     : DEBUG   : using addr tcp://172.27.61.10:38137 for pubsub control_pubsub
2020-01-31 10:50:34,690: umgr.0000.staging.input.0.child: umgr.0000.staging.input.0       : MainThread     : DEBUG   : parent name: umgr.0000.staging.input.0.child.subscriber._cancel_monitor_cb
2020-01-31 10:50:34,690: umgr.0000.staging.input.0.child: umgr.0000.staging.input.0       : MainThread     : DEBUG   : start thread
2020-01-31 10:50:34,690: umgr.0000.staging.input.0.child: umgr.0000.staging.input.0       : umgr.0000.staging.input.0.child.subscriber._cancel_monitor_cb: DEBUG   : child name: umgr.0000.staging.input.0.child.subscriber._cancel_monitor_cb.thread
2020-01-31 10:50:34,691: umgr.0000.staging.input.0.child: umgr.0000.staging.input.0       : umgr.0000.staging.input.0.child.subscriber._cancel_monitor_cb: INFO    : child (me) initializing
2020-01-31 10:50:34,691: umgr.0000.staging.input.0.child: umgr.0000.staging.input.0       : umgr.0000.staging.input.0.child.subscriber._cancel_monitor_cb: DEBUG   : ru_initialize_common (NOOP)
2020-01-31 10:50:34,691: umgr.0000.staging.input.0.child: umgr.0000.staging.input.0       : umgr.0000.staging.input.0.child.subscriber._cancel_monitor_cb: DEBUG   : ru_initialize_child (NOOP)
2020-01-31 10:50:34,691: umgr.0000.staging.input.0.child: umgr.0000.staging.input.0       : umgr.0000.staging.input.0.child.subscriber._cancel_monitor_cb: INFO    : send alive
2020-01-31 10:50:34,691: umgr.0000.staging.input.0.child: umgr.0000.staging.input.0       : umgr.0000.staging.input.0.child.subscriber._cancel_monitor_cb: INFO    : put message: [umgr.0000.staging.input.0.child.subscriber._cancel_monitor_cb.thread] alive
2020-01-31 10:50:34,692: umgr.0000.staging.input.0.child: umgr.0000.staging.input.0       : MainThread     : INFO    : get msg: alive
2020-01-31 10:50:34,692: umgr.0000.staging.input.0.child: umgr.0000.staging.input.0       : MainThread     : DEBUG   : ru_initialize_common (NOOP)
2020-01-31 10:50:34,692: umgr.0000.staging.input.0.child: umgr.0000.staging.input.0       : MainThread     : DEBUG   : ru_initialize_parent (NOOP)
2020-01-31 10:50:34,692: umgr.0000.staging.input.0.child: umgr.0000.staging.input.0       : MainThread     : DEBUG   : child thread umgr.0000.staging.input.0.child.subscriber._cancel_monitor_cb started
2020-01-31 10:50:34,692: umgr.0000.staging.input.0.child: umgr.0000.staging.input.0       : MainThread     : DEBUG   : umgr.0000.staging.input.0.child registered control_pubsub subscriber umgr.0000.staging.input.0.child.subscriber._cancel_monitor_cb
2020-01-31 10:50:34,692: umgr.0000.staging.input.0.child: umgr.0000.staging.input.0       : MainThread     : DEBUG   : alive check in term
2020-01-31 10:50:34,692: umgr.0000.staging.input.0.child: umgr.0000.staging.input.0       : MainThread     : DEBUG   : using addr tcp://172.27.61.10:46589 for input umgr_staging_input_queue
2020-01-31 10:50:34,694: umgr.0000.staging.input.0.child: umgr.0000.staging.input.0       : MainThread     : DEBUG   : registered input umgr.0000.staging.input.0.child.work.UMGR_STAGING_INPUT_PENDING
2020-01-31 10:50:34,694: umgr.0000.staging.input.0.child: umgr.0000.staging.input.0       : MainThread     : DEBUG   : START: umgr.0000.staging.input.0.child register input UMGR_STAGING_INPUT_PENDING: umgr.0000.staging.input.0.child.work.UMGR_STAGING_INPUT_PENDING
2020-01-31 10:50:34,694: umgr.0000.staging.input.0.child: umgr.0000.staging.input.0       : MainThread     : DEBUG   : registered worker work [UMGR_STAGING_INPUT_PENDING]
2020-01-31 10:50:34,695: umgr.0000.staging.input.0.child: umgr.0000.staging.input.0       : MainThread     : DEBUG   : alive check in term
2020-01-31 10:50:34,695: umgr.0000.staging.input.0.child: umgr.0000.staging.input.0       : MainThread     : DEBUG   : START: umgr.0000.staging.input.0.child register output AGENT_STAGING_INPUT_PENDING
2020-01-31 10:50:34,695: umgr.0000.staging.input.0.child: umgr.0000.staging.input.0       : MainThread     : DEBUG   : alive check in term
2020-01-31 10:50:34,695: umgr.0000.staging.input.0.child: umgr.0000.staging.input.0       : MainThread     : DEBUG   : START: umgr.0000.staging.input.0.child register subscriber umgr.0000.staging.input.0.child.subscriber._base_command_cb
2020-01-31 10:50:34,695: umgr.0000.staging.input.0.child: umgr.0000.staging.input.0       : MainThread     : DEBUG   : using addr tcp://172.27.61.10:38137 for pubsub control_pubsub
2020-01-31 10:50:34,697: umgr.0000.staging.input.0.child: umgr.0000.staging.input.0       : MainThread     : DEBUG   : parent name: umgr.0000.staging.input.0.child.subscriber._base_command_cb
2020-01-31 10:50:34,698: umgr.0000.staging.input.0.child: umgr.0000.staging.input.0       : MainThread     : DEBUG   : start thread
2020-01-31 10:50:34,698: umgr.0000.staging.input.0.child: umgr.0000.staging.input.0       : umgr.0000.staging.input.0.child.subscriber._base_command_cb: DEBUG   : child name: umgr.0000.staging.input.0.child.subscriber._base_command_cb.thread
2020-01-31 10:50:34,698: umgr.0000.staging.input.0.child: umgr.0000.staging.input.0       : umgr.0000.staging.input.0.child.subscriber._base_command_cb: INFO    : child (me) initializing
2020-01-31 10:50:34,698: umgr.0000.staging.input.0.child: umgr.0000.staging.input.0       : umgr.0000.staging.input.0.child.subscriber._base_command_cb: DEBUG   : ru_initialize_common (NOOP)
2020-01-31 10:50:34,698: umgr.0000.staging.input.0.child: umgr.0000.staging.input.0       : umgr.0000.staging.input.0.child.subscriber._base_command_cb: DEBUG   : ru_initialize_child (NOOP)
2020-01-31 10:50:34,698: umgr.0000.staging.input.0.child: umgr.0000.staging.input.0       : umgr.0000.staging.input.0.child.subscriber._base_command_cb: INFO    : send alive
2020-01-31 10:50:34,699: umgr.0000.staging.input.0.child: umgr.0000.staging.input.0       : umgr.0000.staging.input.0.child.subscriber._base_command_cb: INFO    : put message: [umgr.0000.staging.input.0.child.subscriber._base_command_cb.thread] alive
2020-01-31 10:50:34,699: umgr.0000.staging.input.0.child: umgr.0000.staging.input.0       : MainThread     : INFO    : get msg: alive
2020-01-31 10:50:34,699: umgr.0000.staging.input.0.child: umgr.0000.staging.input.0       : MainThread     : DEBUG   : ru_initialize_common (NOOP)
2020-01-31 10:50:34,699: umgr.0000.staging.input.0.child: umgr.0000.staging.input.0       : MainThread     : DEBUG   : ru_initialize_parent (NOOP)
2020-01-31 10:50:34,699: umgr.0000.staging.input.0.child: umgr.0000.staging.input.0       : MainThread     : DEBUG   : child thread umgr.0000.staging.input.0.child.subscriber._base_command_cb started
2020-01-31 10:50:34,700: umgr.0000.staging.input.0.child: umgr.0000.staging.input.0       : MainThread     : DEBUG   : umgr.0000.staging.input.0.child registered control_pubsub subscriber umgr.0000.staging.input.0.child.subscriber._base_command_cb
2020-01-31 10:50:34,700: umgr.0000.staging.input.0.child: umgr.0000.staging.input.0       : MainThread     : INFO    : child (me) initializing
2020-01-31 10:50:34,700: umgr.0000.staging.input.0.child: umgr.0000.staging.input.0       : MainThread     : DEBUG   : parent name: umgr.0000.staging.input.0.child.watch
2020-01-31 10:50:34,700: umgr.0000.staging.input.0.child: umgr.0000.staging.input.0       : MainThread     : DEBUG   : start thread
2020-01-31 10:50:34,700: umgr.0000.staging.input.0.child: umgr.0000.staging.input.0       : umgr.0000.staging.input.0.child.watch: DEBUG   : child name: umgr.0000.staging.input.0.child.watch.thread
2020-01-31 10:50:34,701: umgr.0000.staging.input.0.child: umgr.0000.staging.input.0       : umgr.0000.staging.input.0.child.watch: INFO    : child (me) initializing
2020-01-31 10:50:34,701: umgr.0000.staging.input.0.child: umgr.0000.staging.input.0       : umgr.0000.staging.input.0.child.watch: DEBUG   : ru_initialize_common (NOOP)
2020-01-31 10:50:34,701: umgr.0000.staging.input.0.child: umgr.0000.staging.input.0       : umgr.0000.staging.input.0.child.watch: DEBUG   : ru_initialize_child (NOOP)
2020-01-31 10:50:34,701: umgr.0000.staging.input.0.child: umgr.0000.staging.input.0       : umgr.0000.staging.input.0.child.watch: INFO    : send alive
2020-01-31 10:50:34,701: umgr.0000.staging.input.0.child: umgr.0000.staging.input.0       : umgr.0000.staging.input.0.child.watch: INFO    : put message: [umgr.0000.staging.input.0.child.watch.thread] alive
2020-01-31 10:50:34,702: umgr.0000.staging.input.0.child: umgr.0000.staging.input.0       : MainThread     : INFO    : get msg: alive
2020-01-31 10:50:34,702: umgr.0000.staging.input.0.child: umgr.0000.staging.input.0       : MainThread     : DEBUG   : ru_initialize_common (NOOP)
2020-01-31 10:50:34,702: umgr.0000.staging.input.0.child: umgr.0000.staging.input.0       : MainThread     : DEBUG   : ru_initialize_parent (NOOP)
2020-01-31 10:50:34,702: umgr.0000.staging.input.0.child: umgr.0000.staging.input.0       : MainThread     : DEBUG   : child thread umgr.0000.staging.input.0.child.watch started
2020-01-31 10:50:34,702: umgr.0000.staging.input.0.child: umgr.0000.staging.input.0       : MainThread     : INFO    : child (me) is alive
2020-01-31 10:50:34,702: umgr.0000.staging.input.0.child: umgr.0000.staging.input.0       : MainThread     : INFO    : send alive
2020-01-31 10:50:34,702: umgr.0000.staging.input.0.child: umgr.0000.staging.input.0       : MainThread     : INFO    : send message: [umgr.0000.staging.input.0.child] alive
2020-01-31 10:50:39,662: umgr.0000.staging.input.0.child: umgr.0000.staging.input.0       : umgr.0000.staging.input.0.child.subscriber._base_command_cb: DEBUG   : add pilot pilot.0000
2020-01-31 10:50:39,662: umgr.0000.staging.input.0.child: umgr.0000.staging.input.0       : umgr.0000.staging.input.0.child.subscriber._cancel_monitor_cb: DEBUG   : command ignored: add_pilots
2020-01-31 10:50:39,805: umgr.0000.staging.input.0.child: umgr.0000.staging.input.0       : MainThread     : DEBUG   : got unit (unit.000000)
2020-01-31 10:50:39,805: umgr.0000.staging.input.0.child: umgr.0000.staging.input.0       : MainThread     : DEBUG   : advance bulk size: 1 [False, True]
2020-01-31 10:50:39,806: umgr.0000.staging.input.0.child: umgr.0000.staging.input.0       : MainThread     : DEBUG   : key gsisftp://bridges.psc.xsede.org:2222/ / gsisftp://bridges.psc.xsede.org:2222/
2020-01-31 10:50:41,434: umgr.0000.staging.input.0.child: umgr.0000.staging.input.0       : MainThread     : DEBUG   : <- client:///q1.py (<type 'str'>)
2020-01-31 10:50:41,434: umgr.0000.staging.input.0.child: umgr.0000.staging.input.0       : MainThread     : DEBUG   :    client:///q1.py
2020-01-31 10:50:41,435: umgr.0000.staging.input.0.child: umgr.0000.staging.input.0       : MainThread     : DEBUG   :    pwd
2020-01-31 10:50:41,435: umgr.0000.staging.input.0.child: umgr.0000.staging.input.0       : MainThread     : DEBUG   :    expand with /home/aymen/SummerRadical/iceberg_escience/Geolocation/Scipts/Design2
2020-01-31 10:50:41,435: umgr.0000.staging.input.0.child: umgr.0000.staging.input.0       : MainThread     : DEBUG   : -> file:///home/aymen/SummerRadical/iceberg_escience/Geolocation/Scipts/Design2/q1.py
2020-01-31 10:50:41,435: umgr.0000.staging.input.0.child: umgr.0000.staging.input.0       : MainThread     : DEBUG   : <- unit:///q1.py (<type 'str'>)
2020-01-31 10:50:41,435: umgr.0000.staging.input.0.child: umgr.0000.staging.input.0       : MainThread     : DEBUG   :    unit:///q1.py
2020-01-31 10:50:41,435: umgr.0000.staging.input.0.child: umgr.0000.staging.input.0       : MainThread     : DEBUG   :    unit
2020-01-31 10:50:41,436: umgr.0000.staging.input.0.child: umgr.0000.staging.input.0       : MainThread     : DEBUG   :    expand with gsisftp://bridges.psc.xsede.org:2222/pylon5/mc3bggp/aymen/radical.pilot.sandbox/rp.session.js-17-21.jetstream-cloud.org.aymen.018292.0010/pilot.0000//unit.000000/
2020-01-31 10:50:41,436: umgr.0000.staging.input.0.child: umgr.0000.staging.input.0       : MainThread     : DEBUG   : -> gsisftp://bridges.psc.xsede.org:2222/pylon5/mc3bggp/aymen/radical.pilot.sandbox/rp.session.js-17-21.jetstream-cloud.org.aymen.018292.0010/pilot.0000/unit.000000/q1.py
2020-01-31 10:50:41,436: umgr.0000.staging.input.0.child: umgr.0000.staging.input.0       : MainThread     : DEBUG   : <- file:///home/aymen/SummerRadical/iceberg_escience/Geolocation/Scipts/Design2/q1.py (<class 'radical.utils.url.Url'>)
2020-01-31 10:50:41,436: umgr.0000.staging.input.0.child: umgr.0000.staging.input.0       : MainThread     : DEBUG   :    file:///home/aymen/SummerRadical/iceberg_escience/Geolocation/Scipts/Design2/q1.py
2020-01-31 10:50:41,436: umgr.0000.staging.input.0.child: umgr.0000.staging.input.0       : MainThread     : DEBUG   :    file
2020-01-31 10:50:41,436: umgr.0000.staging.input.0.child: umgr.0000.staging.input.0       : MainThread     : DEBUG   : -> file:///home/aymen/SummerRadical/iceberg_escience/Geolocation/Scipts/Design2/q1.py
2020-01-31 10:50:41,437: umgr.0000.staging.input.0.child: umgr.0000.staging.input.0       : MainThread     : DEBUG   : <- gsisftp://bridges.psc.xsede.org:2222/pylon5/mc3bggp/aymen/radical.pilot.sandbox/rp.session.js-17-21.jetstream-cloud.org.aymen.018292.0010/pilot.0000/unit.000000/q1.py (<class 'radical.utils.url.Url'>)
2020-01-31 10:50:41,437: umgr.0000.staging.input.0.child: umgr.0000.staging.input.0       : MainThread     : DEBUG   :    gsisftp://bridges.psc.xsede.org:2222/pylon5/mc3bggp/aymen/radical.pilot.sandbox/rp.session.js-17-21.jetstream-cloud.org.aymen.018292.0010/pilot.0000/unit.000000/q1.py
2020-01-31 10:50:41,437: umgr.0000.staging.input.0.child: umgr.0000.staging.input.0       : MainThread     : DEBUG   :    gsisftp
2020-01-31 10:50:41,437: umgr.0000.staging.input.0.child: umgr.0000.staging.input.0       : MainThread     : DEBUG   : -> gsisftp://bridges.psc.xsede.org:2222/pylon5/mc3bggp/aymen/radical.pilot.sandbox/rp.session.js-17-21.jetstream-cloud.org.aymen.018292.0010/pilot.0000/unit.000000/q1.py
2020-01-31 10:50:45,258: umgr.0000.staging.input.0.child: umgr.0000.staging.input.0       : MainThread     : DEBUG   : advance bulk size: 1 [True, True]
2020-01-31 10:50:45,258: umgr.0000.staging.input.0.child: umgr.0000.staging.input.0       : MainThread     : DEBUG   : drop  unit.000000 [AGENT_STAGING_INPUT_PENDING]
2020-01-31 10:51:43,920: umgr.0000.staging.input.0.child: umgr.0000.staging.input.0       : MainThread     : DEBUG   : got unit (unit.000001)
2020-01-31 10:51:43,921: umgr.0000.staging.input.0.child: umgr.0000.staging.input.0       : MainThread     : DEBUG   : advance bulk size: 1 [False, True]
2020-01-31 10:51:43,921: umgr.0000.staging.input.0.child: umgr.0000.staging.input.0       : MainThread     : DEBUG   : key gsisftp://bridges.psc.xsede.org:2222/ / gsisftp://bridges.psc.xsede.org:2222/
2020-01-31 10:51:44,922: umgr.0000.staging.input.0.child: umgr.0000.staging.input.0       : MainThread     : DEBUG   : <- client:///disc.py (<type 'str'>)
2020-01-31 10:51:44,922: umgr.0000.staging.input.0.child: umgr.0000.staging.input.0       : MainThread     : DEBUG   :    client:///disc.py
2020-01-31 10:51:44,922: umgr.0000.staging.input.0.child: umgr.0000.staging.input.0       : MainThread     : DEBUG   :    pwd
2020-01-31 10:51:44,922: umgr.0000.staging.input.0.child: umgr.0000.staging.input.0       : MainThread     : DEBUG   :    expand with /home/aymen/SummerRadical/iceberg_escience/Geolocation/Scipts/Design2
2020-01-31 10:51:44,923: umgr.0000.staging.input.0.child: umgr.0000.staging.input.0       : MainThread     : DEBUG   : -> file:///home/aymen/SummerRadical/iceberg_escience/Geolocation/Scipts/Design2/disc.py
2020-01-31 10:51:44,923: umgr.0000.staging.input.0.child: umgr.0000.staging.input.0       : MainThread     : DEBUG   : <- unit:///disc.py (<type 'str'>)
2020-01-31 10:51:44,923: umgr.0000.staging.input.0.child: umgr.0000.staging.input.0       : MainThread     : DEBUG   :    unit:///disc.py
2020-01-31 10:51:44,923: umgr.0000.staging.input.0.child: umgr.0000.staging.input.0       : MainThread     : DEBUG   :    unit
2020-01-31 10:51:44,923: umgr.0000.staging.input.0.child: umgr.0000.staging.input.0       : MainThread     : DEBUG   :    expand with gsisftp://bridges.psc.xsede.org:2222/pylon5/mc3bggp/aymen/radical.pilot.sandbox/rp.session.js-17-21.jetstream-cloud.org.aymen.018292.0010/pilot.0000//unit.000001/
2020-01-31 10:51:44,923: umgr.0000.staging.input.0.child: umgr.0000.staging.input.0       : MainThread     : DEBUG   : -> gsisftp://bridges.psc.xsede.org:2222/pylon5/mc3bggp/aymen/radical.pilot.sandbox/rp.session.js-17-21.jetstream-cloud.org.aymen.018292.0010/pilot.0000/unit.000001/disc.py
2020-01-31 10:51:44,924: umgr.0000.staging.input.0.child: umgr.0000.staging.input.0       : MainThread     : DEBUG   : <- file:///home/aymen/SummerRadical/iceberg_escience/Geolocation/Scipts/Design2/disc.py (<class 'radical.utils.url.Url'>)
2020-01-31 10:51:44,924: umgr.0000.staging.input.0.child: umgr.0000.staging.input.0       : MainThread     : DEBUG   :    file:///home/aymen/SummerRadical/iceberg_escience/Geolocation/Scipts/Design2/disc.py
2020-01-31 10:51:44,924: umgr.0000.staging.input.0.child: umgr.0000.staging.input.0       : MainThread     : DEBUG   :    file
2020-01-31 10:51:44,924: umgr.0000.staging.input.0.child: umgr.0000.staging.input.0       : MainThread     : DEBUG   : -> file:///home/aymen/SummerRadical/iceberg_escience/Geolocation/Scipts/Design2/disc.py
2020-01-31 10:51:44,924: umgr.0000.staging.input.0.child: umgr.0000.staging.input.0       : MainThread     : DEBUG   : <- gsisftp://bridges.psc.xsede.org:2222/pylon5/mc3bggp/aymen/radical.pilot.sandbox/rp.session.js-17-21.jetstream-cloud.org.aymen.018292.0010/pilot.0000/unit.000001/disc.py (<class 'radical.utils.url.Url'>)
2020-01-31 10:51:44,924: umgr.0000.staging.input.0.child: umgr.0000.staging.input.0       : MainThread     : DEBUG   :    gsisftp://bridges.psc.xsede.org:2222/pylon5/mc3bggp/aymen/radical.pilot.sandbox/rp.session.js-17-21.jetstream-cloud.org.aymen.018292.0010/pilot.0000/unit.000001/disc.py
2020-01-31 10:51:44,924: umgr.0000.staging.input.0.child: umgr.0000.staging.input.0       : MainThread     : DEBUG   :    gsisftp
2020-01-31 10:51:44,925: umgr.0000.staging.input.0.child: umgr.0000.staging.input.0       : MainThread     : DEBUG   : -> gsisftp://bridges.psc.xsede.org:2222/pylon5/mc3bggp/aymen/radical.pilot.sandbox/rp.session.js-17-21.jetstream-cloud.org.aymen.018292.0010/pilot.0000/unit.000001/disc.py
2020-01-31 10:51:48,345: umgr.0000.staging.input.0.child: umgr.0000.staging.input.0       : MainThread     : DEBUG   : advance bulk size: 1 [True, True]
2020-01-31 10:51:48,346: umgr.0000.staging.input.0.child: umgr.0000.staging.input.0       : MainThread     : DEBUG   : drop  unit.000001 [AGENT_STAGING_INPUT_PENDING]
2020-01-31 10:52:06,195: umgr.0000.staging.input.0.child: umgr.0000.staging.input.0       : MainThread     : DEBUG   : got unit (unit.000002)
2020-01-31 10:52:06,195: umgr.0000.staging.input.0.child: umgr.0000.staging.input.0       : MainThread     : DEBUG   : got unit (unit.000003)
2020-01-31 10:52:06,196: umgr.0000.staging.input.0.child: umgr.0000.staging.input.0       : MainThread     : DEBUG   : got unit (unit.000004)
2020-01-31 10:52:06,196: umgr.0000.staging.input.0.child: umgr.0000.staging.input.0       : MainThread     : DEBUG   : got unit (unit.000005)
2020-01-31 10:52:06,196: umgr.0000.staging.input.0.child: umgr.0000.staging.input.0       : MainThread     : DEBUG   : advance bulk size: 4 [False, True]
2020-01-31 10:52:06,197: umgr.0000.staging.input.0.child: umgr.0000.staging.input.0       : MainThread     : DEBUG   : key gsisftp://bridges.psc.xsede.org:2222/ / gsisftp://bridges.psc.xsede.org:2222/
2020-01-31 10:52:07,180: umgr.0000.staging.input.0.child: umgr.0000.staging.input.0       : MainThread     : DEBUG   : <- client:///firstnode.sh (<type 'str'>)
2020-01-31 10:52:07,180: umgr.0000.staging.input.0.child: umgr.0000.staging.input.0       : MainThread     : DEBUG   :    client:///firstnode.sh
2020-01-31 10:52:07,181: umgr.0000.staging.input.0.child: umgr.0000.staging.input.0       : MainThread     : DEBUG   :    pwd
2020-01-31 10:52:07,181: umgr.0000.staging.input.0.child: umgr.0000.staging.input.0       : MainThread     : DEBUG   :    expand with /home/aymen/SummerRadical/iceberg_escience/Geolocation/Scipts/Design2
2020-01-31 10:52:07,181: umgr.0000.staging.input.0.child: umgr.0000.staging.input.0       : MainThread     : DEBUG   : -> file:///home/aymen/SummerRadical/iceberg_escience/Geolocation/Scipts/Design2/firstnode.sh
2020-01-31 10:52:07,181: umgr.0000.staging.input.0.child: umgr.0000.staging.input.0       : MainThread     : DEBUG   : <- unit:///firstnode.sh (<type 'str'>)
2020-01-31 10:52:07,181: umgr.0000.staging.input.0.child: umgr.0000.staging.input.0       : MainThread     : DEBUG   :    unit:///firstnode.sh
2020-01-31 10:52:07,181: umgr.0000.staging.input.0.child: umgr.0000.staging.input.0       : MainThread     : DEBUG   :    unit
2020-01-31 10:52:07,182: umgr.0000.staging.input.0.child: umgr.0000.staging.input.0       : MainThread     : DEBUG   :    expand with gsisftp://bridges.psc.xsede.org:2222/pylon5/mc3bggp/aymen/radical.pilot.sandbox/rp.session.js-17-21.jetstream-cloud.org.aymen.018292.0010/pilot.0000//unit.000002/
2020-01-31 10:52:07,182: umgr.0000.staging.input.0.child: umgr.0000.staging.input.0       : MainThread     : DEBUG   : -> gsisftp://bridges.psc.xsede.org:2222/pylon5/mc3bggp/aymen/radical.pilot.sandbox/rp.session.js-17-21.jetstream-cloud.org.aymen.018292.0010/pilot.0000/unit.000002/firstnode.sh
2020-01-31 10:52:07,182: umgr.0000.staging.input.0.child: umgr.0000.staging.input.0       : MainThread     : DEBUG   : <- file:///home/aymen/SummerRadical/iceberg_escience/Geolocation/Scipts/Design2/firstnode.sh (<class 'radical.utils.url.Url'>)
2020-01-31 10:52:07,182: umgr.0000.staging.input.0.child: umgr.0000.staging.input.0       : MainThread     : DEBUG   :    file:///home/aymen/SummerRadical/iceberg_escience/Geolocation/Scipts/Design2/firstnode.sh
2020-01-31 10:52:07,182: umgr.0000.staging.input.0.child: umgr.0000.staging.input.0       : MainThread     : DEBUG   :    file
2020-01-31 10:52:07,182: umgr.0000.staging.input.0.child: umgr.0000.staging.input.0       : MainThread     : DEBUG   : -> file:///home/aymen/SummerRadical/iceberg_escience/Geolocation/Scipts/Design2/firstnode.sh
2020-01-31 10:52:07,183: umgr.0000.staging.input.0.child: umgr.0000.staging.input.0       : MainThread     : DEBUG   : <- gsisftp://bridges.psc.xsede.org:2222/pylon5/mc3bggp/aymen/radical.pilot.sandbox/rp.session.js-17-21.jetstream-cloud.org.aymen.018292.0010/pilot.0000/unit.000002/firstnode.sh (<class 'radical.utils.url.Url'>)
2020-01-31 10:52:07,183: umgr.0000.staging.input.0.child: umgr.0000.staging.input.0       : MainThread     : DEBUG   :    gsisftp://bridges.psc.xsede.org:2222/pylon5/mc3bggp/aymen/radical.pilot.sandbox/rp.session.js-17-21.jetstream-cloud.org.aymen.018292.0010/pilot.0000/unit.000002/firstnode.sh
2020-01-31 10:52:07,183: umgr.0000.staging.input.0.child: umgr.0000.staging.input.0       : MainThread     : DEBUG   :    gsisftp
2020-01-31 10:52:07,183: umgr.0000.staging.input.0.child: umgr.0000.staging.input.0       : MainThread     : DEBUG   : -> gsisftp://bridges.psc.xsede.org:2222/pylon5/mc3bggp/aymen/radical.pilot.sandbox/rp.session.js-17-21.jetstream-cloud.org.aymen.018292.0010/pilot.0000/unit.000002/firstnode.sh
2020-01-31 10:52:36,665: umgr.0000.staging.input.0.child: umgr.0000.staging.input.0       : MainThread     : DEBUG   : <- client:///geolocate.py (<type 'str'>)
2020-01-31 10:52:36,665: umgr.0000.staging.input.0.child: umgr.0000.staging.input.0       : MainThread     : DEBUG   :    client:///geolocate.py
2020-01-31 10:52:36,665: umgr.0000.staging.input.0.child: umgr.0000.staging.input.0       : MainThread     : DEBUG   :    pwd
2020-01-31 10:52:36,666: umgr.0000.staging.input.0.child: umgr.0000.staging.input.0       : MainThread     : DEBUG   :    expand with /home/aymen/SummerRadical/iceberg_escience/Geolocation/Scipts/Design2
2020-01-31 10:52:36,666: umgr.0000.staging.input.0.child: umgr.0000.staging.input.0       : MainThread     : DEBUG   : -> file:///home/aymen/SummerRadical/iceberg_escience/Geolocation/Scipts/Design2/geolocate.py
2020-01-31 10:52:36,666: umgr.0000.staging.input.0.child: umgr.0000.staging.input.0       : MainThread     : DEBUG   : <- unit:///geolocate.py (<type 'str'>)
2020-01-31 10:52:36,666: umgr.0000.staging.input.0.child: umgr.0000.staging.input.0       : MainThread     : DEBUG   :    unit:///geolocate.py
2020-01-31 10:52:36,666: umgr.0000.staging.input.0.child: umgr.0000.staging.input.0       : MainThread     : DEBUG   :    unit
2020-01-31 10:52:36,666: umgr.0000.staging.input.0.child: umgr.0000.staging.input.0       : MainThread     : DEBUG   :    expand with gsisftp://bridges.psc.xsede.org:2222/pylon5/mc3bggp/aymen/radical.pilot.sandbox/rp.session.js-17-21.jetstream-cloud.org.aymen.018292.0010/pilot.0000//unit.000002/
2020-01-31 10:52:36,667: umgr.0000.staging.input.0.child: umgr.0000.staging.input.0       : MainThread     : DEBUG   : -> gsisftp://bridges.psc.xsede.org:2222/pylon5/mc3bggp/aymen/radical.pilot.sandbox/rp.session.js-17-21.jetstream-cloud.org.aymen.018292.0010/pilot.0000/unit.000002/geolocate.py
2020-01-31 10:52:36,667: umgr.0000.staging.input.0.child: umgr.0000.staging.input.0       : MainThread     : DEBUG   : <- file:///home/aymen/SummerRadical/iceberg_escience/Geolocation/Scipts/Design2/geolocate.py (<class 'radical.utils.url.Url'>)
2020-01-31 10:52:36,667: umgr.0000.staging.input.0.child: umgr.0000.staging.input.0       : MainThread     : DEBUG   :    file:///home/aymen/SummerRadical/iceberg_escience/Geolocation/Scipts/Design2/geolocate.py
2020-01-31 10:52:36,667: umgr.0000.staging.input.0.child: umgr.0000.staging.input.0       : MainThread     : DEBUG   :    file
2020-01-31 10:52:36,667: umgr.0000.staging.input.0.child: umgr.0000.staging.input.0       : MainThread     : DEBUG   : -> file:///home/aymen/SummerRadical/iceberg_escience/Geolocation/Scipts/Design2/geolocate.py
2020-01-31 10:52:36,667: umgr.0000.staging.input.0.child: umgr.0000.staging.input.0       : MainThread     : DEBUG   : <- gsisftp://bridges.psc.xsede.org:2222/pylon5/mc3bggp/aymen/radical.pilot.sandbox/rp.session.js-17-21.jetstream-cloud.org.aymen.018292.0010/pilot.0000/unit.000002/geolocate.py (<class 'radical.utils.url.Url'>)
2020-01-31 10:52:36,667: umgr.0000.staging.input.0.child: umgr.0000.staging.input.0       : MainThread     : DEBUG   :    gsisftp://bridges.psc.xsede.org:2222/pylon5/mc3bggp/aymen/radical.pilot.sandbox/rp.session.js-17-21.jetstream-cloud.org.aymen.018292.0010/pilot.0000/unit.000002/geolocate.py
2020-01-31 10:52:36,668: umgr.0000.staging.input.0.child: umgr.0000.staging.input.0       : MainThread     : DEBUG   :    gsisftp
2020-01-31 10:52:36,668: umgr.0000.staging.input.0.child: umgr.0000.staging.input.0       : MainThread     : DEBUG   : -> gsisftp://bridges.psc.xsede.org:2222/pylon5/mc3bggp/aymen/radical.pilot.sandbox/rp.session.js-17-21.jetstream-cloud.org.aymen.018292.0010/pilot.0000/unit.000002/geolocate.py
2020-01-31 10:52:40,234: umgr.0000.staging.input.0.child: umgr.0000.staging.input.0       : MainThread     : DEBUG   : <- client:///ransac.py (<type 'str'>)
2020-01-31 10:52:40,234: umgr.0000.staging.input.0.child: umgr.0000.staging.input.0       : MainThread     : DEBUG   :    client:///ransac.py
2020-01-31 10:52:40,234: umgr.0000.staging.input.0.child: umgr.0000.staging.input.0       : MainThread     : DEBUG   :    pwd
2020-01-31 10:52:40,234: umgr.0000.staging.input.0.child: umgr.0000.staging.input.0       : MainThread     : DEBUG   :    expand with /home/aymen/SummerRadical/iceberg_escience/Geolocation/Scipts/Design2
2020-01-31 10:52:40,234: umgr.0000.staging.input.0.child: umgr.0000.staging.input.0       : MainThread     : DEBUG   : -> file:///home/aymen/SummerRadical/iceberg_escience/Geolocation/Scipts/Design2/ransac.py
2020-01-31 10:52:40,234: umgr.0000.staging.input.0.child: umgr.0000.staging.input.0       : MainThread     : DEBUG   : <- unit:///ransac.py (<type 'str'>)
2020-01-31 10:52:40,235: umgr.0000.staging.input.0.child: umgr.0000.staging.input.0       : MainThread     : DEBUG   :    unit:///ransac.py
2020-01-31 10:52:40,235: umgr.0000.staging.input.0.child: umgr.0000.staging.input.0       : MainThread     : DEBUG   :    unit
2020-01-31 10:52:40,235: umgr.0000.staging.input.0.child: umgr.0000.staging.input.0       : MainThread     : DEBUG   :    expand with gsisftp://bridges.psc.xsede.org:2222/pylon5/mc3bggp/aymen/radical.pilot.sandbox/rp.session.js-17-21.jetstream-cloud.org.aymen.018292.0010/pilot.0000//unit.000002/
2020-01-31 10:52:40,235: umgr.0000.staging.input.0.child: umgr.0000.staging.input.0       : MainThread     : DEBUG   : -> gsisftp://bridges.psc.xsede.org:2222/pylon5/mc3bggp/aymen/radical.pilot.sandbox/rp.session.js-17-21.jetstream-cloud.org.aymen.018292.0010/pilot.0000/unit.000002/ransac.py
2020-01-31 10:52:40,235: umgr.0000.staging.input.0.child: umgr.0000.staging.input.0       : MainThread     : DEBUG   : <- file:///home/aymen/SummerRadical/iceberg_escience/Geolocation/Scipts/Design2/ransac.py (<class 'radical.utils.url.Url'>)
2020-01-31 10:52:40,235: umgr.0000.staging.input.0.child: umgr.0000.staging.input.0       : MainThread     : DEBUG   :    file:///home/aymen/SummerRadical/iceberg_escience/Geolocation/Scipts/Design2/ransac.py
2020-01-31 10:52:40,235: umgr.0000.staging.input.0.child: umgr.0000.staging.input.0       : MainThread     : DEBUG   :    file
2020-01-31 10:52:40,235: umgr.0000.staging.input.0.child: umgr.0000.staging.input.0       : MainThread     : DEBUG   : -> file:///home/aymen/SummerRadical/iceberg_escience/Geolocation/Scipts/Design2/ransac.py
2020-01-31 10:52:40,236: umgr.0000.staging.input.0.child: umgr.0000.staging.input.0       : MainThread     : DEBUG   : <- gsisftp://bridges.psc.xsede.org:2222/pylon5/mc3bggp/aymen/radical.pilot.sandbox/rp.session.js-17-21.jetstream-cloud.org.aymen.018292.0010/pilot.0000/unit.000002/ransac.py (<class 'radical.utils.url.Url'>)
2020-01-31 10:52:40,236: umgr.0000.staging.input.0.child: umgr.0000.staging.input.0       : MainThread     : DEBUG   :    gsisftp://bridges.psc.xsede.org:2222/pylon5/mc3bggp/aymen/radical.pilot.sandbox/rp.session.js-17-21.jetstream-cloud.org.aymen.018292.0010/pilot.0000/unit.000002/ransac.py
2020-01-31 10:52:40,236: umgr.0000.staging.input.0.child: umgr.0000.staging.input.0       : MainThread     : DEBUG   :    gsisftp
2020-01-31 10:52:40,236: umgr.0000.staging.input.0.child: umgr.0000.staging.input.0       : MainThread     : DEBUG   : -> gsisftp://bridges.psc.xsede.org:2222/pylon5/mc3bggp/aymen/radical.pilot.sandbox/rp.session.js-17-21.jetstream-cloud.org.aymen.018292.0010/pilot.0000/unit.000002/ransac.py
2020-01-31 10:52:43,839: umgr.0000.staging.input.0.child: umgr.0000.staging.input.0       : MainThread     : DEBUG   : <- client:///q1.py (<type 'str'>)
2020-01-31 10:52:43,839: umgr.0000.staging.input.0.child: umgr.0000.staging.input.0       : MainThread     : DEBUG   :    client:///q1.py
2020-01-31 10:52:43,839: umgr.0000.staging.input.0.child: umgr.0000.staging.input.0       : MainThread     : DEBUG   :    pwd
2020-01-31 10:52:43,839: umgr.0000.staging.input.0.child: umgr.0000.staging.input.0       : MainThread     : DEBUG   :    expand with /home/aymen/SummerRadical/iceberg_escience/Geolocation/Scipts/Design2
2020-01-31 10:52:43,840: umgr.0000.staging.input.0.child: umgr.0000.staging.input.0       : MainThread     : DEBUG   : -> file:///home/aymen/SummerRadical/iceberg_escience/Geolocation/Scipts/Design2/q1.py
2020-01-31 10:52:43,840: umgr.0000.staging.input.0.child: umgr.0000.staging.input.0       : MainThread     : DEBUG   : <- unit:///q1.py (<type 'str'>)
2020-01-31 10:52:43,840: umgr.0000.staging.input.0.child: umgr.0000.staging.input.0       : MainThread     : DEBUG   :    unit:///q1.py
2020-01-31 10:52:43,840: umgr.0000.staging.input.0.child: umgr.0000.staging.input.0       : MainThread     : DEBUG   :    unit
2020-01-31 10:52:43,840: umgr.0000.staging.input.0.child: umgr.0000.staging.input.0       : MainThread     : DEBUG   :    expand with gsisftp://bridges.psc.xsede.org:2222/pylon5/mc3bggp/aymen/radical.pilot.sandbox/rp.session.js-17-21.jetstream-cloud.org.aymen.018292.0010/pilot.0000//unit.000002/
2020-01-31 10:52:43,840: umgr.0000.staging.input.0.child: umgr.0000.staging.input.0       : MainThread     : DEBUG   : -> gsisftp://bridges.psc.xsede.org:2222/pylon5/mc3bggp/aymen/radical.pilot.sandbox/rp.session.js-17-21.jetstream-cloud.org.aymen.018292.0010/pilot.0000/unit.000002/q1.py
2020-01-31 10:52:43,841: umgr.0000.staging.input.0.child: umgr.0000.staging.input.0       : MainThread     : DEBUG   : <- file:///home/aymen/SummerRadical/iceberg_escience/Geolocation/Scipts/Design2/q1.py (<class 'radical.utils.url.Url'>)
2020-01-31 10:52:43,841: umgr.0000.staging.input.0.child: umgr.0000.staging.input.0       : MainThread     : DEBUG   :    file:///home/aymen/SummerRadical/iceberg_escience/Geolocation/Scipts/Design2/q1.py
2020-01-31 10:52:43,841: umgr.0000.staging.input.0.child: umgr.0000.staging.input.0       : MainThread     : DEBUG   :    file
2020-01-31 10:52:43,841: umgr.0000.staging.input.0.child: umgr.0000.staging.input.0       : MainThread     : DEBUG   : -> file:///home/aymen/SummerRadical/iceberg_escience/Geolocation/Scipts/Design2/q1.py
2020-01-31 10:52:43,841: umgr.0000.staging.input.0.child: umgr.0000.staging.input.0       : MainThread     : DEBUG   : <- gsisftp://bridges.psc.xsede.org:2222/pylon5/mc3bggp/aymen/radical.pilot.sandbox/rp.session.js-17-21.jetstream-cloud.org.aymen.018292.0010/pilot.0000/unit.000002/q1.py (<class 'radical.utils.url.Url'>)
2020-01-31 10:52:43,841: umgr.0000.staging.input.0.child: umgr.0000.staging.input.0       : MainThread     : DEBUG   :    gsisftp://bridges.psc.xsede.org:2222/pylon5/mc3bggp/aymen/radical.pilot.sandbox/rp.session.js-17-21.jetstream-cloud.org.aymen.018292.0010/pilot.0000/unit.000002/q1.py
2020-01-31 10:52:43,841: umgr.0000.staging.input.0.child: umgr.0000.staging.input.0       : MainThread     : DEBUG   :    gsisftp
2020-01-31 10:52:43,842: umgr.0000.staging.input.0.child: umgr.0000.staging.input.0       : MainThread     : DEBUG   : -> gsisftp://bridges.psc.xsede.org:2222/pylon5/mc3bggp/aymen/radical.pilot.sandbox/rp.session.js-17-21.jetstream-cloud.org.aymen.018292.0010/pilot.0000/unit.000002/q1.py
2020-01-31 10:52:47,289: umgr.0000.staging.input.0.child: umgr.0000.staging.input.0       : MainThread     : DEBUG   : advance bulk size: 1 [True, True]
2020-01-31 10:52:47,290: umgr.0000.staging.input.0.child: umgr.0000.staging.input.0       : MainThread     : DEBUG   : drop  unit.000002 [AGENT_STAGING_INPUT_PENDING]
2020-01-31 10:52:47,290: umgr.0000.staging.input.0.child: umgr.0000.staging.input.0       : MainThread     : DEBUG   : key gsisftp://bridges.psc.xsede.org:2222/ / gsisftp://bridges.psc.xsede.org:2222/
2020-01-31 10:52:48,169: umgr.0000.staging.input.0.child: umgr.0000.staging.input.0       : MainThread     : DEBUG   : <- client:///secondnode.sh (<type 'str'>)
2020-01-31 10:52:48,169: umgr.0000.staging.input.0.child: umgr.0000.staging.input.0       : MainThread     : DEBUG   :    client:///secondnode.sh
2020-01-31 10:52:48,169: umgr.0000.staging.input.0.child: umgr.0000.staging.input.0       : MainThread     : DEBUG   :    pwd
2020-01-31 10:52:48,169: umgr.0000.staging.input.0.child: umgr.0000.staging.input.0       : MainThread     : DEBUG   :    expand with /home/aymen/SummerRadical/iceberg_escience/Geolocation/Scipts/Design2
2020-01-31 10:52:48,170: umgr.0000.staging.input.0.child: umgr.0000.staging.input.0       : MainThread     : DEBUG   : -> file:///home/aymen/SummerRadical/iceberg_escience/Geolocation/Scipts/Design2/secondnode.sh
2020-01-31 10:52:48,170: umgr.0000.staging.input.0.child: umgr.0000.staging.input.0       : MainThread     : DEBUG   : <- unit:///secondnode.sh (<type 'str'>)
2020-01-31 10:52:48,170: umgr.0000.staging.input.0.child: umgr.0000.staging.input.0       : MainThread     : DEBUG   :    unit:///secondnode.sh
2020-01-31 10:52:48,170: umgr.0000.staging.input.0.child: umgr.0000.staging.input.0       : MainThread     : DEBUG   :    unit
2020-01-31 10:52:48,170: umgr.0000.staging.input.0.child: umgr.0000.staging.input.0       : MainThread     : DEBUG   :    expand with gsisftp://bridges.psc.xsede.org:2222/pylon5/mc3bggp/aymen/radical.pilot.sandbox/rp.session.js-17-21.jetstream-cloud.org.aymen.018292.0010/pilot.0000//unit.000003/
2020-01-31 10:52:48,170: umgr.0000.staging.input.0.child: umgr.0000.staging.input.0       : MainThread     : DEBUG   : -> gsisftp://bridges.psc.xsede.org:2222/pylon5/mc3bggp/aymen/radical.pilot.sandbox/rp.session.js-17-21.jetstream-cloud.org.aymen.018292.0010/pilot.0000/unit.000003/secondnode.sh
2020-01-31 10:52:48,171: umgr.0000.staging.input.0.child: umgr.0000.staging.input.0       : MainThread     : DEBUG   : <- file:///home/aymen/SummerRadical/iceberg_escience/Geolocation/Scipts/Design2/secondnode.sh (<class 'radical.utils.url.Url'>)
2020-01-31 10:52:48,171: umgr.0000.staging.input.0.child: umgr.0000.staging.input.0       : MainThread     : DEBUG   :    file:///home/aymen/SummerRadical/iceberg_escience/Geolocation/Scipts/Design2/secondnode.sh
2020-01-31 10:52:48,171: umgr.0000.staging.input.0.child: umgr.0000.staging.input.0       : MainThread     : DEBUG   :    file
2020-01-31 10:52:48,171: umgr.0000.staging.input.0.child: umgr.0000.staging.input.0       : MainThread     : DEBUG   : -> file:///home/aymen/SummerRadical/iceberg_escience/Geolocation/Scipts/Design2/secondnode.sh
2020-01-31 10:52:48,171: umgr.0000.staging.input.0.child: umgr.0000.staging.input.0       : MainThread     : DEBUG   : <- gsisftp://bridges.psc.xsede.org:2222/pylon5/mc3bggp/aymen/radical.pilot.sandbox/rp.session.js-17-21.jetstream-cloud.org.aymen.018292.0010/pilot.0000/unit.000003/secondnode.sh (<class 'radical.utils.url.Url'>)
2020-01-31 10:52:48,171: umgr.0000.staging.input.0.child: umgr.0000.staging.input.0       : MainThread     : DEBUG   :    gsisftp://bridges.psc.xsede.org:2222/pylon5/mc3bggp/aymen/radical.pilot.sandbox/rp.session.js-17-21.jetstream-cloud.org.aymen.018292.0010/pilot.0000/unit.000003/secondnode.sh
2020-01-31 10:52:48,171: umgr.0000.staging.input.0.child: umgr.0000.staging.input.0       : MainThread     : DEBUG   :    gsisftp
2020-01-31 10:52:48,171: umgr.0000.staging.input.0.child: umgr.0000.staging.input.0       : MainThread     : DEBUG   : -> gsisftp://bridges.psc.xsede.org:2222/pylon5/mc3bggp/aymen/radical.pilot.sandbox/rp.session.js-17-21.jetstream-cloud.org.aymen.018292.0010/pilot.0000/unit.000003/secondnode.sh
2020-01-31 10:52:51,666: umgr.0000.staging.input.0.child: umgr.0000.staging.input.0       : MainThread     : DEBUG   : <- client:///geolocate.py (<type 'str'>)
2020-01-31 10:52:51,667: umgr.0000.staging.input.0.child: umgr.0000.staging.input.0       : MainThread     : DEBUG   :    client:///geolocate.py
2020-01-31 10:52:51,667: umgr.0000.staging.input.0.child: umgr.0000.staging.input.0       : MainThread     : DEBUG   :    pwd
2020-01-31 10:52:51,667: umgr.0000.staging.input.0.child: umgr.0000.staging.input.0       : MainThread     : DEBUG   :    expand with /home/aymen/SummerRadical/iceberg_escience/Geolocation/Scipts/Design2
2020-01-31 10:52:51,667: umgr.0000.staging.input.0.child: umgr.0000.staging.input.0       : MainThread     : DEBUG   : -> file:///home/aymen/SummerRadical/iceberg_escience/Geolocation/Scipts/Design2/geolocate.py
2020-01-31 10:52:51,668: umgr.0000.staging.input.0.child: umgr.0000.staging.input.0       : MainThread     : DEBUG   : <- unit:///geolocate.py (<type 'str'>)
2020-01-31 10:52:51,668: umgr.0000.staging.input.0.child: umgr.0000.staging.input.0       : MainThread     : DEBUG   :    unit:///geolocate.py
2020-01-31 10:52:51,668: umgr.0000.staging.input.0.child: umgr.0000.staging.input.0       : MainThread     : DEBUG   :    unit
2020-01-31 10:52:51,668: umgr.0000.staging.input.0.child: umgr.0000.staging.input.0       : MainThread     : DEBUG   :    expand with gsisftp://bridges.psc.xsede.org:2222/pylon5/mc3bggp/aymen/radical.pilot.sandbox/rp.session.js-17-21.jetstream-cloud.org.aymen.018292.0010/pilot.0000//unit.000003/
2020-01-31 10:52:51,668: umgr.0000.staging.input.0.child: umgr.0000.staging.input.0       : MainThread     : DEBUG   : -> gsisftp://bridges.psc.xsede.org:2222/pylon5/mc3bggp/aymen/radical.pilot.sandbox/rp.session.js-17-21.jetstream-cloud.org.aymen.018292.0010/pilot.0000/unit.000003/geolocate.py
2020-01-31 10:52:51,669: umgr.0000.staging.input.0.child: umgr.0000.staging.input.0       : MainThread     : DEBUG   : <- file:///home/aymen/SummerRadical/iceberg_escience/Geolocation/Scipts/Design2/geolocate.py (<class 'radical.utils.url.Url'>)
2020-01-31 10:52:51,669: umgr.0000.staging.input.0.child: umgr.0000.staging.input.0       : MainThread     : DEBUG   :    file:///home/aymen/SummerRadical/iceberg_escience/Geolocation/Scipts/Design2/geolocate.py
2020-01-31 10:52:51,669: umgr.0000.staging.input.0.child: umgr.0000.staging.input.0       : MainThread     : DEBUG   :    file
2020-01-31 10:52:51,669: umgr.0000.staging.input.0.child: umgr.0000.staging.input.0       : MainThread     : DEBUG   : -> file:///home/aymen/SummerRadical/iceberg_escience/Geolocation/Scipts/Design2/geolocate.py
2020-01-31 10:52:51,669: umgr.0000.staging.input.0.child: umgr.0000.staging.input.0       : MainThread     : DEBUG   : <- gsisftp://bridges.psc.xsede.org:2222/pylon5/mc3bggp/aymen/radical.pilot.sandbox/rp.session.js-17-21.jetstream-cloud.org.aymen.018292.0010/pilot.0000/unit.000003/geolocate.py (<class 'radical.utils.url.Url'>)
2020-01-31 10:52:51,669: umgr.0000.staging.input.0.child: umgr.0000.staging.input.0       : MainThread     : DEBUG   :    gsisftp://bridges.psc.xsede.org:2222/pylon5/mc3bggp/aymen/radical.pilot.sandbox/rp.session.js-17-21.jetstream-cloud.org.aymen.018292.0010/pilot.0000/unit.000003/geolocate.py
2020-01-31 10:52:51,669: umgr.0000.staging.input.0.child: umgr.0000.staging.input.0       : MainThread     : DEBUG   :    gsisftp
2020-01-31 10:52:51,670: umgr.0000.staging.input.0.child: umgr.0000.staging.input.0       : MainThread     : DEBUG   : -> gsisftp://bridges.psc.xsede.org:2222/pylon5/mc3bggp/aymen/radical.pilot.sandbox/rp.session.js-17-21.jetstream-cloud.org.aymen.018292.0010/pilot.0000/unit.000003/geolocate.py
2020-01-31 10:52:55,159: umgr.0000.staging.input.0.child: umgr.0000.staging.input.0       : MainThread     : DEBUG   : <- client:///ransac.py (<type 'str'>)
2020-01-31 10:52:55,159: umgr.0000.staging.input.0.child: umgr.0000.staging.input.0       : MainThread     : DEBUG   :    client:///ransac.py
2020-01-31 10:52:55,159: umgr.0000.staging.input.0.child: umgr.0000.staging.input.0       : MainThread     : DEBUG   :    pwd
2020-01-31 10:52:55,160: umgr.0000.staging.input.0.child: umgr.0000.staging.input.0       : MainThread     : DEBUG   :    expand with /home/aymen/SummerRadical/iceberg_escience/Geolocation/Scipts/Design2
2020-01-31 10:52:55,160: umgr.0000.staging.input.0.child: umgr.0000.staging.input.0       : MainThread     : DEBUG   : -> file:///home/aymen/SummerRadical/iceberg_escience/Geolocation/Scipts/Design2/ransac.py
2020-01-31 10:52:55,160: umgr.0000.staging.input.0.child: umgr.0000.staging.input.0       : MainThread     : DEBUG   : <- unit:///ransac.py (<type 'str'>)
2020-01-31 10:52:55,160: umgr.0000.staging.input.0.child: umgr.0000.staging.input.0       : MainThread     : DEBUG   :    unit:///ransac.py
2020-01-31 10:52:55,160: umgr.0000.staging.input.0.child: umgr.0000.staging.input.0       : MainThread     : DEBUG   :    unit
2020-01-31 10:52:55,161: umgr.0000.staging.input.0.child: umgr.0000.staging.input.0       : MainThread     : DEBUG   :    expand with gsisftp://bridges.psc.xsede.org:2222/pylon5/mc3bggp/aymen/radical.pilot.sandbox/rp.session.js-17-21.jetstream-cloud.org.aymen.018292.0010/pilot.0000//unit.000003/
2020-01-31 10:52:55,161: umgr.0000.staging.input.0.child: umgr.0000.staging.input.0       : MainThread     : DEBUG   : -> gsisftp://bridges.psc.xsede.org:2222/pylon5/mc3bggp/aymen/radical.pilot.sandbox/rp.session.js-17-21.jetstream-cloud.org.aymen.018292.0010/pilot.0000/unit.000003/ransac.py
2020-01-31 10:52:55,161: umgr.0000.staging.input.0.child: umgr.0000.staging.input.0       : MainThread     : DEBUG   : <- file:///home/aymen/SummerRadical/iceberg_escience/Geolocation/Scipts/Design2/ransac.py (<class 'radical.utils.url.Url'>)
2020-01-31 10:52:55,161: umgr.0000.staging.input.0.child: umgr.0000.staging.input.0       : MainThread     : DEBUG   :    file:///home/aymen/SummerRadical/iceberg_escience/Geolocation/Scipts/Design2/ransac.py
2020-01-31 10:52:55,161: umgr.0000.staging.input.0.child: umgr.0000.staging.input.0       : MainThread     : DEBUG   :    file
2020-01-31 10:52:55,161: umgr.0000.staging.input.0.child: umgr.0000.staging.input.0       : MainThread     : DEBUG   : -> file:///home/aymen/SummerRadical/iceberg_escience/Geolocation/Scipts/Design2/ransac.py
2020-01-31 10:52:55,162: umgr.0000.staging.input.0.child: umgr.0000.staging.input.0       : MainThread     : DEBUG   : <- gsisftp://bridges.psc.xsede.org:2222/pylon5/mc3bggp/aymen/radical.pilot.sandbox/rp.session.js-17-21.jetstream-cloud.org.aymen.018292.0010/pilot.0000/unit.000003/ransac.py (<class 'radical.utils.url.Url'>)
2020-01-31 10:52:55,162: umgr.0000.staging.input.0.child: umgr.0000.staging.input.0       : MainThread     : DEBUG   :    gsisftp://bridges.psc.xsede.org:2222/pylon5/mc3bggp/aymen/radical.pilot.sandbox/rp.session.js-17-21.jetstream-cloud.org.aymen.018292.0010/pilot.0000/unit.000003/ransac.py
2020-01-31 10:52:55,162: umgr.0000.staging.input.0.child: umgr.0000.staging.input.0       : MainThread     : DEBUG   :    gsisftp
2020-01-31 10:52:55,162: umgr.0000.staging.input.0.child: umgr.0000.staging.input.0       : MainThread     : DEBUG   : -> gsisftp://bridges.psc.xsede.org:2222/pylon5/mc3bggp/aymen/radical.pilot.sandbox/rp.session.js-17-21.jetstream-cloud.org.aymen.018292.0010/pilot.0000/unit.000003/ransac.py
2020-01-31 10:52:58,561: umgr.0000.staging.input.0.child: umgr.0000.staging.input.0       : MainThread     : DEBUG   : <- client:///q1.py (<type 'str'>)
2020-01-31 10:52:58,561: umgr.0000.staging.input.0.child: umgr.0000.staging.input.0       : MainThread     : DEBUG   :    client:///q1.py
2020-01-31 10:52:58,562: umgr.0000.staging.input.0.child: umgr.0000.staging.input.0       : MainThread     : DEBUG   :    pwd
2020-01-31 10:52:58,562: umgr.0000.staging.input.0.child: umgr.0000.staging.input.0       : MainThread     : DEBUG   :    expand with /home/aymen/SummerRadical/iceberg_escience/Geolocation/Scipts/Design2
2020-01-31 10:52:58,562: umgr.0000.staging.input.0.child: umgr.0000.staging.input.0       : MainThread     : DEBUG   : -> file:///home/aymen/SummerRadical/iceberg_escience/Geolocation/Scipts/Design2/q1.py
2020-01-31 10:52:58,562: umgr.0000.staging.input.0.child: umgr.0000.staging.input.0       : MainThread     : DEBUG   : <- unit:///q1.py (<type 'str'>)
2020-01-31 10:52:58,562: umgr.0000.staging.input.0.child: umgr.0000.staging.input.0       : MainThread     : DEBUG   :    unit:///q1.py
2020-01-31 10:52:58,563: umgr.0000.staging.input.0.child: umgr.0000.staging.input.0       : MainThread     : DEBUG   :    unit
2020-01-31 10:52:58,563: umgr.0000.staging.input.0.child: umgr.0000.staging.input.0       : MainThread     : DEBUG   :    expand with gsisftp://bridges.psc.xsede.org:2222/pylon5/mc3bggp/aymen/radical.pilot.sandbox/rp.session.js-17-21.jetstream-cloud.org.aymen.018292.0010/pilot.0000//unit.000003/
2020-01-31 10:52:58,563: umgr.0000.staging.input.0.child: umgr.0000.staging.input.0       : MainThread     : DEBUG   : -> gsisftp://bridges.psc.xsede.org:2222/pylon5/mc3bggp/aymen/radical.pilot.sandbox/rp.session.js-17-21.jetstream-cloud.org.aymen.018292.0010/pilot.0000/unit.000003/q1.py
2020-01-31 10:52:58,563: umgr.0000.staging.input.0.child: umgr.0000.staging.input.0       : MainThread     : DEBUG   : <- file:///home/aymen/SummerRadical/iceberg_escience/Geolocation/Scipts/Design2/q1.py (<class 'radical.utils.url.Url'>)
2020-01-31 10:52:58,563: umgr.0000.staging.input.0.child: umgr.0000.staging.input.0       : MainThread     : DEBUG   :    file:///home/aymen/SummerRadical/iceberg_escience/Geolocation/Scipts/Design2/q1.py
2020-01-31 10:52:58,563: umgr.0000.staging.input.0.child: umgr.0000.staging.input.0       : MainThread     : DEBUG   :    file
2020-01-31 10:52:58,564: umgr.0000.staging.input.0.child: umgr.0000.staging.input.0       : MainThread     : DEBUG   : -> file:///home/aymen/SummerRadical/iceberg_escience/Geolocation/Scipts/Design2/q1.py
2020-01-31 10:52:58,564: umgr.0000.staging.input.0.child: umgr.0000.staging.input.0       : MainThread     : DEBUG   : <- gsisftp://bridges.psc.xsede.org:2222/pylon5/mc3bggp/aymen/radical.pilot.sandbox/rp.session.js-17-21.jetstream-cloud.org.aymen.018292.0010/pilot.0000/unit.000003/q1.py (<class 'radical.utils.url.Url'>)
2020-01-31 10:52:58,564: umgr.0000.staging.input.0.child: umgr.0000.staging.input.0       : MainThread     : DEBUG   :    gsisftp://bridges.psc.xsede.org:2222/pylon5/mc3bggp/aymen/radical.pilot.sandbox/rp.session.js-17-21.jetstream-cloud.org.aymen.018292.0010/pilot.0000/unit.000003/q1.py
2020-01-31 10:52:58,564: umgr.0000.staging.input.0.child: umgr.0000.staging.input.0       : MainThread     : DEBUG   :    gsisftp
2020-01-31 10:52:58,564: umgr.0000.staging.input.0.child: umgr.0000.staging.input.0       : MainThread     : DEBUG   : -> gsisftp://bridges.psc.xsede.org:2222/pylon5/mc3bggp/aymen/radical.pilot.sandbox/rp.session.js-17-21.jetstream-cloud.org.aymen.018292.0010/pilot.0000/unit.000003/q1.py
2020-01-31 10:53:02,139: umgr.0000.staging.input.0.child: umgr.0000.staging.input.0       : MainThread     : DEBUG   : advance bulk size: 1 [True, True]
2020-01-31 10:53:02,139: umgr.0000.staging.input.0.child: umgr.0000.staging.input.0       : MainThread     : DEBUG   : drop  unit.000003 [AGENT_STAGING_INPUT_PENDING]
2020-01-31 10:53:02,140: umgr.0000.staging.input.0.child: umgr.0000.staging.input.0       : MainThread     : DEBUG   : key gsisftp://bridges.psc.xsede.org:2222/ / gsisftp://bridges.psc.xsede.org:2222/
2020-01-31 10:53:03,113: umgr.0000.staging.input.0.child: umgr.0000.staging.input.0       : MainThread     : DEBUG   : <- client:///thirdnode.sh (<type 'str'>)
2020-01-31 10:53:03,113: umgr.0000.staging.input.0.child: umgr.0000.staging.input.0       : MainThread     : DEBUG   :    client:///thirdnode.sh
2020-01-31 10:53:03,114: umgr.0000.staging.input.0.child: umgr.0000.staging.input.0       : MainThread     : DEBUG   :    pwd
2020-01-31 10:53:03,114: umgr.0000.staging.input.0.child: umgr.0000.staging.input.0       : MainThread     : DEBUG   :    expand with /home/aymen/SummerRadical/iceberg_escience/Geolocation/Scipts/Design2
2020-01-31 10:53:03,114: umgr.0000.staging.input.0.child: umgr.0000.staging.input.0       : MainThread     : DEBUG   : -> file:///home/aymen/SummerRadical/iceberg_escience/Geolocation/Scipts/Design2/thirdnode.sh
2020-01-31 10:53:03,114: umgr.0000.staging.input.0.child: umgr.0000.staging.input.0       : MainThread     : DEBUG   : <- unit:///thirdnode.sh (<type 'str'>)
2020-01-31 10:53:03,114: umgr.0000.staging.input.0.child: umgr.0000.staging.input.0       : MainThread     : DEBUG   :    unit:///thirdnode.sh
2020-01-31 10:53:03,115: umgr.0000.staging.input.0.child: umgr.0000.staging.input.0       : MainThread     : DEBUG   :    unit
2020-01-31 10:53:03,115: umgr.0000.staging.input.0.child: umgr.0000.staging.input.0       : MainThread     : DEBUG   :    expand with gsisftp://bridges.psc.xsede.org:2222/pylon5/mc3bggp/aymen/radical.pilot.sandbox/rp.session.js-17-21.jetstream-cloud.org.aymen.018292.0010/pilot.0000//unit.000004/
2020-01-31 10:53:03,115: umgr.0000.staging.input.0.child: umgr.0000.staging.input.0       : MainThread     : DEBUG   : -> gsisftp://bridges.psc.xsede.org:2222/pylon5/mc3bggp/aymen/radical.pilot.sandbox/rp.session.js-17-21.jetstream-cloud.org.aymen.018292.0010/pilot.0000/unit.000004/thirdnode.sh
2020-01-31 10:53:03,115: umgr.0000.staging.input.0.child: umgr.0000.staging.input.0       : MainThread     : DEBUG   : <- file:///home/aymen/SummerRadical/iceberg_escience/Geolocation/Scipts/Design2/thirdnode.sh (<class 'radical.utils.url.Url'>)
2020-01-31 10:53:03,115: umgr.0000.staging.input.0.child: umgr.0000.staging.input.0       : MainThread     : DEBUG   :    file:///home/aymen/SummerRadical/iceberg_escience/Geolocation/Scipts/Design2/thirdnode.sh
2020-01-31 10:53:03,115: umgr.0000.staging.input.0.child: umgr.0000.staging.input.0       : MainThread     : DEBUG   :    file
2020-01-31 10:53:03,116: umgr.0000.staging.input.0.child: umgr.0000.staging.input.0       : MainThread     : DEBUG   : -> file:///home/aymen/SummerRadical/iceberg_escience/Geolocation/Scipts/Design2/thirdnode.sh
2020-01-31 10:53:03,116: umgr.0000.staging.input.0.child: umgr.0000.staging.input.0       : MainThread     : DEBUG   : <- gsisftp://bridges.psc.xsede.org:2222/pylon5/mc3bggp/aymen/radical.pilot.sandbox/rp.session.js-17-21.jetstream-cloud.org.aymen.018292.0010/pilot.0000/unit.000004/thirdnode.sh (<class 'radical.utils.url.Url'>)
2020-01-31 10:53:03,116: umgr.0000.staging.input.0.child: umgr.0000.staging.input.0       : MainThread     : DEBUG   :    gsisftp://bridges.psc.xsede.org:2222/pylon5/mc3bggp/aymen/radical.pilot.sandbox/rp.session.js-17-21.jetstream-cloud.org.aymen.018292.0010/pilot.0000/unit.000004/thirdnode.sh
2020-01-31 10:53:03,116: umgr.0000.staging.input.0.child: umgr.0000.staging.input.0       : MainThread     : DEBUG   :    gsisftp
2020-01-31 10:53:03,116: umgr.0000.staging.input.0.child: umgr.0000.staging.input.0       : MainThread     : DEBUG   : -> gsisftp://bridges.psc.xsede.org:2222/pylon5/mc3bggp/aymen/radical.pilot.sandbox/rp.session.js-17-21.jetstream-cloud.org.aymen.018292.0010/pilot.0000/unit.000004/thirdnode.sh
2020-01-31 10:53:06,316: umgr.0000.staging.input.0.child: umgr.0000.staging.input.0       : MainThread     : DEBUG   : <- client:///geolocate.py (<type 'str'>)
2020-01-31 10:53:06,316: umgr.0000.staging.input.0.child: umgr.0000.staging.input.0       : MainThread     : DEBUG   :    client:///geolocate.py
2020-01-31 10:53:06,317: umgr.0000.staging.input.0.child: umgr.0000.staging.input.0       : MainThread     : DEBUG   :    pwd
2020-01-31 10:53:06,317: umgr.0000.staging.input.0.child: umgr.0000.staging.input.0       : MainThread     : DEBUG   :    expand with /home/aymen/SummerRadical/iceberg_escience/Geolocation/Scipts/Design2
2020-01-31 10:53:06,317: umgr.0000.staging.input.0.child: umgr.0000.staging.input.0       : MainThread     : DEBUG   : -> file:///home/aymen/SummerRadical/iceberg_escience/Geolocation/Scipts/Design2/geolocate.py
2020-01-31 10:53:06,317: umgr.0000.staging.input.0.child: umgr.0000.staging.input.0       : MainThread     : DEBUG   : <- unit:///geolocate.py (<type 'str'>)
2020-01-31 10:53:06,317: umgr.0000.staging.input.0.child: umgr.0000.staging.input.0       : MainThread     : DEBUG   :    unit:///geolocate.py
2020-01-31 10:53:06,317: umgr.0000.staging.input.0.child: umgr.0000.staging.input.0       : MainThread     : DEBUG   :    unit
2020-01-31 10:53:06,318: umgr.0000.staging.input.0.child: umgr.0000.staging.input.0       : MainThread     : DEBUG   :    expand with gsisftp://bridges.psc.xsede.org:2222/pylon5/mc3bggp/aymen/radical.pilot.sandbox/rp.session.js-17-21.jetstream-cloud.org.aymen.018292.0010/pilot.0000//unit.000004/
2020-01-31 10:53:06,318: umgr.0000.staging.input.0.child: umgr.0000.staging.input.0       : MainThread     : DEBUG   : -> gsisftp://bridges.psc.xsede.org:2222/pylon5/mc3bggp/aymen/radical.pilot.sandbox/rp.session.js-17-21.jetstream-cloud.org.aymen.018292.0010/pilot.0000/unit.000004/geolocate.py
2020-01-31 10:53:06,318: umgr.0000.staging.input.0.child: umgr.0000.staging.input.0       : MainThread     : DEBUG   : <- file:///home/aymen/SummerRadical/iceberg_escience/Geolocation/Scipts/Design2/geolocate.py (<class 'radical.utils.url.Url'>)
2020-01-31 10:53:06,318: umgr.0000.staging.input.0.child: umgr.0000.staging.input.0       : MainThread     : DEBUG   :    file:///home/aymen/SummerRadical/iceberg_escience/Geolocation/Scipts/Design2/geolocate.py
2020-01-31 10:53:06,318: umgr.0000.staging.input.0.child: umgr.0000.staging.input.0       : MainThread     : DEBUG   :    file
2020-01-31 10:53:06,318: umgr.0000.staging.input.0.child: umgr.0000.staging.input.0       : MainThread     : DEBUG   : -> file:///home/aymen/SummerRadical/iceberg_escience/Geolocation/Scipts/Design2/geolocate.py
2020-01-31 10:53:06,319: umgr.0000.staging.input.0.child: umgr.0000.staging.input.0       : MainThread     : DEBUG   : <- gsisftp://bridges.psc.xsede.org:2222/pylon5/mc3bggp/aymen/radical.pilot.sandbox/rp.session.js-17-21.jetstream-cloud.org.aymen.018292.0010/pilot.0000/unit.000004/geolocate.py (<class 'radical.utils.url.Url'>)
2020-01-31 10:53:06,319: umgr.0000.staging.input.0.child: umgr.0000.staging.input.0       : MainThread     : DEBUG   :    gsisftp://bridges.psc.xsede.org:2222/pylon5/mc3bggp/aymen/radical.pilot.sandbox/rp.session.js-17-21.jetstream-cloud.org.aymen.018292.0010/pilot.0000/unit.000004/geolocate.py
2020-01-31 10:53:06,319: umgr.0000.staging.input.0.child: umgr.0000.staging.input.0       : MainThread     : DEBUG   :    gsisftp
2020-01-31 10:53:06,319: umgr.0000.staging.input.0.child: umgr.0000.staging.input.0       : MainThread     : DEBUG   : -> gsisftp://bridges.psc.xsede.org:2222/pylon5/mc3bggp/aymen/radical.pilot.sandbox/rp.session.js-17-21.jetstream-cloud.org.aymen.018292.0010/pilot.0000/unit.000004/geolocate.py
2020-01-31 10:53:09,655: umgr.0000.staging.input.0.child: umgr.0000.staging.input.0       : MainThread     : DEBUG   : <- client:///ransac.py (<type 'str'>)
2020-01-31 10:53:09,656: umgr.0000.staging.input.0.child: umgr.0000.staging.input.0       : MainThread     : DEBUG   :    client:///ransac.py
2020-01-31 10:53:09,656: umgr.0000.staging.input.0.child: umgr.0000.staging.input.0       : MainThread     : DEBUG   :    pwd
2020-01-31 10:53:09,656: umgr.0000.staging.input.0.child: umgr.0000.staging.input.0       : MainThread     : DEBUG   :    expand with /home/aymen/SummerRadical/iceberg_escience/Geolocation/Scipts/Design2
2020-01-31 10:53:09,656: umgr.0000.staging.input.0.child: umgr.0000.staging.input.0       : MainThread     : DEBUG   : -> file:///home/aymen/SummerRadical/iceberg_escience/Geolocation/Scipts/Design2/ransac.py
2020-01-31 10:53:09,656: umgr.0000.staging.input.0.child: umgr.0000.staging.input.0       : MainThread     : DEBUG   : <- unit:///ransac.py (<type 'str'>)
2020-01-31 10:53:09,657: umgr.0000.staging.input.0.child: umgr.0000.staging.input.0       : MainThread     : DEBUG   :    unit:///ransac.py
2020-01-31 10:53:09,657: umgr.0000.staging.input.0.child: umgr.0000.staging.input.0       : MainThread     : DEBUG   :    unit
2020-01-31 10:53:09,657: umgr.0000.staging.input.0.child: umgr.0000.staging.input.0       : MainThread     : DEBUG   :    expand with gsisftp://bridges.psc.xsede.org:2222/pylon5/mc3bggp/aymen/radical.pilot.sandbox/rp.session.js-17-21.jetstream-cloud.org.aymen.018292.0010/pilot.0000//unit.000004/
2020-01-31 10:53:09,657: umgr.0000.staging.input.0.child: umgr.0000.staging.input.0       : MainThread     : DEBUG   : -> gsisftp://bridges.psc.xsede.org:2222/pylon5/mc3bggp/aymen/radical.pilot.sandbox/rp.session.js-17-21.jetstream-cloud.org.aymen.018292.0010/pilot.0000/unit.000004/ransac.py
2020-01-31 10:53:09,657: umgr.0000.staging.input.0.child: umgr.0000.staging.input.0       : MainThread     : DEBUG   : <- file:///home/aymen/SummerRadical/iceberg_escience/Geolocation/Scipts/Design2/ransac.py (<class 'radical.utils.url.Url'>)
2020-01-31 10:53:09,657: umgr.0000.staging.input.0.child: umgr.0000.staging.input.0       : MainThread     : DEBUG   :    file:///home/aymen/SummerRadical/iceberg_escience/Geolocation/Scipts/Design2/ransac.py
2020-01-31 10:53:09,658: umgr.0000.staging.input.0.child: umgr.0000.staging.input.0       : MainThread     : DEBUG   :    file
2020-01-31 10:53:09,658: umgr.0000.staging.input.0.child: umgr.0000.staging.input.0       : MainThread     : DEBUG   : -> file:///home/aymen/SummerRadical/iceberg_escience/Geolocation/Scipts/Design2/ransac.py
2020-01-31 10:53:09,658: umgr.0000.staging.input.0.child: umgr.0000.staging.input.0       : MainThread     : DEBUG   : <- gsisftp://bridges.psc.xsede.org:2222/pylon5/mc3bggp/aymen/radical.pilot.sandbox/rp.session.js-17-21.jetstream-cloud.org.aymen.018292.0010/pilot.0000/unit.000004/ransac.py (<class 'radical.utils.url.Url'>)
2020-01-31 10:53:09,658: umgr.0000.staging.input.0.child: umgr.0000.staging.input.0       : MainThread     : DEBUG   :    gsisftp://bridges.psc.xsede.org:2222/pylon5/mc3bggp/aymen/radical.pilot.sandbox/rp.session.js-17-21.jetstream-cloud.org.aymen.018292.0010/pilot.0000/unit.000004/ransac.py
2020-01-31 10:53:09,658: umgr.0000.staging.input.0.child: umgr.0000.staging.input.0       : MainThread     : DEBUG   :    gsisftp
2020-01-31 10:53:09,658: umgr.0000.staging.input.0.child: umgr.0000.staging.input.0       : MainThread     : DEBUG   : -> gsisftp://bridges.psc.xsede.org:2222/pylon5/mc3bggp/aymen/radical.pilot.sandbox/rp.session.js-17-21.jetstream-cloud.org.aymen.018292.0010/pilot.0000/unit.000004/ransac.py
2020-01-31 10:53:12,965: umgr.0000.staging.input.0.child: umgr.0000.staging.input.0       : MainThread     : DEBUG   : <- client:///q1.py (<type 'str'>)
2020-01-31 10:53:12,966: umgr.0000.staging.input.0.child: umgr.0000.staging.input.0       : MainThread     : DEBUG   :    client:///q1.py
2020-01-31 10:53:12,966: umgr.0000.staging.input.0.child: umgr.0000.staging.input.0       : MainThread     : DEBUG   :    pwd
2020-01-31 10:53:12,966: umgr.0000.staging.input.0.child: umgr.0000.staging.input.0       : MainThread     : DEBUG   :    expand with /home/aymen/SummerRadical/iceberg_escience/Geolocation/Scipts/Design2
2020-01-31 10:53:12,966: umgr.0000.staging.input.0.child: umgr.0000.staging.input.0       : MainThread     : DEBUG   : -> file:///home/aymen/SummerRadical/iceberg_escience/Geolocation/Scipts/Design2/q1.py
2020-01-31 10:53:12,966: umgr.0000.staging.input.0.child: umgr.0000.staging.input.0       : MainThread     : DEBUG   : <- unit:///q1.py (<type 'str'>)
2020-01-31 10:53:12,966: umgr.0000.staging.input.0.child: umgr.0000.staging.input.0       : MainThread     : DEBUG   :    unit:///q1.py
2020-01-31 10:53:12,966: umgr.0000.staging.input.0.child: umgr.0000.staging.input.0       : MainThread     : DEBUG   :    unit
2020-01-31 10:53:12,967: umgr.0000.staging.input.0.child: umgr.0000.staging.input.0       : MainThread     : DEBUG   :    expand with gsisftp://bridges.psc.xsede.org:2222/pylon5/mc3bggp/aymen/radical.pilot.sandbox/rp.session.js-17-21.jetstream-cloud.org.aymen.018292.0010/pilot.0000//unit.000004/
2020-01-31 10:53:12,967: umgr.0000.staging.input.0.child: umgr.0000.staging.input.0       : MainThread     : DEBUG   : -> gsisftp://bridges.psc.xsede.org:2222/pylon5/mc3bggp/aymen/radical.pilot.sandbox/rp.session.js-17-21.jetstream-cloud.org.aymen.018292.0010/pilot.0000/unit.000004/q1.py
2020-01-31 10:53:12,967: umgr.0000.staging.input.0.child: umgr.0000.staging.input.0       : MainThread     : DEBUG   : <- file:///home/aymen/SummerRadical/iceberg_escience/Geolocation/Scipts/Design2/q1.py (<class 'radical.utils.url.Url'>)
2020-01-31 10:53:12,967: umgr.0000.staging.input.0.child: umgr.0000.staging.input.0       : MainThread     : DEBUG   :    file:///home/aymen/SummerRadical/iceberg_escience/Geolocation/Scipts/Design2/q1.py
2020-01-31 10:53:12,967: umgr.0000.staging.input.0.child: umgr.0000.staging.input.0       : MainThread     : DEBUG   :    file
2020-01-31 10:53:12,967: umgr.0000.staging.input.0.child: umgr.0000.staging.input.0       : MainThread     : DEBUG   : -> file:///home/aymen/SummerRadical/iceberg_escience/Geolocation/Scipts/Design2/q1.py
2020-01-31 10:53:12,968: umgr.0000.staging.input.0.child: umgr.0000.staging.input.0       : MainThread     : DEBUG   : <- gsisftp://bridges.psc.xsede.org:2222/pylon5/mc3bggp/aymen/radical.pilot.sandbox/rp.session.js-17-21.jetstream-cloud.org.aymen.018292.0010/pilot.0000/unit.000004/q1.py (<class 'radical.utils.url.Url'>)
2020-01-31 10:53:12,968: umgr.0000.staging.input.0.child: umgr.0000.staging.input.0       : MainThread     : DEBUG   :    gsisftp://bridges.psc.xsede.org:2222/pylon5/mc3bggp/aymen/radical.pilot.sandbox/rp.session.js-17-21.jetstream-cloud.org.aymen.018292.0010/pilot.0000/unit.000004/q1.py
2020-01-31 10:53:12,968: umgr.0000.staging.input.0.child: umgr.0000.staging.input.0       : MainThread     : DEBUG   :    gsisftp
2020-01-31 10:53:12,968: umgr.0000.staging.input.0.child: umgr.0000.staging.input.0       : MainThread     : DEBUG   : -> gsisftp://bridges.psc.xsede.org:2222/pylon5/mc3bggp/aymen/radical.pilot.sandbox/rp.session.js-17-21.jetstream-cloud.org.aymen.018292.0010/pilot.0000/unit.000004/q1.py
2020-01-31 10:53:16,259: umgr.0000.staging.input.0.child: umgr.0000.staging.input.0       : MainThread     : DEBUG   : advance bulk size: 1 [True, True]
2020-01-31 10:53:16,259: umgr.0000.staging.input.0.child: umgr.0000.staging.input.0       : MainThread     : DEBUG   : drop  unit.000004 [AGENT_STAGING_INPUT_PENDING]
2020-01-31 10:53:16,259: umgr.0000.staging.input.0.child: umgr.0000.staging.input.0       : MainThread     : DEBUG   : key gsisftp://bridges.psc.xsede.org:2222/ / gsisftp://bridges.psc.xsede.org:2222/
2020-01-31 10:53:17,236: umgr.0000.staging.input.0.child: umgr.0000.staging.input.0       : MainThread     : DEBUG   : <- client:///forthnode.sh (<type 'str'>)
2020-01-31 10:53:17,236: umgr.0000.staging.input.0.child: umgr.0000.staging.input.0       : MainThread     : DEBUG   :    client:///forthnode.sh
2020-01-31 10:53:17,236: umgr.0000.staging.input.0.child: umgr.0000.staging.input.0       : MainThread     : DEBUG   :    pwd
2020-01-31 10:53:17,236: umgr.0000.staging.input.0.child: umgr.0000.staging.input.0       : MainThread     : DEBUG   :    expand with /home/aymen/SummerRadical/iceberg_escience/Geolocation/Scipts/Design2
2020-01-31 10:53:17,237: umgr.0000.staging.input.0.child: umgr.0000.staging.input.0       : MainThread     : DEBUG   : -> file:///home/aymen/SummerRadical/iceberg_escience/Geolocation/Scipts/Design2/forthnode.sh
2020-01-31 10:53:17,237: umgr.0000.staging.input.0.child: umgr.0000.staging.input.0       : MainThread     : DEBUG   : <- unit:///forthnode.sh (<type 'str'>)
2020-01-31 10:53:17,237: umgr.0000.staging.input.0.child: umgr.0000.staging.input.0       : MainThread     : DEBUG   :    unit:///forthnode.sh
2020-01-31 10:53:17,237: umgr.0000.staging.input.0.child: umgr.0000.staging.input.0       : MainThread     : DEBUG   :    unit
2020-01-31 10:53:17,237: umgr.0000.staging.input.0.child: umgr.0000.staging.input.0       : MainThread     : DEBUG   :    expand with gsisftp://bridges.psc.xsede.org:2222/pylon5/mc3bggp/aymen/radical.pilot.sandbox/rp.session.js-17-21.jetstream-cloud.org.aymen.018292.0010/pilot.0000//unit.000005/
2020-01-31 10:53:17,237: umgr.0000.staging.input.0.child: umgr.0000.staging.input.0       : MainThread     : DEBUG   : -> gsisftp://bridges.psc.xsede.org:2222/pylon5/mc3bggp/aymen/radical.pilot.sandbox/rp.session.js-17-21.jetstream-cloud.org.aymen.018292.0010/pilot.0000/unit.000005/forthnode.sh
2020-01-31 10:53:17,238: umgr.0000.staging.input.0.child: umgr.0000.staging.input.0       : MainThread     : DEBUG   : <- file:///home/aymen/SummerRadical/iceberg_escience/Geolocation/Scipts/Design2/forthnode.sh (<class 'radical.utils.url.Url'>)
2020-01-31 10:53:17,238: umgr.0000.staging.input.0.child: umgr.0000.staging.input.0       : MainThread     : DEBUG   :    file:///home/aymen/SummerRadical/iceberg_escience/Geolocation/Scipts/Design2/forthnode.sh
2020-01-31 10:53:17,238: umgr.0000.staging.input.0.child: umgr.0000.staging.input.0       : MainThread     : DEBUG   :    file
2020-01-31 10:53:17,238: umgr.0000.staging.input.0.child: umgr.0000.staging.input.0       : MainThread     : DEBUG   : -> file:///home/aymen/SummerRadical/iceberg_escience/Geolocation/Scipts/Design2/forthnode.sh
2020-01-31 10:53:17,238: umgr.0000.staging.input.0.child: umgr.0000.staging.input.0       : MainThread     : DEBUG   : <- gsisftp://bridges.psc.xsede.org:2222/pylon5/mc3bggp/aymen/radical.pilot.sandbox/rp.session.js-17-21.jetstream-cloud.org.aymen.018292.0010/pilot.0000/unit.000005/forthnode.sh (<class 'radical.utils.url.Url'>)
2020-01-31 10:53:17,238: umgr.0000.staging.input.0.child: umgr.0000.staging.input.0       : MainThread     : DEBUG   :    gsisftp://bridges.psc.xsede.org:2222/pylon5/mc3bggp/aymen/radical.pilot.sandbox/rp.session.js-17-21.jetstream-cloud.org.aymen.018292.0010/pilot.0000/unit.000005/forthnode.sh
2020-01-31 10:53:17,238: umgr.0000.staging.input.0.child: umgr.0000.staging.input.0       : MainThread     : DEBUG   :    gsisftp
2020-01-31 10:53:17,239: umgr.0000.staging.input.0.child: umgr.0000.staging.input.0       : MainThread     : DEBUG   : -> gsisftp://bridges.psc.xsede.org:2222/pylon5/mc3bggp/aymen/radical.pilot.sandbox/rp.session.js-17-21.jetstream-cloud.org.aymen.018292.0010/pilot.0000/unit.000005/forthnode.sh
2020-01-31 10:53:20,750: umgr.0000.staging.input.0.child: umgr.0000.staging.input.0       : MainThread     : DEBUG   : <- client:///geolocate.py (<type 'str'>)
2020-01-31 10:53:20,750: umgr.0000.staging.input.0.child: umgr.0000.staging.input.0       : MainThread     : DEBUG   :    client:///geolocate.py
2020-01-31 10:53:20,750: umgr.0000.staging.input.0.child: umgr.0000.staging.input.0       : MainThread     : DEBUG   :    pwd
2020-01-31 10:53:20,750: umgr.0000.staging.input.0.child: umgr.0000.staging.input.0       : MainThread     : DEBUG   :    expand with /home/aymen/SummerRadical/iceberg_escience/Geolocation/Scipts/Design2
2020-01-31 10:53:20,750: umgr.0000.staging.input.0.child: umgr.0000.staging.input.0       : MainThread     : DEBUG   : -> file:///home/aymen/SummerRadical/iceberg_escience/Geolocation/Scipts/Design2/geolocate.py
2020-01-31 10:53:20,751: umgr.0000.staging.input.0.child: umgr.0000.staging.input.0       : MainThread     : DEBUG   : <- unit:///geolocate.py (<type 'str'>)
2020-01-31 10:53:20,751: umgr.0000.staging.input.0.child: umgr.0000.staging.input.0       : MainThread     : DEBUG   :    unit:///geolocate.py
2020-01-31 10:53:20,751: umgr.0000.staging.input.0.child: umgr.0000.staging.input.0       : MainThread     : DEBUG   :    unit
2020-01-31 10:53:20,751: umgr.0000.staging.input.0.child: umgr.0000.staging.input.0       : MainThread     : DEBUG   :    expand with gsisftp://bridges.psc.xsede.org:2222/pylon5/mc3bggp/aymen/radical.pilot.sandbox/rp.session.js-17-21.jetstream-cloud.org.aymen.018292.0010/pilot.0000//unit.000005/
2020-01-31 10:53:20,751: umgr.0000.staging.input.0.child: umgr.0000.staging.input.0       : MainThread     : DEBUG   : -> gsisftp://bridges.psc.xsede.org:2222/pylon5/mc3bggp/aymen/radical.pilot.sandbox/rp.session.js-17-21.jetstream-cloud.org.aymen.018292.0010/pilot.0000/unit.000005/geolocate.py
2020-01-31 10:53:20,752: umgr.0000.staging.input.0.child: umgr.0000.staging.input.0       : MainThread     : DEBUG   : <- file:///home/aymen/SummerRadical/iceberg_escience/Geolocation/Scipts/Design2/geolocate.py (<class 'radical.utils.url.Url'>)
2020-01-31 10:53:20,752: umgr.0000.staging.input.0.child: umgr.0000.staging.input.0       : MainThread     : DEBUG   :    file:///home/aymen/SummerRadical/iceberg_escience/Geolocation/Scipts/Design2/geolocate.py
2020-01-31 10:53:20,752: umgr.0000.staging.input.0.child: umgr.0000.staging.input.0       : MainThread     : DEBUG   :    file
2020-01-31 10:53:20,752: umgr.0000.staging.input.0.child: umgr.0000.staging.input.0       : MainThread     : DEBUG   : -> file:///home/aymen/SummerRadical/iceberg_escience/Geolocation/Scipts/Design2/geolocate.py
2020-01-31 10:53:20,752: umgr.0000.staging.input.0.child: umgr.0000.staging.input.0       : MainThread     : DEBUG   : <- gsisftp://bridges.psc.xsede.org:2222/pylon5/mc3bggp/aymen/radical.pilot.sandbox/rp.session.js-17-21.jetstream-cloud.org.aymen.018292.0010/pilot.0000/unit.000005/geolocate.py (<class 'radical.utils.url.Url'>)
2020-01-31 10:53:20,752: umgr.0000.staging.input.0.child: umgr.0000.staging.input.0       : MainThread     : DEBUG   :    gsisftp://bridges.psc.xsede.org:2222/pylon5/mc3bggp/aymen/radical.pilot.sandbox/rp.session.js-17-21.jetstream-cloud.org.aymen.018292.0010/pilot.0000/unit.000005/geolocate.py
2020-01-31 10:53:20,752: umgr.0000.staging.input.0.child: umgr.0000.staging.input.0       : MainThread     : DEBUG   :    gsisftp
2020-01-31 10:53:20,753: umgr.0000.staging.input.0.child: umgr.0000.staging.input.0       : MainThread     : DEBUG   : -> gsisftp://bridges.psc.xsede.org:2222/pylon5/mc3bggp/aymen/radical.pilot.sandbox/rp.session.js-17-21.jetstream-cloud.org.aymen.018292.0010/pilot.0000/unit.000005/geolocate.py
2020-01-31 10:53:24,127: umgr.0000.staging.input.0.child: umgr.0000.staging.input.0       : MainThread     : DEBUG   : <- client:///ransac.py (<type 'str'>)
2020-01-31 10:53:24,127: umgr.0000.staging.input.0.child: umgr.0000.staging.input.0       : MainThread     : DEBUG   :    client:///ransac.py
2020-01-31 10:53:24,127: umgr.0000.staging.input.0.child: umgr.0000.staging.input.0       : MainThread     : DEBUG   :    pwd
2020-01-31 10:53:24,128: umgr.0000.staging.input.0.child: umgr.0000.staging.input.0       : MainThread     : DEBUG   :    expand with /home/aymen/SummerRadical/iceberg_escience/Geolocation/Scipts/Design2
2020-01-31 10:53:24,128: umgr.0000.staging.input.0.child: umgr.0000.staging.input.0       : MainThread     : DEBUG   : -> file:///home/aymen/SummerRadical/iceberg_escience/Geolocation/Scipts/Design2/ransac.py
2020-01-31 10:53:24,128: umgr.0000.staging.input.0.child: umgr.0000.staging.input.0       : MainThread     : DEBUG   : <- unit:///ransac.py (<type 'str'>)
2020-01-31 10:53:24,128: umgr.0000.staging.input.0.child: umgr.0000.staging.input.0       : MainThread     : DEBUG   :    unit:///ransac.py
2020-01-31 10:53:24,128: umgr.0000.staging.input.0.child: umgr.0000.staging.input.0       : MainThread     : DEBUG   :    unit
2020-01-31 10:53:24,128: umgr.0000.staging.input.0.child: umgr.0000.staging.input.0       : MainThread     : DEBUG   :    expand with gsisftp://bridges.psc.xsede.org:2222/pylon5/mc3bggp/aymen/radical.pilot.sandbox/rp.session.js-17-21.jetstream-cloud.org.aymen.018292.0010/pilot.0000//unit.000005/
2020-01-31 10:53:24,129: umgr.0000.staging.input.0.child: umgr.0000.staging.input.0       : MainThread     : DEBUG   : -> gsisftp://bridges.psc.xsede.org:2222/pylon5/mc3bggp/aymen/radical.pilot.sandbox/rp.session.js-17-21.jetstream-cloud.org.aymen.018292.0010/pilot.0000/unit.000005/ransac.py
2020-01-31 10:53:24,129: umgr.0000.staging.input.0.child: umgr.0000.staging.input.0       : MainThread     : DEBUG   : <- file:///home/aymen/SummerRadical/iceberg_escience/Geolocation/Scipts/Design2/ransac.py (<class 'radical.utils.url.Url'>)
2020-01-31 10:53:24,129: umgr.0000.staging.input.0.child: umgr.0000.staging.input.0       : MainThread     : DEBUG   :    file:///home/aymen/SummerRadical/iceberg_escience/Geolocation/Scipts/Design2/ransac.py
2020-01-31 10:53:24,129: umgr.0000.staging.input.0.child: umgr.0000.staging.input.0       : MainThread     : DEBUG   :    file
2020-01-31 10:53:24,129: umgr.0000.staging.input.0.child: umgr.0000.staging.input.0       : MainThread     : DEBUG   : -> file:///home/aymen/SummerRadical/iceberg_escience/Geolocation/Scipts/Design2/ransac.py
2020-01-31 10:53:24,129: umgr.0000.staging.input.0.child: umgr.0000.staging.input.0       : MainThread     : DEBUG   : <- gsisftp://bridges.psc.xsede.org:2222/pylon5/mc3bggp/aymen/radical.pilot.sandbox/rp.session.js-17-21.jetstream-cloud.org.aymen.018292.0010/pilot.0000/unit.000005/ransac.py (<class 'radical.utils.url.Url'>)
2020-01-31 10:53:24,130: umgr.0000.staging.input.0.child: umgr.0000.staging.input.0       : MainThread     : DEBUG   :    gsisftp://bridges.psc.xsede.org:2222/pylon5/mc3bggp/aymen/radical.pilot.sandbox/rp.session.js-17-21.jetstream-cloud.org.aymen.018292.0010/pilot.0000/unit.000005/ransac.py
2020-01-31 10:53:24,130: umgr.0000.staging.input.0.child: umgr.0000.staging.input.0       : MainThread     : DEBUG   :    gsisftp
2020-01-31 10:53:24,130: umgr.0000.staging.input.0.child: umgr.0000.staging.input.0       : MainThread     : DEBUG   : -> gsisftp://bridges.psc.xsede.org:2222/pylon5/mc3bggp/aymen/radical.pilot.sandbox/rp.session.js-17-21.jetstream-cloud.org.aymen.018292.0010/pilot.0000/unit.000005/ransac.py
2020-01-31 10:53:27,729: umgr.0000.staging.input.0.child: umgr.0000.staging.input.0       : MainThread     : DEBUG   : <- client:///q1.py (<type 'str'>)
2020-01-31 10:53:27,729: umgr.0000.staging.input.0.child: umgr.0000.staging.input.0       : MainThread     : DEBUG   :    client:///q1.py
2020-01-31 10:53:27,730: umgr.0000.staging.input.0.child: umgr.0000.staging.input.0       : MainThread     : DEBUG   :    pwd
2020-01-31 10:53:27,730: umgr.0000.staging.input.0.child: umgr.0000.staging.input.0       : MainThread     : DEBUG   :    expand with /home/aymen/SummerRadical/iceberg_escience/Geolocation/Scipts/Design2
2020-01-31 10:53:27,730: umgr.0000.staging.input.0.child: umgr.0000.staging.input.0       : MainThread     : DEBUG   : -> file:///home/aymen/SummerRadical/iceberg_escience/Geolocation/Scipts/Design2/q1.py
2020-01-31 10:53:27,730: umgr.0000.staging.input.0.child: umgr.0000.staging.input.0       : MainThread     : DEBUG   : <- unit:///q1.py (<type 'str'>)
2020-01-31 10:53:27,730: umgr.0000.staging.input.0.child: umgr.0000.staging.input.0       : MainThread     : DEBUG   :    unit:///q1.py
2020-01-31 10:53:27,730: umgr.0000.staging.input.0.child: umgr.0000.staging.input.0       : MainThread     : DEBUG   :    unit
2020-01-31 10:53:27,731: umgr.0000.staging.input.0.child: umgr.0000.staging.input.0       : MainThread     : DEBUG   :    expand with gsisftp://bridges.psc.xsede.org:2222/pylon5/mc3bggp/aymen/radical.pilot.sandbox/rp.session.js-17-21.jetstream-cloud.org.aymen.018292.0010/pilot.0000//unit.000005/
2020-01-31 10:53:27,731: umgr.0000.staging.input.0.child: umgr.0000.staging.input.0       : MainThread     : DEBUG   : -> gsisftp://bridges.psc.xsede.org:2222/pylon5/mc3bggp/aymen/radical.pilot.sandbox/rp.session.js-17-21.jetstream-cloud.org.aymen.018292.0010/pilot.0000/unit.000005/q1.py
2020-01-31 10:53:27,731: umgr.0000.staging.input.0.child: umgr.0000.staging.input.0       : MainThread     : DEBUG   : <- file:///home/aymen/SummerRadical/iceberg_escience/Geolocation/Scipts/Design2/q1.py (<class 'radical.utils.url.Url'>)
2020-01-31 10:53:27,731: umgr.0000.staging.input.0.child: umgr.0000.staging.input.0       : MainThread     : DEBUG   :    file:///home/aymen/SummerRadical/iceberg_escience/Geolocation/Scipts/Design2/q1.py
2020-01-31 10:53:27,731: umgr.0000.staging.input.0.child: umgr.0000.staging.input.0       : MainThread     : DEBUG   :    file
2020-01-31 10:53:27,731: umgr.0000.staging.input.0.child: umgr.0000.staging.input.0       : MainThread     : DEBUG   : -> file:///home/aymen/SummerRadical/iceberg_escience/Geolocation/Scipts/Design2/q1.py
2020-01-31 10:53:27,731: umgr.0000.staging.input.0.child: umgr.0000.staging.input.0       : MainThread     : DEBUG   : <- gsisftp://bridges.psc.xsede.org:2222/pylon5/mc3bggp/aymen/radical.pilot.sandbox/rp.session.js-17-21.jetstream-cloud.org.aymen.018292.0010/pilot.0000/unit.000005/q1.py (<class 'radical.utils.url.Url'>)
2020-01-31 10:53:27,731: umgr.0000.staging.input.0.child: umgr.0000.staging.input.0       : MainThread     : DEBUG   :    gsisftp://bridges.psc.xsede.org:2222/pylon5/mc3bggp/aymen/radical.pilot.sandbox/rp.session.js-17-21.jetstream-cloud.org.aymen.018292.0010/pilot.0000/unit.000005/q1.py
2020-01-31 10:53:27,732: umgr.0000.staging.input.0.child: umgr.0000.staging.input.0       : MainThread     : DEBUG   :    gsisftp
2020-01-31 10:53:27,732: umgr.0000.staging.input.0.child: umgr.0000.staging.input.0       : MainThread     : DEBUG   : -> gsisftp://bridges.psc.xsede.org:2222/pylon5/mc3bggp/aymen/radical.pilot.sandbox/rp.session.js-17-21.jetstream-cloud.org.aymen.018292.0010/pilot.0000/unit.000005/q1.py
2020-01-31 10:53:31,142: umgr.0000.staging.input.0.child: umgr.0000.staging.input.0       : MainThread     : DEBUG   : advance bulk size: 1 [True, True]
2020-01-31 10:53:31,142: umgr.0000.staging.input.0.child: umgr.0000.staging.input.0       : MainThread     : DEBUG   : drop  unit.000005 [AGENT_STAGING_INPUT_PENDING]
2020-01-31 10:54:26,362: umgr.0000.staging.input.0.child: umgr.0000.staging.input.0       : umgr.0000.staging.input.0.child.watch: INFO    : recv message: STOP
2020-01-31 10:54:26,362: umgr.0000.staging.input.0.child: umgr.0000.staging.input.0       : umgr.0000.staging.input.0.child.watch: INFO    : message received: STOP
2020-01-31 10:54:26,362: umgr.0000.staging.input.0.child: umgr.0000.staging.input.0       : umgr.0000.staging.input.0.child.watch: INFO    : STOP received: STOP
2020-01-31 10:54:26,362: umgr.0000.staging.input.0.child: umgr.0000.staging.input.0       : umgr.0000.staging.input.0.child.watch: INFO    : watcher closes
2020-01-31 10:54:26,362: umgr.0000.staging.input.0.child: umgr.0000.staging.input.0       : umgr.0000.staging.input.0.child.watch: INFO    : put message: [umgr.0000.staging.input.0.child.watch.thread] work finished
2020-01-31 10:54:26,363: umgr.0000.staging.input.0.child: umgr.0000.staging.input.0       : umgr.0000.staging.input.0.child.watch: DEBUG   : ru_finalize_child (NOOP)
2020-01-31 10:54:26,363: umgr.0000.staging.input.0.child: umgr.0000.staging.input.0       : umgr.0000.staging.input.0.child.watch: DEBUG   : ru_finalize_common (NOOP)
2020-01-31 10:54:26,363: umgr.0000.staging.input.0.child: umgr.0000.staging.input.0       : umgr.0000.staging.input.0.child.watch: INFO    : put message: [umgr.0000.staging.input.0.child.watch.thread] terminating
2020-01-31 10:54:26,839: umgr.0000.staging.input.0.child: umgr.0000.staging.input.0       : MainThread     : WARNING : alive check: proc invalid - stop [False - True]
2020-01-31 10:54:26,898: umgr.0000.staging.input.0.child: umgr.0000.staging.input.0       : MainThread     : INFO    : stop umgr.0000.staging.input.0.child (18649 : 18649 : MainThread) [radical.utils.process.Default.is_valid]
2020-01-31 10:54:26,903: umgr.0000.staging.input.0.child: umgr.0000.staging.input.0       : MainThread     : INFO    : parent stops child  18649 -> 18649 [umgr.0000.staging.input.0.child]
2020-01-31 10:54:26,903: umgr.0000.staging.input.0.child: umgr.0000.staging.input.0       : MainThread     : INFO    : send message: [umgr.0000.staging.input.0.child] STOP
2020-01-31 10:54:26,903: umgr.0000.staging.input.0.child: umgr.0000.staging.input.0       : MainThread     : WARNING : send failed ([Errno 9] Bad file descriptor) - terminate
2020-01-31 10:54:26,904: umgr.0000.staging.input.0.child: umgr.0000.staging.input.0       : MainThread     : DEBUG   : TERM : umgr.0000.staging.input.0.child unregister subscriber umgr.0000.staging.input.0.child.subscriber._base_command_cb
2020-01-31 10:54:26,904: umgr.0000.staging.input.0.child: umgr.0000.staging.input.0       : MainThread     : DEBUG   : unregistered subscriber umgr.0000.staging.input.0.child.subscriber._base_command_cb
2020-01-31 10:54:26,904: umgr.0000.staging.input.0.child: umgr.0000.staging.input.0       : MainThread     : DEBUG   : ru_finalize_common()
2020-01-31 10:54:26,904: umgr.0000.staging.input.0.child: umgr.0000.staging.input.0       : MainThread     : DEBUG   : TERM : umgr.0000.staging.input.0.child unregister publisher log_pubsub
2020-01-31 10:54:26,905: umgr.0000.staging.input.0.child: umgr.0000.staging.input.0       : MainThread     : DEBUG   : unregistered publisher log_pubsub
2020-01-31 10:54:26,905: umgr.0000.staging.input.0.child: umgr.0000.staging.input.0       : MainThread     : DEBUG   : TERM : umgr.0000.staging.input.0.child unregister publisher state_pubsub
2020-01-31 10:54:26,906: umgr.0000.staging.input.0.child: umgr.0000.staging.input.0       : MainThread     : DEBUG   : unregistered publisher state_pubsub
2020-01-31 10:54:26,906: umgr.0000.staging.input.0.child: umgr.0000.staging.input.0       : MainThread     : DEBUG   : TERM : umgr.0000.staging.input.0.child unregister publisher control_pubsub
2020-01-31 10:54:26,907: umgr.0000.staging.input.0.child: umgr.0000.staging.input.0       : MainThread     : DEBUG   : unregistered publisher control_pubsub
2020-01-31 10:54:26,907: umgr.0000.staging.input.0.child: umgr.0000.staging.input.0       : MainThread     : DEBUG   : umgr.0000.staging.input.0.child close prof
2020-01-31 10:54:26,912: umgr.0000.staging.input.0.child: umgr.0000.staging.input.0       : MainThread     : INFO    : parent stops child
2020-01-31 10:54:26,912: umgr.0000.staging.input.0.child: umgr.0000.staging.input.0       : MainThread     : DEBUG   : ru_finalize_parent (NOOP)
2020-01-31 10:54:26,912: umgr.0000.staging.input.0.child: umgr.0000.staging.input.0       : MainThread     : DEBUG   : ru_finalize_common (NOOP)
2020-01-31 10:54:26,913: umgr.0000.staging.input.0.child: umgr.0000.staging.input.0       : MainThread     : INFO    : parent stops child
2020-01-31 10:54:26,913: umgr.0000.staging.input.0.child: umgr.0000.staging.input.0       : MainThread     : DEBUG   : ru_finalize_parent (NOOP)
2020-01-31 10:54:26,914: umgr.0000.staging.input.0.child: umgr.0000.staging.input.0       : umgr.0000.staging.input.0.child.subscriber._base_command_cb: DEBUG   : ru_finalize_child (NOOP)
2020-01-31 10:54:26,914: umgr.0000.staging.input.0.child: umgr.0000.staging.input.0       : umgr.0000.staging.input.0.child.subscriber._base_command_cb: INFO    : put message: [umgr.0000.staging.input.0.child.subscriber._base_command_cb.thread] terminating
2020-01-31 10:54:26,915: umgr.0000.staging.input.0.child: umgr.0000.staging.input.0       : MainThread     : INFO    : parent stops child
2020-01-31 10:54:26,915: umgr.0000.staging.input.0.child: umgr.0000.staging.input.0       : MainThread     : DEBUG   : ru_finalize_parent (NOOP)
2020-01-31 10:54:26,916: umgr.0000.staging.input.0.child: umgr.0000.staging.input.0       : umgr.0000.staging.input.0.child.subscriber._cancel_monitor_cb: DEBUG   : ru_finalize_child (NOOP)
2020-01-31 10:54:26,916: umgr.0000.staging.input.0.child: umgr.0000.staging.input.0       : umgr.0000.staging.input.0.child.subscriber._cancel_monitor_cb: INFO    : put message: [umgr.0000.staging.input.0.child.subscriber._cancel_monitor_cb.thread] terminating
2020-01-31 10:54:26,917: umgr.0000.staging.input.0.child: umgr.0000.staging.input.0       : MainThread     : WARNING : super umgr.0000.staging.input.0.child is invalid
2020-01-31 10:54:26,918: umgr.0000.staging.input.0.child: umgr.0000.staging.input.0       : MainThread     : WARNING : component umgr.0000.staging.input.0.child is invalid
2020-01-31 10:54:26,919: umgr.0000.staging.input.0.child: umgr.0000.staging.input.0       : MainThread     : INFO    : stop umgr.0000.staging.input.0.child (18649 : 18649 : MainThread) [radical.pilot.utils.component.Default.is_valid]
2020-01-31 10:54:26,919: umgr.0000.staging.input.0.child: umgr.0000.staging.input.0       : MainThread     : DEBUG   : TERM : umgr.0000.staging.input.0.child unregister subscriber umgr.0000.staging.input.0.child.subscriber._base_command_cb
2020-01-31 10:54:26,919: umgr.0000.staging.input.0.child: umgr.0000.staging.input.0       : MainThread     : WARNING : subscriber _base_command_cb is not registered
2020-01-31 10:54:26,919: umgr.0000.staging.input.0.child: umgr.0000.staging.input.0       : MainThread     : DEBUG   : ru_finalize_common()
2020-01-31 10:54:26,919: umgr.0000.staging.input.0.child: umgr.0000.staging.input.0       : MainThread     : WARNING : publisher log_pubsub is not registered
2020-01-31 10:54:26,919: umgr.0000.staging.input.0.child: umgr.0000.staging.input.0       : MainThread     : WARNING : publisher state_pubsub is not registered
2020-01-31 10:54:26,919: umgr.0000.staging.input.0.child: umgr.0000.staging.input.0       : MainThread     : WARNING : publisher control_pubsub is not registered
2020-01-31 10:54:26,919: umgr.0000.staging.input.0.child: umgr.0000.staging.input.0       : MainThread     : DEBUG   : umgr.0000.staging.input.0.child close prof
2020-01-31 10:54:26,919: umgr.0000.staging.input.0.child: umgr.0000.staging.input.0       : MainThread     : INFO    : send message: [umgr.0000.staging.input.0.child] terminating
2020-01-31 10:54:26,920: umgr.0000.staging.input.0.child: umgr.0000.staging.input.0       : MainThread     : WARNING : send failed ([Errno 9] Bad file descriptor) - terminate
2020-01-31 10:54:26,920: umgr.0000.staging.input.0.child: umgr.0000.staging.input.0       : MainThread     : INFO    : parent stops child
2020-01-31 10:54:26,920: umgr.0000.staging.input.0.child: umgr.0000.staging.input.0       : MainThread     : INFO    : parent stops child
