2020-01-31 10:50:35,861: umgr.0000.staging.output.0: MainProcess                     : MainThread     : DEBUG   : alive check in term
2020-01-31 10:50:35,861: umgr.0000.staging.output.0: MainProcess                     : MainThread     : DEBUG   : start process
2020-01-31 10:50:37,052: umgr.0000.staging.output.0: MainProcess                     : MainThread     : INFO    : recv message: alive
2020-01-31 10:50:37,053: umgr.0000.staging.output.0: MainProcess                     : MainThread     : INFO    : initialize umgr.0000.staging.output.0
2020-01-31 10:50:37,058: umgr.0000.staging.output.0: MainProcess                     : MainThread     : INFO    : cfg: {'agents': {},
 u'bridges': {u'control_pubsub': {'addr_in': 'tcp://172.27.61.10:38325',
                                  'addr_out': 'tcp://172.27.61.10:38137',
                                  u'bulk_size': 0,
                                  u'log_level': u'error',
                                  u'stall_hwm': 1},
              u'log_pubsub': {'addr_in': 'tcp://172.27.61.10:38351',
                              'addr_out': 'tcp://172.27.61.10:36888',
                              u'bulk_size': 0,
                              u'log_level': u'error',
                              u'stall_hwm': 1},
              u'state_pubsub': {'addr_in': 'tcp://172.27.61.10:42218',
                                'addr_out': 'tcp://172.27.61.10:36800',
                                u'bulk_size': 0,
                                u'log_level': u'error',
                                u'stall_hwm': 1},
              u'umgr_reschedule_pubsub': {'addr_in': 'tcp://172.27.61.10:39605',
                                          'addr_out': 'tcp://172.27.61.10:41220',
                                          u'bulk_size': 0,
                                          u'log_level': u'error',
                                          u'stall_hwm': 1},
              u'umgr_scheduling_queue': {'addr_in': 'tcp://172.27.61.10:33217',
                                         'addr_out': 'tcp://172.27.61.10:41044',
                                         u'bulk_size': 0,
                                         u'log_level': u'error',
                                         u'stall_hwm': 1},
              u'umgr_staging_input_queue': {'addr_in': 'tcp://172.27.61.10:37312',
                                            'addr_out': 'tcp://172.27.61.10:46589',
                                            u'bulk_size': 0,
                                            u'log_level': u'error',
                                            u'stall_hwm': 1},
              u'umgr_staging_output_queue': {'addr_in': 'tcp://172.27.61.10:43445',
                                             'addr_out': 'tcp://172.27.61.10:42270',
                                             u'bulk_size': 0,
                                             u'log_level': u'error',
                                             u'stall_hwm': 1},
              u'umgr_unschedule_pubsub': {'addr_in': 'tcp://172.27.61.10:42861',
                                          'addr_out': 'tcp://172.27.61.10:41097',
                                          u'bulk_size': 0,
                                          u'log_level': u'error',
                                          u'stall_hwm': 1}},
 u'bulk_collection_size': 100,
 u'bulk_collection_time': 1.0,
 'cname': u'UMGRStagingOutputComponent',
 u'components': {},
 u'count': 1,
 u'db_poll_sleeptime': 1.0,
 'number': 0,
 'owner': 'umgr.0000',
 u'scheduler': u'round_robin',
 'uid': 'umgr.0000'}
2020-01-31 10:50:37,058: umgr.0000.staging.output.0: MainProcess                     : MainThread     : DEBUG   : alive check in term
2020-01-31 10:50:37,058: umgr.0000.staging.output.0: MainProcess                     : MainThread     : DEBUG   : START: umgr.0000.staging.output.0 register publisher log_pubsub
2020-01-31 10:50:37,058: umgr.0000.staging.output.0: MainProcess                     : MainThread     : DEBUG   : using addr tcp://172.27.61.10:38351 for pubsub log_pubsub
2020-01-31 10:50:37,061: umgr.0000.staging.output.0: MainProcess                     : MainThread     : DEBUG   : registered publisher : log_pubsub : log.pubsub.pub.0004
2020-01-31 10:50:37,061: umgr.0000.staging.output.0: MainProcess                     : MainThread     : DEBUG   : alive check in term
2020-01-31 10:50:37,061: umgr.0000.staging.output.0: MainProcess                     : MainThread     : DEBUG   : START: umgr.0000.staging.output.0 register publisher state_pubsub
2020-01-31 10:50:37,061: umgr.0000.staging.output.0: MainProcess                     : MainThread     : DEBUG   : using addr tcp://172.27.61.10:42218 for pubsub state_pubsub
2020-01-31 10:50:37,063: umgr.0000.staging.output.0: MainProcess                     : MainThread     : DEBUG   : registered publisher : state_pubsub : state.pubsub.pub.0004
2020-01-31 10:50:37,063: umgr.0000.staging.output.0: MainProcess                     : MainThread     : DEBUG   : alive check in term
2020-01-31 10:50:37,063: umgr.0000.staging.output.0: MainProcess                     : MainThread     : DEBUG   : START: umgr.0000.staging.output.0 register publisher control_pubsub
2020-01-31 10:50:37,064: umgr.0000.staging.output.0: MainProcess                     : MainThread     : DEBUG   : using addr tcp://172.27.61.10:38325 for pubsub control_pubsub
2020-01-31 10:50:37,065: umgr.0000.staging.output.0: MainProcess                     : MainThread     : DEBUG   : registered publisher : control_pubsub : control.pubsub.pub.0004
2020-01-31 10:50:37,066: umgr.0000.staging.output.0: MainProcess                     : MainThread     : DEBUG   : parent name: umgr.0000.staging.output.0.watch
2020-01-31 10:50:37,066: umgr.0000.staging.output.0: MainProcess                     : MainThread     : DEBUG   : start thread
2020-01-31 10:50:37,067: umgr.0000.staging.output.0: MainProcess                     : umgr.0000.staging.output.0.watch: DEBUG   : child name: umgr.0000.staging.output.0.watch.thread
2020-01-31 10:50:37,067: umgr.0000.staging.output.0: MainProcess                     : umgr.0000.staging.output.0.watch: INFO    : child (me) initializing
2020-01-31 10:50:37,067: umgr.0000.staging.output.0: MainProcess                     : umgr.0000.staging.output.0.watch: DEBUG   : ru_initialize_common (NOOP)
2020-01-31 10:50:37,067: umgr.0000.staging.output.0: MainProcess                     : umgr.0000.staging.output.0.watch: DEBUG   : ru_initialize_child (NOOP)
2020-01-31 10:50:37,067: umgr.0000.staging.output.0: MainProcess                     : umgr.0000.staging.output.0.watch: INFO    : send alive
2020-01-31 10:50:37,067: umgr.0000.staging.output.0: MainProcess                     : umgr.0000.staging.output.0.watch: INFO    : put message: [umgr.0000.staging.output.0.watch.thread] alive
2020-01-31 10:50:37,068: umgr.0000.staging.output.0: MainProcess                     : MainThread     : INFO    : get msg: alive
2020-01-31 10:50:37,068: umgr.0000.staging.output.0: MainProcess                     : MainThread     : DEBUG   : ru_initialize_common (NOOP)
2020-01-31 10:50:37,068: umgr.0000.staging.output.0: MainProcess                     : MainThread     : DEBUG   : ru_initialize_parent (NOOP)
2020-01-31 10:50:37,069: umgr.0000.staging.output.0: MainProcess                     : MainThread     : DEBUG   : child thread umgr.0000.staging.output.0.watch started
2020-01-31 10:50:37,069: umgr.0000.staging.output.0: MainProcess                     : MainThread     : INFO    : child is alive
2020-01-31 10:50:37,069: umgr.0000.staging.output.0: MainProcess                     : MainThread     : DEBUG   : process class started child
2020-01-31 10:54:26,940: umgr.0000.staging.output.0: MainProcess                     : MainThread     : INFO    : stop umgr.0000.staging.output.0 (18510 : 18675 : MainThread) [radical.pilot.unit_manager.UnitManager.finalize_parent]
2020-01-31 10:54:26,945: umgr.0000.staging.output.0: MainProcess                     : MainThread     : INFO    : parent stops child  18510 -> 18675 [umgr.0000.staging.output.0]
2020-01-31 10:54:26,946: umgr.0000.staging.output.0: MainProcess                     : MainThread     : INFO    : send message: [umgr.0000.staging.output.0] STOP
2020-01-31 10:54:26,946: umgr.0000.staging.output.0: MainProcess                     : MainThread     : DEBUG   : ru_finalize_common()
2020-01-31 10:54:26,946: umgr.0000.staging.output.0: MainProcess                     : MainThread     : DEBUG   : TERM : umgr.0000.staging.output.0 unregister publisher log_pubsub
2020-01-31 10:54:26,947: umgr.0000.staging.output.0: MainProcess                     : umgr.0000.staging.output.0.watch: INFO    : recv message: 
2020-01-31 10:54:26,947: umgr.0000.staging.output.0: MainProcess                     : umgr.0000.staging.output.0.watch: INFO    : message received: 
2020-01-31 10:54:26,947: umgr.0000.staging.output.0: MainProcess                     : umgr.0000.staging.output.0.watch: WARNING : no message, parent closed ep!
2020-01-31 10:54:26,947: umgr.0000.staging.output.0: MainProcess                     : umgr.0000.staging.output.0.watch: INFO    : watcher closes
2020-01-31 10:54:26,947: umgr.0000.staging.output.0: MainProcess                     : umgr.0000.staging.output.0.watch: INFO    : put message: [umgr.0000.staging.output.0.watch.thread] work finished
2020-01-31 10:54:26,947: umgr.0000.staging.output.0: MainProcess                     : umgr.0000.staging.output.0.watch: DEBUG   : ru_finalize_child (NOOP)
2020-01-31 10:54:26,948: umgr.0000.staging.output.0: MainProcess                     : umgr.0000.staging.output.0.watch: DEBUG   : ru_finalize_common (NOOP)
2020-01-31 10:54:26,948: umgr.0000.staging.output.0: MainProcess                     : umgr.0000.staging.output.0.watch: INFO    : put message: [umgr.0000.staging.output.0.watch.thread] terminating
2020-01-31 10:54:26,948: umgr.0000.staging.output.0: MainProcess                     : MainThread     : DEBUG   : unregistered publisher log_pubsub
2020-01-31 10:54:26,948: umgr.0000.staging.output.0: MainProcess                     : MainThread     : DEBUG   : TERM : umgr.0000.staging.output.0 unregister publisher state_pubsub
2020-01-31 10:54:26,949: umgr.0000.staging.output.0: MainProcess                     : MainThread     : DEBUG   : unregistered publisher state_pubsub
2020-01-31 10:54:26,949: umgr.0000.staging.output.0: MainProcess                     : MainThread     : DEBUG   : TERM : umgr.0000.staging.output.0 unregister publisher control_pubsub
2020-01-31 10:54:26,950: umgr.0000.staging.output.0: MainProcess                     : MainThread     : DEBUG   : unregistered publisher control_pubsub
2020-01-31 10:54:26,950: umgr.0000.staging.output.0: MainProcess                     : MainThread     : DEBUG   : umgr.0000.staging.output.0 close prof
2020-01-31 10:54:26,956: umgr.0000.staging.output.0: MainProcess                     : MainThread     : INFO    : parent stops child
2020-01-31 10:54:26,956: umgr.0000.staging.output.0: MainProcess                     : MainThread     : DEBUG   : ru_finalize_parent (NOOP)
2020-01-31 10:54:26,956: umgr.0000.staging.output.0: MainProcess                     : MainThread     : DEBUG   : ru_finalize_common (NOOP)
2020-01-31 10:54:30,645: umgr.0000.staging.output.0: MainProcess                     : MainThread     : INFO    : stop umgr.0000.staging.output.0 (18510 : 18675 : MainThread) [radical.pilot.utils.component.UnitManager.ru_finalize_common]
2020-01-31 10:54:35,787: umgr.0000.staging.output.0: MainProcess                     : MainThread     : INFO    : stop umgr.0000.staging.output.0 (18510 : 18675 : MainThread) [radical.pilot.session.Session.close]
