2020-01-31 10:50:24,156: update.0.child      : update.0                        : MainThread     : INFO    : initialize update.0.child
2020-01-31 10:50:24,159: update.0.child      : update.0                        : MainThread     : INFO    : cfg: {'agents': {},
 u'bridges': {u'control_pubsub': {'addr_in': 'tcp://172.27.61.10:38325',
                                  'addr_out': 'tcp://172.27.61.10:38137',
                                  u'bulk_size': 0,
                                  u'log_level': u'error',
                                  u'stall_hwm': 1},
              u'log_pubsub': {'addr_in': 'tcp://172.27.61.10:38351',
                              'addr_out': 'tcp://172.27.61.10:36888',
                              u'bulk_size': 0,
                              u'log_level': u'error',
                              u'stall_hwm': 1},
              u'state_pubsub': {'addr_in': 'tcp://172.27.61.10:42218',
                                'addr_out': 'tcp://172.27.61.10:36800',
                                u'bulk_size': 0,
                                u'log_level': u'error',
                                u'stall_hwm': 1}},
 'cname': u'UpdateWorker',
 u'components': {},
 u'count': 1,
 'dburl': 'mongodb://rct:rct_test@two.radical-project.org/rct_test',
 u'default_dburl': u'mongodb://rct:rct_test@two.radical-project.org/rct_test',
 'logdir': '/home/aymen/SummerRadical/iceberg_escience/Geolocation/Scipts/Design2/rp.session.js-17-21.jetstream-cloud.org.aymen.018292.0010',
 'number': 0,
 'owner': 'rp.session.js-17-21.jetstream-cloud.org.aymen.018292.0010',
 'session_id': 'rp.session.js-17-21.jetstream-cloud.org.aymen.018292.0010'}
2020-01-31 10:50:24,160: update.0.child      : update.0                        : MainThread     : DEBUG   : start components: {}
2020-01-31 10:50:24,160: update.0.child      : update.0                        : MainThread     : DEBUG   : alive check in term
2020-01-31 10:50:24,160: update.0.child      : update.0                        : MainThread     : DEBUG   : START: update.0.child register publisher log_pubsub
2020-01-31 10:50:24,160: update.0.child      : update.0                        : MainThread     : DEBUG   : using addr tcp://172.27.61.10:38351 for pubsub log_pubsub
2020-01-31 10:50:24,164: update.0.child      : update.0                        : MainThread     : DEBUG   : registered publisher : log_pubsub : log.pubsub.pub.0000
2020-01-31 10:50:24,164: update.0.child      : update.0                        : MainThread     : DEBUG   : alive check in term
2020-01-31 10:50:24,164: update.0.child      : update.0                        : MainThread     : DEBUG   : START: update.0.child register publisher state_pubsub
2020-01-31 10:50:24,164: update.0.child      : update.0                        : MainThread     : DEBUG   : using addr tcp://172.27.61.10:42218 for pubsub state_pubsub
2020-01-31 10:50:24,166: update.0.child      : update.0                        : MainThread     : DEBUG   : registered publisher : state_pubsub : state.pubsub.pub.0000
2020-01-31 10:50:24,166: update.0.child      : update.0                        : MainThread     : DEBUG   : alive check in term
2020-01-31 10:50:24,166: update.0.child      : update.0                        : MainThread     : DEBUG   : START: update.0.child register publisher control_pubsub
2020-01-31 10:50:24,166: update.0.child      : update.0                        : MainThread     : DEBUG   : using addr tcp://172.27.61.10:38325 for pubsub control_pubsub
2020-01-31 10:50:24,168: update.0.child      : update.0                        : MainThread     : DEBUG   : registered publisher : control_pubsub : control.pubsub.pub.0000
2020-01-31 10:50:24,169: update.0.child      : update.0                        : MainThread     : DEBUG   : alive check in term
2020-01-31 10:50:24,169: update.0.child      : update.0                        : MainThread     : DEBUG   : START: update.0.child register subscriber update.0.child.subscriber._cancel_monitor_cb
2020-01-31 10:50:24,169: update.0.child      : update.0                        : MainThread     : DEBUG   : using addr tcp://172.27.61.10:38137 for pubsub control_pubsub
2020-01-31 10:50:24,190: update.0.child      : update.0                        : MainThread     : DEBUG   : parent name: update.0.child.subscriber._cancel_monitor_cb
2020-01-31 10:50:24,190: update.0.child      : update.0                        : MainThread     : DEBUG   : start thread
2020-01-31 10:50:24,191: update.0.child      : update.0                        : update.0.child.subscriber._cancel_monitor_cb: DEBUG   : child name: update.0.child.subscriber._cancel_monitor_cb.thread
2020-01-31 10:50:24,191: update.0.child      : update.0                        : update.0.child.subscriber._cancel_monitor_cb: INFO    : child (me) initializing
2020-01-31 10:50:24,191: update.0.child      : update.0                        : update.0.child.subscriber._cancel_monitor_cb: DEBUG   : ru_initialize_common (NOOP)
2020-01-31 10:50:24,191: update.0.child      : update.0                        : update.0.child.subscriber._cancel_monitor_cb: DEBUG   : ru_initialize_child (NOOP)
2020-01-31 10:50:24,192: update.0.child      : update.0                        : update.0.child.subscriber._cancel_monitor_cb: INFO    : send alive
2020-01-31 10:50:24,192: update.0.child      : update.0                        : update.0.child.subscriber._cancel_monitor_cb: INFO    : put message: [update.0.child.subscriber._cancel_monitor_cb.thread] alive
2020-01-31 10:50:24,192: update.0.child      : update.0                        : MainThread     : INFO    : get msg: alive
2020-01-31 10:50:24,193: update.0.child      : update.0                        : MainThread     : DEBUG   : ru_initialize_common (NOOP)
2020-01-31 10:50:24,193: update.0.child      : update.0                        : MainThread     : DEBUG   : ru_initialize_parent (NOOP)
2020-01-31 10:50:24,193: update.0.child      : update.0                        : MainThread     : DEBUG   : child thread update.0.child.subscriber._cancel_monitor_cb started
2020-01-31 10:50:24,193: update.0.child      : update.0                        : MainThread     : DEBUG   : update.0.child registered control_pubsub subscriber update.0.child.subscriber._cancel_monitor_cb
2020-01-31 10:50:25,229: update.0.child      : update.0                        : MainThread     : DEBUG   : alive check in term
2020-01-31 10:50:25,229: update.0.child      : update.0                        : MainThread     : DEBUG   : START: update.0.child register subscriber update.0.child.subscriber._state_cb
2020-01-31 10:50:25,230: update.0.child      : update.0                        : MainThread     : DEBUG   : using addr tcp://172.27.61.10:36800 for pubsub state_pubsub
2020-01-31 10:50:25,232: update.0.child      : update.0                        : MainThread     : DEBUG   : parent name: update.0.child.subscriber._state_cb
2020-01-31 10:50:25,232: update.0.child      : update.0                        : MainThread     : DEBUG   : start thread
2020-01-31 10:50:25,233: update.0.child      : update.0                        : update.0.child.subscriber._state_cb: DEBUG   : child name: update.0.child.subscriber._state_cb.thread
2020-01-31 10:50:25,233: update.0.child      : update.0                        : update.0.child.subscriber._state_cb: INFO    : child (me) initializing
2020-01-31 10:50:25,233: update.0.child      : update.0                        : update.0.child.subscriber._state_cb: DEBUG   : ru_initialize_common (NOOP)
2020-01-31 10:50:25,233: update.0.child      : update.0                        : update.0.child.subscriber._state_cb: DEBUG   : ru_initialize_child (NOOP)
2020-01-31 10:50:25,234: update.0.child      : update.0                        : update.0.child.subscriber._state_cb: INFO    : send alive
2020-01-31 10:50:25,234: update.0.child      : update.0                        : update.0.child.subscriber._state_cb: INFO    : put message: [update.0.child.subscriber._state_cb.thread] alive
2020-01-31 10:50:25,234: update.0.child      : update.0                        : MainThread     : INFO    : get msg: alive
2020-01-31 10:50:25,235: update.0.child      : update.0                        : MainThread     : DEBUG   : ru_initialize_common (NOOP)
2020-01-31 10:50:25,235: update.0.child      : update.0                        : MainThread     : DEBUG   : ru_initialize_parent (NOOP)
2020-01-31 10:50:25,235: update.0.child      : update.0                        : MainThread     : DEBUG   : child thread update.0.child.subscriber._state_cb started
2020-01-31 10:50:25,235: update.0.child      : update.0                        : MainThread     : DEBUG   : update.0.child registered state_pubsub subscriber update.0.child.subscriber._state_cb
2020-01-31 10:50:25,235: update.0.child      : update.0                        : MainThread     : DEBUG   : alive check in term
2020-01-31 10:50:25,235: update.0.child      : update.0                        : MainThread     : DEBUG   : START: update.0.child register idler update.0.child.idler._idle_cb
2020-01-31 10:50:25,235: update.0.child      : update.0                        : MainThread     : DEBUG   : parent name: update.0.child.idler._idle_cb
2020-01-31 10:50:25,236: update.0.child      : update.0                        : MainThread     : DEBUG   : start thread
2020-01-31 10:50:25,236: update.0.child      : update.0                        : update.0.child.idler._idle_cb: DEBUG   : child name: update.0.child.idler._idle_cb.thread
2020-01-31 10:50:25,236: update.0.child      : update.0                        : update.0.child.idler._idle_cb: INFO    : child (me) initializing
2020-01-31 10:50:25,237: update.0.child      : update.0                        : update.0.child.idler._idle_cb: DEBUG   : ru_initialize_common (NOOP)
2020-01-31 10:50:25,237: update.0.child      : update.0                        : update.0.child.idler._idle_cb: DEBUG   : ru_initialize_child (NOOP)
2020-01-31 10:50:25,237: update.0.child      : update.0                        : update.0.child.idler._idle_cb: INFO    : send alive
2020-01-31 10:50:25,237: update.0.child      : update.0                        : update.0.child.idler._idle_cb: INFO    : put message: [update.0.child.idler._idle_cb.thread] alive
2020-01-31 10:50:25,237: update.0.child      : update.0                        : MainThread     : INFO    : get msg: alive
2020-01-31 10:50:25,238: update.0.child      : update.0                        : MainThread     : DEBUG   : ru_initialize_common (NOOP)
2020-01-31 10:50:25,238: update.0.child      : update.0                        : MainThread     : DEBUG   : ru_initialize_parent (NOOP)
2020-01-31 10:50:25,238: update.0.child      : update.0                        : MainThread     : DEBUG   : child thread update.0.child.idler._idle_cb started
2020-01-31 10:50:25,238: update.0.child      : update.0                        : MainThread     : DEBUG   : update.0.child registered idler update.0.child.idler._idle_cb
2020-01-31 10:50:25,238: update.0.child      : update.0                        : MainThread     : INFO    : child (me) initializing
2020-01-31 10:50:25,239: update.0.child      : update.0                        : MainThread     : DEBUG   : parent name: update.0.child.watch
2020-01-31 10:50:25,239: update.0.child      : update.0                        : MainThread     : DEBUG   : start thread
2020-01-31 10:50:25,239: update.0.child      : update.0                        : update.0.child.watch: DEBUG   : child name: update.0.child.watch.thread
2020-01-31 10:50:25,239: update.0.child      : update.0                        : update.0.child.watch: INFO    : child (me) initializing
2020-01-31 10:50:25,240: update.0.child      : update.0                        : update.0.child.watch: DEBUG   : ru_initialize_common (NOOP)
2020-01-31 10:50:25,240: update.0.child      : update.0                        : update.0.child.watch: DEBUG   : ru_initialize_child (NOOP)
2020-01-31 10:50:25,240: update.0.child      : update.0                        : update.0.child.watch: INFO    : send alive
2020-01-31 10:50:25,240: update.0.child      : update.0                        : update.0.child.watch: INFO    : put message: [update.0.child.watch.thread] alive
2020-01-31 10:50:25,241: update.0.child      : update.0                        : MainThread     : INFO    : get msg: alive
2020-01-31 10:50:25,241: update.0.child      : update.0                        : MainThread     : DEBUG   : ru_initialize_common (NOOP)
2020-01-31 10:50:25,241: update.0.child      : update.0                        : MainThread     : DEBUG   : ru_initialize_parent (NOOP)
2020-01-31 10:50:25,241: update.0.child      : update.0                        : MainThread     : DEBUG   : child thread update.0.child.watch started
2020-01-31 10:50:25,241: update.0.child      : update.0                        : MainThread     : INFO    : child (me) is alive
2020-01-31 10:50:25,241: update.0.child      : update.0                        : MainThread     : INFO    : send alive
2020-01-31 10:50:25,241: update.0.child      : update.0                        : MainThread     : INFO    : send message: [update.0.child] alive
2020-01-31 10:50:31,345: update.0.child      : update.0                        : update.0.child.subscriber._state_cb: DEBUG   : bulk update result: {'nModified': 1, 'nUpserted': 0, 'nMatched': 1, 'writeErrors': [], 'upserted': [], 'writeConcernErrors': [], 'nRemoved': 0, 'nInserted': 0}
2020-01-31 10:50:32,489: update.0.child      : update.0                        : update.0.child.idler._idle_cb: DEBUG   : bulk update result: {'nModified': 1, 'nUpserted': 0, 'nMatched': 1, 'writeErrors': [], 'upserted': [], 'writeConcernErrors': [], 'nRemoved': 0, 'nInserted': 0}
2020-01-31 10:50:39,662: update.0.child      : update.0                        : update.0.child.subscriber._cancel_monitor_cb: DEBUG   : command ignored: add_pilots
2020-01-31 10:50:39,939: update.0.child      : update.0                        : update.0.child.subscriber._state_cb: DEBUG   : bulk update result: {'nModified': 1, 'nUpserted': 0, 'nMatched': 1, 'writeErrors': [], 'upserted': [], 'writeConcernErrors': [], 'nRemoved': 0, 'nInserted': 0}
2020-01-31 10:50:41,647: update.0.child      : update.0                        : update.0.child.idler._idle_cb: DEBUG   : bulk update result: {'nModified': 3, 'nUpserted': 0, 'nMatched': 3, 'writeErrors': [], 'upserted': [], 'writeConcernErrors': [], 'nRemoved': 0, 'nInserted': 0}
2020-01-31 10:50:45,397: update.0.child      : update.0                        : update.0.child.subscriber._state_cb: DEBUG   : bulk update result: {'nModified': 1, 'nUpserted': 0, 'nMatched': 1, 'writeErrors': [], 'upserted': [], 'writeConcernErrors': [], 'nRemoved': 0, 'nInserted': 0}
2020-01-31 10:50:46,810: update.0.child      : update.0                        : update.0.child.idler._idle_cb: DEBUG   : bulk update result: {'nModified': 1, 'nUpserted': 0, 'nMatched': 1, 'writeErrors': [], 'upserted': [], 'writeConcernErrors': [], 'nRemoved': 0, 'nInserted': 0}
2020-01-31 10:51:44,054: update.0.child      : update.0                        : update.0.child.subscriber._state_cb: DEBUG   : bulk update result: {'nModified': 1, 'nUpserted': 0, 'nMatched': 1, 'writeErrors': [], 'upserted': [], 'writeConcernErrors': [], 'nRemoved': 0, 'nInserted': 0}
2020-01-31 10:51:45,196: update.0.child      : update.0                        : update.0.child.idler._idle_cb: DEBUG   : bulk update result: {'nModified': 3, 'nUpserted': 0, 'nMatched': 3, 'writeErrors': [], 'upserted': [], 'writeConcernErrors': [], 'nRemoved': 0, 'nInserted': 0}
2020-01-31 10:51:48,486: update.0.child      : update.0                        : update.0.child.subscriber._state_cb: DEBUG   : bulk update result: {'nModified': 1, 'nUpserted': 0, 'nMatched': 1, 'writeErrors': [], 'upserted': [], 'writeConcernErrors': [], 'nRemoved': 0, 'nInserted': 0}
2020-01-31 10:51:50,079: update.0.child      : update.0                        : update.0.child.subscriber._state_cb: DEBUG   : bulk update result: {'nModified': 1, 'nUpserted': 0, 'nMatched': 1, 'writeErrors': [], 'upserted': [], 'writeConcernErrors': [], 'nRemoved': 0, 'nInserted': 0}
2020-01-31 10:52:06,133: update.0.child      : update.0                        : update.0.child.subscriber._state_cb: DEBUG   : bulk update result: {'nModified': 1, 'nUpserted': 0, 'nMatched': 1, 'writeErrors': [], 'upserted': [], 'writeConcernErrors': [], 'nRemoved': 0, 'nInserted': 0}
2020-01-31 10:52:07,391: update.0.child      : update.0                        : update.0.child.idler._idle_cb: DEBUG   : bulk update result: {'nModified': 18, 'nUpserted': 0, 'nMatched': 18, 'writeErrors': [], 'upserted': [], 'writeConcernErrors': [], 'nRemoved': 0, 'nInserted': 0}
2020-01-31 10:52:47,429: update.0.child      : update.0                        : update.0.child.subscriber._state_cb: DEBUG   : bulk update result: {'nModified': 1, 'nUpserted': 0, 'nMatched': 1, 'writeErrors': [], 'upserted': [], 'writeConcernErrors': [], 'nRemoved': 0, 'nInserted': 0}
2020-01-31 10:53:02,279: update.0.child      : update.0                        : update.0.child.subscriber._state_cb: DEBUG   : bulk update result: {'nModified': 1, 'nUpserted': 0, 'nMatched': 1, 'writeErrors': [], 'upserted': [], 'writeConcernErrors': [], 'nRemoved': 0, 'nInserted': 0}
2020-01-31 10:53:16,398: update.0.child      : update.0                        : update.0.child.subscriber._state_cb: DEBUG   : bulk update result: {'nModified': 1, 'nUpserted': 0, 'nMatched': 1, 'writeErrors': [], 'upserted': [], 'writeConcernErrors': [], 'nRemoved': 0, 'nInserted': 0}
2020-01-31 10:53:31,281: update.0.child      : update.0                        : update.0.child.subscriber._state_cb: DEBUG   : bulk update result: {'nModified': 1, 'nUpserted': 0, 'nMatched': 1, 'writeErrors': [], 'upserted': [], 'writeConcernErrors': [], 'nRemoved': 0, 'nInserted': 0}
2020-01-31 10:54:24,804: update.0.child      : update.0                        : update.0.child.subscriber._state_cb: DEBUG   : bulk update result: {'nModified': 3, 'nUpserted': 0, 'nMatched': 3, 'writeErrors': [], 'upserted': [], 'writeConcernErrors': [], 'nRemoved': 0, 'nInserted': 0}
2020-01-31 10:54:26,221: update.0.child      : update.0                        : update.0.child.subscriber._state_cb: DEBUG   : bulk update result: {'nModified': 8, 'nUpserted': 0, 'nMatched': 8, 'writeErrors': [], 'upserted': [], 'writeConcernErrors': [], 'nRemoved': 0, 'nInserted': 0}
2020-01-31 10:54:27,746: update.0.child      : update.0                        : update.0.child.idler._idle_cb: DEBUG   : bulk update result: {'nModified': 4, 'nUpserted': 0, 'nMatched': 4, 'writeErrors': [], 'upserted': [], 'writeConcernErrors': [], 'nRemoved': 0, 'nInserted': 0}
2020-01-31 10:54:30,651: update.0.child      : update.0                        : update.0.child.subscriber._cancel_monitor_cb: DEBUG   : command ignored: cancel_pilots
2020-01-31 10:54:30,795: update.0.child      : update.0                        : update.0.child.subscriber._state_cb: DEBUG   : bulk update result: {'nModified': 1, 'nUpserted': 0, 'nMatched': 1, 'writeErrors': [], 'upserted': [], 'writeConcernErrors': [], 'nRemoved': 0, 'nInserted': 0}
2020-01-31 10:54:32,770: update.0.child      : update.0                        : update.0.child.watch: INFO    : recv message: STOP
2020-01-31 10:54:32,770: update.0.child      : update.0                        : update.0.child.watch: INFO    : message received: STOP
2020-01-31 10:54:32,771: update.0.child      : update.0                        : update.0.child.watch: INFO    : STOP received: STOP
2020-01-31 10:54:32,771: update.0.child      : update.0                        : update.0.child.watch: INFO    : watcher closes
2020-01-31 10:54:32,771: update.0.child      : update.0                        : update.0.child.watch: INFO    : put message: [update.0.child.watch.thread] work finished
2020-01-31 10:54:32,771: update.0.child      : update.0                        : update.0.child.watch: DEBUG   : ru_finalize_child (NOOP)
2020-01-31 10:54:32,772: update.0.child      : update.0                        : update.0.child.watch: DEBUG   : ru_finalize_common (NOOP)
2020-01-31 10:54:32,772: update.0.child      : update.0                        : update.0.child.watch: INFO    : put message: [update.0.child.watch.thread] terminating
2020-01-31 10:54:32,839: update.0.child      : update.0                        : MainThread     : WARNING : alive check: proc invalid - stop [False - True]
2020-01-31 10:54:32,901: update.0.child      : update.0                        : MainThread     : INFO    : stop update.0.child (18540 : 18540 : MainThread) [radical.pilot.worker.update.Update.stop]
2020-01-31 10:54:32,907: update.0.child      : update.0                        : MainThread     : INFO    : parent stops child  18540 -> 18540 [update.0.child]
2020-01-31 10:54:32,907: update.0.child      : update.0                        : MainThread     : INFO    : send message: [update.0.child] STOP
2020-01-31 10:54:32,907: update.0.child      : update.0                        : MainThread     : WARNING : send failed ([Errno 9] Bad file descriptor) - terminate
2020-01-31 10:54:32,908: update.0.child      : update.0                        : MainThread     : DEBUG   : TERM : update.0.child unregister idler update.0.child.idler._idle_cb
2020-01-31 10:54:32,908: update.0.child      : update.0                        : MainThread     : INFO    : parent stops child
2020-01-31 10:54:32,908: update.0.child      : update.0                        : MainThread     : DEBUG   : ru_finalize_parent (NOOP)
2020-01-31 10:54:32,908: update.0.child      : update.0                        : MainThread     : DEBUG   : ru_finalize_common (NOOP)
2020-01-31 10:54:33,000: update.0.child      : update.0                        : update.0.child.idler._idle_cb: DEBUG   : ru_finalize_child (NOOP)
2020-01-31 10:54:33,001: update.0.child      : update.0                        : update.0.child.idler._idle_cb: DEBUG   : ru_finalize_common (NOOP)
2020-01-31 10:54:33,001: update.0.child      : update.0                        : update.0.child.idler._idle_cb: INFO    : put message: [update.0.child.idler._idle_cb.thread] terminating
2020-01-31 10:54:33,022: update.0.child      : update.0                        : MainThread     : DEBUG   : TERM : update.0.child unregistered idler update.0.child.idler._idle_cb
2020-01-31 10:54:33,022: update.0.child      : update.0                        : MainThread     : DEBUG   : TERM : update.0.child unregister subscriber update.0.child.subscriber._state_cb
2020-01-31 10:54:33,022: update.0.child      : update.0                        : MainThread     : DEBUG   : unregistered subscriber update.0.child.subscriber._state_cb
2020-01-31 10:54:33,023: update.0.child      : update.0                        : MainThread     : DEBUG   : ru_finalize_common()
2020-01-31 10:54:33,023: update.0.child      : update.0                        : MainThread     : DEBUG   : TERM : update.0.child unregister publisher log_pubsub
2020-01-31 10:54:33,024: update.0.child      : update.0                        : MainThread     : DEBUG   : unregistered publisher log_pubsub
2020-01-31 10:54:33,024: update.0.child      : update.0                        : MainThread     : DEBUG   : TERM : update.0.child unregister publisher state_pubsub
2020-01-31 10:54:33,025: update.0.child      : update.0                        : MainThread     : DEBUG   : unregistered publisher state_pubsub
2020-01-31 10:54:33,025: update.0.child      : update.0                        : MainThread     : DEBUG   : TERM : update.0.child unregister publisher control_pubsub
2020-01-31 10:54:33,026: update.0.child      : update.0                        : MainThread     : DEBUG   : unregistered publisher control_pubsub
2020-01-31 10:54:33,026: update.0.child      : update.0                        : MainThread     : DEBUG   : update.0.child close prof
2020-01-31 10:54:33,031: update.0.child      : update.0                        : MainThread     : INFO    : parent stops child
2020-01-31 10:54:33,031: update.0.child      : update.0                        : MainThread     : DEBUG   : ru_finalize_parent (NOOP)
2020-01-31 10:54:33,032: update.0.child      : update.0                        : MainThread     : DEBUG   : ru_finalize_common (NOOP)
2020-01-31 10:54:33,032: update.0.child      : update.0                        : MainThread     : INFO    : parent stops child
2020-01-31 10:54:33,032: update.0.child      : update.0                        : MainThread     : DEBUG   : ru_finalize_parent (NOOP)
2020-01-31 10:54:33,033: update.0.child      : update.0                        : update.0.child.subscriber._cancel_monitor_cb: DEBUG   : ru_finalize_child (NOOP)
2020-01-31 10:54:33,033: update.0.child      : update.0                        : update.0.child.subscriber._cancel_monitor_cb: INFO    : put message: [update.0.child.subscriber._cancel_monitor_cb.thread] terminating
2020-01-31 10:54:33,033: update.0.child      : update.0                        : MainThread     : INFO    : parent stops child
2020-01-31 10:54:33,033: update.0.child      : update.0                        : MainThread     : DEBUG   : ru_finalize_parent (NOOP)
2020-01-31 10:54:33,034: update.0.child      : update.0                        : update.0.child.subscriber._state_cb: DEBUG   : ru_finalize_child (NOOP)
2020-01-31 10:54:33,035: update.0.child      : update.0                        : update.0.child.subscriber._state_cb: INFO    : put message: [update.0.child.subscriber._state_cb.thread] terminating
2020-01-31 10:54:33,036: update.0.child      : update.0                        : MainThread     : INFO    : parent stops child
2020-01-31 10:54:33,036: update.0.child      : update.0                        : MainThread     : WARNING : super update.0.child is invalid
2020-01-31 10:54:33,036: update.0.child      : update.0                        : MainThread     : WARNING : component update.0.child is invalid
2020-01-31 10:54:33,038: update.0.child      : update.0                        : MainThread     : INFO    : stop update.0.child (18540 : 18540 : MainThread) [radical.pilot.worker.update.Update.stop]
2020-01-31 10:54:33,038: update.0.child      : update.0                        : MainThread     : DEBUG   : TERM : update.0.child unregister idler update.0.child.idler._idle_cb
2020-01-31 10:54:33,038: update.0.child      : update.0                        : MainThread     : WARNING : timed cb update.0.child.idler._idle_cb is not registered
2020-01-31 10:54:33,038: update.0.child      : update.0                        : MainThread     : DEBUG   : TERM : update.0.child unregister subscriber update.0.child.subscriber._state_cb
2020-01-31 10:54:33,038: update.0.child      : update.0                        : MainThread     : WARNING : subscriber _state_cb is not registered
2020-01-31 10:54:33,038: update.0.child      : update.0                        : MainThread     : DEBUG   : ru_finalize_common()
2020-01-31 10:54:33,038: update.0.child      : update.0                        : MainThread     : WARNING : publisher log_pubsub is not registered
2020-01-31 10:54:33,038: update.0.child      : update.0                        : MainThread     : WARNING : publisher state_pubsub is not registered
2020-01-31 10:54:33,038: update.0.child      : update.0                        : MainThread     : WARNING : publisher control_pubsub is not registered
2020-01-31 10:54:33,038: update.0.child      : update.0                        : MainThread     : DEBUG   : update.0.child close prof
2020-01-31 10:54:33,039: update.0.child      : update.0                        : MainThread     : INFO    : send message: [update.0.child] terminating
2020-01-31 10:54:33,039: update.0.child      : update.0                        : MainThread     : WARNING : send failed ([Errno 9] Bad file descriptor) - terminate
2020-01-31 10:54:33,039: update.0.child      : update.0                        : MainThread     : INFO    : parent stops child
2020-01-31 10:54:33,039: update.0.child      : update.0                        : MainThread     : INFO    : parent stops child
2020-01-31 10:54:33,039: update.0.child      : update.0                        : MainThread     : INFO    : parent stops child
