GEOTIFF image1 detected  /pylon5/mc3bggp/aymen/Penguin_colonies_2000Pix/BEAU/Aerial/CA305300V0089_Panel1.tif
GEOTIFF image2 detected  /pylon5/mc3bggp/aymen/Penguin_colonies_2000Pix/BEAU/Satellite/WV02_20111225130502_103001001071A100_11DEC25130502-M1BS-052888272030_01_P001_u08rf3031.tif
gdal source image 1 inforamtion    0
Source image size = (2000,2000)
Target image size = (2000,2000)
Initializing data...
Device Number: 0
  Device name: Tesla P100-PCIE-16GB
  Memory Clock Rate (MHz): 715
  Memory Bus Width (bits): 4096
  Peak Memory Bandwidth (GB/s): 732.2

Threshold value :3
MatchSiftData time =          5.74 ms
Number features detected by SIFT descriptors : Source Image 11304, Target Image 1059
Number of Matched features: 0
Number of fitted features after applying ImproveHomography : 0
0% 
/pylon5/mc3bggp/aymen/Penguin_colonies_2000Pix/BEAU/Aerial/CA305300V0089_Panel1.tifimg1 saved
img2 saved
Output Images are saved in the same directory !) 
PUB: tcp://10.4.219.124:37596

SUB: tcp://10.4.219.124:44246

PUB: tcp://10.4.219.130:40975

{'type': 'image', 'data': '/pylon5/mc3bggp/aymen/Penguin_colonies_2000Pix/BEAU/Aerial/CA305300V0089_Panel1.tif$/pylon5/mc3bggp/aymen/Penguin_colonies_2000Pix/BEAU/Satellite/WV02_20111225130502_103001001071A100_11DEC25130502-M1BS-052888272030_01_P001_u08rf3031.tif$2000$2000$2000$2000'}
('This is the message : ', '/pylon5/mc3bggp/aymen/Penguin_colonies_2000Pix/BEAU/Aerial/CA305300V0089_Panel1.tif$/pylon5/mc3bggp/aymen/Penguin_colonies_2000Pix/BEAU/Satellite/WV02_20111225130502_103001001071A100_11DEC25130502-M1BS-052888272030_01_P001_u08rf3031.tif$2000$2000$2000$2000')
This is matching function
('New message will be sent to Q2: ', '/pylon5/mc3bggp/aymen/Penguin_colonies_2000Pix/BEAU/Aerial/CA305300V0089_Panel1.tif$/pylon5/mc3bggp/aymen/Penguin_colonies_2000Pix/BEAU/Satellite/WV02_20111225130502_103001001071A100_11DEC25130502-M1BS-052888272030_01_P001_u08rf3031.tif$/pylon5/mc3bggp/aymen/cuda_out/sift_matches_CA305300V0089_Panel1_WV02_20111225130502_103001001071A100_11DEC25130502-M1BS-052888272030_01_P001_u08rf3031.csv')
GEOTIFF image1 detected  /pylon5/mc3bggp/aymen/Penguin_colonies_2000Pix/BRDN/Aerial/CA257132V0004_Panel3.tif
GEOTIFF image2 detected  /pylon5/mc3bggp/aymen/Penguin_colonies_2000Pix/BRDN/Satellite/WV02_20151216141940_103001004D155E00_15DEC16141940-M1BS-500637503050_01_P008_u08rf3031.tif
gdal source image 1 inforamtion    0
Source image size = (2000,2000)
Target image size = (2000,2000)
Initializing data...
Device Number: 0
  Device name: Tesla P100-PCIE-16GB
  Memory Clock Rate (MHz): 715
  Memory Bus Width (bits): 4096
  Peak Memory Bandwidth (GB/s): 732.2

Threshold value :3
MatchSiftData time =          0.59 ms
Number features detected by SIFT descriptors : Source Image 1573, Target Image 234
Number of Matched features: 0
Number of fitted features after applying ImproveHomography : 0
0% 
/pylon5/mc3bggp/aymen/Penguin_colonies_2000Pix/BRDN/Aerial/CA257132V0004_Panel3.tifimg1 saved
img2 saved
Output Images are saved in the same directory !) 
{'type': 'image', 'data': '/pylon5/mc3bggp/aymen/Penguin_colonies_2000Pix/BRDN/Aerial/CA257132V0004_Panel3.tif$/pylon5/mc3bggp/aymen/Penguin_colonies_2000Pix/BRDN/Satellite/WV02_20151216141940_103001004D155E00_15DEC16141940-M1BS-500637503050_01_P008_u08rf3031.tif$2000$2000$2000$2000'}
('This is the message : ', '/pylon5/mc3bggp/aymen/Penguin_colonies_2000Pix/BRDN/Aerial/CA257132V0004_Panel3.tif$/pylon5/mc3bggp/aymen/Penguin_colonies_2000Pix/BRDN/Satellite/WV02_20151216141940_103001004D155E00_15DEC16141940-M1BS-500637503050_01_P008_u08rf3031.tif$2000$2000$2000$2000')
This is matching function
('New message will be sent to Q2: ', '/pylon5/mc3bggp/aymen/Penguin_colonies_2000Pix/BRDN/Aerial/CA257132V0004_Panel3.tif$/pylon5/mc3bggp/aymen/Penguin_colonies_2000Pix/BRDN/Satellite/WV02_20151216141940_103001004D155E00_15DEC16141940-M1BS-500637503050_01_P008_u08rf3031.tif$/pylon5/mc3bggp/aymen/cuda_out/sift_matches_CA257132V0004_Panel3_WV02_20151216141940_103001004D155E00_15DEC16141940-M1BS-500637503050_01_P008_u08rf3031.csv')
GEOTIFF image1 detected  /pylon5/mc3bggp/aymen/Penguin_colonies_2000Pix/BRDN/Aerial/CA257132V0002_Panel1.tif
GEOTIFF image2 detected  /pylon5/mc3bggp/aymen/Penguin_colonies_2000Pix/BRDN/Satellite/WV02_20160123205234_1030010051A98200_16JAN23205234-M1BS-500638387040_01_P002_u08rf3031.tif
gdal source image 1 inforamtion    0
Source image size = (2000,2000)
Target image size = (2000,2000)
Initializing data...
Device Number: 0
  Device name: Tesla P100-PCIE-16GB
  Memory Clock Rate (MHz): 715
  Memory Bus Width (bits): 4096
  Peak Memory Bandwidth (GB/s): 732.2

Threshold value :3
MatchSiftData time =          1.46 ms
Number features detected by SIFT descriptors : Source Image 4695, Target Image 397
Number of Matched features: 0
Number of fitted features after applying ImproveHomography : 0
0% 
/pylon5/mc3bggp/aymen/Penguin_colonies_2000Pix/BRDN/Aerial/CA257132V0002_Panel1.tifimg1 saved
img2 saved
Output Images are saved in the same directory !) 
{'type': 'image', 'data': '/pylon5/mc3bggp/aymen/Penguin_colonies_2000Pix/BRDN/Aerial/CA257132V0002_Panel1.tif$/pylon5/mc3bggp/aymen/Penguin_colonies_2000Pix/BRDN/Satellite/WV02_20160123205234_1030010051A98200_16JAN23205234-M1BS-500638387040_01_P002_u08rf3031.tif$2000$2000$2000$2000'}
('This is the message : ', '/pylon5/mc3bggp/aymen/Penguin_colonies_2000Pix/BRDN/Aerial/CA257132V0002_Panel1.tif$/pylon5/mc3bggp/aymen/Penguin_colonies_2000Pix/BRDN/Satellite/WV02_20160123205234_1030010051A98200_16JAN23205234-M1BS-500638387040_01_P002_u08rf3031.tif$2000$2000$2000$2000')
This is matching function
('New message will be sent to Q2: ', '/pylon5/mc3bggp/aymen/Penguin_colonies_2000Pix/BRDN/Aerial/CA257132V0002_Panel1.tif$/pylon5/mc3bggp/aymen/Penguin_colonies_2000Pix/BRDN/Satellite/WV02_20160123205234_1030010051A98200_16JAN23205234-M1BS-500638387040_01_P002_u08rf3031.tif$/pylon5/mc3bggp/aymen/cuda_out/sift_matches_CA257132V0002_Panel1_WV02_20160123205234_1030010051A98200_16JAN23205234-M1BS-500638387040_01_P002_u08rf3031.csv')
GEOTIFF image1 detected  /pylon5/mc3bggp/aymen/Penguin_colonies_2000Pix/BRDN/Aerial/CA257132V0005_Panel4.tif
GEOTIFF image2 detected  /pylon5/mc3bggp/aymen/Penguin_colonies_2000Pix/BRDN/Satellite/WV02_20151216141940_103001004D155E00_15DEC16141940-M1BS-500637503050_01_P008_u08rf3031.tif
gdal source image 1 inforamtion    0
Source image size = (2000,2000)
Target image size = (2000,2000)
Initializing data...
Device Number: 0
  Device name: Tesla P100-PCIE-16GB
  Memory Clock Rate (MHz): 715
  Memory Bus Width (bits): 4096
  Peak Memory Bandwidth (GB/s): 732.2

Threshold value :3
MatchSiftData time =          0.57 ms
Number features detected by SIFT descriptors : Source Image 1519, Target Image 234
Number of Matched features: 0
Number of fitted features after applying ImproveHomography : 0
0% 
/pylon5/mc3bggp/aymen/Penguin_colonies_2000Pix/BRDN/Aerial/CA257132V0005_Panel4.tifimg1 saved
img2 saved
Output Images are saved in the same directory !) 
{'type': 'image', 'data': '/pylon5/mc3bggp/aymen/Penguin_colonies_2000Pix/BRDN/Aerial/CA257132V0005_Panel4.tif$/pylon5/mc3bggp/aymen/Penguin_colonies_2000Pix/BRDN/Satellite/WV02_20151216141940_103001004D155E00_15DEC16141940-M1BS-500637503050_01_P008_u08rf3031.tif$2000$2000$2000$2000'}
('This is the message : ', '/pylon5/mc3bggp/aymen/Penguin_colonies_2000Pix/BRDN/Aerial/CA257132V0005_Panel4.tif$/pylon5/mc3bggp/aymen/Penguin_colonies_2000Pix/BRDN/Satellite/WV02_20151216141940_103001004D155E00_15DEC16141940-M1BS-500637503050_01_P008_u08rf3031.tif$2000$2000$2000$2000')
This is matching function
('New message will be sent to Q2: ', '/pylon5/mc3bggp/aymen/Penguin_colonies_2000Pix/BRDN/Aerial/CA257132V0005_Panel4.tif$/pylon5/mc3bggp/aymen/Penguin_colonies_2000Pix/BRDN/Satellite/WV02_20151216141940_103001004D155E00_15DEC16141940-M1BS-500637503050_01_P008_u08rf3031.tif$/pylon5/mc3bggp/aymen/cuda_out/sift_matches_CA257132V0005_Panel4_WV02_20151216141940_103001004D155E00_15DEC16141940-M1BS-500637503050_01_P008_u08rf3031.csv')
GEOTIFF image1 detected  /pylon5/mc3bggp/aymen/Penguin_colonies_2000Pix/BRDS/Aerial/CA256932V0247_Panel2.tif
GEOTIFF image2 detected  /pylon5/mc3bggp/aymen/Penguin_colonies_2000Pix/BRDS/Satellite/WV02_20160123205234_1030010051A98200_16JAN23205234-M1BS-500638387040_01_P002_u08rf3031.tif
gdal source image 1 inforamtion    0
Source image size = (2000,2000)
Target image size = (2000,2000)
Initializing data...
Device Number: 0
  Device name: Tesla P100-PCIE-16GB
  Memory Clock Rate (MHz): 715
  Memory Bus Width (bits): 4096
  Peak Memory Bandwidth (GB/s): 732.2

Threshold value :3
MatchSiftData time =          1.44 ms
Number features detected by SIFT descriptors : Source Image 4953, Target Image 397
Number of Matched features: 0
Number of fitted features after applying ImproveHomography : 0
0% 
/pylon5/mc3bggp/aymen/Penguin_colonies_2000Pix/BRDS/Aerial/CA256932V0247_Panel2.tifimg1 saved
img2 saved
Output Images are saved in the same directory !) 
{'type': 'image', 'data': '/pylon5/mc3bggp/aymen/Penguin_colonies_2000Pix/BRDS/Aerial/CA256932V0247_Panel2.tif$/pylon5/mc3bggp/aymen/Penguin_colonies_2000Pix/BRDS/Satellite/WV02_20160123205234_1030010051A98200_16JAN23205234-M1BS-500638387040_01_P002_u08rf3031.tif$2000$2000$2000$2000'}
('This is the message : ', '/pylon5/mc3bggp/aymen/Penguin_colonies_2000Pix/BRDS/Aerial/CA256932V0247_Panel2.tif$/pylon5/mc3bggp/aymen/Penguin_colonies_2000Pix/BRDS/Satellite/WV02_20160123205234_1030010051A98200_16JAN23205234-M1BS-500638387040_01_P002_u08rf3031.tif$2000$2000$2000$2000')
This is matching function
('New message will be sent to Q2: ', '/pylon5/mc3bggp/aymen/Penguin_colonies_2000Pix/BRDS/Aerial/CA256932V0247_Panel2.tif$/pylon5/mc3bggp/aymen/Penguin_colonies_2000Pix/BRDS/Satellite/WV02_20160123205234_1030010051A98200_16JAN23205234-M1BS-500638387040_01_P002_u08rf3031.tif$/pylon5/mc3bggp/aymen/cuda_out/sift_matches_CA256932V0247_Panel2_WV02_20160123205234_1030010051A98200_16JAN23205234-M1BS-500638387040_01_P002_u08rf3031.csv')
GEOTIFF image1 detected  /pylon5/mc3bggp/aymen/Penguin_colonies_2000Pix/BRDS/Aerial/CA256932V0246_Panel1.tif
GEOTIFF image2 detected  /pylon5/mc3bggp/aymen/Penguin_colonies_2000Pix/BRDS/Satellite/WV02_20160123205234_1030010051A98200_16JAN23205234-M1BS-500638387040_01_P002_u08rf3031.tif
gdal source image 1 inforamtion    0
Source image size = (2000,2000)
Target image size = (2000,2000)
Initializing data...
Device Number: 0
  Device name: Tesla P100-PCIE-16GB
  Memory Clock Rate (MHz): 715
  Memory Bus Width (bits): 4096
  Peak Memory Bandwidth (GB/s): 732.2

Threshold value :3
MatchSiftData time =          2.76 ms
Number features detected by SIFT descriptors : Source Image 10053, Target Image 397
Number of Matched features: 0
Number of fitted features after applying ImproveHomography : 0
0% 
/pylon5/mc3bggp/aymen/Penguin_colonies_2000Pix/BRDS/Aerial/CA256932V0246_Panel1.tifimg1 saved
img2 saved
Output Images are saved in the same directory !) 
{'type': 'image', 'data': '/pylon5/mc3bggp/aymen/Penguin_colonies_2000Pix/BRDS/Aerial/CA256932V0246_Panel1.tif$/pylon5/mc3bggp/aymen/Penguin_colonies_2000Pix/BRDS/Satellite/WV02_20160123205234_1030010051A98200_16JAN23205234-M1BS-500638387040_01_P002_u08rf3031.tif$2000$2000$2000$2000'}
('This is the message : ', '/pylon5/mc3bggp/aymen/Penguin_colonies_2000Pix/BRDS/Aerial/CA256932V0246_Panel1.tif$/pylon5/mc3bggp/aymen/Penguin_colonies_2000Pix/BRDS/Satellite/WV02_20160123205234_1030010051A98200_16JAN23205234-M1BS-500638387040_01_P002_u08rf3031.tif$2000$2000$2000$2000')
This is matching function
('New message will be sent to Q2: ', '/pylon5/mc3bggp/aymen/Penguin_colonies_2000Pix/BRDS/Aerial/CA256932V0246_Panel1.tif$/pylon5/mc3bggp/aymen/Penguin_colonies_2000Pix/BRDS/Satellite/WV02_20160123205234_1030010051A98200_16JAN23205234-M1BS-500638387040_01_P002_u08rf3031.tif$/pylon5/mc3bggp/aymen/cuda_out/sift_matches_CA256932V0246_Panel1_WV02_20160123205234_1030010051A98200_16JAN23205234-M1BS-500638387040_01_P002_u08rf3031.csv')
GEOTIFF image1 detected  /pylon5/mc3bggp/aymen/Penguin_colonies_2000Pix/BRDS/Aerial/CA256932V0251_Panel6.tif
GEOTIFF image2 detected  /pylon5/mc3bggp/aymen/Penguin_colonies_2000Pix/BRDS/Satellite/WV02_20160123205234_1030010051A98200_16JAN23205234-M1BS-500638387040_01_P002_u08rf3031.tif
gdal source image 1 inforamtion    0
Source image size = (2000,2000)
Target image size = (2000,2000)
Initializing data...
Device Number: 0
  Device name: Tesla P100-PCIE-16GB
  Memory Clock Rate (MHz): 715
  Memory Bus Width (bits): 4096
  Peak Memory Bandwidth (GB/s): 732.2

Threshold value :3
MatchSiftData time =          2.44 ms
Number features detected by SIFT descriptors : Source Image 8573, Target Image 397
Number of Matched features: 0
Number of fitted features after applying ImproveHomography : 0
0% 
/pylon5/mc3bggp/aymen/Penguin_colonies_2000Pix/BRDS/Aerial/CA256932V0251_Panel6.tifimg1 saved
img2 saved
Output Images are saved in the same directory !) 
{'type': 'image', 'data': '/pylon5/mc3bggp/aymen/Penguin_colonies_2000Pix/BRDS/Aerial/CA256932V0251_Panel6.tif$/pylon5/mc3bggp/aymen/Penguin_colonies_2000Pix/BRDS/Satellite/WV02_20160123205234_1030010051A98200_16JAN23205234-M1BS-500638387040_01_P002_u08rf3031.tif$2000$2000$2000$2000'}
('This is the message : ', '/pylon5/mc3bggp/aymen/Penguin_colonies_2000Pix/BRDS/Aerial/CA256932V0251_Panel6.tif$/pylon5/mc3bggp/aymen/Penguin_colonies_2000Pix/BRDS/Satellite/WV02_20160123205234_1030010051A98200_16JAN23205234-M1BS-500638387040_01_P002_u08rf3031.tif$2000$2000$2000$2000')
This is matching function
('New message will be sent to Q2: ', '/pylon5/mc3bggp/aymen/Penguin_colonies_2000Pix/BRDS/Aerial/CA256932V0251_Panel6.tif$/pylon5/mc3bggp/aymen/Penguin_colonies_2000Pix/BRDS/Satellite/WV02_20160123205234_1030010051A98200_16JAN23205234-M1BS-500638387040_01_P002_u08rf3031.tif$/pylon5/mc3bggp/aymen/cuda_out/sift_matches_CA256932V0251_Panel6_WV02_20160123205234_1030010051A98200_16JAN23205234-M1BS-500638387040_01_P002_u08rf3031.csv')
GEOTIFF image1 detected  /pylon5/mc3bggp/aymen/Penguin_colonies_2000Pix/BRDS/Aerial/CA256932V0250_Panel5.tif
GEOTIFF image2 detected  /pylon5/mc3bggp/aymen/Penguin_colonies_2000Pix/BRDS/Satellite/WV02_20160123205234_1030010051A98200_16JAN23205234-M1BS-500638387040_01_P002_u08rf3031.tif
gdal source image 1 inforamtion    0
Source image size = (2000,2000)
Target image size = (2000,2000)
Initializing data...
Device Number: 0
  Device name: Tesla P100-PCIE-16GB
  Memory Clock Rate (MHz): 715
  Memory Bus Width (bits): 4096
  Peak Memory Bandwidth (GB/s): 732.2

Threshold value :3
MatchSiftData time =          4.99 ms
Number features detected by SIFT descriptors : Source Image 20084, Target Image 397
Number of Matched features: 0
Number of fitted features after applying ImproveHomography : 0
0% 
/pylon5/mc3bggp/aymen/Penguin_colonies_2000Pix/BRDS/Aerial/CA256932V0250_Panel5.tifimg1 saved
img2 saved
Output Images are saved in the same directory !) 
{'type': 'image', 'data': '/pylon5/mc3bggp/aymen/Penguin_colonies_2000Pix/BRDS/Aerial/CA256932V0250_Panel5.tif$/pylon5/mc3bggp/aymen/Penguin_colonies_2000Pix/BRDS/Satellite/WV02_20160123205234_1030010051A98200_16JAN23205234-M1BS-500638387040_01_P002_u08rf3031.tif$2000$2000$2000$2000'}
('This is the message : ', '/pylon5/mc3bggp/aymen/Penguin_colonies_2000Pix/BRDS/Aerial/CA256932V0250_Panel5.tif$/pylon5/mc3bggp/aymen/Penguin_colonies_2000Pix/BRDS/Satellite/WV02_20160123205234_1030010051A98200_16JAN23205234-M1BS-500638387040_01_P002_u08rf3031.tif$2000$2000$2000$2000')
This is matching function
('New message will be sent to Q2: ', '/pylon5/mc3bggp/aymen/Penguin_colonies_2000Pix/BRDS/Aerial/CA256932V0250_Panel5.tif$/pylon5/mc3bggp/aymen/Penguin_colonies_2000Pix/BRDS/Satellite/WV02_20160123205234_1030010051A98200_16JAN23205234-M1BS-500638387040_01_P002_u08rf3031.tif$/pylon5/mc3bggp/aymen/cuda_out/sift_matches_CA256932V0250_Panel5_WV02_20160123205234_1030010051A98200_16JAN23205234-M1BS-500638387040_01_P002_u08rf3031.csv')
GEOTIFF image1 detected  /pylon5/mc3bggp/aymen/Penguin_colonies_2000Pix/BRDS/Aerial/CA256932V0248_Panel3.tif
GEOTIFF image2 detected  /pylon5/mc3bggp/aymen/Penguin_colonies_2000Pix/BRDS/Satellite/WV02_20151205205948_103001004E6C0B00_15DEC05205948-M1BS-500637505080_01_P002_u08rf3031.tif
gdal source image 1 inforamtion    0
Source image size = (2000,2000)
Target image size = (2000,2000)
Initializing data...
Device Number: 0
  Device name: Tesla P100-PCIE-16GB
  Memory Clock Rate (MHz): 715
  Memory Bus Width (bits): 4096
  Peak Memory Bandwidth (GB/s): 732.2

Threshold value :3
MatchSiftData time =          43.37 ms
Number features detected by SIFT descriptors : Source Image 10290, Target Image 16982
Number of Matched features: 0
Number of fitted features after applying ImproveHomography : 0
0% 
/pylon5/mc3bggp/aymen/Penguin_colonies_2000Pix/BRDS/Aerial/CA256932V0248_Panel3.tifimg1 saved
img2 saved
Output Images are saved in the same directory !) 
{'type': 'image', 'data': '/pylon5/mc3bggp/aymen/Penguin_colonies_2000Pix/BRDS/Aerial/CA256932V0248_Panel3.tif$/pylon5/mc3bggp/aymen/Penguin_colonies_2000Pix/BRDS/Satellite/WV02_20151205205948_103001004E6C0B00_15DEC05205948-M1BS-500637505080_01_P002_u08rf3031.tif$2000$2000$2000$2000'}
('This is the message : ', '/pylon5/mc3bggp/aymen/Penguin_colonies_2000Pix/BRDS/Aerial/CA256932V0248_Panel3.tif$/pylon5/mc3bggp/aymen/Penguin_colonies_2000Pix/BRDS/Satellite/WV02_20151205205948_103001004E6C0B00_15DEC05205948-M1BS-500637505080_01_P002_u08rf3031.tif$2000$2000$2000$2000')
This is matching function
('New message will be sent to Q2: ', '/pylon5/mc3bggp/aymen/Penguin_colonies_2000Pix/BRDS/Aerial/CA256932V0248_Panel3.tif$/pylon5/mc3bggp/aymen/Penguin_colonies_2000Pix/BRDS/Satellite/WV02_20151205205948_103001004E6C0B00_15DEC05205948-M1BS-500637505080_01_P002_u08rf3031.tif$/pylon5/mc3bggp/aymen/cuda_out/sift_matches_CA256932V0248_Panel3_WV02_20151205205948_103001004E6C0B00_15DEC05205948-M1BS-500637505080_01_P002_u08rf3031.csv')
GEOTIFF image1 detected  /pylon5/mc3bggp/aymen/Penguin_colonies_2000Pix/CROZ/Aerial/CA256132V0145_CROZ_9Dec1983.tif
GEOTIFF image2 detected  /pylon5/mc3bggp/aymen/Penguin_colonies_2000Pix/CROZ/Satellite/WV02_20151215213102_103001004F719300_15DEC15213102-M1BS-500638401100_01_P005_u08rf3031.tif
gdal source image 1 inforamtion    0
Source image size = (2000,2000)
Target image size = (2000,2000)
Initializing data...
Device Number: 0
  Device name: Tesla P100-PCIE-16GB
  Memory Clock Rate (MHz): 715
  Memory Bus Width (bits): 4096
  Peak Memory Bandwidth (GB/s): 732.2

Threshold value :3
MatchSiftData time =          8.45 ms
Number features detected by SIFT descriptors : Source Image 22650, Target Image 804
Number of Matched features: 229
Number of fitted features after applying ImproveHomography : 17109
2127.99% 
/pylon5/mc3bggp/aymen/Penguin_colonies_2000Pix/CROZ/Aerial/CA256132V0145_CROZ_9Dec1983.tifimg1 saved
img2 saved
Output Images are saved in the same directory !) 
{'type': 'image', 'data': '/pylon5/mc3bggp/aymen/Penguin_colonies_2000Pix/CROZ/Aerial/CA256132V0145_CROZ_9Dec1983.tif$/pylon5/mc3bggp/aymen/Penguin_colonies_2000Pix/CROZ/Satellite/WV02_20151215213102_103001004F719300_15DEC15213102-M1BS-500638401100_01_P005_u08rf3031.tif$2000$2000$2000$2000'}
('This is the message : ', '/pylon5/mc3bggp/aymen/Penguin_colonies_2000Pix/CROZ/Aerial/CA256132V0145_CROZ_9Dec1983.tif$/pylon5/mc3bggp/aymen/Penguin_colonies_2000Pix/CROZ/Satellite/WV02_20151215213102_103001004F719300_15DEC15213102-M1BS-500638401100_01_P005_u08rf3031.tif$2000$2000$2000$2000')
This is matching function
('New message will be sent to Q2: ', '/pylon5/mc3bggp/aymen/Penguin_colonies_2000Pix/CROZ/Aerial/CA256132V0145_CROZ_9Dec1983.tif$/pylon5/mc3bggp/aymen/Penguin_colonies_2000Pix/CROZ/Satellite/WV02_20151215213102_103001004F719300_15DEC15213102-M1BS-500638401100_01_P005_u08rf3031.tif$/pylon5/mc3bggp/aymen/cuda_out/sift_matches_CA256132V0145_CROZ_9Dec1983_WV02_20151215213102_103001004F719300_15DEC15213102-M1BS-500638401100_01_P005_u08rf3031.csv')
GEOTIFF image1 detected  /pylon5/mc3bggp/aymen/Penguin_colonies_2000Pix/CROZ/Aerial/CA256132V0145_CROZ_9Dec1983.tif
GEOTIFF image2 detected  /pylon5/mc3bggp/aymen/Penguin_colonies_2000Pix/CROZ/Satellite/WV02_20110131195238_1030010008562400_11JAN31195238-M1BS-052549143050_01_P002_u08rf3031.tif
gdal source image 1 inforamtion    0
Source image size = (2000,2000)
Target image size = (2000,2000)
Initializing data...
Device Number: 0
  Device name: Tesla P100-PCIE-16GB
  Memory Clock Rate (MHz): 715
  Memory Bus Width (bits): 4096
  Peak Memory Bandwidth (GB/s): 732.2

Threshold value :3
MatchSiftData time =          5.53 ms
Number features detected by SIFT descriptors : Source Image 22650, Target Image 26
Number of Matched features: 70
Number of fitted features after applying ImproveHomography : 0
0% 
/pylon5/mc3bggp/aymen/Penguin_colonies_2000Pix/CROZ/Aerial/CA256132V0145_CROZ_9Dec1983.tifimg1 saved
img2 saved
Output Images are saved in the same directory !) 
{'type': 'image', 'data': '/pylon5/mc3bggp/aymen/Penguin_colonies_2000Pix/CROZ/Aerial/CA256132V0145_CROZ_9Dec1983.tif$/pylon5/mc3bggp/aymen/Penguin_colonies_2000Pix/CROZ/Satellite/WV02_20110131195238_1030010008562400_11JAN31195238-M1BS-052549143050_01_P002_u08rf3031.tif$2000$2000$2000$2000'}
('This is the message : ', '/pylon5/mc3bggp/aymen/Penguin_colonies_2000Pix/CROZ/Aerial/CA256132V0145_CROZ_9Dec1983.tif$/pylon5/mc3bggp/aymen/Penguin_colonies_2000Pix/CROZ/Satellite/WV02_20110131195238_1030010008562400_11JAN31195238-M1BS-052549143050_01_P002_u08rf3031.tif$2000$2000$2000$2000')
This is matching function
('New message will be sent to Q2: ', '/pylon5/mc3bggp/aymen/Penguin_colonies_2000Pix/CROZ/Aerial/CA256132V0145_CROZ_9Dec1983.tif$/pylon5/mc3bggp/aymen/Penguin_colonies_2000Pix/CROZ/Satellite/WV02_20110131195238_1030010008562400_11JAN31195238-M1BS-052549143050_01_P002_u08rf3031.tif$/pylon5/mc3bggp/aymen/cuda_out/sift_matches_CA256132V0145_CROZ_9Dec1983_WV02_20110131195238_1030010008562400_11JAN31195238-M1BS-052549143050_01_P002_u08rf3031.csv')
{'type': 'image', 'data': 'disconnect'}
